Epoch 1 start
Batch: 0; loss: 36.37; acc: 0.12
Batch: 20; loss: 17.71; acc: 0.27
Batch: 40; loss: 18.85; acc: 0.3
Batch: 60; loss: 17.03; acc: 0.27
Batch: 80; loss: 15.32; acc: 0.28
Batch: 100; loss: 11.46; acc: 0.44
Batch: 120; loss: 13.82; acc: 0.38
Batch: 140; loss: 14.09; acc: 0.44
Batch: 160; loss: 11.58; acc: 0.47
Batch: 180; loss: 10.38; acc: 0.48
Batch: 200; loss: 10.38; acc: 0.47
Batch: 220; loss: 12.36; acc: 0.47
Batch: 240; loss: 9.25; acc: 0.53
Batch: 260; loss: 11.06; acc: 0.47
Batch: 280; loss: 10.98; acc: 0.44
Batch: 300; loss: 11.94; acc: 0.56
Batch: 320; loss: 12.48; acc: 0.41
Batch: 340; loss: 13.51; acc: 0.36
Batch: 360; loss: 10.17; acc: 0.58
Batch: 380; loss: 14.45; acc: 0.47
Batch: 400; loss: 8.85; acc: 0.56
Batch: 420; loss: 16.24; acc: 0.45
Batch: 440; loss: 13.17; acc: 0.53
Batch: 460; loss: 14.73; acc: 0.45
Batch: 480; loss: 11.55; acc: 0.59
Batch: 500; loss: 13.25; acc: 0.47
Batch: 520; loss: 14.83; acc: 0.47
Batch: 540; loss: 9.56; acc: 0.61
Batch: 560; loss: 10.69; acc: 0.38
Batch: 580; loss: 9.61; acc: 0.53
Batch: 600; loss: 11.07; acc: 0.48
Batch: 620; loss: 12.07; acc: 0.47
Train Epoch over. train_loss: 12.54; train_accuracy: 0.45 

Batch: 0; loss: 14.02; acc: 0.42
Batch: 20; loss: 17.83; acc: 0.31
Batch: 40; loss: 9.27; acc: 0.5
Batch: 60; loss: 15.3; acc: 0.38
Batch: 80; loss: 12.76; acc: 0.44
Batch: 100; loss: 13.1; acc: 0.47
Batch: 120; loss: 10.27; acc: 0.62
Batch: 140; loss: 17.47; acc: 0.34
Val Epoch over. val_loss: 12.37616125945073; val_accuracy: 0.448546974522293 

Epoch 2 start
Batch: 0; loss: 12.38; acc: 0.5
Batch: 20; loss: 9.56; acc: 0.5
Batch: 40; loss: 13.09; acc: 0.44
Batch: 60; loss: 11.07; acc: 0.5
Batch: 80; loss: 13.15; acc: 0.47
Batch: 100; loss: 15.26; acc: 0.45
Batch: 120; loss: 9.87; acc: 0.53
Batch: 140; loss: 14.6; acc: 0.41
Batch: 160; loss: 13.26; acc: 0.47
Batch: 180; loss: 12.54; acc: 0.45
Batch: 200; loss: 11.94; acc: 0.45
Batch: 220; loss: 15.22; acc: 0.38
Batch: 240; loss: 14.85; acc: 0.34
Batch: 260; loss: 12.77; acc: 0.44
Batch: 280; loss: 10.79; acc: 0.52
Batch: 300; loss: 13.31; acc: 0.52
Batch: 320; loss: 9.74; acc: 0.56
Batch: 340; loss: 12.38; acc: 0.47
Batch: 360; loss: 16.29; acc: 0.44
Batch: 380; loss: 9.68; acc: 0.44
Batch: 400; loss: 9.59; acc: 0.53
Batch: 420; loss: 12.69; acc: 0.5
Batch: 440; loss: 9.95; acc: 0.52
Batch: 460; loss: 12.53; acc: 0.36
Batch: 480; loss: 12.17; acc: 0.41
Batch: 500; loss: 9.41; acc: 0.52
Batch: 520; loss: 10.81; acc: 0.47
Batch: 540; loss: 9.54; acc: 0.42
Batch: 560; loss: 7.99; acc: 0.59
Batch: 580; loss: 12.86; acc: 0.56
Batch: 600; loss: 14.05; acc: 0.41
Batch: 620; loss: 12.13; acc: 0.47
Train Epoch over. train_loss: 11.89; train_accuracy: 0.47 

Batch: 0; loss: 13.33; acc: 0.44
Batch: 20; loss: 17.6; acc: 0.34
Batch: 40; loss: 8.75; acc: 0.56
Batch: 60; loss: 11.12; acc: 0.47
Batch: 80; loss: 11.67; acc: 0.36
Batch: 100; loss: 13.28; acc: 0.45
Batch: 120; loss: 12.06; acc: 0.62
Batch: 140; loss: 15.28; acc: 0.38
Val Epoch over. val_loss: 12.156811525867244; val_accuracy: 0.45611066878980894 

Epoch 3 start
Batch: 0; loss: 11.51; acc: 0.48
Batch: 20; loss: 15.11; acc: 0.42
Batch: 40; loss: 11.55; acc: 0.55
Batch: 60; loss: 13.4; acc: 0.48
Batch: 80; loss: 9.49; acc: 0.53
Batch: 100; loss: 13.57; acc: 0.42
Batch: 120; loss: 9.94; acc: 0.5
Batch: 140; loss: 8.93; acc: 0.48
Batch: 160; loss: 10.02; acc: 0.55
Batch: 180; loss: 7.94; acc: 0.55
Batch: 200; loss: 12.82; acc: 0.41
Batch: 220; loss: 11.32; acc: 0.53
Batch: 240; loss: 10.64; acc: 0.5
Batch: 260; loss: 8.2; acc: 0.56
Batch: 280; loss: 9.67; acc: 0.45
Batch: 300; loss: 12.85; acc: 0.5
Batch: 320; loss: 10.56; acc: 0.52
Batch: 340; loss: 9.18; acc: 0.44
Batch: 360; loss: 13.61; acc: 0.53
Batch: 380; loss: 9.41; acc: 0.53
Batch: 400; loss: 11.68; acc: 0.5
Batch: 420; loss: 11.03; acc: 0.48
Batch: 440; loss: 9.52; acc: 0.59
Batch: 460; loss: 11.99; acc: 0.55
Batch: 480; loss: 12.63; acc: 0.48
Batch: 500; loss: 10.51; acc: 0.45
Batch: 520; loss: 14.17; acc: 0.39
Batch: 540; loss: 12.2; acc: 0.41
Batch: 560; loss: 11.21; acc: 0.45
Batch: 580; loss: 15.71; acc: 0.44
Batch: 600; loss: 13.67; acc: 0.41
Batch: 620; loss: 10.22; acc: 0.5
Train Epoch over. train_loss: 11.88; train_accuracy: 0.47 

Batch: 0; loss: 14.81; acc: 0.42
Batch: 20; loss: 18.16; acc: 0.33
Batch: 40; loss: 8.53; acc: 0.53
Batch: 60; loss: 13.77; acc: 0.42
Batch: 80; loss: 13.4; acc: 0.38
Batch: 100; loss: 13.77; acc: 0.48
Batch: 120; loss: 10.32; acc: 0.59
Batch: 140; loss: 17.07; acc: 0.38
Val Epoch over. val_loss: 12.442046265693227; val_accuracy: 0.45949442675159236 

Epoch 4 start
Batch: 0; loss: 13.8; acc: 0.5
Batch: 20; loss: 9.89; acc: 0.53
Batch: 40; loss: 10.84; acc: 0.48
Batch: 60; loss: 8.82; acc: 0.53
Batch: 80; loss: 10.69; acc: 0.47
Batch: 100; loss: 9.69; acc: 0.52
Batch: 120; loss: 10.17; acc: 0.48
Batch: 140; loss: 13.84; acc: 0.42
Batch: 160; loss: 9.91; acc: 0.52
Batch: 180; loss: 8.17; acc: 0.48
Batch: 200; loss: 11.13; acc: 0.5
Batch: 220; loss: 11.37; acc: 0.47
Batch: 240; loss: 10.66; acc: 0.53
Batch: 260; loss: 12.08; acc: 0.45
Batch: 280; loss: 11.74; acc: 0.48
Batch: 300; loss: 7.57; acc: 0.59
Batch: 320; loss: 11.89; acc: 0.45
Batch: 340; loss: 11.66; acc: 0.47
Batch: 360; loss: 10.52; acc: 0.5
Batch: 380; loss: 13.82; acc: 0.47
Batch: 400; loss: 12.1; acc: 0.5
Batch: 420; loss: 12.05; acc: 0.48
Batch: 440; loss: 14.43; acc: 0.42
Batch: 460; loss: 9.66; acc: 0.61
Batch: 480; loss: 11.86; acc: 0.45
Batch: 500; loss: 12.57; acc: 0.52
Batch: 520; loss: 12.41; acc: 0.44
Batch: 540; loss: 12.82; acc: 0.52
Batch: 560; loss: 16.69; acc: 0.33
Batch: 580; loss: 12.17; acc: 0.45
Batch: 600; loss: 10.19; acc: 0.47
Batch: 620; loss: 12.26; acc: 0.42
Train Epoch over. train_loss: 11.88; train_accuracy: 0.47 

Batch: 0; loss: 11.63; acc: 0.42
Batch: 20; loss: 16.16; acc: 0.33
Batch: 40; loss: 9.52; acc: 0.56
Batch: 60; loss: 12.16; acc: 0.47
Batch: 80; loss: 11.11; acc: 0.39
Batch: 100; loss: 11.87; acc: 0.42
Batch: 120; loss: 9.79; acc: 0.62
Batch: 140; loss: 14.9; acc: 0.38
Val Epoch over. val_loss: 11.430172777479621; val_accuracy: 0.462281050955414 

Epoch 5 start
Batch: 0; loss: 11.65; acc: 0.45
Batch: 20; loss: 7.82; acc: 0.55
Batch: 40; loss: 12.26; acc: 0.52
Batch: 60; loss: 11.46; acc: 0.41
Batch: 80; loss: 15.71; acc: 0.42
Batch: 100; loss: 12.51; acc: 0.44
Batch: 120; loss: 12.11; acc: 0.48
Batch: 140; loss: 11.5; acc: 0.52
Batch: 160; loss: 12.57; acc: 0.47
Batch: 180; loss: 10.9; acc: 0.52
Batch: 200; loss: 11.18; acc: 0.48
Batch: 220; loss: 12.53; acc: 0.48
Batch: 240; loss: 9.02; acc: 0.5
Batch: 260; loss: 12.75; acc: 0.44
Batch: 280; loss: 11.81; acc: 0.53
Batch: 300; loss: 12.69; acc: 0.41
Batch: 320; loss: 10.76; acc: 0.47
Batch: 340; loss: 13.07; acc: 0.48
Batch: 360; loss: 11.28; acc: 0.48
Batch: 380; loss: 8.42; acc: 0.52
Batch: 400; loss: 11.5; acc: 0.48
Batch: 420; loss: 8.77; acc: 0.55
Batch: 440; loss: 14.24; acc: 0.39
Batch: 460; loss: 9.9; acc: 0.52
Batch: 480; loss: 14.68; acc: 0.41
Batch: 500; loss: 10.12; acc: 0.55
Batch: 520; loss: 11.11; acc: 0.53
Batch: 540; loss: 10.24; acc: 0.55
Batch: 560; loss: 11.66; acc: 0.52
Batch: 580; loss: 8.44; acc: 0.55
Batch: 600; loss: 14.79; acc: 0.39
Batch: 620; loss: 14.25; acc: 0.34
Train Epoch over. train_loss: 11.84; train_accuracy: 0.47 

Batch: 0; loss: 12.31; acc: 0.42
Batch: 20; loss: 17.53; acc: 0.38
Batch: 40; loss: 8.54; acc: 0.59
Batch: 60; loss: 11.97; acc: 0.45
Batch: 80; loss: 10.94; acc: 0.42
Batch: 100; loss: 13.28; acc: 0.42
Batch: 120; loss: 11.37; acc: 0.56
Batch: 140; loss: 15.34; acc: 0.41
Val Epoch over. val_loss: 11.933332461460381; val_accuracy: 0.4708399681528662 

Epoch 6 start
Batch: 0; loss: 11.05; acc: 0.44
Batch: 20; loss: 9.83; acc: 0.53
Batch: 40; loss: 13.06; acc: 0.41
Batch: 60; loss: 11.37; acc: 0.55
Batch: 80; loss: 10.94; acc: 0.55
Batch: 100; loss: 7.99; acc: 0.52
Batch: 120; loss: 9.18; acc: 0.48
Batch: 140; loss: 12.48; acc: 0.48
Batch: 160; loss: 12.27; acc: 0.44
Batch: 180; loss: 10.71; acc: 0.52
Batch: 200; loss: 12.66; acc: 0.56
Batch: 220; loss: 14.03; acc: 0.55
Batch: 240; loss: 9.66; acc: 0.53
Batch: 260; loss: 10.62; acc: 0.53
Batch: 280; loss: 11.68; acc: 0.5
Batch: 300; loss: 9.96; acc: 0.58
Batch: 320; loss: 10.09; acc: 0.55
Batch: 340; loss: 12.99; acc: 0.42
Batch: 360; loss: 8.32; acc: 0.53
Batch: 380; loss: 16.1; acc: 0.38
Batch: 400; loss: 15.14; acc: 0.47
Batch: 420; loss: 12.78; acc: 0.5
Batch: 440; loss: 10.03; acc: 0.58
Batch: 460; loss: 10.55; acc: 0.47
Batch: 480; loss: 12.45; acc: 0.41
Batch: 500; loss: 11.76; acc: 0.52
Batch: 520; loss: 12.77; acc: 0.36
Batch: 540; loss: 10.83; acc: 0.41
Batch: 560; loss: 9.47; acc: 0.42
Batch: 580; loss: 10.88; acc: 0.38
Batch: 600; loss: 8.18; acc: 0.47
Batch: 620; loss: 10.66; acc: 0.55
Train Epoch over. train_loss: 11.87; train_accuracy: 0.47 

Batch: 0; loss: 12.05; acc: 0.47
Batch: 20; loss: 16.38; acc: 0.38
Batch: 40; loss: 8.35; acc: 0.67
Batch: 60; loss: 14.08; acc: 0.42
Batch: 80; loss: 12.0; acc: 0.39
Batch: 100; loss: 13.7; acc: 0.42
Batch: 120; loss: 12.0; acc: 0.53
Batch: 140; loss: 15.51; acc: 0.38
Val Epoch over. val_loss: 12.15399736355824; val_accuracy: 0.46795382165605093 

Epoch 7 start
Batch: 0; loss: 9.62; acc: 0.53
Batch: 20; loss: 16.38; acc: 0.39
Batch: 40; loss: 13.6; acc: 0.47
Batch: 60; loss: 11.19; acc: 0.5
Batch: 80; loss: 12.13; acc: 0.48
Batch: 100; loss: 8.18; acc: 0.55
Batch: 120; loss: 13.58; acc: 0.47
Batch: 140; loss: 13.42; acc: 0.42
Batch: 160; loss: 14.09; acc: 0.5
Batch: 180; loss: 10.82; acc: 0.5
Batch: 200; loss: 9.75; acc: 0.52
Batch: 220; loss: 13.17; acc: 0.44
Batch: 240; loss: 17.67; acc: 0.36
Batch: 260; loss: 11.39; acc: 0.5
Batch: 280; loss: 11.72; acc: 0.55
Batch: 300; loss: 13.99; acc: 0.34
Batch: 320; loss: 15.18; acc: 0.41
Batch: 340; loss: 11.67; acc: 0.41
Batch: 360; loss: 9.32; acc: 0.52
Batch: 380; loss: 10.74; acc: 0.55
Batch: 400; loss: 11.57; acc: 0.44
Batch: 420; loss: 11.08; acc: 0.39
Batch: 440; loss: 16.62; acc: 0.39
Batch: 460; loss: 13.83; acc: 0.39
Batch: 480; loss: 11.44; acc: 0.42
Batch: 500; loss: 12.64; acc: 0.52
Batch: 520; loss: 9.49; acc: 0.52
Batch: 540; loss: 12.96; acc: 0.44
Batch: 560; loss: 13.36; acc: 0.39
Batch: 580; loss: 10.2; acc: 0.45
Batch: 600; loss: 17.82; acc: 0.31
Batch: 620; loss: 9.77; acc: 0.5
Train Epoch over. train_loss: 11.83; train_accuracy: 0.47 

Batch: 0; loss: 12.42; acc: 0.45
Batch: 20; loss: 17.11; acc: 0.34
Batch: 40; loss: 9.0; acc: 0.55
Batch: 60; loss: 13.71; acc: 0.44
Batch: 80; loss: 10.94; acc: 0.38
Batch: 100; loss: 13.65; acc: 0.45
Batch: 120; loss: 10.76; acc: 0.61
Batch: 140; loss: 15.02; acc: 0.39
Val Epoch over. val_loss: 11.846989987002816; val_accuracy: 0.4628781847133758 

Epoch 8 start
Batch: 0; loss: 10.43; acc: 0.56
Batch: 20; loss: 8.01; acc: 0.58
Batch: 40; loss: 11.98; acc: 0.47
Batch: 60; loss: 8.97; acc: 0.59
Batch: 80; loss: 13.48; acc: 0.44
Batch: 100; loss: 13.66; acc: 0.44
Batch: 120; loss: 13.87; acc: 0.39
Batch: 140; loss: 11.91; acc: 0.48
Batch: 160; loss: 10.64; acc: 0.53
Batch: 180; loss: 12.49; acc: 0.45
Batch: 200; loss: 10.88; acc: 0.39
Batch: 220; loss: 12.1; acc: 0.52
Batch: 240; loss: 10.67; acc: 0.55
Batch: 260; loss: 9.57; acc: 0.5
Batch: 280; loss: 10.83; acc: 0.5
Batch: 300; loss: 10.09; acc: 0.45
Batch: 320; loss: 13.09; acc: 0.47
Batch: 340; loss: 10.72; acc: 0.44
Batch: 360; loss: 13.39; acc: 0.34
Batch: 380; loss: 10.95; acc: 0.44
Batch: 400; loss: 11.71; acc: 0.47
Batch: 420; loss: 15.71; acc: 0.42
Batch: 440; loss: 13.03; acc: 0.48
Batch: 460; loss: 10.18; acc: 0.42
Batch: 480; loss: 8.97; acc: 0.56
Batch: 500; loss: 8.93; acc: 0.56
Batch: 520; loss: 11.94; acc: 0.47
Batch: 540; loss: 12.67; acc: 0.36
Batch: 560; loss: 11.52; acc: 0.48
Batch: 580; loss: 11.84; acc: 0.47
Batch: 600; loss: 15.51; acc: 0.48
Batch: 620; loss: 14.63; acc: 0.36
Train Epoch over. train_loss: 11.89; train_accuracy: 0.47 

Batch: 0; loss: 13.14; acc: 0.39
Batch: 20; loss: 15.77; acc: 0.38
Batch: 40; loss: 11.3; acc: 0.56
Batch: 60; loss: 14.2; acc: 0.44
Batch: 80; loss: 12.37; acc: 0.41
Batch: 100; loss: 14.7; acc: 0.42
Batch: 120; loss: 11.41; acc: 0.61
Batch: 140; loss: 14.79; acc: 0.45
Val Epoch over. val_loss: 12.415908886368866; val_accuracy: 0.4576035031847134 

Epoch 9 start
Batch: 0; loss: 13.91; acc: 0.42
Batch: 20; loss: 13.11; acc: 0.41
Batch: 40; loss: 9.35; acc: 0.55
Batch: 60; loss: 11.06; acc: 0.44
Batch: 80; loss: 9.75; acc: 0.48
Batch: 100; loss: 14.84; acc: 0.45
Batch: 120; loss: 8.05; acc: 0.56
Batch: 140; loss: 11.58; acc: 0.47
Batch: 160; loss: 8.15; acc: 0.59
Batch: 180; loss: 9.46; acc: 0.58
Batch: 200; loss: 13.41; acc: 0.44
Batch: 220; loss: 10.78; acc: 0.47
Batch: 240; loss: 10.41; acc: 0.5
Batch: 260; loss: 9.83; acc: 0.53
Batch: 280; loss: 13.93; acc: 0.52
Batch: 300; loss: 7.05; acc: 0.53
Batch: 320; loss: 11.9; acc: 0.56
Batch: 340; loss: 13.68; acc: 0.48
Batch: 360; loss: 10.43; acc: 0.47
Batch: 380; loss: 13.98; acc: 0.41
Batch: 400; loss: 12.63; acc: 0.42
Batch: 420; loss: 13.26; acc: 0.44
Batch: 440; loss: 14.03; acc: 0.47
Batch: 460; loss: 14.08; acc: 0.47
Batch: 480; loss: 10.38; acc: 0.62
Batch: 500; loss: 10.94; acc: 0.53
Batch: 520; loss: 10.91; acc: 0.52
Batch: 540; loss: 14.47; acc: 0.39
Batch: 560; loss: 10.65; acc: 0.55
Batch: 580; loss: 9.91; acc: 0.45
Batch: 600; loss: 12.28; acc: 0.45
Batch: 620; loss: 15.25; acc: 0.47
Train Epoch over. train_loss: 11.93; train_accuracy: 0.47 

Batch: 0; loss: 13.41; acc: 0.36
Batch: 20; loss: 15.5; acc: 0.38
Batch: 40; loss: 9.1; acc: 0.55
Batch: 60; loss: 13.99; acc: 0.42
Batch: 80; loss: 11.52; acc: 0.34
Batch: 100; loss: 13.33; acc: 0.41
Batch: 120; loss: 12.33; acc: 0.53
Batch: 140; loss: 14.74; acc: 0.39
Val Epoch over. val_loss: 12.37831655429427; val_accuracy: 0.4426751592356688 

Epoch 10 start
Batch: 0; loss: 10.39; acc: 0.5
Batch: 20; loss: 14.57; acc: 0.44
Batch: 40; loss: 13.27; acc: 0.38
Batch: 60; loss: 12.85; acc: 0.41
Batch: 80; loss: 12.11; acc: 0.5
Batch: 100; loss: 12.44; acc: 0.5
Batch: 120; loss: 12.74; acc: 0.45
Batch: 140; loss: 9.28; acc: 0.5
Batch: 160; loss: 11.87; acc: 0.38
Batch: 180; loss: 11.12; acc: 0.48
Batch: 200; loss: 9.24; acc: 0.52
Batch: 220; loss: 11.34; acc: 0.48
Batch: 240; loss: 11.01; acc: 0.44
Batch: 260; loss: 8.39; acc: 0.52
Batch: 280; loss: 13.49; acc: 0.48
Batch: 300; loss: 11.52; acc: 0.5
Batch: 320; loss: 8.76; acc: 0.48
Batch: 340; loss: 9.35; acc: 0.5
Batch: 360; loss: 11.01; acc: 0.52
Batch: 380; loss: 7.09; acc: 0.56
Batch: 400; loss: 13.99; acc: 0.42
Batch: 420; loss: 12.86; acc: 0.39
Batch: 440; loss: 14.24; acc: 0.39
Batch: 460; loss: 16.34; acc: 0.42
Batch: 480; loss: 12.3; acc: 0.41
Batch: 500; loss: 12.93; acc: 0.41
Batch: 520; loss: 11.72; acc: 0.44
Batch: 540; loss: 11.37; acc: 0.55
Batch: 560; loss: 12.67; acc: 0.47
Batch: 580; loss: 9.88; acc: 0.56
Batch: 600; loss: 10.64; acc: 0.41
Batch: 620; loss: 13.34; acc: 0.36
Train Epoch over. train_loss: 11.84; train_accuracy: 0.47 

Batch: 0; loss: 12.65; acc: 0.39
Batch: 20; loss: 19.44; acc: 0.28
Batch: 40; loss: 10.04; acc: 0.56
Batch: 60; loss: 15.56; acc: 0.39
Batch: 80; loss: 12.03; acc: 0.38
Batch: 100; loss: 13.98; acc: 0.44
Batch: 120; loss: 12.61; acc: 0.58
Batch: 140; loss: 15.03; acc: 0.41
Val Epoch over. val_loss: 12.813210138090097; val_accuracy: 0.45003980891719747 

plots/subspace_True_d_dim_100_model_MLP_lr_0.1_seed_1_epochs_10_batchsize_64_2019-12-31 11:16:23.877514
Epoch 1 start
Batch: 0; loss: 36.37; acc: 0.12
Batch: 20; loss: 11.64; acc: 0.41
Batch: 40; loss: 10.94; acc: 0.41
Batch: 60; loss: 12.31; acc: 0.44
Batch: 80; loss: 11.21; acc: 0.47
Batch: 100; loss: 9.26; acc: 0.48
Batch: 120; loss: 12.1; acc: 0.41
Batch: 140; loss: 8.51; acc: 0.56
Batch: 160; loss: 6.59; acc: 0.58
Batch: 180; loss: 9.38; acc: 0.56
Batch: 200; loss: 7.1; acc: 0.59
Batch: 220; loss: 11.19; acc: 0.45
Batch: 240; loss: 6.27; acc: 0.62
Batch: 260; loss: 8.83; acc: 0.5
Batch: 280; loss: 8.45; acc: 0.48
Batch: 300; loss: 7.09; acc: 0.53
Batch: 320; loss: 10.34; acc: 0.55
Batch: 340; loss: 10.75; acc: 0.52
Batch: 360; loss: 6.09; acc: 0.67
Batch: 380; loss: 6.89; acc: 0.59
Batch: 400; loss: 6.98; acc: 0.67
Batch: 420; loss: 8.1; acc: 0.64
Batch: 440; loss: 11.55; acc: 0.52
Batch: 460; loss: 8.67; acc: 0.61
Batch: 480; loss: 6.29; acc: 0.64
Batch: 500; loss: 10.55; acc: 0.62
Batch: 520; loss: 9.93; acc: 0.47
Batch: 540; loss: 11.29; acc: 0.53
Batch: 560; loss: 8.93; acc: 0.5
Batch: 580; loss: 12.01; acc: 0.5
Batch: 600; loss: 8.43; acc: 0.59
Batch: 620; loss: 7.02; acc: 0.58
Train Epoch over. train_loss: 8.93; train_accuracy: 0.55 

Batch: 0; loss: 8.35; acc: 0.64
Batch: 20; loss: 14.63; acc: 0.44
Batch: 40; loss: 6.4; acc: 0.66
Batch: 60; loss: 10.59; acc: 0.53
Batch: 80; loss: 7.01; acc: 0.62
Batch: 100; loss: 8.57; acc: 0.55
Batch: 120; loss: 5.35; acc: 0.75
Batch: 140; loss: 10.47; acc: 0.5
Val Epoch over. val_loss: 8.423484869064039; val_accuracy: 0.595640923566879 

Epoch 2 start
Batch: 0; loss: 7.67; acc: 0.59
Batch: 20; loss: 10.07; acc: 0.61
Batch: 40; loss: 6.34; acc: 0.61
Batch: 60; loss: 6.48; acc: 0.61
Batch: 80; loss: 8.36; acc: 0.55
Batch: 100; loss: 8.66; acc: 0.53
Batch: 120; loss: 5.04; acc: 0.72
Batch: 140; loss: 11.5; acc: 0.53
Batch: 160; loss: 6.71; acc: 0.66
Batch: 180; loss: 9.05; acc: 0.61
Batch: 200; loss: 5.72; acc: 0.72
Batch: 220; loss: 11.22; acc: 0.55
Batch: 240; loss: 8.84; acc: 0.5
Batch: 260; loss: 8.0; acc: 0.58
Batch: 280; loss: 5.41; acc: 0.67
Batch: 300; loss: 7.37; acc: 0.59
Batch: 320; loss: 9.25; acc: 0.45
Batch: 340; loss: 9.52; acc: 0.59
Batch: 360; loss: 9.73; acc: 0.5
Batch: 380; loss: 10.62; acc: 0.55
Batch: 400; loss: 10.85; acc: 0.56
Batch: 420; loss: 6.93; acc: 0.7
Batch: 440; loss: 6.49; acc: 0.64
Batch: 460; loss: 11.8; acc: 0.5
Batch: 480; loss: 12.0; acc: 0.48
Batch: 500; loss: 7.64; acc: 0.64
Batch: 520; loss: 4.76; acc: 0.66
Batch: 540; loss: 9.05; acc: 0.55
Batch: 560; loss: 7.52; acc: 0.53
Batch: 580; loss: 7.06; acc: 0.69
Batch: 600; loss: 10.48; acc: 0.53
Batch: 620; loss: 10.44; acc: 0.56
Train Epoch over. train_loss: 8.01; train_accuracy: 0.61 

Batch: 0; loss: 6.1; acc: 0.62
Batch: 20; loss: 12.74; acc: 0.45
Batch: 40; loss: 4.74; acc: 0.72
Batch: 60; loss: 7.1; acc: 0.62
Batch: 80; loss: 9.39; acc: 0.52
Batch: 100; loss: 8.32; acc: 0.53
Batch: 120; loss: 5.52; acc: 0.7
Batch: 140; loss: 11.02; acc: 0.45
Val Epoch over. val_loss: 7.795958526574882; val_accuracy: 0.6137539808917197 

Epoch 3 start
Batch: 0; loss: 8.45; acc: 0.66
Batch: 20; loss: 15.93; acc: 0.44
Batch: 40; loss: 7.88; acc: 0.59
Batch: 60; loss: 6.83; acc: 0.67
Batch: 80; loss: 6.02; acc: 0.7
Batch: 100; loss: 7.4; acc: 0.67
Batch: 120; loss: 9.06; acc: 0.61
Batch: 140; loss: 8.66; acc: 0.55
Batch: 160; loss: 10.49; acc: 0.53
Batch: 180; loss: 5.07; acc: 0.73
Batch: 200; loss: 10.28; acc: 0.48
Batch: 220; loss: 6.5; acc: 0.73
Batch: 240; loss: 8.93; acc: 0.58
Batch: 260; loss: 6.74; acc: 0.66
Batch: 280; loss: 7.14; acc: 0.59
Batch: 300; loss: 11.05; acc: 0.52
Batch: 320; loss: 10.18; acc: 0.61
Batch: 340; loss: 7.57; acc: 0.55
Batch: 360; loss: 9.51; acc: 0.53
Batch: 380; loss: 6.5; acc: 0.64
Batch: 400; loss: 10.74; acc: 0.52
Batch: 420; loss: 7.07; acc: 0.55
Batch: 440; loss: 6.47; acc: 0.67
Batch: 460; loss: 7.74; acc: 0.58
Batch: 480; loss: 6.16; acc: 0.59
Batch: 500; loss: 7.56; acc: 0.64
Batch: 520; loss: 9.49; acc: 0.67
Batch: 540; loss: 5.5; acc: 0.7
Batch: 560; loss: 8.62; acc: 0.64
Batch: 580; loss: 9.29; acc: 0.59
Batch: 600; loss: 9.43; acc: 0.56
Batch: 620; loss: 7.31; acc: 0.56
Train Epoch over. train_loss: 8.0; train_accuracy: 0.61 

Batch: 0; loss: 8.24; acc: 0.56
Batch: 20; loss: 12.97; acc: 0.5
Batch: 40; loss: 7.82; acc: 0.62
Batch: 60; loss: 10.06; acc: 0.56
Batch: 80; loss: 7.85; acc: 0.58
Batch: 100; loss: 7.14; acc: 0.61
Batch: 120; loss: 6.56; acc: 0.69
Batch: 140; loss: 12.78; acc: 0.41
Val Epoch over. val_loss: 8.42067865353481; val_accuracy: 0.5969347133757962 

Epoch 4 start
Batch: 0; loss: 8.63; acc: 0.64
Batch: 20; loss: 10.88; acc: 0.58
Batch: 40; loss: 8.57; acc: 0.61
Batch: 60; loss: 4.9; acc: 0.64
Batch: 80; loss: 10.38; acc: 0.59
Batch: 100; loss: 7.96; acc: 0.64
Batch: 120; loss: 6.12; acc: 0.66
Batch: 140; loss: 8.16; acc: 0.67
Batch: 160; loss: 7.99; acc: 0.55
Batch: 180; loss: 6.33; acc: 0.7
Batch: 200; loss: 6.52; acc: 0.56
Batch: 220; loss: 13.2; acc: 0.47
Batch: 240; loss: 7.17; acc: 0.64
Batch: 260; loss: 8.26; acc: 0.59
Batch: 280; loss: 8.31; acc: 0.62
Batch: 300; loss: 4.64; acc: 0.77
Batch: 320; loss: 7.13; acc: 0.55
Batch: 340; loss: 8.1; acc: 0.66
Batch: 360; loss: 6.19; acc: 0.67
Batch: 380; loss: 8.01; acc: 0.66
Batch: 400; loss: 10.98; acc: 0.58
Batch: 420; loss: 7.39; acc: 0.66
Batch: 440; loss: 8.72; acc: 0.58
Batch: 460; loss: 6.62; acc: 0.52
Batch: 480; loss: 6.27; acc: 0.62
Batch: 500; loss: 8.19; acc: 0.59
Batch: 520; loss: 8.62; acc: 0.58
Batch: 540; loss: 8.46; acc: 0.58
Batch: 560; loss: 11.49; acc: 0.56
Batch: 580; loss: 4.27; acc: 0.72
Batch: 600; loss: 13.29; acc: 0.53
Batch: 620; loss: 5.49; acc: 0.69
Train Epoch over. train_loss: 7.88; train_accuracy: 0.62 

Batch: 0; loss: 6.03; acc: 0.69
Batch: 20; loss: 11.65; acc: 0.52
Batch: 40; loss: 6.58; acc: 0.66
Batch: 60; loss: 8.26; acc: 0.55
Batch: 80; loss: 10.08; acc: 0.61
Batch: 100; loss: 6.91; acc: 0.55
Batch: 120; loss: 5.55; acc: 0.81
Batch: 140; loss: 11.05; acc: 0.39
Val Epoch over. val_loss: 8.070837891025908; val_accuracy: 0.6096735668789809 

Epoch 5 start
Batch: 0; loss: 7.96; acc: 0.56
Batch: 20; loss: 4.79; acc: 0.73
Batch: 40; loss: 7.64; acc: 0.56
Batch: 60; loss: 11.64; acc: 0.56
Batch: 80; loss: 7.61; acc: 0.66
Batch: 100; loss: 6.65; acc: 0.67
Batch: 120; loss: 12.54; acc: 0.52
Batch: 140; loss: 13.71; acc: 0.52
Batch: 160; loss: 5.94; acc: 0.66
Batch: 180; loss: 6.93; acc: 0.72
Batch: 200; loss: 6.23; acc: 0.61
Batch: 220; loss: 7.41; acc: 0.56
Batch: 240; loss: 7.96; acc: 0.55
Batch: 260; loss: 6.62; acc: 0.69
Batch: 280; loss: 5.69; acc: 0.73
Batch: 300; loss: 6.69; acc: 0.56
Batch: 320; loss: 9.37; acc: 0.58
Batch: 340; loss: 6.6; acc: 0.7
Batch: 360; loss: 8.71; acc: 0.59
Batch: 380; loss: 7.85; acc: 0.67
Batch: 400; loss: 7.84; acc: 0.62
Batch: 420; loss: 5.13; acc: 0.72
Batch: 440; loss: 5.63; acc: 0.67
Batch: 460; loss: 6.03; acc: 0.69
Batch: 480; loss: 5.46; acc: 0.7
Batch: 500; loss: 6.53; acc: 0.55
Batch: 520; loss: 8.69; acc: 0.56
Batch: 540; loss: 8.75; acc: 0.56
Batch: 560; loss: 9.52; acc: 0.62
Batch: 580; loss: 7.92; acc: 0.59
Batch: 600; loss: 8.35; acc: 0.62
Batch: 620; loss: 8.5; acc: 0.66
Train Epoch over. train_loss: 7.82; train_accuracy: 0.62 

Batch: 0; loss: 8.15; acc: 0.7
Batch: 20; loss: 13.35; acc: 0.5
Batch: 40; loss: 8.78; acc: 0.56
Batch: 60; loss: 9.09; acc: 0.62
Batch: 80; loss: 9.95; acc: 0.55
Batch: 100; loss: 9.08; acc: 0.53
Batch: 120; loss: 8.02; acc: 0.62
Batch: 140; loss: 11.95; acc: 0.42
Val Epoch over. val_loss: 9.384279207059532; val_accuracy: 0.5738455414012739 

Epoch 6 start
Batch: 0; loss: 9.76; acc: 0.61
Batch: 20; loss: 5.18; acc: 0.64
Batch: 40; loss: 7.06; acc: 0.62
Batch: 60; loss: 3.53; acc: 0.78
Batch: 80; loss: 6.22; acc: 0.55
Batch: 100; loss: 4.44; acc: 0.72
Batch: 120; loss: 5.81; acc: 0.7
Batch: 140; loss: 7.07; acc: 0.61
Batch: 160; loss: 11.17; acc: 0.5
Batch: 180; loss: 7.75; acc: 0.53
Batch: 200; loss: 10.35; acc: 0.5
Batch: 220; loss: 9.02; acc: 0.56
Batch: 240; loss: 6.96; acc: 0.55
Batch: 260; loss: 5.98; acc: 0.58
Batch: 280; loss: 7.32; acc: 0.66
Batch: 300; loss: 6.94; acc: 0.66
Batch: 320; loss: 7.16; acc: 0.64
Batch: 340; loss: 11.52; acc: 0.52
Batch: 360; loss: 6.75; acc: 0.58
Batch: 380; loss: 7.89; acc: 0.64
Batch: 400; loss: 10.13; acc: 0.66
Batch: 420; loss: 9.86; acc: 0.53
Batch: 440; loss: 4.06; acc: 0.75
Batch: 460; loss: 7.8; acc: 0.59
Batch: 480; loss: 9.86; acc: 0.52
Batch: 500; loss: 6.12; acc: 0.67
Batch: 520; loss: 8.13; acc: 0.61
Batch: 540; loss: 9.94; acc: 0.53
Batch: 560; loss: 9.07; acc: 0.61
Batch: 580; loss: 5.97; acc: 0.67
Batch: 600; loss: 8.09; acc: 0.59
Batch: 620; loss: 10.88; acc: 0.58
Train Epoch over. train_loss: 7.78; train_accuracy: 0.62 

Batch: 0; loss: 6.95; acc: 0.64
Batch: 20; loss: 12.18; acc: 0.48
Batch: 40; loss: 7.8; acc: 0.62
Batch: 60; loss: 9.3; acc: 0.56
Batch: 80; loss: 8.66; acc: 0.55
Batch: 100; loss: 7.0; acc: 0.61
Batch: 120; loss: 6.97; acc: 0.69
Batch: 140; loss: 11.98; acc: 0.42
Val Epoch over. val_loss: 8.386255724414898; val_accuracy: 0.6043988853503185 

Epoch 7 start
Batch: 0; loss: 6.84; acc: 0.62
Batch: 20; loss: 8.21; acc: 0.58
Batch: 40; loss: 7.88; acc: 0.58
Batch: 60; loss: 6.8; acc: 0.66
Batch: 80; loss: 8.24; acc: 0.48
Batch: 100; loss: 9.78; acc: 0.66
Batch: 120; loss: 7.89; acc: 0.53
Batch: 140; loss: 5.7; acc: 0.67
Batch: 160; loss: 7.91; acc: 0.55
Batch: 180; loss: 7.09; acc: 0.61
Batch: 200; loss: 8.0; acc: 0.62
Batch: 220; loss: 9.92; acc: 0.58
Batch: 240; loss: 8.36; acc: 0.64
Batch: 260; loss: 9.01; acc: 0.59
Batch: 280; loss: 7.84; acc: 0.61
Batch: 300; loss: 9.42; acc: 0.56
Batch: 320; loss: 11.72; acc: 0.48
Batch: 340; loss: 4.54; acc: 0.7
Batch: 360; loss: 4.76; acc: 0.75
Batch: 380; loss: 8.76; acc: 0.53
Batch: 400; loss: 5.31; acc: 0.7
Batch: 420; loss: 6.1; acc: 0.69
Batch: 440; loss: 9.12; acc: 0.56
Batch: 460; loss: 10.97; acc: 0.58
Batch: 480; loss: 7.09; acc: 0.59
Batch: 500; loss: 7.3; acc: 0.64
Batch: 520; loss: 6.62; acc: 0.56
Batch: 540; loss: 6.5; acc: 0.75
Batch: 560; loss: 10.21; acc: 0.55
Batch: 580; loss: 6.43; acc: 0.67
Batch: 600; loss: 6.41; acc: 0.64
Batch: 620; loss: 7.3; acc: 0.7
Train Epoch over. train_loss: 7.8; train_accuracy: 0.62 

Batch: 0; loss: 6.11; acc: 0.66
Batch: 20; loss: 12.35; acc: 0.47
Batch: 40; loss: 5.98; acc: 0.7
Batch: 60; loss: 8.05; acc: 0.61
Batch: 80; loss: 9.27; acc: 0.58
Batch: 100; loss: 8.19; acc: 0.55
Batch: 120; loss: 5.98; acc: 0.69
Batch: 140; loss: 10.73; acc: 0.44
Val Epoch over. val_loss: 7.844363449485439; val_accuracy: 0.6109673566878981 

Epoch 8 start
Batch: 0; loss: 4.68; acc: 0.7
Batch: 20; loss: 6.26; acc: 0.69
Batch: 40; loss: 7.27; acc: 0.7
Batch: 60; loss: 5.61; acc: 0.72
Batch: 80; loss: 10.05; acc: 0.59
Batch: 100; loss: 11.31; acc: 0.58
Batch: 120; loss: 7.83; acc: 0.7
Batch: 140; loss: 9.11; acc: 0.73
Batch: 160; loss: 5.74; acc: 0.64
Batch: 180; loss: 6.36; acc: 0.73
Batch: 200; loss: 6.14; acc: 0.62
Batch: 220; loss: 15.3; acc: 0.61
Batch: 240; loss: 4.43; acc: 0.8
Batch: 260; loss: 6.56; acc: 0.64
Batch: 280; loss: 3.86; acc: 0.67
Batch: 300; loss: 6.96; acc: 0.73
Batch: 320; loss: 6.93; acc: 0.61
Batch: 340; loss: 9.56; acc: 0.59
Batch: 360; loss: 8.53; acc: 0.55
Batch: 380; loss: 6.45; acc: 0.66
Batch: 400; loss: 5.46; acc: 0.75
Batch: 420; loss: 6.45; acc: 0.62
Batch: 440; loss: 7.15; acc: 0.64
Batch: 460; loss: 5.81; acc: 0.66
Batch: 480; loss: 8.04; acc: 0.61
Batch: 500; loss: 6.68; acc: 0.64
Batch: 520; loss: 9.57; acc: 0.62
Batch: 540; loss: 9.13; acc: 0.58
Batch: 560; loss: 7.13; acc: 0.69
Batch: 580; loss: 10.74; acc: 0.61
Batch: 600; loss: 6.81; acc: 0.59
Batch: 620; loss: 10.02; acc: 0.59
Train Epoch over. train_loss: 7.83; train_accuracy: 0.62 

Batch: 0; loss: 5.87; acc: 0.7
Batch: 20; loss: 9.79; acc: 0.55
Batch: 40; loss: 4.69; acc: 0.69
Batch: 60; loss: 9.53; acc: 0.61
Batch: 80; loss: 10.06; acc: 0.53
Batch: 100; loss: 6.0; acc: 0.62
Batch: 120; loss: 6.61; acc: 0.73
Batch: 140; loss: 12.39; acc: 0.41
Val Epoch over. val_loss: 7.899633624751097; val_accuracy: 0.6157444267515924 

Epoch 9 start
Batch: 0; loss: 4.42; acc: 0.73
Batch: 20; loss: 6.91; acc: 0.66
Batch: 40; loss: 5.63; acc: 0.72
Batch: 60; loss: 6.41; acc: 0.66
Batch: 80; loss: 6.79; acc: 0.7
Batch: 100; loss: 7.74; acc: 0.61
Batch: 120; loss: 5.61; acc: 0.72
Batch: 140; loss: 5.04; acc: 0.64
Batch: 160; loss: 3.89; acc: 0.7
Batch: 180; loss: 4.71; acc: 0.75
Batch: 200; loss: 7.93; acc: 0.62
Batch: 220; loss: 8.49; acc: 0.61
Batch: 240; loss: 8.11; acc: 0.64
Batch: 260; loss: 8.67; acc: 0.53
Batch: 280; loss: 6.85; acc: 0.67
Batch: 300; loss: 3.39; acc: 0.73
Batch: 320; loss: 9.16; acc: 0.66
Batch: 340; loss: 7.82; acc: 0.56
Batch: 360; loss: 8.69; acc: 0.58
Batch: 380; loss: 7.03; acc: 0.61
Batch: 400; loss: 14.34; acc: 0.48
Batch: 420; loss: 9.78; acc: 0.55
Batch: 440; loss: 12.63; acc: 0.52
Batch: 460; loss: 10.07; acc: 0.58
Batch: 480; loss: 5.11; acc: 0.69
Batch: 500; loss: 9.16; acc: 0.58
Batch: 520; loss: 11.56; acc: 0.53
Batch: 540; loss: 7.46; acc: 0.67
Batch: 560; loss: 7.96; acc: 0.62
Batch: 580; loss: 6.21; acc: 0.64
Batch: 600; loss: 7.94; acc: 0.66
Batch: 620; loss: 7.51; acc: 0.62
Train Epoch over. train_loss: 7.81; train_accuracy: 0.62 

Batch: 0; loss: 8.84; acc: 0.58
Batch: 20; loss: 12.15; acc: 0.53
Batch: 40; loss: 7.76; acc: 0.61
Batch: 60; loss: 10.14; acc: 0.58
Batch: 80; loss: 9.2; acc: 0.48
Batch: 100; loss: 7.34; acc: 0.58
Batch: 120; loss: 6.17; acc: 0.67
Batch: 140; loss: 12.3; acc: 0.52
Val Epoch over. val_loss: 8.326947617682682; val_accuracy: 0.5989251592356688 

Epoch 10 start
Batch: 0; loss: 9.01; acc: 0.55
Batch: 20; loss: 8.95; acc: 0.58
Batch: 40; loss: 8.35; acc: 0.58
Batch: 60; loss: 7.96; acc: 0.55
Batch: 80; loss: 7.19; acc: 0.66
Batch: 100; loss: 8.08; acc: 0.7
Batch: 120; loss: 12.25; acc: 0.47
Batch: 140; loss: 6.35; acc: 0.62
Batch: 160; loss: 7.34; acc: 0.7
Batch: 180; loss: 7.38; acc: 0.61
Batch: 200; loss: 7.27; acc: 0.61
Batch: 220; loss: 5.91; acc: 0.67
Batch: 240; loss: 7.36; acc: 0.59
Batch: 260; loss: 6.84; acc: 0.61
Batch: 280; loss: 7.74; acc: 0.59
Batch: 300; loss: 7.87; acc: 0.69
Batch: 320; loss: 3.02; acc: 0.77
Batch: 340; loss: 8.68; acc: 0.62
Batch: 360; loss: 10.23; acc: 0.59
Batch: 380; loss: 6.4; acc: 0.73
Batch: 400; loss: 10.91; acc: 0.53
Batch: 420; loss: 6.23; acc: 0.64
Batch: 440; loss: 7.72; acc: 0.56
Batch: 460; loss: 9.26; acc: 0.58
Batch: 480; loss: 6.4; acc: 0.64
Batch: 500; loss: 8.75; acc: 0.58
Batch: 520; loss: 6.74; acc: 0.58
Batch: 540; loss: 6.14; acc: 0.61
Batch: 560; loss: 4.05; acc: 0.73
Batch: 580; loss: 6.77; acc: 0.66
Batch: 600; loss: 6.53; acc: 0.61
Batch: 620; loss: 9.72; acc: 0.53
Train Epoch over. train_loss: 7.82; train_accuracy: 0.62 

Batch: 0; loss: 7.62; acc: 0.55
Batch: 20; loss: 13.46; acc: 0.45
Batch: 40; loss: 5.72; acc: 0.67
Batch: 60; loss: 10.28; acc: 0.53
Batch: 80; loss: 9.66; acc: 0.56
Batch: 100; loss: 11.44; acc: 0.52
Batch: 120; loss: 6.51; acc: 0.67
Batch: 140; loss: 10.38; acc: 0.5
Val Epoch over. val_loss: 9.231235373551678; val_accuracy: 0.5760350318471338 

plots/subspace_True_d_dim_200_model_MLP_lr_0.1_seed_1_epochs_10_batchsize_64_2019-12-31 11:19:28.408058
Epoch 1 start
Batch: 0; loss: 36.37; acc: 0.12
Batch: 20; loss: 8.49; acc: 0.52
Batch: 40; loss: 8.06; acc: 0.52
Batch: 60; loss: 7.06; acc: 0.56
Batch: 80; loss: 8.13; acc: 0.52
Batch: 100; loss: 4.42; acc: 0.7
Batch: 120; loss: 7.11; acc: 0.66
Batch: 140; loss: 3.98; acc: 0.72
Batch: 160; loss: 3.81; acc: 0.75
Batch: 180; loss: 4.46; acc: 0.7
Batch: 200; loss: 5.78; acc: 0.72
Batch: 220; loss: 4.6; acc: 0.69
Batch: 240; loss: 2.69; acc: 0.75
Batch: 260; loss: 7.82; acc: 0.62
Batch: 280; loss: 5.75; acc: 0.7
Batch: 300; loss: 8.18; acc: 0.62
Batch: 320; loss: 4.24; acc: 0.73
Batch: 340; loss: 4.79; acc: 0.73
Batch: 360; loss: 2.63; acc: 0.81
Batch: 380; loss: 8.87; acc: 0.58
Batch: 400; loss: 4.76; acc: 0.66
Batch: 420; loss: 5.49; acc: 0.69
Batch: 440; loss: 8.69; acc: 0.61
Batch: 460; loss: 6.36; acc: 0.66
Batch: 480; loss: 7.21; acc: 0.59
Batch: 500; loss: 3.51; acc: 0.77
Batch: 520; loss: 4.9; acc: 0.67
Batch: 540; loss: 6.6; acc: 0.73
Batch: 560; loss: 7.12; acc: 0.64
Batch: 580; loss: 4.89; acc: 0.7
Batch: 600; loss: 4.54; acc: 0.7
Batch: 620; loss: 4.7; acc: 0.7
Train Epoch over. train_loss: 6.07; train_accuracy: 0.66 

Batch: 0; loss: 4.8; acc: 0.7
Batch: 20; loss: 11.27; acc: 0.52
Batch: 40; loss: 4.28; acc: 0.75
Batch: 60; loss: 5.45; acc: 0.72
Batch: 80; loss: 8.18; acc: 0.66
Batch: 100; loss: 8.01; acc: 0.72
Batch: 120; loss: 3.49; acc: 0.81
Batch: 140; loss: 9.49; acc: 0.5
Val Epoch over. val_loss: 5.847767480619394; val_accuracy: 0.6880971337579618 

Epoch 2 start
Batch: 0; loss: 3.55; acc: 0.78
Batch: 20; loss: 5.78; acc: 0.64
Batch: 40; loss: 3.14; acc: 0.75
Batch: 60; loss: 5.28; acc: 0.73
Batch: 80; loss: 7.7; acc: 0.73
Batch: 100; loss: 5.92; acc: 0.66
Batch: 120; loss: 4.48; acc: 0.8
Batch: 140; loss: 9.18; acc: 0.58
Batch: 160; loss: 6.8; acc: 0.67
Batch: 180; loss: 6.3; acc: 0.69
Batch: 200; loss: 5.96; acc: 0.69
Batch: 220; loss: 5.3; acc: 0.69
Batch: 240; loss: 5.24; acc: 0.69
Batch: 260; loss: 7.63; acc: 0.66
Batch: 280; loss: 3.32; acc: 0.8
Batch: 300; loss: 4.99; acc: 0.72
Batch: 320; loss: 5.42; acc: 0.69
Batch: 340; loss: 6.71; acc: 0.7
Batch: 360; loss: 5.71; acc: 0.64
Batch: 380; loss: 5.8; acc: 0.7
Batch: 400; loss: 6.37; acc: 0.67
Batch: 420; loss: 8.5; acc: 0.59
Batch: 440; loss: 4.52; acc: 0.75
Batch: 460; loss: 7.01; acc: 0.62
Batch: 480; loss: 6.0; acc: 0.66
Batch: 500; loss: 4.81; acc: 0.67
Batch: 520; loss: 5.08; acc: 0.73
Batch: 540; loss: 8.13; acc: 0.62
Batch: 560; loss: 2.72; acc: 0.75
Batch: 580; loss: 4.78; acc: 0.7
Batch: 600; loss: 4.75; acc: 0.64
Batch: 620; loss: 4.29; acc: 0.67
Train Epoch over. train_loss: 5.31; train_accuracy: 0.71 

Batch: 0; loss: 3.71; acc: 0.78
Batch: 20; loss: 7.4; acc: 0.64
Batch: 40; loss: 4.45; acc: 0.72
Batch: 60; loss: 5.77; acc: 0.72
Batch: 80; loss: 6.79; acc: 0.72
Batch: 100; loss: 5.37; acc: 0.67
Batch: 120; loss: 4.71; acc: 0.8
Batch: 140; loss: 10.69; acc: 0.56
Val Epoch over. val_loss: 5.353167854296934; val_accuracy: 0.7173566878980892 

Epoch 3 start
Batch: 0; loss: 3.61; acc: 0.73
Batch: 20; loss: 6.64; acc: 0.64
Batch: 40; loss: 6.42; acc: 0.75
Batch: 60; loss: 5.75; acc: 0.72
Batch: 80; loss: 3.53; acc: 0.75
Batch: 100; loss: 6.01; acc: 0.7
Batch: 120; loss: 5.73; acc: 0.75
Batch: 140; loss: 6.27; acc: 0.66
Batch: 160; loss: 3.73; acc: 0.72
Batch: 180; loss: 4.07; acc: 0.8
Batch: 200; loss: 6.63; acc: 0.66
Batch: 220; loss: 5.21; acc: 0.73
Batch: 240; loss: 7.19; acc: 0.62
Batch: 260; loss: 3.33; acc: 0.77
Batch: 280; loss: 5.46; acc: 0.7
Batch: 300; loss: 5.38; acc: 0.67
Batch: 320; loss: 6.13; acc: 0.7
Batch: 340; loss: 4.24; acc: 0.75
Batch: 360; loss: 7.96; acc: 0.66
Batch: 380; loss: 4.78; acc: 0.72
Batch: 400; loss: 4.14; acc: 0.72
Batch: 420; loss: 6.23; acc: 0.73
Batch: 440; loss: 1.07; acc: 0.91
Batch: 460; loss: 5.29; acc: 0.73
Batch: 480; loss: 5.69; acc: 0.69
Batch: 500; loss: 3.98; acc: 0.77
Batch: 520; loss: 5.14; acc: 0.66
Batch: 540; loss: 4.6; acc: 0.78
Batch: 560; loss: 5.19; acc: 0.69
Batch: 580; loss: 3.95; acc: 0.72
Batch: 600; loss: 5.91; acc: 0.69
Batch: 620; loss: 5.56; acc: 0.59
Train Epoch over. train_loss: 5.27; train_accuracy: 0.71 

Batch: 0; loss: 5.36; acc: 0.73
Batch: 20; loss: 10.2; acc: 0.52
Batch: 40; loss: 3.74; acc: 0.78
Batch: 60; loss: 5.02; acc: 0.69
Batch: 80; loss: 7.58; acc: 0.66
Batch: 100; loss: 6.33; acc: 0.64
Batch: 120; loss: 4.01; acc: 0.8
Batch: 140; loss: 9.68; acc: 0.48
Val Epoch over. val_loss: 5.640284989290176; val_accuracy: 0.6995421974522293 

Epoch 4 start
Batch: 0; loss: 5.34; acc: 0.72
Batch: 20; loss: 9.67; acc: 0.62
Batch: 40; loss: 5.14; acc: 0.67
Batch: 60; loss: 4.06; acc: 0.72
Batch: 80; loss: 6.06; acc: 0.75
Batch: 100; loss: 3.07; acc: 0.83
Batch: 120; loss: 7.23; acc: 0.69
Batch: 140; loss: 3.9; acc: 0.73
Batch: 160; loss: 3.75; acc: 0.73
Batch: 180; loss: 4.11; acc: 0.72
Batch: 200; loss: 3.87; acc: 0.73
Batch: 220; loss: 3.98; acc: 0.75
Batch: 240; loss: 5.07; acc: 0.73
Batch: 260; loss: 4.68; acc: 0.7
Batch: 280; loss: 5.51; acc: 0.73
Batch: 300; loss: 3.78; acc: 0.72
Batch: 320; loss: 6.44; acc: 0.64
Batch: 340; loss: 6.13; acc: 0.72
Batch: 360; loss: 6.05; acc: 0.67
Batch: 380; loss: 4.71; acc: 0.77
Batch: 400; loss: 4.72; acc: 0.7
Batch: 420; loss: 2.9; acc: 0.73
Batch: 440; loss: 8.48; acc: 0.69
Batch: 460; loss: 4.91; acc: 0.77
Batch: 480; loss: 3.92; acc: 0.81
Batch: 500; loss: 4.82; acc: 0.69
Batch: 520; loss: 6.62; acc: 0.69
Batch: 540; loss: 4.63; acc: 0.72
Batch: 560; loss: 6.67; acc: 0.67
Batch: 580; loss: 3.93; acc: 0.8
Batch: 600; loss: 3.28; acc: 0.8
Batch: 620; loss: 4.43; acc: 0.73
Train Epoch over. train_loss: 5.3; train_accuracy: 0.71 

Batch: 0; loss: 3.3; acc: 0.78
Batch: 20; loss: 7.52; acc: 0.53
Batch: 40; loss: 4.91; acc: 0.77
Batch: 60; loss: 3.71; acc: 0.83
Batch: 80; loss: 7.58; acc: 0.69
Batch: 100; loss: 7.16; acc: 0.69
Batch: 120; loss: 5.23; acc: 0.7
Batch: 140; loss: 8.2; acc: 0.56
Val Epoch over. val_loss: 5.288485399477041; val_accuracy: 0.7223328025477707 

Epoch 5 start
Batch: 0; loss: 3.87; acc: 0.78
Batch: 20; loss: 4.16; acc: 0.78
Batch: 40; loss: 7.19; acc: 0.7
Batch: 60; loss: 7.82; acc: 0.55
Batch: 80; loss: 3.98; acc: 0.78
Batch: 100; loss: 6.46; acc: 0.72
Batch: 120; loss: 4.4; acc: 0.7
Batch: 140; loss: 4.25; acc: 0.75
Batch: 160; loss: 6.59; acc: 0.69
Batch: 180; loss: 5.74; acc: 0.69
Batch: 200; loss: 4.46; acc: 0.75
Batch: 220; loss: 4.95; acc: 0.69
Batch: 240; loss: 6.21; acc: 0.77
Batch: 260; loss: 6.78; acc: 0.7
Batch: 280; loss: 4.07; acc: 0.8
Batch: 300; loss: 7.24; acc: 0.69
Batch: 320; loss: 4.97; acc: 0.73
Batch: 340; loss: 6.3; acc: 0.72
Batch: 360; loss: 5.3; acc: 0.78
Batch: 380; loss: 6.16; acc: 0.67
Batch: 400; loss: 3.12; acc: 0.8
Batch: 420; loss: 3.88; acc: 0.78
Batch: 440; loss: 5.11; acc: 0.75
Batch: 460; loss: 3.17; acc: 0.8
Batch: 480; loss: 5.25; acc: 0.72
Batch: 500; loss: 3.47; acc: 0.78
Batch: 520; loss: 4.89; acc: 0.75
Batch: 540; loss: 4.79; acc: 0.67
Batch: 560; loss: 6.72; acc: 0.66
Batch: 580; loss: 2.96; acc: 0.77
Batch: 600; loss: 6.37; acc: 0.67
Batch: 620; loss: 5.15; acc: 0.77
Train Epoch over. train_loss: 5.26; train_accuracy: 0.72 

Batch: 0; loss: 4.67; acc: 0.77
Batch: 20; loss: 7.69; acc: 0.66
Batch: 40; loss: 3.88; acc: 0.73
Batch: 60; loss: 4.4; acc: 0.73
Batch: 80; loss: 6.36; acc: 0.7
Batch: 100; loss: 6.63; acc: 0.69
Batch: 120; loss: 5.14; acc: 0.84
Batch: 140; loss: 7.21; acc: 0.58
Val Epoch over. val_loss: 5.028312367998111; val_accuracy: 0.7358678343949044 

Epoch 6 start
Batch: 0; loss: 4.47; acc: 0.7
Batch: 20; loss: 4.21; acc: 0.69
Batch: 40; loss: 5.58; acc: 0.69
Batch: 60; loss: 4.94; acc: 0.66
Batch: 80; loss: 3.81; acc: 0.78
Batch: 100; loss: 3.61; acc: 0.77
Batch: 120; loss: 3.15; acc: 0.8
Batch: 140; loss: 3.73; acc: 0.77
Batch: 160; loss: 7.16; acc: 0.62
Batch: 180; loss: 5.81; acc: 0.72
Batch: 200; loss: 4.15; acc: 0.72
Batch: 220; loss: 8.13; acc: 0.72
Batch: 240; loss: 2.94; acc: 0.73
Batch: 260; loss: 4.61; acc: 0.78
Batch: 280; loss: 5.4; acc: 0.73
Batch: 300; loss: 5.08; acc: 0.78
Batch: 320; loss: 5.19; acc: 0.72
Batch: 340; loss: 4.66; acc: 0.72
Batch: 360; loss: 2.33; acc: 0.83
Batch: 380; loss: 5.14; acc: 0.73
Batch: 400; loss: 4.75; acc: 0.7
Batch: 420; loss: 5.01; acc: 0.72
Batch: 440; loss: 3.14; acc: 0.78
Batch: 460; loss: 4.92; acc: 0.75
Batch: 480; loss: 6.02; acc: 0.69
Batch: 500; loss: 4.12; acc: 0.8
Batch: 520; loss: 5.5; acc: 0.73
Batch: 540; loss: 4.81; acc: 0.67
Batch: 560; loss: 5.53; acc: 0.75
Batch: 580; loss: 5.31; acc: 0.67
Batch: 600; loss: 5.54; acc: 0.7
Batch: 620; loss: 5.66; acc: 0.72
Train Epoch over. train_loss: 5.29; train_accuracy: 0.72 

Batch: 0; loss: 5.16; acc: 0.7
Batch: 20; loss: 8.43; acc: 0.61
Batch: 40; loss: 2.57; acc: 0.81
Batch: 60; loss: 5.35; acc: 0.73
Batch: 80; loss: 7.75; acc: 0.72
Batch: 100; loss: 6.56; acc: 0.72
Batch: 120; loss: 4.2; acc: 0.81
Batch: 140; loss: 6.94; acc: 0.56
Val Epoch over. val_loss: 5.159065797830084; val_accuracy: 0.7170581210191083 

Epoch 7 start
Batch: 0; loss: 4.96; acc: 0.73
Batch: 20; loss: 6.14; acc: 0.59
Batch: 40; loss: 5.17; acc: 0.72
Batch: 60; loss: 4.01; acc: 0.73
Batch: 80; loss: 6.9; acc: 0.64
Batch: 100; loss: 5.8; acc: 0.7
Batch: 120; loss: 3.52; acc: 0.77
Batch: 140; loss: 3.89; acc: 0.75
Batch: 160; loss: 5.03; acc: 0.72
Batch: 180; loss: 2.75; acc: 0.75
Batch: 200; loss: 2.79; acc: 0.83
Batch: 220; loss: 5.92; acc: 0.66
Batch: 240; loss: 6.9; acc: 0.62
Batch: 260; loss: 4.69; acc: 0.75
Batch: 280; loss: 4.58; acc: 0.73
Batch: 300; loss: 5.44; acc: 0.67
Batch: 320; loss: 8.32; acc: 0.67
Batch: 340; loss: 3.6; acc: 0.84
Batch: 360; loss: 4.19; acc: 0.83
Batch: 380; loss: 5.2; acc: 0.7
Batch: 400; loss: 4.49; acc: 0.78
Batch: 420; loss: 1.91; acc: 0.81
Batch: 440; loss: 6.74; acc: 0.73
Batch: 460; loss: 5.87; acc: 0.75
Batch: 480; loss: 4.26; acc: 0.73
Batch: 500; loss: 3.67; acc: 0.73
Batch: 520; loss: 4.84; acc: 0.62
Batch: 540; loss: 4.85; acc: 0.75
Batch: 560; loss: 6.85; acc: 0.67
Batch: 580; loss: 6.28; acc: 0.59
Batch: 600; loss: 3.79; acc: 0.75
Batch: 620; loss: 6.63; acc: 0.66
Train Epoch over. train_loss: 5.2; train_accuracy: 0.72 

Batch: 0; loss: 4.92; acc: 0.75
Batch: 20; loss: 8.93; acc: 0.55
Batch: 40; loss: 4.79; acc: 0.75
Batch: 60; loss: 4.1; acc: 0.75
Batch: 80; loss: 6.71; acc: 0.72
Batch: 100; loss: 4.49; acc: 0.66
Batch: 120; loss: 4.45; acc: 0.8
Batch: 140; loss: 9.99; acc: 0.58
Val Epoch over. val_loss: 5.5755237485193145; val_accuracy: 0.6989450636942676 

Epoch 8 start
Batch: 0; loss: 4.29; acc: 0.75
Batch: 20; loss: 5.64; acc: 0.69
Batch: 40; loss: 5.75; acc: 0.75
Batch: 60; loss: 3.76; acc: 0.73
Batch: 80; loss: 4.2; acc: 0.75
Batch: 100; loss: 4.98; acc: 0.72
Batch: 120; loss: 2.98; acc: 0.73
Batch: 140; loss: 4.7; acc: 0.73
Batch: 160; loss: 3.04; acc: 0.78
Batch: 180; loss: 4.11; acc: 0.77
Batch: 200; loss: 2.68; acc: 0.7
Batch: 220; loss: 5.99; acc: 0.67
Batch: 240; loss: 4.89; acc: 0.72
Batch: 260; loss: 2.36; acc: 0.84
Batch: 280; loss: 6.59; acc: 0.62
Batch: 300; loss: 4.91; acc: 0.75
Batch: 320; loss: 6.14; acc: 0.7
Batch: 340; loss: 8.6; acc: 0.66
Batch: 360; loss: 7.33; acc: 0.58
Batch: 380; loss: 4.43; acc: 0.75
Batch: 400; loss: 2.42; acc: 0.84
Batch: 420; loss: 6.43; acc: 0.7
Batch: 440; loss: 2.34; acc: 0.81
Batch: 460; loss: 4.53; acc: 0.73
Batch: 480; loss: 3.81; acc: 0.72
Batch: 500; loss: 6.71; acc: 0.72
Batch: 520; loss: 7.35; acc: 0.64
Batch: 540; loss: 6.17; acc: 0.59
Batch: 560; loss: 8.06; acc: 0.64
Batch: 580; loss: 4.83; acc: 0.72
Batch: 600; loss: 6.46; acc: 0.61
Batch: 620; loss: 8.54; acc: 0.62
Train Epoch over. train_loss: 5.18; train_accuracy: 0.72 

Batch: 0; loss: 5.16; acc: 0.8
Batch: 20; loss: 8.81; acc: 0.56
Batch: 40; loss: 2.66; acc: 0.81
Batch: 60; loss: 5.52; acc: 0.73
Batch: 80; loss: 7.86; acc: 0.7
Batch: 100; loss: 6.21; acc: 0.69
Batch: 120; loss: 4.4; acc: 0.75
Batch: 140; loss: 7.59; acc: 0.59
Val Epoch over. val_loss: 5.10473047092462; val_accuracy: 0.7295979299363057 

Epoch 9 start
Batch: 0; loss: 4.92; acc: 0.69
Batch: 20; loss: 3.9; acc: 0.83
Batch: 40; loss: 5.34; acc: 0.66
Batch: 60; loss: 3.64; acc: 0.8
Batch: 80; loss: 6.98; acc: 0.66
Batch: 100; loss: 6.09; acc: 0.64
Batch: 120; loss: 2.61; acc: 0.77
Batch: 140; loss: 1.6; acc: 0.84
Batch: 160; loss: 2.83; acc: 0.81
Batch: 180; loss: 5.21; acc: 0.72
Batch: 200; loss: 5.53; acc: 0.73
Batch: 220; loss: 8.19; acc: 0.58
Batch: 240; loss: 4.17; acc: 0.77
Batch: 260; loss: 4.25; acc: 0.8
Batch: 280; loss: 6.91; acc: 0.7
Batch: 300; loss: 2.82; acc: 0.77
Batch: 320; loss: 6.25; acc: 0.73
Batch: 340; loss: 3.67; acc: 0.8
Batch: 360; loss: 4.02; acc: 0.77
Batch: 380; loss: 7.95; acc: 0.64
Batch: 400; loss: 7.42; acc: 0.64
Batch: 420; loss: 6.14; acc: 0.67
Batch: 440; loss: 3.85; acc: 0.75
Batch: 460; loss: 5.12; acc: 0.67
Batch: 480; loss: 5.45; acc: 0.62
Batch: 500; loss: 5.27; acc: 0.72
Batch: 520; loss: 4.84; acc: 0.7
Batch: 540; loss: 3.2; acc: 0.8
Batch: 560; loss: 5.12; acc: 0.67
Batch: 580; loss: 6.62; acc: 0.73
Batch: 600; loss: 4.14; acc: 0.75
Batch: 620; loss: 7.28; acc: 0.72
Train Epoch over. train_loss: 5.18; train_accuracy: 0.72 

Batch: 0; loss: 3.78; acc: 0.81
Batch: 20; loss: 8.88; acc: 0.55
Batch: 40; loss: 3.21; acc: 0.78
Batch: 60; loss: 7.12; acc: 0.72
Batch: 80; loss: 8.26; acc: 0.7
Batch: 100; loss: 6.47; acc: 0.69
Batch: 120; loss: 2.88; acc: 0.81
Batch: 140; loss: 6.54; acc: 0.58
Val Epoch over. val_loss: 5.218885540202924; val_accuracy: 0.713077229299363 

Epoch 10 start
Batch: 0; loss: 5.3; acc: 0.72
Batch: 20; loss: 6.63; acc: 0.66
Batch: 40; loss: 5.31; acc: 0.73
Batch: 60; loss: 4.23; acc: 0.7
Batch: 80; loss: 5.17; acc: 0.69
Batch: 100; loss: 5.92; acc: 0.7
Batch: 120; loss: 9.17; acc: 0.61
Batch: 140; loss: 4.29; acc: 0.75
Batch: 160; loss: 3.73; acc: 0.72
Batch: 180; loss: 4.82; acc: 0.72
Batch: 200; loss: 4.78; acc: 0.66
Batch: 220; loss: 4.51; acc: 0.73
Batch: 240; loss: 3.62; acc: 0.73
Batch: 260; loss: 3.61; acc: 0.8
Batch: 280; loss: 10.24; acc: 0.67
Batch: 300; loss: 5.24; acc: 0.73
Batch: 320; loss: 2.4; acc: 0.83
Batch: 340; loss: 4.47; acc: 0.75
Batch: 360; loss: 5.98; acc: 0.67
Batch: 380; loss: 4.15; acc: 0.83
Batch: 400; loss: 3.7; acc: 0.81
Batch: 420; loss: 4.39; acc: 0.75
Batch: 440; loss: 3.9; acc: 0.7
Batch: 460; loss: 7.0; acc: 0.69
Batch: 480; loss: 5.98; acc: 0.64
Batch: 500; loss: 3.23; acc: 0.69
Batch: 520; loss: 3.39; acc: 0.73
Batch: 540; loss: 3.79; acc: 0.83
Batch: 560; loss: 5.32; acc: 0.73
Batch: 580; loss: 4.55; acc: 0.72
Batch: 600; loss: 4.61; acc: 0.72
Batch: 620; loss: 6.4; acc: 0.64
Train Epoch over. train_loss: 5.14; train_accuracy: 0.72 

Batch: 0; loss: 2.9; acc: 0.81
Batch: 20; loss: 7.01; acc: 0.59
Batch: 40; loss: 3.06; acc: 0.75
Batch: 60; loss: 6.13; acc: 0.69
Batch: 80; loss: 6.88; acc: 0.73
Batch: 100; loss: 5.64; acc: 0.59
Batch: 120; loss: 4.74; acc: 0.78
Batch: 140; loss: 7.87; acc: 0.59
Val Epoch over. val_loss: 4.967983336205695; val_accuracy: 0.7173566878980892 

plots/subspace_True_d_dim_400_model_MLP_lr_0.1_seed_1_epochs_10_batchsize_64_2019-12-31 11:23:15.846684
Epoch 1 start
Batch: 0; loss: 36.37; acc: 0.12
Batch: 20; loss: 9.01; acc: 0.47
Batch: 40; loss: 6.27; acc: 0.56
Batch: 60; loss: 4.94; acc: 0.58
Batch: 80; loss: 3.89; acc: 0.77
Batch: 100; loss: 5.03; acc: 0.67
Batch: 120; loss: 8.25; acc: 0.61
Batch: 140; loss: 4.59; acc: 0.73
Batch: 160; loss: 6.07; acc: 0.64
Batch: 180; loss: 5.65; acc: 0.75
Batch: 200; loss: 5.38; acc: 0.7
Batch: 220; loss: 5.39; acc: 0.61
Batch: 240; loss: 3.53; acc: 0.77
Batch: 260; loss: 4.65; acc: 0.67
Batch: 280; loss: 5.71; acc: 0.7
Batch: 300; loss: 7.61; acc: 0.72
Batch: 320; loss: 3.19; acc: 0.75
Batch: 340; loss: 4.66; acc: 0.72
Batch: 360; loss: 4.37; acc: 0.77
Batch: 380; loss: 3.61; acc: 0.69
Batch: 400; loss: 5.25; acc: 0.69
Batch: 420; loss: 7.62; acc: 0.66
Batch: 440; loss: 5.59; acc: 0.7
Batch: 460; loss: 5.43; acc: 0.72
Batch: 480; loss: 3.14; acc: 0.8
Batch: 500; loss: 3.82; acc: 0.8
Batch: 520; loss: 2.6; acc: 0.8
Batch: 540; loss: 3.9; acc: 0.83
Batch: 560; loss: 3.95; acc: 0.75
Batch: 580; loss: 5.13; acc: 0.72
Batch: 600; loss: 4.24; acc: 0.75
Batch: 620; loss: 6.16; acc: 0.67
Train Epoch over. train_loss: 5.26; train_accuracy: 0.7 

Batch: 0; loss: 3.06; acc: 0.8
Batch: 20; loss: 6.17; acc: 0.61
Batch: 40; loss: 3.79; acc: 0.88
Batch: 60; loss: 6.28; acc: 0.7
Batch: 80; loss: 4.05; acc: 0.73
Batch: 100; loss: 7.13; acc: 0.7
Batch: 120; loss: 6.92; acc: 0.7
Batch: 140; loss: 7.91; acc: 0.64
Val Epoch over. val_loss: 4.510714438310854; val_accuracy: 0.7411425159235668 

Epoch 2 start
Batch: 0; loss: 3.49; acc: 0.78
Batch: 20; loss: 3.99; acc: 0.88
Batch: 40; loss: 2.82; acc: 0.78
Batch: 60; loss: 2.67; acc: 0.83
Batch: 80; loss: 6.17; acc: 0.72
Batch: 100; loss: 4.86; acc: 0.73
Batch: 120; loss: 3.72; acc: 0.8
Batch: 140; loss: 4.41; acc: 0.73
Batch: 160; loss: 2.36; acc: 0.8
Batch: 180; loss: 8.78; acc: 0.75
Batch: 200; loss: 4.73; acc: 0.7
Batch: 220; loss: 7.14; acc: 0.72
Batch: 240; loss: 4.7; acc: 0.69
Batch: 260; loss: 4.06; acc: 0.7
Batch: 280; loss: 5.77; acc: 0.75
Batch: 300; loss: 5.02; acc: 0.72
Batch: 320; loss: 5.02; acc: 0.69
Batch: 340; loss: 4.55; acc: 0.75
Batch: 360; loss: 4.36; acc: 0.77
Batch: 380; loss: 3.8; acc: 0.8
Batch: 400; loss: 2.06; acc: 0.78
Batch: 420; loss: 5.11; acc: 0.73
Batch: 440; loss: 2.51; acc: 0.86
Batch: 460; loss: 6.36; acc: 0.7
Batch: 480; loss: 6.03; acc: 0.73
Batch: 500; loss: 5.37; acc: 0.73
Batch: 520; loss: 4.7; acc: 0.73
Batch: 540; loss: 2.25; acc: 0.77
Batch: 560; loss: 3.17; acc: 0.84
Batch: 580; loss: 4.15; acc: 0.78
Batch: 600; loss: 4.37; acc: 0.73
Batch: 620; loss: 6.12; acc: 0.7
Train Epoch over. train_loss: 4.28; train_accuracy: 0.76 

Batch: 0; loss: 4.99; acc: 0.72
Batch: 20; loss: 5.04; acc: 0.7
Batch: 40; loss: 3.33; acc: 0.78
Batch: 60; loss: 4.2; acc: 0.72
Batch: 80; loss: 3.47; acc: 0.78
Batch: 100; loss: 6.06; acc: 0.73
Batch: 120; loss: 5.6; acc: 0.78
Batch: 140; loss: 7.44; acc: 0.55
Val Epoch over. val_loss: 4.0619581747966205; val_accuracy: 0.7716958598726115 

Epoch 3 start
Batch: 0; loss: 2.45; acc: 0.84
Batch: 20; loss: 5.18; acc: 0.75
Batch: 40; loss: 4.79; acc: 0.77
Batch: 60; loss: 2.38; acc: 0.81
Batch: 80; loss: 5.34; acc: 0.77
Batch: 100; loss: 2.38; acc: 0.78
Batch: 120; loss: 2.84; acc: 0.8
Batch: 140; loss: 3.39; acc: 0.78
Batch: 160; loss: 2.91; acc: 0.8
Batch: 180; loss: 5.73; acc: 0.72
Batch: 200; loss: 5.33; acc: 0.7
Batch: 220; loss: 5.48; acc: 0.7
Batch: 240; loss: 4.32; acc: 0.66
Batch: 260; loss: 2.01; acc: 0.89
Batch: 280; loss: 5.3; acc: 0.77
Batch: 300; loss: 3.56; acc: 0.69
Batch: 320; loss: 4.56; acc: 0.73
Batch: 340; loss: 3.68; acc: 0.67
Batch: 360; loss: 5.44; acc: 0.73
Batch: 380; loss: 3.38; acc: 0.78
Batch: 400; loss: 5.33; acc: 0.75
Batch: 420; loss: 1.91; acc: 0.88
Batch: 440; loss: 2.26; acc: 0.83
Batch: 460; loss: 2.96; acc: 0.77
Batch: 480; loss: 5.4; acc: 0.8
Batch: 500; loss: 4.68; acc: 0.75
Batch: 520; loss: 6.46; acc: 0.61
Batch: 540; loss: 1.75; acc: 0.86
Batch: 560; loss: 3.99; acc: 0.77
Batch: 580; loss: 3.19; acc: 0.77
Batch: 600; loss: 4.31; acc: 0.8
Batch: 620; loss: 4.21; acc: 0.73
Train Epoch over. train_loss: 4.28; train_accuracy: 0.77 

Batch: 0; loss: 2.35; acc: 0.84
Batch: 20; loss: 6.58; acc: 0.67
Batch: 40; loss: 3.09; acc: 0.89
Batch: 60; loss: 5.27; acc: 0.77
Batch: 80; loss: 3.7; acc: 0.78
Batch: 100; loss: 6.1; acc: 0.73
Batch: 120; loss: 3.34; acc: 0.88
Batch: 140; loss: 9.74; acc: 0.61
Val Epoch over. val_loss: 4.211102011477112; val_accuracy: 0.7691082802547771 

Epoch 4 start
Batch: 0; loss: 3.41; acc: 0.72
Batch: 20; loss: 4.35; acc: 0.77
Batch: 40; loss: 4.22; acc: 0.73
Batch: 60; loss: 4.09; acc: 0.81
Batch: 80; loss: 2.59; acc: 0.77
Batch: 100; loss: 2.06; acc: 0.84
Batch: 120; loss: 3.96; acc: 0.81
Batch: 140; loss: 3.65; acc: 0.8
Batch: 160; loss: 2.14; acc: 0.88
Batch: 180; loss: 5.08; acc: 0.83
Batch: 200; loss: 4.49; acc: 0.77
Batch: 220; loss: 3.45; acc: 0.84
Batch: 240; loss: 2.09; acc: 0.81
Batch: 260; loss: 4.04; acc: 0.73
Batch: 280; loss: 2.05; acc: 0.81
Batch: 300; loss: 2.1; acc: 0.81
Batch: 320; loss: 4.94; acc: 0.67
Batch: 340; loss: 4.75; acc: 0.78
Batch: 360; loss: 1.01; acc: 0.88
Batch: 380; loss: 1.98; acc: 0.86
Batch: 400; loss: 3.45; acc: 0.8
Batch: 420; loss: 3.12; acc: 0.83
Batch: 440; loss: 6.25; acc: 0.77
Batch: 460; loss: 4.15; acc: 0.77
Batch: 480; loss: 5.91; acc: 0.72
Batch: 500; loss: 2.83; acc: 0.77
Batch: 520; loss: 7.1; acc: 0.69
Batch: 540; loss: 4.09; acc: 0.81
Batch: 560; loss: 4.28; acc: 0.81
Batch: 580; loss: 4.94; acc: 0.72
Batch: 600; loss: 4.73; acc: 0.73
Batch: 620; loss: 3.63; acc: 0.78
Train Epoch over. train_loss: 4.24; train_accuracy: 0.77 

Batch: 0; loss: 3.27; acc: 0.77
Batch: 20; loss: 6.42; acc: 0.7
Batch: 40; loss: 2.91; acc: 0.86
Batch: 60; loss: 4.29; acc: 0.75
Batch: 80; loss: 4.84; acc: 0.67
Batch: 100; loss: 6.56; acc: 0.7
Batch: 120; loss: 5.09; acc: 0.86
Batch: 140; loss: 8.7; acc: 0.64
Val Epoch over. val_loss: 4.412216560855793; val_accuracy: 0.74890525477707 

Epoch 5 start
Batch: 0; loss: 4.92; acc: 0.75
Batch: 20; loss: 2.16; acc: 0.86
Batch: 40; loss: 3.97; acc: 0.83
Batch: 60; loss: 5.88; acc: 0.7
Batch: 80; loss: 3.02; acc: 0.8
Batch: 100; loss: 4.32; acc: 0.81
Batch: 120; loss: 5.59; acc: 0.81
Batch: 140; loss: 3.83; acc: 0.8
Batch: 160; loss: 5.14; acc: 0.8
Batch: 180; loss: 3.13; acc: 0.8
Batch: 200; loss: 2.8; acc: 0.84
Batch: 220; loss: 3.49; acc: 0.81
Batch: 240; loss: 2.12; acc: 0.83
Batch: 260; loss: 5.98; acc: 0.73
Batch: 280; loss: 3.16; acc: 0.84
Batch: 300; loss: 2.6; acc: 0.77
Batch: 320; loss: 4.09; acc: 0.78
Batch: 340; loss: 4.29; acc: 0.77
Batch: 360; loss: 5.21; acc: 0.73
Batch: 380; loss: 4.12; acc: 0.75
Batch: 400; loss: 4.0; acc: 0.81
Batch: 420; loss: 2.13; acc: 0.88
Batch: 440; loss: 3.93; acc: 0.78
Batch: 460; loss: 2.54; acc: 0.81
Batch: 480; loss: 3.0; acc: 0.73
Batch: 500; loss: 3.76; acc: 0.75
Batch: 520; loss: 4.42; acc: 0.78
Batch: 540; loss: 6.42; acc: 0.75
Batch: 560; loss: 7.16; acc: 0.75
Batch: 580; loss: 2.91; acc: 0.78
Batch: 600; loss: 6.4; acc: 0.73
Batch: 620; loss: 2.93; acc: 0.77
Train Epoch over. train_loss: 4.15; train_accuracy: 0.77 

Batch: 0; loss: 3.54; acc: 0.78
Batch: 20; loss: 5.69; acc: 0.64
Batch: 40; loss: 2.53; acc: 0.81
Batch: 60; loss: 3.23; acc: 0.81
Batch: 80; loss: 4.87; acc: 0.75
Batch: 100; loss: 3.97; acc: 0.75
Batch: 120; loss: 5.45; acc: 0.8
Batch: 140; loss: 8.83; acc: 0.62
Val Epoch over. val_loss: 4.135011260676536; val_accuracy: 0.7784633757961783 

Epoch 6 start
Batch: 0; loss: 4.45; acc: 0.77
Batch: 20; loss: 3.84; acc: 0.67
Batch: 40; loss: 2.77; acc: 0.83
Batch: 60; loss: 2.47; acc: 0.8
Batch: 80; loss: 6.14; acc: 0.67
Batch: 100; loss: 3.13; acc: 0.81
Batch: 120; loss: 2.89; acc: 0.81
Batch: 140; loss: 5.33; acc: 0.7
Batch: 160; loss: 2.34; acc: 0.83
Batch: 180; loss: 3.48; acc: 0.84
Batch: 200; loss: 4.59; acc: 0.75
Batch: 220; loss: 6.71; acc: 0.66
Batch: 240; loss: 2.85; acc: 0.77
Batch: 260; loss: 2.13; acc: 0.8
Batch: 280; loss: 4.34; acc: 0.81
Batch: 300; loss: 4.33; acc: 0.78
Batch: 320; loss: 2.95; acc: 0.8
Batch: 340; loss: 6.13; acc: 0.73
Batch: 360; loss: 4.64; acc: 0.73
Batch: 380; loss: 4.37; acc: 0.77
Batch: 400; loss: 6.36; acc: 0.78
Batch: 420; loss: 4.21; acc: 0.78
Batch: 440; loss: 3.17; acc: 0.81
Batch: 460; loss: 5.32; acc: 0.75
Batch: 480; loss: 5.6; acc: 0.72
Batch: 500; loss: 4.93; acc: 0.73
Batch: 520; loss: 3.29; acc: 0.75
Batch: 540; loss: 3.15; acc: 0.78
Batch: 560; loss: 3.67; acc: 0.78
Batch: 580; loss: 1.11; acc: 0.89
Batch: 600; loss: 4.06; acc: 0.78
Batch: 620; loss: 3.79; acc: 0.81
Train Epoch over. train_loss: 4.31; train_accuracy: 0.77 

Batch: 0; loss: 3.87; acc: 0.83
Batch: 20; loss: 6.53; acc: 0.64
Batch: 40; loss: 2.82; acc: 0.86
Batch: 60; loss: 2.54; acc: 0.77
Batch: 80; loss: 3.82; acc: 0.75
Batch: 100; loss: 3.82; acc: 0.8
Batch: 120; loss: 5.21; acc: 0.83
Batch: 140; loss: 5.92; acc: 0.67
Val Epoch over. val_loss: 3.8827073885377046; val_accuracy: 0.7804538216560509 

Epoch 7 start
Batch: 0; loss: 2.3; acc: 0.88
Batch: 20; loss: 3.63; acc: 0.78
Batch: 40; loss: 3.02; acc: 0.86
Batch: 60; loss: 3.79; acc: 0.72
Batch: 80; loss: 4.9; acc: 0.75
Batch: 100; loss: 4.1; acc: 0.73
Batch: 120; loss: 4.4; acc: 0.8
Batch: 140; loss: 2.07; acc: 0.84
Batch: 160; loss: 6.98; acc: 0.72
Batch: 180; loss: 3.29; acc: 0.78
Batch: 200; loss: 3.95; acc: 0.86
Batch: 220; loss: 4.29; acc: 0.81
Batch: 240; loss: 3.46; acc: 0.75
Batch: 260; loss: 1.55; acc: 0.81
Batch: 280; loss: 4.16; acc: 0.69
Batch: 300; loss: 5.07; acc: 0.77
Batch: 320; loss: 3.81; acc: 0.77
Batch: 340; loss: 2.32; acc: 0.84
Batch: 360; loss: 2.73; acc: 0.81
Batch: 380; loss: 6.09; acc: 0.78
Batch: 400; loss: 2.58; acc: 0.81
Batch: 420; loss: 3.1; acc: 0.78
Batch: 440; loss: 4.8; acc: 0.73
Batch: 460; loss: 3.06; acc: 0.75
Batch: 480; loss: 3.44; acc: 0.8
Batch: 500; loss: 3.03; acc: 0.73
Batch: 520; loss: 3.11; acc: 0.78
Batch: 540; loss: 3.6; acc: 0.78
Batch: 560; loss: 3.96; acc: 0.75
Batch: 580; loss: 2.72; acc: 0.78
Batch: 600; loss: 3.51; acc: 0.78
Batch: 620; loss: 3.13; acc: 0.84
Train Epoch over. train_loss: 4.19; train_accuracy: 0.78 

Batch: 0; loss: 2.01; acc: 0.86
Batch: 20; loss: 7.51; acc: 0.59
Batch: 40; loss: 4.13; acc: 0.8
Batch: 60; loss: 4.1; acc: 0.77
Batch: 80; loss: 3.71; acc: 0.67
Batch: 100; loss: 6.07; acc: 0.73
Batch: 120; loss: 5.17; acc: 0.81
Batch: 140; loss: 7.33; acc: 0.7
Val Epoch over. val_loss: 4.142986788491535; val_accuracy: 0.7638335987261147 

Epoch 8 start
Batch: 0; loss: 2.46; acc: 0.83
Batch: 20; loss: 6.25; acc: 0.75
Batch: 40; loss: 5.12; acc: 0.73
Batch: 60; loss: 2.56; acc: 0.8
Batch: 80; loss: 3.89; acc: 0.73
Batch: 100; loss: 5.99; acc: 0.72
Batch: 120; loss: 3.26; acc: 0.83
Batch: 140; loss: 4.4; acc: 0.81
Batch: 160; loss: 4.39; acc: 0.8
Batch: 180; loss: 4.03; acc: 0.69
Batch: 200; loss: 2.83; acc: 0.86
Batch: 220; loss: 5.18; acc: 0.8
Batch: 240; loss: 5.21; acc: 0.72
Batch: 260; loss: 4.16; acc: 0.84
Batch: 280; loss: 8.56; acc: 0.66
Batch: 300; loss: 5.08; acc: 0.8
Batch: 320; loss: 4.86; acc: 0.77
Batch: 340; loss: 5.79; acc: 0.7
Batch: 360; loss: 3.84; acc: 0.78
Batch: 380; loss: 2.37; acc: 0.84
Batch: 400; loss: 4.06; acc: 0.77
Batch: 420; loss: 4.36; acc: 0.77
Batch: 440; loss: 2.79; acc: 0.84
Batch: 460; loss: 3.62; acc: 0.84
Batch: 480; loss: 5.14; acc: 0.75
Batch: 500; loss: 3.16; acc: 0.84
Batch: 520; loss: 4.3; acc: 0.8
Batch: 540; loss: 5.7; acc: 0.72
Batch: 560; loss: 7.31; acc: 0.75
Batch: 580; loss: 4.78; acc: 0.77
Batch: 600; loss: 4.71; acc: 0.77
Batch: 620; loss: 2.98; acc: 0.75
Train Epoch over. train_loss: 4.2; train_accuracy: 0.78 

Batch: 0; loss: 3.22; acc: 0.77
Batch: 20; loss: 5.62; acc: 0.64
Batch: 40; loss: 3.95; acc: 0.81
Batch: 60; loss: 4.29; acc: 0.78
Batch: 80; loss: 4.13; acc: 0.69
Batch: 100; loss: 3.85; acc: 0.78
Batch: 120; loss: 5.11; acc: 0.81
Batch: 140; loss: 9.14; acc: 0.64
Val Epoch over. val_loss: 4.425180669043474; val_accuracy: 0.7647292993630573 

Epoch 9 start
Batch: 0; loss: 3.34; acc: 0.78
Batch: 20; loss: 2.35; acc: 0.86
Batch: 40; loss: 4.12; acc: 0.75
Batch: 60; loss: 2.83; acc: 0.78
Batch: 80; loss: 2.89; acc: 0.84
Batch: 100; loss: 4.68; acc: 0.72
Batch: 120; loss: 3.64; acc: 0.81
Batch: 140; loss: 2.56; acc: 0.81
Batch: 160; loss: 2.48; acc: 0.86
Batch: 180; loss: 2.77; acc: 0.77
Batch: 200; loss: 4.44; acc: 0.75
Batch: 220; loss: 3.88; acc: 0.77
Batch: 240; loss: 2.26; acc: 0.83
Batch: 260; loss: 3.59; acc: 0.81
Batch: 280; loss: 2.86; acc: 0.88
Batch: 300; loss: 2.63; acc: 0.86
Batch: 320; loss: 6.27; acc: 0.75
Batch: 340; loss: 4.05; acc: 0.73
Batch: 360; loss: 5.98; acc: 0.75
Batch: 380; loss: 7.16; acc: 0.73
Batch: 400; loss: 5.27; acc: 0.72
Batch: 420; loss: 3.82; acc: 0.77
Batch: 440; loss: 5.55; acc: 0.69
Batch: 460; loss: 4.14; acc: 0.8
Batch: 480; loss: 4.56; acc: 0.73
Batch: 500; loss: 3.89; acc: 0.78
Batch: 520; loss: 4.16; acc: 0.78
Batch: 540; loss: 6.1; acc: 0.72
Batch: 560; loss: 5.36; acc: 0.73
Batch: 580; loss: 4.05; acc: 0.83
Batch: 600; loss: 3.74; acc: 0.81
Batch: 620; loss: 4.58; acc: 0.84
Train Epoch over. train_loss: 4.22; train_accuracy: 0.77 

Batch: 0; loss: 2.71; acc: 0.84
Batch: 20; loss: 8.4; acc: 0.66
Batch: 40; loss: 3.18; acc: 0.81
Batch: 60; loss: 4.46; acc: 0.73
Batch: 80; loss: 5.28; acc: 0.66
Batch: 100; loss: 6.94; acc: 0.7
Batch: 120; loss: 5.1; acc: 0.84
Batch: 140; loss: 8.69; acc: 0.62
Val Epoch over. val_loss: 4.655143242732734; val_accuracy: 0.7560708598726115 

Epoch 10 start
Batch: 0; loss: 3.51; acc: 0.75
Batch: 20; loss: 2.41; acc: 0.86
Batch: 40; loss: 1.74; acc: 0.84
Batch: 60; loss: 5.12; acc: 0.77
Batch: 80; loss: 7.69; acc: 0.7
Batch: 100; loss: 3.22; acc: 0.88
Batch: 120; loss: 4.71; acc: 0.72
Batch: 140; loss: 4.46; acc: 0.81
Batch: 160; loss: 2.01; acc: 0.83
Batch: 180; loss: 1.42; acc: 0.92
Batch: 200; loss: 2.37; acc: 0.8
Batch: 220; loss: 5.75; acc: 0.75
Batch: 240; loss: 1.95; acc: 0.88
Batch: 260; loss: 3.58; acc: 0.83
Batch: 280; loss: 8.32; acc: 0.72
Batch: 300; loss: 4.92; acc: 0.8
Batch: 320; loss: 1.62; acc: 0.88
Batch: 340; loss: 4.95; acc: 0.73
Batch: 360; loss: 3.33; acc: 0.78
Batch: 380; loss: 2.27; acc: 0.84
Batch: 400; loss: 5.17; acc: 0.83
Batch: 420; loss: 5.4; acc: 0.73
Batch: 440; loss: 3.12; acc: 0.83
Batch: 460; loss: 4.41; acc: 0.81
Batch: 480; loss: 8.96; acc: 0.67
Batch: 500; loss: 5.02; acc: 0.73
Batch: 520; loss: 3.35; acc: 0.77
Batch: 540; loss: 3.6; acc: 0.78
Batch: 560; loss: 4.38; acc: 0.72
Batch: 580; loss: 2.82; acc: 0.83
Batch: 600; loss: 2.68; acc: 0.83
Batch: 620; loss: 3.72; acc: 0.75
Train Epoch over. train_loss: 4.18; train_accuracy: 0.78 

Batch: 0; loss: 4.06; acc: 0.8
Batch: 20; loss: 8.12; acc: 0.61
Batch: 40; loss: 4.35; acc: 0.75
Batch: 60; loss: 5.03; acc: 0.7
Batch: 80; loss: 3.38; acc: 0.75
Batch: 100; loss: 5.9; acc: 0.75
Batch: 120; loss: 4.84; acc: 0.81
Batch: 140; loss: 7.63; acc: 0.61
Val Epoch over. val_loss: 4.394174713997325; val_accuracy: 0.7578622611464968 

plots/subspace_True_d_dim_600_model_MLP_lr_0.1_seed_1_epochs_10_batchsize_64_2019-12-31 11:27:35.646636
Epoch 1 start
Batch: 0; loss: 36.37; acc: 0.12
Batch: 20; loss: 8.08; acc: 0.64
Batch: 40; loss: 8.94; acc: 0.56
Batch: 60; loss: 4.99; acc: 0.59
Batch: 80; loss: 4.87; acc: 0.7
Batch: 100; loss: 1.5; acc: 0.81
Batch: 120; loss: 5.79; acc: 0.67
Batch: 140; loss: 6.03; acc: 0.73
Batch: 160; loss: 5.86; acc: 0.64
Batch: 180; loss: 3.93; acc: 0.8
Batch: 200; loss: 2.49; acc: 0.81
Batch: 220; loss: 4.69; acc: 0.75
Batch: 240; loss: 3.24; acc: 0.81
Batch: 260; loss: 2.02; acc: 0.86
Batch: 280; loss: 4.1; acc: 0.75
Batch: 300; loss: 6.25; acc: 0.72
Batch: 320; loss: 4.2; acc: 0.66
Batch: 340; loss: 3.25; acc: 0.78
Batch: 360; loss: 3.9; acc: 0.78
Batch: 380; loss: 3.68; acc: 0.73
Batch: 400; loss: 2.41; acc: 0.81
Batch: 420; loss: 3.51; acc: 0.75
Batch: 440; loss: 3.79; acc: 0.78
Batch: 460; loss: 5.27; acc: 0.78
Batch: 480; loss: 2.71; acc: 0.83
Batch: 500; loss: 3.29; acc: 0.8
Batch: 520; loss: 1.78; acc: 0.91
Batch: 540; loss: 3.85; acc: 0.73
Batch: 560; loss: 3.43; acc: 0.72
Batch: 580; loss: 2.88; acc: 0.8
Batch: 600; loss: 1.78; acc: 0.83
Batch: 620; loss: 5.31; acc: 0.78
Train Epoch over. train_loss: 4.71; train_accuracy: 0.74 

Batch: 0; loss: 3.12; acc: 0.83
Batch: 20; loss: 5.72; acc: 0.67
Batch: 40; loss: 1.56; acc: 0.86
Batch: 60; loss: 5.4; acc: 0.73
Batch: 80; loss: 1.92; acc: 0.83
Batch: 100; loss: 4.73; acc: 0.73
Batch: 120; loss: 5.18; acc: 0.8
Batch: 140; loss: 5.77; acc: 0.72
Val Epoch over. val_loss: 3.59820580026906; val_accuracy: 0.783937101910828 

Epoch 2 start
Batch: 0; loss: 3.4; acc: 0.81
Batch: 20; loss: 5.21; acc: 0.75
Batch: 40; loss: 3.9; acc: 0.75
Batch: 60; loss: 3.29; acc: 0.75
Batch: 80; loss: 3.19; acc: 0.78
Batch: 100; loss: 2.11; acc: 0.81
Batch: 120; loss: 2.97; acc: 0.86
Batch: 140; loss: 6.09; acc: 0.78
Batch: 160; loss: 3.66; acc: 0.77
Batch: 180; loss: 4.77; acc: 0.78
Batch: 200; loss: 1.94; acc: 0.84
Batch: 220; loss: 5.08; acc: 0.77
Batch: 240; loss: 5.62; acc: 0.72
Batch: 260; loss: 3.44; acc: 0.83
Batch: 280; loss: 2.4; acc: 0.86
Batch: 300; loss: 5.06; acc: 0.69
Batch: 320; loss: 3.95; acc: 0.81
Batch: 340; loss: 3.39; acc: 0.73
Batch: 360; loss: 1.6; acc: 0.88
Batch: 380; loss: 3.76; acc: 0.81
Batch: 400; loss: 2.85; acc: 0.75
Batch: 420; loss: 2.83; acc: 0.89
Batch: 440; loss: 2.03; acc: 0.78
Batch: 460; loss: 3.24; acc: 0.84
Batch: 480; loss: 3.52; acc: 0.78
Batch: 500; loss: 2.79; acc: 0.78
Batch: 520; loss: 2.69; acc: 0.8
Batch: 540; loss: 3.39; acc: 0.8
Batch: 560; loss: 3.24; acc: 0.78
Batch: 580; loss: 4.07; acc: 0.75
Batch: 600; loss: 4.79; acc: 0.7
Batch: 620; loss: 3.29; acc: 0.75
Train Epoch over. train_loss: 3.58; train_accuracy: 0.79 

Batch: 0; loss: 1.46; acc: 0.91
Batch: 20; loss: 7.18; acc: 0.64
Batch: 40; loss: 0.71; acc: 0.94
Batch: 60; loss: 5.21; acc: 0.73
Batch: 80; loss: 1.43; acc: 0.89
Batch: 100; loss: 5.71; acc: 0.75
Batch: 120; loss: 5.07; acc: 0.8
Batch: 140; loss: 6.8; acc: 0.64
Val Epoch over. val_loss: 3.683844008263509; val_accuracy: 0.8020501592356688 

Epoch 3 start
Batch: 0; loss: 2.91; acc: 0.8
Batch: 20; loss: 6.67; acc: 0.69
Batch: 40; loss: 3.46; acc: 0.75
Batch: 60; loss: 2.94; acc: 0.81
Batch: 80; loss: 3.8; acc: 0.81
Batch: 100; loss: 2.12; acc: 0.86
Batch: 120; loss: 3.96; acc: 0.75
Batch: 140; loss: 1.13; acc: 0.88
Batch: 160; loss: 2.56; acc: 0.84
Batch: 180; loss: 2.98; acc: 0.8
Batch: 200; loss: 5.77; acc: 0.7
Batch: 220; loss: 3.41; acc: 0.86
Batch: 240; loss: 3.36; acc: 0.8
Batch: 260; loss: 1.86; acc: 0.83
Batch: 280; loss: 4.08; acc: 0.72
Batch: 300; loss: 3.17; acc: 0.81
Batch: 320; loss: 6.36; acc: 0.69
Batch: 340; loss: 6.26; acc: 0.8
Batch: 360; loss: 4.55; acc: 0.77
Batch: 380; loss: 4.67; acc: 0.77
Batch: 400; loss: 4.68; acc: 0.73
Batch: 420; loss: 3.75; acc: 0.8
Batch: 440; loss: 2.91; acc: 0.83
Batch: 460; loss: 2.7; acc: 0.83
Batch: 480; loss: 2.2; acc: 0.84
Batch: 500; loss: 4.53; acc: 0.73
Batch: 520; loss: 3.99; acc: 0.8
Batch: 540; loss: 1.34; acc: 0.86
Batch: 560; loss: 4.0; acc: 0.77
Batch: 580; loss: 1.81; acc: 0.86
Batch: 600; loss: 2.37; acc: 0.83
Batch: 620; loss: 4.88; acc: 0.75
Train Epoch over. train_loss: 3.53; train_accuracy: 0.8 

Batch: 0; loss: 1.17; acc: 0.89
Batch: 20; loss: 7.3; acc: 0.59
Batch: 40; loss: 2.85; acc: 0.81
Batch: 60; loss: 5.63; acc: 0.72
Batch: 80; loss: 1.94; acc: 0.81
Batch: 100; loss: 3.05; acc: 0.73
Batch: 120; loss: 4.91; acc: 0.81
Batch: 140; loss: 10.0; acc: 0.64
Val Epoch over. val_loss: 3.813065668579879; val_accuracy: 0.7802547770700637 

Epoch 4 start
Batch: 0; loss: 1.62; acc: 0.86
Batch: 20; loss: 5.35; acc: 0.77
Batch: 40; loss: 2.96; acc: 0.78
Batch: 60; loss: 3.78; acc: 0.77
Batch: 80; loss: 3.41; acc: 0.83
Batch: 100; loss: 2.13; acc: 0.8
Batch: 120; loss: 3.94; acc: 0.8
Batch: 140; loss: 2.15; acc: 0.81
Batch: 160; loss: 1.14; acc: 0.91
Batch: 180; loss: 2.71; acc: 0.86
Batch: 200; loss: 4.56; acc: 0.81
Batch: 220; loss: 5.54; acc: 0.75
Batch: 240; loss: 3.45; acc: 0.75
Batch: 260; loss: 3.33; acc: 0.83
Batch: 280; loss: 1.74; acc: 0.83
Batch: 300; loss: 2.55; acc: 0.84
Batch: 320; loss: 4.87; acc: 0.75
Batch: 340; loss: 6.15; acc: 0.73
Batch: 360; loss: 3.07; acc: 0.8
Batch: 380; loss: 4.58; acc: 0.77
Batch: 400; loss: 3.0; acc: 0.8
Batch: 420; loss: 2.84; acc: 0.8
Batch: 440; loss: 5.92; acc: 0.72
Batch: 460; loss: 2.01; acc: 0.81
Batch: 480; loss: 3.4; acc: 0.84
Batch: 500; loss: 3.57; acc: 0.81
Batch: 520; loss: 3.45; acc: 0.83
Batch: 540; loss: 2.24; acc: 0.83
Batch: 560; loss: 4.64; acc: 0.77
Batch: 580; loss: 1.39; acc: 0.91
Batch: 600; loss: 4.07; acc: 0.84
Batch: 620; loss: 3.8; acc: 0.72
Train Epoch over. train_loss: 3.5; train_accuracy: 0.8 

Batch: 0; loss: 1.12; acc: 0.88
Batch: 20; loss: 6.49; acc: 0.69
Batch: 40; loss: 1.71; acc: 0.88
Batch: 60; loss: 6.4; acc: 0.72
Batch: 80; loss: 1.55; acc: 0.84
Batch: 100; loss: 5.87; acc: 0.7
Batch: 120; loss: 4.04; acc: 0.84
Batch: 140; loss: 9.48; acc: 0.64
Val Epoch over. val_loss: 4.131001137244474; val_accuracy: 0.7802547770700637 

Epoch 5 start
Batch: 0; loss: 3.7; acc: 0.72
Batch: 20; loss: 1.18; acc: 0.89
Batch: 40; loss: 3.06; acc: 0.8
Batch: 60; loss: 4.31; acc: 0.73
Batch: 80; loss: 3.21; acc: 0.86
Batch: 100; loss: 2.28; acc: 0.86
Batch: 120; loss: 4.33; acc: 0.75
Batch: 140; loss: 5.0; acc: 0.77
Batch: 160; loss: 3.51; acc: 0.86
Batch: 180; loss: 3.53; acc: 0.78
Batch: 200; loss: 5.51; acc: 0.73
Batch: 220; loss: 5.24; acc: 0.75
Batch: 240; loss: 0.93; acc: 0.91
Batch: 260; loss: 3.33; acc: 0.81
Batch: 280; loss: 2.47; acc: 0.83
Batch: 300; loss: 1.45; acc: 0.84
Batch: 320; loss: 3.05; acc: 0.8
Batch: 340; loss: 2.4; acc: 0.89
Batch: 360; loss: 3.71; acc: 0.83
Batch: 380; loss: 2.72; acc: 0.81
Batch: 400; loss: 2.24; acc: 0.86
Batch: 420; loss: 1.83; acc: 0.88
Batch: 440; loss: 2.53; acc: 0.81
Batch: 460; loss: 1.6; acc: 0.89
Batch: 480; loss: 3.27; acc: 0.8
Batch: 500; loss: 3.97; acc: 0.77
Batch: 520; loss: 3.07; acc: 0.81
Batch: 540; loss: 2.99; acc: 0.81
Batch: 560; loss: 2.69; acc: 0.8
Batch: 580; loss: 2.24; acc: 0.84
Batch: 600; loss: 4.45; acc: 0.77
Batch: 620; loss: 2.22; acc: 0.86
Train Epoch over. train_loss: 3.45; train_accuracy: 0.81 

Batch: 0; loss: 0.65; acc: 0.91
Batch: 20; loss: 8.22; acc: 0.62
Batch: 40; loss: 2.8; acc: 0.88
Batch: 60; loss: 4.9; acc: 0.81
Batch: 80; loss: 2.73; acc: 0.88
Batch: 100; loss: 3.74; acc: 0.83
Batch: 120; loss: 3.27; acc: 0.8
Batch: 140; loss: 9.28; acc: 0.67
Val Epoch over. val_loss: 3.5154372009502093; val_accuracy: 0.8109076433121019 

Epoch 6 start
Batch: 0; loss: 2.76; acc: 0.81
Batch: 20; loss: 2.97; acc: 0.81
Batch: 40; loss: 2.24; acc: 0.83
Batch: 60; loss: 2.95; acc: 0.83
Batch: 80; loss: 3.6; acc: 0.81
Batch: 100; loss: 1.36; acc: 0.91
Batch: 120; loss: 2.11; acc: 0.84
Batch: 140; loss: 4.64; acc: 0.77
Batch: 160; loss: 4.15; acc: 0.81
Batch: 180; loss: 5.09; acc: 0.77
Batch: 200; loss: 2.95; acc: 0.78
Batch: 220; loss: 4.52; acc: 0.7
Batch: 240; loss: 1.47; acc: 0.89
Batch: 260; loss: 3.18; acc: 0.8
Batch: 280; loss: 4.32; acc: 0.78
Batch: 300; loss: 1.39; acc: 0.83
Batch: 320; loss: 3.95; acc: 0.8
Batch: 340; loss: 5.9; acc: 0.8
Batch: 360; loss: 3.66; acc: 0.72
Batch: 380; loss: 3.32; acc: 0.8
Batch: 400; loss: 4.78; acc: 0.73
Batch: 420; loss: 5.29; acc: 0.8
Batch: 440; loss: 2.86; acc: 0.81
Batch: 460; loss: 1.66; acc: 0.88
Batch: 480; loss: 4.46; acc: 0.73
Batch: 500; loss: 2.2; acc: 0.89
Batch: 520; loss: 4.04; acc: 0.84
Batch: 540; loss: 3.44; acc: 0.8
Batch: 560; loss: 3.31; acc: 0.77
Batch: 580; loss: 3.99; acc: 0.78
Batch: 600; loss: 2.88; acc: 0.83
Batch: 620; loss: 2.49; acc: 0.83
Train Epoch over. train_loss: 3.52; train_accuracy: 0.8 

Batch: 0; loss: 1.52; acc: 0.86
Batch: 20; loss: 8.38; acc: 0.64
Batch: 40; loss: 1.93; acc: 0.91
Batch: 60; loss: 3.97; acc: 0.73
Batch: 80; loss: 2.39; acc: 0.92
Batch: 100; loss: 4.54; acc: 0.78
Batch: 120; loss: 4.59; acc: 0.81
Batch: 140; loss: 7.55; acc: 0.66
Val Epoch over. val_loss: 3.768715946537674; val_accuracy: 0.7988654458598726 

Epoch 7 start
Batch: 0; loss: 1.01; acc: 0.86
Batch: 20; loss: 5.37; acc: 0.73
Batch: 40; loss: 3.22; acc: 0.81
Batch: 60; loss: 3.46; acc: 0.78
Batch: 80; loss: 4.98; acc: 0.73
Batch: 100; loss: 5.38; acc: 0.72
Batch: 120; loss: 2.57; acc: 0.8
Batch: 140; loss: 3.02; acc: 0.81
Batch: 160; loss: 3.14; acc: 0.8
Batch: 180; loss: 2.36; acc: 0.83
Batch: 200; loss: 3.58; acc: 0.8
Batch: 220; loss: 4.85; acc: 0.8
Batch: 240; loss: 4.35; acc: 0.73
Batch: 260; loss: 2.74; acc: 0.81
Batch: 280; loss: 4.63; acc: 0.81
Batch: 300; loss: 4.07; acc: 0.78
Batch: 320; loss: 3.28; acc: 0.83
Batch: 340; loss: 1.63; acc: 0.86
Batch: 360; loss: 2.74; acc: 0.86
Batch: 380; loss: 5.28; acc: 0.77
Batch: 400; loss: 0.73; acc: 0.92
Batch: 420; loss: 1.16; acc: 0.92
Batch: 440; loss: 6.42; acc: 0.69
Batch: 460; loss: 4.11; acc: 0.77
Batch: 480; loss: 4.11; acc: 0.8
Batch: 500; loss: 1.88; acc: 0.86
Batch: 520; loss: 3.71; acc: 0.81
Batch: 540; loss: 3.82; acc: 0.81
Batch: 560; loss: 4.65; acc: 0.78
Batch: 580; loss: 4.0; acc: 0.81
Batch: 600; loss: 3.46; acc: 0.83
Batch: 620; loss: 5.17; acc: 0.78
Train Epoch over. train_loss: 3.44; train_accuracy: 0.8 

Batch: 0; loss: 2.1; acc: 0.84
Batch: 20; loss: 11.19; acc: 0.58
Batch: 40; loss: 2.85; acc: 0.86
Batch: 60; loss: 4.88; acc: 0.78
Batch: 80; loss: 2.32; acc: 0.92
Batch: 100; loss: 5.55; acc: 0.77
Batch: 120; loss: 4.92; acc: 0.81
Batch: 140; loss: 8.46; acc: 0.67
Val Epoch over. val_loss: 4.312692947828086; val_accuracy: 0.7822452229299363 

Epoch 8 start
Batch: 0; loss: 3.1; acc: 0.83
Batch: 20; loss: 4.55; acc: 0.78
Batch: 40; loss: 3.18; acc: 0.84
Batch: 60; loss: 3.41; acc: 0.88
Batch: 80; loss: 5.07; acc: 0.77
Batch: 100; loss: 4.12; acc: 0.73
Batch: 120; loss: 2.04; acc: 0.81
Batch: 140; loss: 2.01; acc: 0.88
Batch: 160; loss: 3.79; acc: 0.75
Batch: 180; loss: 1.82; acc: 0.81
Batch: 200; loss: 2.28; acc: 0.88
Batch: 220; loss: 3.58; acc: 0.86
Batch: 240; loss: 3.73; acc: 0.83
Batch: 260; loss: 3.54; acc: 0.86
Batch: 280; loss: 1.75; acc: 0.84
Batch: 300; loss: 1.11; acc: 0.86
Batch: 320; loss: 3.36; acc: 0.8
Batch: 340; loss: 4.65; acc: 0.78
Batch: 360; loss: 2.69; acc: 0.83
Batch: 380; loss: 3.97; acc: 0.73
Batch: 400; loss: 3.57; acc: 0.77
Batch: 420; loss: 4.78; acc: 0.8
Batch: 440; loss: 3.13; acc: 0.89
Batch: 460; loss: 2.82; acc: 0.88
Batch: 480; loss: 4.17; acc: 0.8
Batch: 500; loss: 3.59; acc: 0.78
Batch: 520; loss: 1.77; acc: 0.86
Batch: 540; loss: 2.92; acc: 0.83
Batch: 560; loss: 3.97; acc: 0.8
Batch: 580; loss: 4.5; acc: 0.8
Batch: 600; loss: 4.73; acc: 0.73
Batch: 620; loss: 5.37; acc: 0.8
Train Epoch over. train_loss: 3.4; train_accuracy: 0.8 

Batch: 0; loss: 1.65; acc: 0.84
Batch: 20; loss: 7.13; acc: 0.64
Batch: 40; loss: 1.05; acc: 0.83
Batch: 60; loss: 5.98; acc: 0.69
Batch: 80; loss: 3.28; acc: 0.84
Batch: 100; loss: 5.15; acc: 0.72
Batch: 120; loss: 5.12; acc: 0.77
Batch: 140; loss: 6.06; acc: 0.69
Val Epoch over. val_loss: 4.015813999115282; val_accuracy: 0.7821457006369427 

Epoch 9 start
Batch: 0; loss: 3.9; acc: 0.75
Batch: 20; loss: 3.14; acc: 0.86
Batch: 40; loss: 3.64; acc: 0.83
Batch: 60; loss: 1.95; acc: 0.83
Batch: 80; loss: 4.04; acc: 0.75
Batch: 100; loss: 3.62; acc: 0.7
Batch: 120; loss: 2.97; acc: 0.8
Batch: 140; loss: 1.87; acc: 0.86
Batch: 160; loss: 2.44; acc: 0.83
Batch: 180; loss: 2.42; acc: 0.81
Batch: 200; loss: 2.12; acc: 0.84
Batch: 220; loss: 4.76; acc: 0.75
Batch: 240; loss: 1.15; acc: 0.89
Batch: 260; loss: 3.66; acc: 0.73
Batch: 280; loss: 2.81; acc: 0.81
Batch: 300; loss: 1.06; acc: 0.94
Batch: 320; loss: 2.2; acc: 0.8
Batch: 340; loss: 2.78; acc: 0.88
Batch: 360; loss: 4.69; acc: 0.72
Batch: 380; loss: 6.22; acc: 0.8
Batch: 400; loss: 3.07; acc: 0.84
Batch: 420; loss: 3.45; acc: 0.83
Batch: 440; loss: 2.93; acc: 0.81
Batch: 460; loss: 3.66; acc: 0.75
Batch: 480; loss: 4.04; acc: 0.77
Batch: 500; loss: 2.19; acc: 0.88
Batch: 520; loss: 1.94; acc: 0.78
Batch: 540; loss: 5.67; acc: 0.77
Batch: 560; loss: 6.14; acc: 0.7
Batch: 580; loss: 2.43; acc: 0.86
Batch: 600; loss: 3.45; acc: 0.81
Batch: 620; loss: 4.77; acc: 0.77
Train Epoch over. train_loss: 3.34; train_accuracy: 0.8 

Batch: 0; loss: 1.89; acc: 0.8
Batch: 20; loss: 6.51; acc: 0.73
Batch: 40; loss: 2.21; acc: 0.86
Batch: 60; loss: 4.04; acc: 0.78
Batch: 80; loss: 1.8; acc: 0.92
Batch: 100; loss: 4.01; acc: 0.69
Batch: 120; loss: 3.07; acc: 0.84
Batch: 140; loss: 7.74; acc: 0.72
Val Epoch over. val_loss: 3.3664009926045777; val_accuracy: 0.8004578025477707 

Epoch 10 start
Batch: 0; loss: 2.23; acc: 0.84
Batch: 20; loss: 4.44; acc: 0.66
Batch: 40; loss: 2.36; acc: 0.84
Batch: 60; loss: 3.15; acc: 0.8
Batch: 80; loss: 3.09; acc: 0.81
Batch: 100; loss: 3.67; acc: 0.73
Batch: 120; loss: 3.08; acc: 0.81
Batch: 140; loss: 4.41; acc: 0.78
Batch: 160; loss: 3.25; acc: 0.81
Batch: 180; loss: 5.3; acc: 0.78
Batch: 200; loss: 3.04; acc: 0.86
Batch: 220; loss: 2.74; acc: 0.77
Batch: 240; loss: 1.47; acc: 0.91
Batch: 260; loss: 2.02; acc: 0.89
Batch: 280; loss: 4.67; acc: 0.83
Batch: 300; loss: 4.3; acc: 0.77
Batch: 320; loss: 1.06; acc: 0.91
Batch: 340; loss: 3.42; acc: 0.77
Batch: 360; loss: 1.69; acc: 0.84
Batch: 380; loss: 2.79; acc: 0.86
Batch: 400; loss: 3.09; acc: 0.8
Batch: 420; loss: 2.98; acc: 0.84
Batch: 440; loss: 1.21; acc: 0.83
Batch: 460; loss: 5.61; acc: 0.8
Batch: 480; loss: 2.44; acc: 0.81
Batch: 500; loss: 3.77; acc: 0.73
Batch: 520; loss: 1.96; acc: 0.84
Batch: 540; loss: 2.66; acc: 0.86
Batch: 560; loss: 3.26; acc: 0.78
Batch: 580; loss: 2.39; acc: 0.83
Batch: 600; loss: 1.64; acc: 0.88
Batch: 620; loss: 4.89; acc: 0.73
Train Epoch over. train_loss: 3.3; train_accuracy: 0.81 

Batch: 0; loss: 1.24; acc: 0.86
Batch: 20; loss: 5.95; acc: 0.72
Batch: 40; loss: 2.21; acc: 0.83
Batch: 60; loss: 4.72; acc: 0.78
Batch: 80; loss: 2.6; acc: 0.84
Batch: 100; loss: 5.86; acc: 0.69
Batch: 120; loss: 3.06; acc: 0.88
Batch: 140; loss: 8.32; acc: 0.61
Val Epoch over. val_loss: 3.933226493513508; val_accuracy: 0.7918988853503185 

plots/subspace_True_d_dim_800_model_MLP_lr_0.1_seed_1_epochs_10_batchsize_64_2019-12-31 11:32:34.077977
Epoch 1 start
Batch: 0; loss: 36.37; acc: 0.12
Batch: 20; loss: 6.65; acc: 0.66
Batch: 40; loss: 5.87; acc: 0.58
Batch: 60; loss: 4.21; acc: 0.67
Batch: 80; loss: 3.79; acc: 0.7
Batch: 100; loss: 4.01; acc: 0.69
Batch: 120; loss: 3.25; acc: 0.72
Batch: 140; loss: 3.89; acc: 0.75
Batch: 160; loss: 5.91; acc: 0.69
Batch: 180; loss: 4.46; acc: 0.75
Batch: 200; loss: 2.24; acc: 0.81
Batch: 220; loss: 2.81; acc: 0.8
Batch: 240; loss: 2.0; acc: 0.83
Batch: 260; loss: 3.63; acc: 0.75
Batch: 280; loss: 4.32; acc: 0.75
Batch: 300; loss: 4.75; acc: 0.67
Batch: 320; loss: 2.92; acc: 0.69
Batch: 340; loss: 3.59; acc: 0.73
Batch: 360; loss: 3.1; acc: 0.77
Batch: 380; loss: 1.4; acc: 0.84
Batch: 400; loss: 4.46; acc: 0.75
Batch: 420; loss: 6.61; acc: 0.61
Batch: 440; loss: 4.07; acc: 0.69
Batch: 460; loss: 2.63; acc: 0.78
Batch: 480; loss: 3.17; acc: 0.8
Batch: 500; loss: 4.07; acc: 0.75
Batch: 520; loss: 4.01; acc: 0.75
Batch: 540; loss: 2.35; acc: 0.84
Batch: 560; loss: 2.47; acc: 0.8
Batch: 580; loss: 5.53; acc: 0.75
Batch: 600; loss: 0.54; acc: 0.91
Batch: 620; loss: 2.39; acc: 0.88
Train Epoch over. train_loss: 3.95; train_accuracy: 0.75 

Batch: 0; loss: 2.79; acc: 0.84
Batch: 20; loss: 6.23; acc: 0.69
Batch: 40; loss: 3.59; acc: 0.83
Batch: 60; loss: 3.83; acc: 0.77
Batch: 80; loss: 3.82; acc: 0.8
Batch: 100; loss: 3.96; acc: 0.75
Batch: 120; loss: 2.13; acc: 0.86
Batch: 140; loss: 4.37; acc: 0.77
Val Epoch over. val_loss: 3.405170812728299; val_accuracy: 0.78015525477707 

Epoch 2 start
Batch: 0; loss: 1.57; acc: 0.83
Batch: 20; loss: 2.52; acc: 0.77
Batch: 40; loss: 2.68; acc: 0.78
Batch: 60; loss: 2.26; acc: 0.86
Batch: 80; loss: 2.2; acc: 0.88
Batch: 100; loss: 4.0; acc: 0.78
Batch: 120; loss: 1.18; acc: 0.94
Batch: 140; loss: 5.39; acc: 0.7
Batch: 160; loss: 3.88; acc: 0.8
Batch: 180; loss: 3.54; acc: 0.86
Batch: 200; loss: 3.77; acc: 0.83
Batch: 220; loss: 5.27; acc: 0.73
Batch: 240; loss: 4.27; acc: 0.73
Batch: 260; loss: 2.57; acc: 0.84
Batch: 280; loss: 2.01; acc: 0.83
Batch: 300; loss: 1.8; acc: 0.84
Batch: 320; loss: 3.09; acc: 0.69
Batch: 340; loss: 2.41; acc: 0.78
Batch: 360; loss: 2.03; acc: 0.81
Batch: 380; loss: 3.13; acc: 0.75
Batch: 400; loss: 3.03; acc: 0.81
Batch: 420; loss: 3.33; acc: 0.83
Batch: 440; loss: 0.47; acc: 0.92
Batch: 460; loss: 4.97; acc: 0.73
Batch: 480; loss: 3.99; acc: 0.81
Batch: 500; loss: 2.98; acc: 0.81
Batch: 520; loss: 1.6; acc: 0.88
Batch: 540; loss: 2.53; acc: 0.8
Batch: 560; loss: 2.49; acc: 0.81
Batch: 580; loss: 3.54; acc: 0.8
Batch: 600; loss: 3.64; acc: 0.73
Batch: 620; loss: 6.61; acc: 0.72
Train Epoch over. train_loss: 3.02; train_accuracy: 0.8 

Batch: 0; loss: 1.31; acc: 0.88
Batch: 20; loss: 3.68; acc: 0.67
Batch: 40; loss: 1.02; acc: 0.91
Batch: 60; loss: 3.12; acc: 0.77
Batch: 80; loss: 2.99; acc: 0.77
Batch: 100; loss: 4.22; acc: 0.77
Batch: 120; loss: 1.82; acc: 0.84
Batch: 140; loss: 3.69; acc: 0.75
Val Epoch over. val_loss: 2.8457907487632363; val_accuracy: 0.8083200636942676 

Epoch 3 start
Batch: 0; loss: 1.56; acc: 0.78
Batch: 20; loss: 3.07; acc: 0.72
Batch: 40; loss: 1.66; acc: 0.81
Batch: 60; loss: 1.41; acc: 0.86
Batch: 80; loss: 3.38; acc: 0.81
Batch: 100; loss: 2.72; acc: 0.77
Batch: 120; loss: 2.71; acc: 0.86
Batch: 140; loss: 2.27; acc: 0.84
Batch: 160; loss: 2.98; acc: 0.73
Batch: 180; loss: 2.61; acc: 0.78
Batch: 200; loss: 3.36; acc: 0.81
Batch: 220; loss: 2.12; acc: 0.89
Batch: 240; loss: 0.99; acc: 0.89
Batch: 260; loss: 2.22; acc: 0.84
Batch: 280; loss: 4.76; acc: 0.78
Batch: 300; loss: 1.38; acc: 0.86
Batch: 320; loss: 3.57; acc: 0.8
Batch: 340; loss: 2.58; acc: 0.78
Batch: 360; loss: 4.01; acc: 0.8
Batch: 380; loss: 1.58; acc: 0.83
Batch: 400; loss: 5.02; acc: 0.78
Batch: 420; loss: 1.86; acc: 0.89
Batch: 440; loss: 3.73; acc: 0.83
Batch: 460; loss: 1.84; acc: 0.83
Batch: 480; loss: 2.64; acc: 0.77
Batch: 500; loss: 4.73; acc: 0.72
Batch: 520; loss: 3.72; acc: 0.83
Batch: 540; loss: 1.75; acc: 0.91
Batch: 560; loss: 3.36; acc: 0.75
Batch: 580; loss: 1.56; acc: 0.84
Batch: 600; loss: 3.34; acc: 0.81
Batch: 620; loss: 3.24; acc: 0.77
Train Epoch over. train_loss: 2.93; train_accuracy: 0.81 

Batch: 0; loss: 2.92; acc: 0.83
Batch: 20; loss: 4.93; acc: 0.72
Batch: 40; loss: 2.48; acc: 0.84
Batch: 60; loss: 6.33; acc: 0.72
Batch: 80; loss: 3.57; acc: 0.78
Batch: 100; loss: 5.54; acc: 0.7
Batch: 120; loss: 3.1; acc: 0.88
Batch: 140; loss: 4.02; acc: 0.73
Val Epoch over. val_loss: 3.9921846966834584; val_accuracy: 0.7619426751592356 

Epoch 4 start
Batch: 0; loss: 4.68; acc: 0.72
Batch: 20; loss: 4.14; acc: 0.72
Batch: 40; loss: 2.31; acc: 0.83
Batch: 60; loss: 2.32; acc: 0.84
Batch: 80; loss: 3.56; acc: 0.84
Batch: 100; loss: 2.59; acc: 0.8
Batch: 120; loss: 2.57; acc: 0.84
Batch: 140; loss: 3.29; acc: 0.81
Batch: 160; loss: 2.1; acc: 0.88
Batch: 180; loss: 2.81; acc: 0.83
Batch: 200; loss: 3.08; acc: 0.8
Batch: 220; loss: 3.56; acc: 0.8
Batch: 240; loss: 2.08; acc: 0.86
Batch: 260; loss: 2.92; acc: 0.8
Batch: 280; loss: 1.54; acc: 0.81
Batch: 300; loss: 1.39; acc: 0.89
Batch: 320; loss: 4.33; acc: 0.78
Batch: 340; loss: 3.28; acc: 0.73
Batch: 360; loss: 0.94; acc: 0.88
Batch: 380; loss: 2.26; acc: 0.86
Batch: 400; loss: 2.37; acc: 0.77
Batch: 420; loss: 1.46; acc: 0.83
Batch: 440; loss: 3.43; acc: 0.81
Batch: 460; loss: 2.03; acc: 0.78
Batch: 480; loss: 3.06; acc: 0.86
Batch: 500; loss: 1.39; acc: 0.86
Batch: 520; loss: 4.07; acc: 0.67
Batch: 540; loss: 2.76; acc: 0.78
Batch: 560; loss: 3.41; acc: 0.78
Batch: 580; loss: 2.12; acc: 0.81
Batch: 600; loss: 4.22; acc: 0.78
Batch: 620; loss: 4.04; acc: 0.8
Train Epoch over. train_loss: 2.9; train_accuracy: 0.81 

Batch: 0; loss: 2.5; acc: 0.83
Batch: 20; loss: 2.84; acc: 0.81
Batch: 40; loss: 1.67; acc: 0.92
Batch: 60; loss: 4.58; acc: 0.8
Batch: 80; loss: 3.21; acc: 0.8
Batch: 100; loss: 3.51; acc: 0.73
Batch: 120; loss: 2.85; acc: 0.89
Batch: 140; loss: 4.25; acc: 0.72
Val Epoch over. val_loss: 2.950052686937296; val_accuracy: 0.8020501592356688 

Epoch 5 start
Batch: 0; loss: 1.46; acc: 0.83
Batch: 20; loss: 1.06; acc: 0.92
Batch: 40; loss: 3.95; acc: 0.77
Batch: 60; loss: 5.06; acc: 0.73
Batch: 80; loss: 2.32; acc: 0.86
Batch: 100; loss: 2.58; acc: 0.83
Batch: 120; loss: 3.12; acc: 0.77
Batch: 140; loss: 4.5; acc: 0.8
Batch: 160; loss: 1.87; acc: 0.86
Batch: 180; loss: 4.51; acc: 0.77
Batch: 200; loss: 3.89; acc: 0.73
Batch: 220; loss: 3.55; acc: 0.73
Batch: 240; loss: 1.12; acc: 0.86
Batch: 260; loss: 1.76; acc: 0.86
Batch: 280; loss: 2.29; acc: 0.83
Batch: 300; loss: 1.78; acc: 0.83
Batch: 320; loss: 2.39; acc: 0.8
Batch: 340; loss: 1.44; acc: 0.86
Batch: 360; loss: 2.22; acc: 0.84
Batch: 380; loss: 1.86; acc: 0.8
Batch: 400; loss: 1.26; acc: 0.89
Batch: 420; loss: 1.15; acc: 0.92
Batch: 440; loss: 2.0; acc: 0.81
Batch: 460; loss: 1.78; acc: 0.88
Batch: 480; loss: 1.95; acc: 0.81
Batch: 500; loss: 2.36; acc: 0.84
Batch: 520; loss: 2.58; acc: 0.88
Batch: 540; loss: 4.06; acc: 0.78
Batch: 560; loss: 4.35; acc: 0.8
Batch: 580; loss: 2.26; acc: 0.84
Batch: 600; loss: 5.05; acc: 0.75
Batch: 620; loss: 1.03; acc: 0.89
Train Epoch over. train_loss: 2.82; train_accuracy: 0.82 

Batch: 0; loss: 2.34; acc: 0.83
Batch: 20; loss: 2.35; acc: 0.8
Batch: 40; loss: 1.39; acc: 0.89
Batch: 60; loss: 3.44; acc: 0.81
Batch: 80; loss: 3.24; acc: 0.77
Batch: 100; loss: 2.78; acc: 0.8
Batch: 120; loss: 2.26; acc: 0.83
Batch: 140; loss: 5.89; acc: 0.72
Val Epoch over. val_loss: 2.770890970898282; val_accuracy: 0.8100119426751592 

Epoch 6 start
Batch: 0; loss: 2.67; acc: 0.83
Batch: 20; loss: 3.49; acc: 0.75
Batch: 40; loss: 1.03; acc: 0.86
Batch: 60; loss: 4.2; acc: 0.83
Batch: 80; loss: 3.13; acc: 0.75
Batch: 100; loss: 1.04; acc: 0.92
Batch: 120; loss: 2.04; acc: 0.86
Batch: 140; loss: 1.96; acc: 0.86
Batch: 160; loss: 2.52; acc: 0.81
Batch: 180; loss: 2.71; acc: 0.8
Batch: 200; loss: 3.04; acc: 0.83
Batch: 220; loss: 3.01; acc: 0.78
Batch: 240; loss: 3.18; acc: 0.77
Batch: 260; loss: 1.73; acc: 0.91
Batch: 280; loss: 1.64; acc: 0.86
Batch: 300; loss: 3.96; acc: 0.78
Batch: 320; loss: 1.66; acc: 0.86
Batch: 340; loss: 4.61; acc: 0.72
Batch: 360; loss: 3.07; acc: 0.78
Batch: 380; loss: 1.71; acc: 0.77
Batch: 400; loss: 2.64; acc: 0.73
Batch: 420; loss: 3.56; acc: 0.75
Batch: 440; loss: 1.54; acc: 0.84
Batch: 460; loss: 1.26; acc: 0.86
Batch: 480; loss: 3.66; acc: 0.81
Batch: 500; loss: 3.17; acc: 0.83
Batch: 520; loss: 1.78; acc: 0.88
Batch: 540; loss: 2.74; acc: 0.72
Batch: 560; loss: 2.61; acc: 0.8
Batch: 580; loss: 4.23; acc: 0.8
Batch: 600; loss: 3.22; acc: 0.88
Batch: 620; loss: 2.05; acc: 0.83
Train Epoch over. train_loss: 2.79; train_accuracy: 0.82 

Batch: 0; loss: 1.38; acc: 0.88
Batch: 20; loss: 3.67; acc: 0.75
Batch: 40; loss: 1.41; acc: 0.92
Batch: 60; loss: 2.69; acc: 0.78
Batch: 80; loss: 2.94; acc: 0.77
Batch: 100; loss: 3.06; acc: 0.8
Batch: 120; loss: 2.05; acc: 0.89
Batch: 140; loss: 5.0; acc: 0.77
Val Epoch over. val_loss: 2.7822799154907276; val_accuracy: 0.8182722929936306 

Epoch 7 start
Batch: 0; loss: 1.73; acc: 0.89
Batch: 20; loss: 3.64; acc: 0.78
Batch: 40; loss: 1.78; acc: 0.8
Batch: 60; loss: 2.08; acc: 0.81
Batch: 80; loss: 3.08; acc: 0.78
Batch: 100; loss: 3.17; acc: 0.78
Batch: 120; loss: 2.18; acc: 0.83
Batch: 140; loss: 1.22; acc: 0.84
Batch: 160; loss: 4.33; acc: 0.75
Batch: 180; loss: 0.38; acc: 0.91
Batch: 200; loss: 2.75; acc: 0.86
Batch: 220; loss: 1.43; acc: 0.88
Batch: 240; loss: 2.58; acc: 0.84
Batch: 260; loss: 1.81; acc: 0.88
Batch: 280; loss: 1.26; acc: 0.92
Batch: 300; loss: 2.26; acc: 0.81
Batch: 320; loss: 3.48; acc: 0.83
Batch: 340; loss: 1.32; acc: 0.94
Batch: 360; loss: 3.5; acc: 0.88
Batch: 380; loss: 2.8; acc: 0.78
Batch: 400; loss: 3.35; acc: 0.84
Batch: 420; loss: 1.45; acc: 0.89
Batch: 440; loss: 5.88; acc: 0.73
Batch: 460; loss: 2.17; acc: 0.78
Batch: 480; loss: 2.37; acc: 0.83
Batch: 500; loss: 1.48; acc: 0.86
Batch: 520; loss: 3.47; acc: 0.78
Batch: 540; loss: 2.62; acc: 0.81
Batch: 560; loss: 4.4; acc: 0.77
Batch: 580; loss: 3.25; acc: 0.83
Batch: 600; loss: 3.96; acc: 0.83
Batch: 620; loss: 4.48; acc: 0.73
Train Epoch over. train_loss: 2.79; train_accuracy: 0.82 

Batch: 0; loss: 1.93; acc: 0.84
Batch: 20; loss: 5.08; acc: 0.7
Batch: 40; loss: 0.53; acc: 0.92
Batch: 60; loss: 4.19; acc: 0.8
Batch: 80; loss: 3.53; acc: 0.78
Batch: 100; loss: 2.18; acc: 0.77
Batch: 120; loss: 2.91; acc: 0.83
Batch: 140; loss: 4.76; acc: 0.8
Val Epoch over. val_loss: 3.1787872208151846; val_accuracy: 0.8065286624203821 

Epoch 8 start
Batch: 0; loss: 2.35; acc: 0.88
Batch: 20; loss: 2.88; acc: 0.81
Batch: 40; loss: 2.16; acc: 0.84
Batch: 60; loss: 2.88; acc: 0.81
Batch: 80; loss: 2.83; acc: 0.83
Batch: 100; loss: 2.96; acc: 0.8
Batch: 120; loss: 2.53; acc: 0.77
Batch: 140; loss: 2.48; acc: 0.83
Batch: 160; loss: 2.21; acc: 0.84
Batch: 180; loss: 2.9; acc: 0.81
Batch: 200; loss: 3.32; acc: 0.83
Batch: 220; loss: 4.89; acc: 0.81
Batch: 240; loss: 3.21; acc: 0.78
Batch: 260; loss: 3.18; acc: 0.88
Batch: 280; loss: 1.47; acc: 0.88
Batch: 300; loss: 2.17; acc: 0.8
Batch: 320; loss: 3.14; acc: 0.81
Batch: 340; loss: 4.34; acc: 0.8
Batch: 360; loss: 2.12; acc: 0.8
Batch: 380; loss: 2.8; acc: 0.83
Batch: 400; loss: 3.8; acc: 0.77
Batch: 420; loss: 2.38; acc: 0.83
Batch: 440; loss: 2.05; acc: 0.86
Batch: 460; loss: 1.89; acc: 0.88
Batch: 480; loss: 0.71; acc: 0.91
Batch: 500; loss: 0.82; acc: 0.89
Batch: 520; loss: 2.43; acc: 0.8
Batch: 540; loss: 2.89; acc: 0.83
Batch: 560; loss: 2.58; acc: 0.84
Batch: 580; loss: 3.34; acc: 0.75
Batch: 600; loss: 3.14; acc: 0.83
Batch: 620; loss: 2.47; acc: 0.78
Train Epoch over. train_loss: 2.71; train_accuracy: 0.82 

Batch: 0; loss: 3.02; acc: 0.86
Batch: 20; loss: 5.85; acc: 0.66
Batch: 40; loss: 2.41; acc: 0.86
Batch: 60; loss: 4.25; acc: 0.77
Batch: 80; loss: 3.29; acc: 0.86
Batch: 100; loss: 3.8; acc: 0.75
Batch: 120; loss: 3.79; acc: 0.83
Batch: 140; loss: 5.57; acc: 0.78
Val Epoch over. val_loss: 3.729916761255568; val_accuracy: 0.7807523885350318 

Epoch 9 start
Batch: 0; loss: 1.96; acc: 0.83
Batch: 20; loss: 2.34; acc: 0.84
Batch: 40; loss: 3.9; acc: 0.81
Batch: 60; loss: 0.99; acc: 0.95
Batch: 80; loss: 2.34; acc: 0.81
Batch: 100; loss: 3.64; acc: 0.75
Batch: 120; loss: 1.51; acc: 0.84
Batch: 140; loss: 1.05; acc: 0.94
Batch: 160; loss: 1.05; acc: 0.86
Batch: 180; loss: 2.78; acc: 0.8
Batch: 200; loss: 2.5; acc: 0.86
Batch: 220; loss: 5.24; acc: 0.73
Batch: 240; loss: 2.72; acc: 0.81
Batch: 260; loss: 2.89; acc: 0.86
Batch: 280; loss: 4.69; acc: 0.77
Batch: 300; loss: 1.34; acc: 0.88
Batch: 320; loss: 3.11; acc: 0.8
Batch: 340; loss: 3.12; acc: 0.8
Batch: 360; loss: 2.02; acc: 0.86
Batch: 380; loss: 4.83; acc: 0.8
Batch: 400; loss: 2.17; acc: 0.81
Batch: 420; loss: 5.11; acc: 0.75
Batch: 440; loss: 3.31; acc: 0.77
Batch: 460; loss: 0.91; acc: 0.91
Batch: 480; loss: 1.79; acc: 0.86
Batch: 500; loss: 1.9; acc: 0.81
Batch: 520; loss: 3.66; acc: 0.69
Batch: 540; loss: 5.15; acc: 0.78
Batch: 560; loss: 1.71; acc: 0.83
Batch: 580; loss: 0.96; acc: 0.91
Batch: 600; loss: 2.25; acc: 0.81
Batch: 620; loss: 5.11; acc: 0.77
Train Epoch over. train_loss: 2.71; train_accuracy: 0.82 

Batch: 0; loss: 3.64; acc: 0.77
Batch: 20; loss: 4.0; acc: 0.72
Batch: 40; loss: 2.09; acc: 0.84
Batch: 60; loss: 3.79; acc: 0.81
Batch: 80; loss: 3.91; acc: 0.78
Batch: 100; loss: 3.59; acc: 0.8
Batch: 120; loss: 2.81; acc: 0.83
Batch: 140; loss: 5.18; acc: 0.73
Val Epoch over. val_loss: 2.9916532685042947; val_accuracy: 0.8021496815286624 

Epoch 10 start
Batch: 0; loss: 2.44; acc: 0.78
Batch: 20; loss: 1.77; acc: 0.88
Batch: 40; loss: 3.68; acc: 0.8
Batch: 60; loss: 3.3; acc: 0.77
Batch: 80; loss: 2.66; acc: 0.78
Batch: 100; loss: 1.93; acc: 0.84
Batch: 120; loss: 4.84; acc: 0.7
Batch: 140; loss: 0.97; acc: 0.92
Batch: 160; loss: 2.71; acc: 0.83
Batch: 180; loss: 1.53; acc: 0.8
Batch: 200; loss: 1.47; acc: 0.91
Batch: 220; loss: 3.63; acc: 0.78
Batch: 240; loss: 1.99; acc: 0.86
Batch: 260; loss: 2.18; acc: 0.86
Batch: 280; loss: 2.62; acc: 0.84
Batch: 300; loss: 3.33; acc: 0.77
Batch: 320; loss: 0.99; acc: 0.89
Batch: 340; loss: 2.76; acc: 0.78
Batch: 360; loss: 1.72; acc: 0.84
Batch: 380; loss: 1.05; acc: 0.91
Batch: 400; loss: 3.66; acc: 0.84
Batch: 420; loss: 2.92; acc: 0.78
Batch: 440; loss: 1.93; acc: 0.86
Batch: 460; loss: 4.77; acc: 0.78
Batch: 480; loss: 2.7; acc: 0.78
Batch: 500; loss: 2.38; acc: 0.8
Batch: 520; loss: 3.32; acc: 0.78
Batch: 540; loss: 1.6; acc: 0.88
Batch: 560; loss: 4.58; acc: 0.77
Batch: 580; loss: 1.29; acc: 0.89
Batch: 600; loss: 1.49; acc: 0.89
Batch: 620; loss: 4.9; acc: 0.73
Train Epoch over. train_loss: 2.74; train_accuracy: 0.82 

Batch: 0; loss: 3.78; acc: 0.75
Batch: 20; loss: 4.8; acc: 0.75
Batch: 40; loss: 1.67; acc: 0.83
Batch: 60; loss: 3.42; acc: 0.73
Batch: 80; loss: 3.15; acc: 0.77
Batch: 100; loss: 2.6; acc: 0.77
Batch: 120; loss: 2.98; acc: 0.83
Batch: 140; loss: 4.93; acc: 0.78
Val Epoch over. val_loss: 3.265179623843758; val_accuracy: 0.7943869426751592 

plots/subspace_True_d_dim_1000_model_MLP_lr_0.1_seed_1_epochs_10_batchsize_64_2019-12-31 11:37:57.405855
plots/subspace_True_d_dim_XXXXX_model_MLP_lr_0.1_seed_1_epochs_10_batchsize_64_2019-12-31 11:37:57.745860
