Epoch 1 start
Batch: 0; loss: 18.69; acc: 0.05
Batch: 20; loss: 3.62; acc: 0.41
Batch: 40; loss: 4.04; acc: 0.31
Batch: 60; loss: 3.93; acc: 0.44
Batch: 80; loss: 2.56; acc: 0.5
Batch: 100; loss: 2.57; acc: 0.5
Batch: 120; loss: 3.25; acc: 0.47
Batch: 140; loss: 3.31; acc: 0.42
Batch: 160; loss: 3.29; acc: 0.48
Batch: 180; loss: 2.69; acc: 0.42
Batch: 200; loss: 2.6; acc: 0.58
Batch: 220; loss: 3.86; acc: 0.33
Batch: 240; loss: 4.41; acc: 0.47
Batch: 260; loss: 4.56; acc: 0.34
Batch: 280; loss: 3.11; acc: 0.48
Batch: 300; loss: 3.16; acc: 0.39
Batch: 320; loss: 3.52; acc: 0.44
Batch: 340; loss: 2.48; acc: 0.47
Batch: 360; loss: 4.05; acc: 0.47
Batch: 380; loss: 3.3; acc: 0.42
Batch: 400; loss: 3.82; acc: 0.42
Batch: 420; loss: 3.46; acc: 0.31
Batch: 440; loss: 2.95; acc: 0.41
Batch: 460; loss: 4.08; acc: 0.42
Batch: 480; loss: 3.13; acc: 0.5
Batch: 500; loss: 3.43; acc: 0.38
Batch: 520; loss: 3.84; acc: 0.31
Batch: 540; loss: 2.51; acc: 0.47
Batch: 560; loss: 2.83; acc: 0.53
Batch: 580; loss: 1.86; acc: 0.56
Batch: 600; loss: 3.41; acc: 0.44
Batch: 620; loss: 4.38; acc: 0.39
Train Epoch over. train_loss: 3.61; train_accuracy: 0.4 

Batch: 0; loss: 2.66; acc: 0.47
Batch: 20; loss: 4.44; acc: 0.3
Batch: 40; loss: 2.12; acc: 0.47
Batch: 60; loss: 2.06; acc: 0.56
Batch: 80; loss: 2.89; acc: 0.56
Batch: 100; loss: 2.6; acc: 0.45
Batch: 120; loss: 2.99; acc: 0.53
Batch: 140; loss: 4.22; acc: 0.42
Val Epoch over. val_loss: 3.1177348224980057; val_accuracy: 0.44516321656050956 

Epoch 2 start
Batch: 0; loss: 2.89; acc: 0.44
Batch: 20; loss: 2.89; acc: 0.45
Batch: 40; loss: 4.05; acc: 0.3
Batch: 60; loss: 3.17; acc: 0.5
Batch: 80; loss: 2.71; acc: 0.53
Batch: 100; loss: 4.45; acc: 0.33
Batch: 120; loss: 4.29; acc: 0.41
Batch: 140; loss: 2.2; acc: 0.53
Batch: 160; loss: 3.67; acc: 0.45
Batch: 180; loss: 2.92; acc: 0.47
Batch: 200; loss: 3.56; acc: 0.39
Batch: 220; loss: 2.69; acc: 0.5
Batch: 240; loss: 4.56; acc: 0.41
Batch: 260; loss: 3.23; acc: 0.52
Batch: 280; loss: 3.65; acc: 0.36
Batch: 300; loss: 3.38; acc: 0.41
Batch: 320; loss: 3.21; acc: 0.42
Batch: 340; loss: 4.01; acc: 0.34
Batch: 360; loss: 3.73; acc: 0.38
Batch: 380; loss: 3.2; acc: 0.48
Batch: 400; loss: 3.37; acc: 0.42
Batch: 420; loss: 3.58; acc: 0.41
Batch: 440; loss: 3.08; acc: 0.45
Batch: 460; loss: 2.88; acc: 0.5
Batch: 480; loss: 2.76; acc: 0.45
Batch: 500; loss: 3.17; acc: 0.58
Batch: 520; loss: 2.81; acc: 0.5
Batch: 540; loss: 2.7; acc: 0.47
Batch: 560; loss: 3.2; acc: 0.45
Batch: 580; loss: 3.45; acc: 0.52
Batch: 600; loss: 3.84; acc: 0.41
Batch: 620; loss: 3.83; acc: 0.41
Train Epoch over. train_loss: 3.41; train_accuracy: 0.44 

Batch: 0; loss: 2.49; acc: 0.42
Batch: 20; loss: 5.18; acc: 0.28
Batch: 40; loss: 2.7; acc: 0.38
Batch: 60; loss: 2.1; acc: 0.5
Batch: 80; loss: 3.27; acc: 0.41
Batch: 100; loss: 2.93; acc: 0.39
Batch: 120; loss: 3.31; acc: 0.47
Batch: 140; loss: 4.67; acc: 0.41
Val Epoch over. val_loss: 3.3483700782630095; val_accuracy: 0.4120222929936306 

Epoch 3 start
Batch: 0; loss: 3.51; acc: 0.45
Batch: 20; loss: 3.64; acc: 0.47
Batch: 40; loss: 3.84; acc: 0.5
Batch: 60; loss: 4.95; acc: 0.3
Batch: 80; loss: 3.08; acc: 0.45
Batch: 100; loss: 3.35; acc: 0.48
Batch: 120; loss: 4.82; acc: 0.45
Batch: 140; loss: 2.76; acc: 0.45
Batch: 160; loss: 2.31; acc: 0.44
Batch: 180; loss: 3.27; acc: 0.36
Batch: 200; loss: 2.49; acc: 0.53
Batch: 220; loss: 4.12; acc: 0.44
Batch: 240; loss: 2.77; acc: 0.42
Batch: 260; loss: 3.02; acc: 0.5
Batch: 280; loss: 3.94; acc: 0.36
Batch: 300; loss: 2.71; acc: 0.48
Batch: 320; loss: 2.99; acc: 0.52
Batch: 340; loss: 2.95; acc: 0.48
Batch: 360; loss: 4.08; acc: 0.41
Batch: 380; loss: 3.09; acc: 0.53
Batch: 400; loss: 2.75; acc: 0.48
Batch: 420; loss: 3.53; acc: 0.39
Batch: 440; loss: 4.69; acc: 0.42
Batch: 460; loss: 4.0; acc: 0.42
Batch: 480; loss: 2.81; acc: 0.47
Batch: 500; loss: 3.5; acc: 0.39
Batch: 520; loss: 2.55; acc: 0.45
Batch: 540; loss: 2.72; acc: 0.47
Batch: 560; loss: 3.76; acc: 0.41
Batch: 580; loss: 2.35; acc: 0.53
Batch: 600; loss: 2.66; acc: 0.53
Batch: 620; loss: 2.47; acc: 0.52
Train Epoch over. train_loss: 3.44; train_accuracy: 0.43 

Batch: 0; loss: 3.67; acc: 0.45
Batch: 20; loss: 5.87; acc: 0.27
Batch: 40; loss: 3.3; acc: 0.38
Batch: 60; loss: 3.83; acc: 0.45
Batch: 80; loss: 3.97; acc: 0.38
Batch: 100; loss: 3.34; acc: 0.44
Batch: 120; loss: 3.28; acc: 0.55
Batch: 140; loss: 4.76; acc: 0.39
Val Epoch over. val_loss: 3.984337613840771; val_accuracy: 0.41709792993630573 

Epoch 4 start
Batch: 0; loss: 3.7; acc: 0.44
Batch: 20; loss: 4.31; acc: 0.47
Batch: 40; loss: 2.28; acc: 0.5
Batch: 60; loss: 3.18; acc: 0.55
Batch: 80; loss: 3.55; acc: 0.47
Batch: 100; loss: 2.76; acc: 0.56
Batch: 120; loss: 2.66; acc: 0.48
Batch: 140; loss: 3.33; acc: 0.48
Batch: 160; loss: 3.23; acc: 0.56
Batch: 180; loss: 2.54; acc: 0.5
Batch: 200; loss: 2.89; acc: 0.52
Batch: 220; loss: 3.39; acc: 0.34
Batch: 240; loss: 2.84; acc: 0.48
Batch: 260; loss: 3.12; acc: 0.45
Batch: 280; loss: 3.49; acc: 0.41
Batch: 300; loss: 3.32; acc: 0.39
Batch: 320; loss: 3.19; acc: 0.45
Batch: 340; loss: 3.77; acc: 0.38
Batch: 360; loss: 3.26; acc: 0.47
Batch: 380; loss: 2.31; acc: 0.44
Batch: 400; loss: 2.53; acc: 0.48
Batch: 420; loss: 3.26; acc: 0.45
Batch: 440; loss: 4.9; acc: 0.34
Batch: 460; loss: 2.41; acc: 0.5
Batch: 480; loss: 5.11; acc: 0.38
Batch: 500; loss: 3.83; acc: 0.38
Batch: 520; loss: 3.62; acc: 0.45
Batch: 540; loss: 3.71; acc: 0.45
Batch: 560; loss: 4.44; acc: 0.44
Batch: 580; loss: 2.9; acc: 0.45
Batch: 600; loss: 3.46; acc: 0.39
Batch: 620; loss: 3.36; acc: 0.47
Train Epoch over. train_loss: 3.45; train_accuracy: 0.43 

Batch: 0; loss: 2.69; acc: 0.45
Batch: 20; loss: 4.88; acc: 0.27
Batch: 40; loss: 2.33; acc: 0.42
Batch: 60; loss: 2.76; acc: 0.52
Batch: 80; loss: 2.77; acc: 0.45
Batch: 100; loss: 2.93; acc: 0.41
Batch: 120; loss: 2.84; acc: 0.52
Batch: 140; loss: 4.36; acc: 0.42
Val Epoch over. val_loss: 3.1980723226146335; val_accuracy: 0.42426353503184716 

Epoch 5 start
Batch: 0; loss: 2.62; acc: 0.45
Batch: 20; loss: 3.39; acc: 0.33
Batch: 40; loss: 3.13; acc: 0.5
Batch: 60; loss: 2.29; acc: 0.47
Batch: 80; loss: 3.31; acc: 0.45
Batch: 100; loss: 3.33; acc: 0.42
Batch: 120; loss: 4.84; acc: 0.39
Batch: 140; loss: 3.08; acc: 0.48
Batch: 160; loss: 3.43; acc: 0.58
Batch: 180; loss: 3.54; acc: 0.39
Batch: 200; loss: 3.95; acc: 0.36
Batch: 220; loss: 2.71; acc: 0.47
Batch: 240; loss: 3.11; acc: 0.47
Batch: 260; loss: 3.29; acc: 0.48
Batch: 280; loss: 5.79; acc: 0.38
Batch: 300; loss: 2.94; acc: 0.44
Batch: 320; loss: 4.26; acc: 0.39
Batch: 340; loss: 3.4; acc: 0.41
Batch: 360; loss: 4.07; acc: 0.48
Batch: 380; loss: 1.95; acc: 0.61
Batch: 400; loss: 2.84; acc: 0.42
Batch: 420; loss: 3.42; acc: 0.45
Batch: 440; loss: 3.64; acc: 0.52
Batch: 460; loss: 4.06; acc: 0.44
Batch: 480; loss: 3.29; acc: 0.42
Batch: 500; loss: 3.32; acc: 0.47
Batch: 520; loss: 3.67; acc: 0.44
Batch: 540; loss: 3.33; acc: 0.42
Batch: 560; loss: 3.0; acc: 0.44
Batch: 580; loss: 2.49; acc: 0.47
Batch: 600; loss: 2.97; acc: 0.53
Batch: 620; loss: 2.9; acc: 0.47
Train Epoch over. train_loss: 3.38; train_accuracy: 0.44 

Batch: 0; loss: 2.86; acc: 0.41
Batch: 20; loss: 5.21; acc: 0.28
Batch: 40; loss: 2.99; acc: 0.38
Batch: 60; loss: 2.18; acc: 0.5
Batch: 80; loss: 3.27; acc: 0.38
Batch: 100; loss: 3.28; acc: 0.41
Batch: 120; loss: 3.75; acc: 0.42
Batch: 140; loss: 5.04; acc: 0.38
Val Epoch over. val_loss: 3.5923396348953247; val_accuracy: 0.4072452229299363 

Epoch 6 start
Batch: 0; loss: 2.95; acc: 0.45
Batch: 20; loss: 4.82; acc: 0.3
Batch: 40; loss: 2.54; acc: 0.55
Batch: 60; loss: 4.39; acc: 0.36
Batch: 80; loss: 4.07; acc: 0.5
Batch: 100; loss: 2.54; acc: 0.45
Batch: 120; loss: 3.17; acc: 0.48
Batch: 140; loss: 3.19; acc: 0.5
Batch: 160; loss: 3.95; acc: 0.39
Batch: 180; loss: 3.33; acc: 0.44
Batch: 200; loss: 4.36; acc: 0.27
Batch: 220; loss: 3.29; acc: 0.41
Batch: 240; loss: 3.56; acc: 0.39
Batch: 260; loss: 3.62; acc: 0.34
Batch: 280; loss: 3.22; acc: 0.42
Batch: 300; loss: 3.29; acc: 0.42
Batch: 320; loss: 3.31; acc: 0.39
Batch: 340; loss: 3.65; acc: 0.41
Batch: 360; loss: 3.15; acc: 0.44
Batch: 380; loss: 3.13; acc: 0.42
Batch: 400; loss: 2.69; acc: 0.5
Batch: 420; loss: 3.94; acc: 0.45
Batch: 440; loss: 3.59; acc: 0.39
Batch: 460; loss: 2.75; acc: 0.47
Batch: 480; loss: 3.21; acc: 0.48
Batch: 500; loss: 3.16; acc: 0.42
Batch: 520; loss: 3.28; acc: 0.45
Batch: 540; loss: 3.73; acc: 0.44
Batch: 560; loss: 3.8; acc: 0.31
Batch: 580; loss: 3.94; acc: 0.36
Batch: 600; loss: 2.97; acc: 0.47
Batch: 620; loss: 2.76; acc: 0.52
Train Epoch over. train_loss: 3.44; train_accuracy: 0.43 

Batch: 0; loss: 2.83; acc: 0.47
Batch: 20; loss: 5.12; acc: 0.3
Batch: 40; loss: 2.68; acc: 0.44
Batch: 60; loss: 3.07; acc: 0.5
Batch: 80; loss: 3.58; acc: 0.34
Batch: 100; loss: 3.07; acc: 0.45
Batch: 120; loss: 2.57; acc: 0.59
Batch: 140; loss: 4.63; acc: 0.42
Val Epoch over. val_loss: 3.4176552462729677; val_accuracy: 0.4346138535031847 

Epoch 7 start
Batch: 0; loss: 2.87; acc: 0.45
Batch: 20; loss: 3.6; acc: 0.42
Batch: 40; loss: 4.65; acc: 0.34
Batch: 60; loss: 2.87; acc: 0.52
Batch: 80; loss: 2.91; acc: 0.5
Batch: 100; loss: 2.17; acc: 0.56
Batch: 120; loss: 4.11; acc: 0.39
Batch: 140; loss: 4.26; acc: 0.39
Batch: 160; loss: 4.05; acc: 0.3
Batch: 180; loss: 2.7; acc: 0.5
Batch: 200; loss: 4.78; acc: 0.31
Batch: 220; loss: 3.7; acc: 0.38
Batch: 240; loss: 3.98; acc: 0.41
Batch: 260; loss: 4.53; acc: 0.45
Batch: 280; loss: 3.47; acc: 0.52
Batch: 300; loss: 4.12; acc: 0.45
Batch: 320; loss: 3.15; acc: 0.5
Batch: 340; loss: 3.91; acc: 0.33
Batch: 360; loss: 2.38; acc: 0.52
Batch: 380; loss: 2.42; acc: 0.45
Batch: 400; loss: 2.1; acc: 0.52
Batch: 420; loss: 3.82; acc: 0.42
Batch: 440; loss: 2.86; acc: 0.44
Batch: 460; loss: 3.43; acc: 0.39
Batch: 480; loss: 3.79; acc: 0.41
Batch: 500; loss: 5.71; acc: 0.33
Batch: 520; loss: 4.34; acc: 0.39
Batch: 540; loss: 3.46; acc: 0.39
Batch: 560; loss: 3.25; acc: 0.33
Batch: 580; loss: 3.06; acc: 0.44
Batch: 600; loss: 3.67; acc: 0.36
Batch: 620; loss: 4.02; acc: 0.41
Train Epoch over. train_loss: 3.42; train_accuracy: 0.43 

Batch: 0; loss: 2.63; acc: 0.44
Batch: 20; loss: 4.86; acc: 0.28
Batch: 40; loss: 2.34; acc: 0.44
Batch: 60; loss: 2.66; acc: 0.47
Batch: 80; loss: 3.3; acc: 0.38
Batch: 100; loss: 3.02; acc: 0.44
Batch: 120; loss: 2.7; acc: 0.56
Batch: 140; loss: 4.44; acc: 0.41
Val Epoch over. val_loss: 3.2472600572428125; val_accuracy: 0.43600716560509556 

Epoch 8 start
Batch: 0; loss: 3.86; acc: 0.31
Batch: 20; loss: 2.98; acc: 0.48
Batch: 40; loss: 2.59; acc: 0.44
Batch: 60; loss: 3.22; acc: 0.5
Batch: 80; loss: 3.32; acc: 0.38
Batch: 100; loss: 5.14; acc: 0.44
Batch: 120; loss: 3.21; acc: 0.47
Batch: 140; loss: 4.28; acc: 0.39
Batch: 160; loss: 2.33; acc: 0.52
Batch: 180; loss: 2.9; acc: 0.45
Batch: 200; loss: 4.05; acc: 0.28
Batch: 220; loss: 3.83; acc: 0.36
Batch: 240; loss: 2.87; acc: 0.55
Batch: 260; loss: 2.58; acc: 0.52
Batch: 280; loss: 3.21; acc: 0.41
Batch: 300; loss: 2.43; acc: 0.52
Batch: 320; loss: 3.27; acc: 0.42
Batch: 340; loss: 3.29; acc: 0.45
Batch: 360; loss: 4.69; acc: 0.41
Batch: 380; loss: 3.55; acc: 0.36
Batch: 400; loss: 4.09; acc: 0.38
Batch: 420; loss: 4.31; acc: 0.34
Batch: 440; loss: 3.0; acc: 0.42
Batch: 460; loss: 2.95; acc: 0.42
Batch: 480; loss: 2.4; acc: 0.5
Batch: 500; loss: 2.76; acc: 0.41
Batch: 520; loss: 2.54; acc: 0.5
Batch: 540; loss: 4.12; acc: 0.36
Batch: 560; loss: 2.93; acc: 0.36
Batch: 580; loss: 4.41; acc: 0.38
Batch: 600; loss: 3.25; acc: 0.42
Batch: 620; loss: 4.1; acc: 0.3
Train Epoch over. train_loss: 3.45; train_accuracy: 0.43 

Batch: 0; loss: 3.07; acc: 0.48
Batch: 20; loss: 4.99; acc: 0.3
Batch: 40; loss: 2.76; acc: 0.42
Batch: 60; loss: 2.98; acc: 0.48
Batch: 80; loss: 3.09; acc: 0.42
Batch: 100; loss: 3.1; acc: 0.42
Batch: 120; loss: 2.61; acc: 0.55
Batch: 140; loss: 4.14; acc: 0.38
Val Epoch over. val_loss: 3.406874539745841; val_accuracy: 0.4303343949044586 

Epoch 9 start
Batch: 0; loss: 3.58; acc: 0.45
Batch: 20; loss: 2.7; acc: 0.47
Batch: 40; loss: 4.8; acc: 0.42
Batch: 60; loss: 2.68; acc: 0.5
Batch: 80; loss: 2.53; acc: 0.48
Batch: 100; loss: 4.12; acc: 0.31
Batch: 120; loss: 3.03; acc: 0.45
Batch: 140; loss: 5.64; acc: 0.31
Batch: 160; loss: 3.42; acc: 0.39
Batch: 180; loss: 3.15; acc: 0.44
Batch: 200; loss: 4.16; acc: 0.34
Batch: 220; loss: 4.0; acc: 0.34
Batch: 240; loss: 3.08; acc: 0.42
Batch: 260; loss: 3.19; acc: 0.42
Batch: 280; loss: 3.27; acc: 0.38
Batch: 300; loss: 4.8; acc: 0.39
Batch: 320; loss: 3.4; acc: 0.45
Batch: 340; loss: 2.49; acc: 0.5
Batch: 360; loss: 3.74; acc: 0.34
Batch: 380; loss: 2.91; acc: 0.47
Batch: 400; loss: 3.02; acc: 0.48
Batch: 420; loss: 3.14; acc: 0.42
Batch: 440; loss: 3.14; acc: 0.45
Batch: 460; loss: 4.85; acc: 0.36
Batch: 480; loss: 2.41; acc: 0.58
Batch: 500; loss: 2.58; acc: 0.34
Batch: 520; loss: 4.47; acc: 0.44
Batch: 540; loss: 3.11; acc: 0.47
Batch: 560; loss: 4.07; acc: 0.39
Batch: 580; loss: 3.44; acc: 0.44
Batch: 600; loss: 3.95; acc: 0.36
Batch: 620; loss: 3.71; acc: 0.42
Train Epoch over. train_loss: 3.47; train_accuracy: 0.43 

Batch: 0; loss: 2.45; acc: 0.5
Batch: 20; loss: 4.45; acc: 0.25
Batch: 40; loss: 2.39; acc: 0.45
Batch: 60; loss: 2.68; acc: 0.5
Batch: 80; loss: 3.27; acc: 0.39
Batch: 100; loss: 2.94; acc: 0.41
Batch: 120; loss: 2.52; acc: 0.53
Batch: 140; loss: 4.54; acc: 0.44
Val Epoch over. val_loss: 3.2884209262337656; val_accuracy: 0.44048566878980894 

Epoch 10 start
Batch: 0; loss: 3.58; acc: 0.53
Batch: 20; loss: 3.2; acc: 0.45
Batch: 40; loss: 2.97; acc: 0.45
Batch: 60; loss: 3.8; acc: 0.3
Batch: 80; loss: 3.05; acc: 0.52
Batch: 100; loss: 3.43; acc: 0.44
Batch: 120; loss: 2.77; acc: 0.53
Batch: 140; loss: 2.74; acc: 0.44
Batch: 160; loss: 3.46; acc: 0.45
Batch: 180; loss: 3.75; acc: 0.48
Batch: 200; loss: 3.73; acc: 0.38
Batch: 220; loss: 4.04; acc: 0.36
Batch: 240; loss: 2.83; acc: 0.48
Batch: 260; loss: 2.92; acc: 0.36
Batch: 280; loss: 4.11; acc: 0.41
Batch: 300; loss: 3.21; acc: 0.42
Batch: 320; loss: 3.21; acc: 0.44
Batch: 340; loss: 2.68; acc: 0.52
Batch: 360; loss: 4.23; acc: 0.38
Batch: 380; loss: 3.21; acc: 0.42
Batch: 400; loss: 2.92; acc: 0.36
Batch: 420; loss: 4.13; acc: 0.42
Batch: 440; loss: 2.96; acc: 0.48
Batch: 460; loss: 3.94; acc: 0.36
Batch: 480; loss: 4.75; acc: 0.33
Batch: 500; loss: 2.98; acc: 0.52
Batch: 520; loss: 2.12; acc: 0.58
Batch: 540; loss: 3.68; acc: 0.41
Batch: 560; loss: 2.41; acc: 0.48
Batch: 580; loss: 3.21; acc: 0.41
Batch: 600; loss: 2.46; acc: 0.53
Batch: 620; loss: 3.21; acc: 0.48
Train Epoch over. train_loss: 3.44; train_accuracy: 0.43 

Batch: 0; loss: 3.09; acc: 0.45
Batch: 20; loss: 5.45; acc: 0.3
Batch: 40; loss: 2.85; acc: 0.34
Batch: 60; loss: 3.35; acc: 0.45
Batch: 80; loss: 3.34; acc: 0.39
Batch: 100; loss: 3.24; acc: 0.42
Batch: 120; loss: 3.02; acc: 0.53
Batch: 140; loss: 4.48; acc: 0.36
Val Epoch over. val_loss: 3.6236523670755374; val_accuracy: 0.414609872611465 

plots/subspace_True_d_dim_50_model_lenet_lr_0.1_seed_1_epochs_10_batchsize_64_2019-12-22 20:00:19.083133
Epoch 1 start
Batch: 0; loss: 18.69; acc: 0.05
Batch: 20; loss: 3.25; acc: 0.3
Batch: 40; loss: 3.09; acc: 0.36
Batch: 60; loss: 3.19; acc: 0.39
Batch: 80; loss: 2.07; acc: 0.58
Batch: 100; loss: 1.88; acc: 0.58
Batch: 120; loss: 2.17; acc: 0.5
Batch: 140; loss: 2.57; acc: 0.47
Batch: 160; loss: 2.3; acc: 0.56
Batch: 180; loss: 2.27; acc: 0.48
Batch: 200; loss: 1.23; acc: 0.66
Batch: 220; loss: 2.06; acc: 0.53
Batch: 240; loss: 2.31; acc: 0.44
Batch: 260; loss: 2.5; acc: 0.47
Batch: 280; loss: 2.06; acc: 0.48
Batch: 300; loss: 1.93; acc: 0.56
Batch: 320; loss: 2.0; acc: 0.55
Batch: 340; loss: 1.68; acc: 0.5
Batch: 360; loss: 1.58; acc: 0.66
Batch: 380; loss: 2.89; acc: 0.44
Batch: 400; loss: 2.44; acc: 0.55
Batch: 420; loss: 2.6; acc: 0.45
Batch: 440; loss: 1.47; acc: 0.7
Batch: 460; loss: 2.08; acc: 0.55
Batch: 480; loss: 2.52; acc: 0.42
Batch: 500; loss: 2.61; acc: 0.56
Batch: 520; loss: 2.37; acc: 0.52
Batch: 540; loss: 1.5; acc: 0.61
Batch: 560; loss: 1.49; acc: 0.62
Batch: 580; loss: 1.56; acc: 0.61
Batch: 600; loss: 1.85; acc: 0.56
Batch: 620; loss: 2.31; acc: 0.56
Train Epoch over. train_loss: 2.36; train_accuracy: 0.52 

Batch: 0; loss: 1.59; acc: 0.53
Batch: 20; loss: 3.07; acc: 0.41
Batch: 40; loss: 1.75; acc: 0.58
Batch: 60; loss: 1.36; acc: 0.67
Batch: 80; loss: 2.46; acc: 0.55
Batch: 100; loss: 2.41; acc: 0.55
Batch: 120; loss: 2.26; acc: 0.53
Batch: 140; loss: 4.72; acc: 0.33
Val Epoch over. val_loss: 2.18616816420464; val_accuracy: 0.5453821656050956 

Epoch 2 start
Batch: 0; loss: 2.01; acc: 0.59
Batch: 20; loss: 2.12; acc: 0.5
Batch: 40; loss: 2.22; acc: 0.52
Batch: 60; loss: 1.19; acc: 0.59
Batch: 80; loss: 2.17; acc: 0.55
Batch: 100; loss: 1.61; acc: 0.62
Batch: 120; loss: 2.28; acc: 0.58
Batch: 140; loss: 2.07; acc: 0.44
Batch: 160; loss: 2.37; acc: 0.47
Batch: 180; loss: 2.51; acc: 0.42
Batch: 200; loss: 2.72; acc: 0.48
Batch: 220; loss: 1.04; acc: 0.72
Batch: 240; loss: 2.34; acc: 0.55
Batch: 260; loss: 1.6; acc: 0.69
Batch: 280; loss: 2.08; acc: 0.58
Batch: 300; loss: 2.01; acc: 0.56
Batch: 320; loss: 1.61; acc: 0.64
Batch: 340; loss: 2.27; acc: 0.52
Batch: 360; loss: 2.06; acc: 0.5
Batch: 380; loss: 1.89; acc: 0.53
Batch: 400; loss: 2.81; acc: 0.44
Batch: 420; loss: 2.15; acc: 0.52
Batch: 440; loss: 2.26; acc: 0.52
Batch: 460; loss: 1.67; acc: 0.59
Batch: 480; loss: 1.65; acc: 0.58
Batch: 500; loss: 2.65; acc: 0.52
Batch: 520; loss: 1.42; acc: 0.64
Batch: 540; loss: 1.54; acc: 0.59
Batch: 560; loss: 2.6; acc: 0.52
Batch: 580; loss: 1.24; acc: 0.69
Batch: 600; loss: 2.07; acc: 0.56
Batch: 620; loss: 2.57; acc: 0.5
Train Epoch over. train_loss: 2.07; train_accuracy: 0.56 

Batch: 0; loss: 1.94; acc: 0.56
Batch: 20; loss: 2.41; acc: 0.44
Batch: 40; loss: 1.62; acc: 0.64
Batch: 60; loss: 1.24; acc: 0.66
Batch: 80; loss: 2.57; acc: 0.52
Batch: 100; loss: 2.01; acc: 0.55
Batch: 120; loss: 2.27; acc: 0.58
Batch: 140; loss: 4.24; acc: 0.36
Val Epoch over. val_loss: 2.122958169621267; val_accuracy: 0.5626990445859873 

Epoch 3 start
Batch: 0; loss: 1.35; acc: 0.66
Batch: 20; loss: 2.18; acc: 0.52
Batch: 40; loss: 1.56; acc: 0.64
Batch: 60; loss: 3.29; acc: 0.53
Batch: 80; loss: 1.48; acc: 0.61
Batch: 100; loss: 1.57; acc: 0.66
Batch: 120; loss: 2.34; acc: 0.48
Batch: 140; loss: 2.6; acc: 0.55
Batch: 160; loss: 2.12; acc: 0.48
Batch: 180; loss: 1.79; acc: 0.56
Batch: 200; loss: 1.6; acc: 0.67
Batch: 220; loss: 2.43; acc: 0.59
Batch: 240; loss: 2.31; acc: 0.61
Batch: 260; loss: 2.28; acc: 0.62
Batch: 280; loss: 1.94; acc: 0.66
Batch: 300; loss: 1.72; acc: 0.66
Batch: 320; loss: 2.55; acc: 0.58
Batch: 340; loss: 1.68; acc: 0.61
Batch: 360; loss: 1.86; acc: 0.59
Batch: 380; loss: 1.48; acc: 0.58
Batch: 400; loss: 3.06; acc: 0.44
Batch: 420; loss: 2.36; acc: 0.52
Batch: 440; loss: 1.78; acc: 0.64
Batch: 460; loss: 2.34; acc: 0.52
Batch: 480; loss: 2.08; acc: 0.58
Batch: 500; loss: 2.26; acc: 0.58
Batch: 520; loss: 1.38; acc: 0.64
Batch: 540; loss: 1.95; acc: 0.56
Batch: 560; loss: 2.16; acc: 0.58
Batch: 580; loss: 2.87; acc: 0.55
Batch: 600; loss: 2.03; acc: 0.55
Batch: 620; loss: 1.49; acc: 0.69
Train Epoch over. train_loss: 2.07; train_accuracy: 0.57 

Batch: 0; loss: 1.67; acc: 0.66
Batch: 20; loss: 2.14; acc: 0.53
Batch: 40; loss: 1.27; acc: 0.67
Batch: 60; loss: 1.49; acc: 0.64
Batch: 80; loss: 2.45; acc: 0.56
Batch: 100; loss: 2.04; acc: 0.58
Batch: 120; loss: 1.81; acc: 0.62
Batch: 140; loss: 3.7; acc: 0.42
Val Epoch over. val_loss: 2.0503937051554395; val_accuracy: 0.568172770700637 

Epoch 4 start
Batch: 0; loss: 2.27; acc: 0.56
Batch: 20; loss: 2.78; acc: 0.44
Batch: 40; loss: 1.64; acc: 0.61
Batch: 60; loss: 2.11; acc: 0.53
Batch: 80; loss: 1.44; acc: 0.66
Batch: 100; loss: 1.39; acc: 0.62
Batch: 120; loss: 1.5; acc: 0.64
Batch: 140; loss: 2.14; acc: 0.53
Batch: 160; loss: 1.5; acc: 0.62
Batch: 180; loss: 2.04; acc: 0.56
Batch: 200; loss: 1.94; acc: 0.58
Batch: 220; loss: 2.2; acc: 0.58
Batch: 240; loss: 2.72; acc: 0.47
Batch: 260; loss: 2.02; acc: 0.66
Batch: 280; loss: 1.44; acc: 0.73
Batch: 300; loss: 2.22; acc: 0.59
Batch: 320; loss: 2.25; acc: 0.55
Batch: 340; loss: 1.87; acc: 0.55
Batch: 360; loss: 2.19; acc: 0.61
Batch: 380; loss: 1.58; acc: 0.58
Batch: 400; loss: 1.4; acc: 0.64
Batch: 420; loss: 1.5; acc: 0.56
Batch: 440; loss: 2.41; acc: 0.55
Batch: 460; loss: 1.97; acc: 0.52
Batch: 480; loss: 2.43; acc: 0.53
Batch: 500; loss: 1.41; acc: 0.61
Batch: 520; loss: 2.72; acc: 0.53
Batch: 540; loss: 2.13; acc: 0.56
Batch: 560; loss: 1.93; acc: 0.56
Batch: 580; loss: 1.7; acc: 0.56
Batch: 600; loss: 1.6; acc: 0.67
Batch: 620; loss: 2.14; acc: 0.56
Train Epoch over. train_loss: 2.04; train_accuracy: 0.57 

Batch: 0; loss: 1.82; acc: 0.59
Batch: 20; loss: 2.22; acc: 0.53
Batch: 40; loss: 1.65; acc: 0.62
Batch: 60; loss: 1.68; acc: 0.56
Batch: 80; loss: 2.42; acc: 0.56
Batch: 100; loss: 2.18; acc: 0.53
Batch: 120; loss: 2.04; acc: 0.56
Batch: 140; loss: 3.91; acc: 0.42
Val Epoch over. val_loss: 2.072097518641478; val_accuracy: 0.5549363057324841 

Epoch 5 start
Batch: 0; loss: 1.8; acc: 0.66
Batch: 20; loss: 3.21; acc: 0.45
Batch: 40; loss: 2.58; acc: 0.5
Batch: 60; loss: 2.15; acc: 0.61
Batch: 80; loss: 1.24; acc: 0.66
Batch: 100; loss: 2.06; acc: 0.58
Batch: 120; loss: 1.65; acc: 0.58
Batch: 140; loss: 1.76; acc: 0.7
Batch: 160; loss: 1.71; acc: 0.66
Batch: 180; loss: 1.41; acc: 0.69
Batch: 200; loss: 2.1; acc: 0.58
Batch: 220; loss: 2.75; acc: 0.5
Batch: 240; loss: 2.14; acc: 0.62
Batch: 260; loss: 1.17; acc: 0.7
Batch: 280; loss: 2.26; acc: 0.53
Batch: 300; loss: 1.8; acc: 0.59
Batch: 320; loss: 2.52; acc: 0.53
Batch: 340; loss: 1.89; acc: 0.59
Batch: 360; loss: 2.18; acc: 0.58
Batch: 380; loss: 1.84; acc: 0.62
Batch: 400; loss: 1.76; acc: 0.61
Batch: 420; loss: 2.44; acc: 0.58
Batch: 440; loss: 2.56; acc: 0.55
Batch: 460; loss: 2.51; acc: 0.5
Batch: 480; loss: 1.88; acc: 0.48
Batch: 500; loss: 2.75; acc: 0.52
Batch: 520; loss: 1.37; acc: 0.66
Batch: 540; loss: 1.99; acc: 0.66
Batch: 560; loss: 2.1; acc: 0.56
Batch: 580; loss: 2.05; acc: 0.55
Batch: 600; loss: 2.2; acc: 0.44
Batch: 620; loss: 1.65; acc: 0.58
Train Epoch over. train_loss: 2.05; train_accuracy: 0.57 

Batch: 0; loss: 1.72; acc: 0.58
Batch: 20; loss: 2.13; acc: 0.56
Batch: 40; loss: 1.59; acc: 0.55
Batch: 60; loss: 1.48; acc: 0.7
Batch: 80; loss: 2.38; acc: 0.61
Batch: 100; loss: 2.0; acc: 0.56
Batch: 120; loss: 2.15; acc: 0.58
Batch: 140; loss: 4.19; acc: 0.44
Val Epoch over. val_loss: 2.014918613965344; val_accuracy: 0.5718550955414012 

Epoch 6 start
Batch: 0; loss: 1.8; acc: 0.55
Batch: 20; loss: 2.05; acc: 0.45
Batch: 40; loss: 2.06; acc: 0.58
Batch: 60; loss: 2.8; acc: 0.5
Batch: 80; loss: 1.67; acc: 0.58
Batch: 100; loss: 2.34; acc: 0.56
Batch: 120; loss: 1.75; acc: 0.58
Batch: 140; loss: 2.59; acc: 0.59
Batch: 160; loss: 2.18; acc: 0.58
Batch: 180; loss: 2.83; acc: 0.5
Batch: 200; loss: 2.78; acc: 0.5
Batch: 220; loss: 1.76; acc: 0.62
Batch: 240; loss: 2.56; acc: 0.56
Batch: 260; loss: 3.1; acc: 0.42
Batch: 280; loss: 2.23; acc: 0.5
Batch: 300; loss: 2.04; acc: 0.62
Batch: 320; loss: 1.88; acc: 0.58
Batch: 340; loss: 2.12; acc: 0.56
Batch: 360; loss: 1.58; acc: 0.62
Batch: 380; loss: 1.43; acc: 0.62
Batch: 400; loss: 1.91; acc: 0.61
Batch: 420; loss: 1.67; acc: 0.61
Batch: 440; loss: 1.51; acc: 0.69
Batch: 460; loss: 2.21; acc: 0.52
Batch: 480; loss: 1.76; acc: 0.61
Batch: 500; loss: 2.18; acc: 0.55
Batch: 520; loss: 2.35; acc: 0.5
Batch: 540; loss: 1.74; acc: 0.61
Batch: 560; loss: 2.41; acc: 0.48
Batch: 580; loss: 1.85; acc: 0.61
Batch: 600; loss: 1.73; acc: 0.64
Batch: 620; loss: 1.87; acc: 0.61
Train Epoch over. train_loss: 2.05; train_accuracy: 0.58 

Batch: 0; loss: 1.7; acc: 0.58
Batch: 20; loss: 2.01; acc: 0.58
Batch: 40; loss: 1.41; acc: 0.64
Batch: 60; loss: 1.63; acc: 0.64
Batch: 80; loss: 2.57; acc: 0.56
Batch: 100; loss: 1.94; acc: 0.58
Batch: 120; loss: 1.55; acc: 0.66
Batch: 140; loss: 3.85; acc: 0.45
Val Epoch over. val_loss: 1.9686834375569775; val_accuracy: 0.5656847133757962 

Epoch 7 start
Batch: 0; loss: 2.42; acc: 0.5
Batch: 20; loss: 2.38; acc: 0.59
Batch: 40; loss: 1.88; acc: 0.59
Batch: 60; loss: 1.66; acc: 0.59
Batch: 80; loss: 1.89; acc: 0.64
Batch: 100; loss: 1.62; acc: 0.62
Batch: 120; loss: 2.27; acc: 0.55
Batch: 140; loss: 2.07; acc: 0.53
Batch: 160; loss: 1.82; acc: 0.62
Batch: 180; loss: 1.36; acc: 0.7
Batch: 200; loss: 2.2; acc: 0.55
Batch: 220; loss: 2.48; acc: 0.53
Batch: 240; loss: 2.31; acc: 0.52
Batch: 260; loss: 1.9; acc: 0.61
Batch: 280; loss: 1.34; acc: 0.67
Batch: 300; loss: 1.66; acc: 0.62
Batch: 320; loss: 1.49; acc: 0.69
Batch: 340; loss: 2.36; acc: 0.55
Batch: 360; loss: 2.41; acc: 0.52
Batch: 380; loss: 1.45; acc: 0.61
Batch: 400; loss: 2.05; acc: 0.59
Batch: 420; loss: 1.77; acc: 0.62
Batch: 440; loss: 2.26; acc: 0.55
Batch: 460; loss: 2.99; acc: 0.55
Batch: 480; loss: 2.3; acc: 0.56
Batch: 500; loss: 1.95; acc: 0.64
Batch: 520; loss: 2.33; acc: 0.52
Batch: 540; loss: 1.69; acc: 0.61
Batch: 560; loss: 1.99; acc: 0.5
Batch: 580; loss: 2.19; acc: 0.5
Batch: 600; loss: 1.52; acc: 0.64
Batch: 620; loss: 1.93; acc: 0.64
Train Epoch over. train_loss: 2.05; train_accuracy: 0.57 

Batch: 0; loss: 1.75; acc: 0.62
Batch: 20; loss: 2.16; acc: 0.48
Batch: 40; loss: 1.65; acc: 0.59
Batch: 60; loss: 1.52; acc: 0.64
Batch: 80; loss: 2.46; acc: 0.62
Batch: 100; loss: 2.28; acc: 0.58
Batch: 120; loss: 1.74; acc: 0.66
Batch: 140; loss: 3.81; acc: 0.42
Val Epoch over. val_loss: 2.0530824156323817; val_accuracy: 0.559812898089172 

Epoch 8 start
Batch: 0; loss: 3.02; acc: 0.48
Batch: 20; loss: 1.75; acc: 0.61
Batch: 40; loss: 1.93; acc: 0.62
Batch: 60; loss: 2.19; acc: 0.53
Batch: 80; loss: 2.71; acc: 0.52
Batch: 100; loss: 2.35; acc: 0.58
Batch: 120; loss: 2.19; acc: 0.55
Batch: 140; loss: 1.67; acc: 0.61
Batch: 160; loss: 1.27; acc: 0.66
Batch: 180; loss: 2.4; acc: 0.52
Batch: 200; loss: 2.34; acc: 0.55
Batch: 220; loss: 2.27; acc: 0.52
Batch: 240; loss: 1.75; acc: 0.59
Batch: 260; loss: 2.37; acc: 0.59
Batch: 280; loss: 2.33; acc: 0.55
Batch: 300; loss: 1.17; acc: 0.67
Batch: 320; loss: 1.94; acc: 0.64
Batch: 340; loss: 1.52; acc: 0.64
Batch: 360; loss: 2.18; acc: 0.55
Batch: 380; loss: 1.82; acc: 0.67
Batch: 400; loss: 2.03; acc: 0.55
Batch: 420; loss: 1.62; acc: 0.61
Batch: 440; loss: 2.73; acc: 0.5
Batch: 460; loss: 2.16; acc: 0.56
Batch: 480; loss: 1.74; acc: 0.64
Batch: 500; loss: 2.07; acc: 0.58
Batch: 520; loss: 1.57; acc: 0.59
Batch: 540; loss: 1.95; acc: 0.52
Batch: 560; loss: 1.8; acc: 0.64
Batch: 580; loss: 1.77; acc: 0.61
Batch: 600; loss: 1.61; acc: 0.59
Batch: 620; loss: 2.07; acc: 0.52
Train Epoch over. train_loss: 2.05; train_accuracy: 0.58 

Batch: 0; loss: 1.9; acc: 0.59
Batch: 20; loss: 2.19; acc: 0.52
Batch: 40; loss: 1.81; acc: 0.58
Batch: 60; loss: 1.66; acc: 0.67
Batch: 80; loss: 2.7; acc: 0.59
Batch: 100; loss: 1.82; acc: 0.58
Batch: 120; loss: 1.95; acc: 0.64
Batch: 140; loss: 3.63; acc: 0.47
Val Epoch over. val_loss: 2.089233264042314; val_accuracy: 0.553343949044586 

Epoch 9 start
Batch: 0; loss: 2.09; acc: 0.59
Batch: 20; loss: 2.79; acc: 0.5
Batch: 40; loss: 2.1; acc: 0.59
Batch: 60; loss: 2.36; acc: 0.52
Batch: 80; loss: 1.51; acc: 0.58
Batch: 100; loss: 1.7; acc: 0.64
Batch: 120; loss: 1.99; acc: 0.62
Batch: 140; loss: 3.02; acc: 0.5
Batch: 160; loss: 3.05; acc: 0.41
Batch: 180; loss: 2.68; acc: 0.53
Batch: 200; loss: 1.86; acc: 0.59
Batch: 220; loss: 2.47; acc: 0.45
Batch: 240; loss: 2.29; acc: 0.62
Batch: 260; loss: 2.6; acc: 0.52
Batch: 280; loss: 1.97; acc: 0.55
Batch: 300; loss: 2.56; acc: 0.52
Batch: 320; loss: 2.06; acc: 0.5
Batch: 340; loss: 2.06; acc: 0.58
Batch: 360; loss: 2.17; acc: 0.56
Batch: 380; loss: 1.87; acc: 0.56
Batch: 400; loss: 1.57; acc: 0.69
Batch: 420; loss: 1.99; acc: 0.55
Batch: 440; loss: 2.44; acc: 0.45
Batch: 460; loss: 1.98; acc: 0.52
Batch: 480; loss: 1.04; acc: 0.67
Batch: 500; loss: 2.29; acc: 0.52
Batch: 520; loss: 3.0; acc: 0.45
Batch: 540; loss: 2.11; acc: 0.53
Batch: 560; loss: 2.75; acc: 0.5
Batch: 580; loss: 2.01; acc: 0.52
Batch: 600; loss: 1.88; acc: 0.58
Batch: 620; loss: 2.42; acc: 0.53
Train Epoch over. train_loss: 2.05; train_accuracy: 0.58 

Batch: 0; loss: 1.64; acc: 0.64
Batch: 20; loss: 1.86; acc: 0.55
Batch: 40; loss: 1.72; acc: 0.62
Batch: 60; loss: 1.66; acc: 0.62
Batch: 80; loss: 2.53; acc: 0.59
Batch: 100; loss: 1.84; acc: 0.56
Batch: 120; loss: 1.78; acc: 0.62
Batch: 140; loss: 3.67; acc: 0.39
Val Epoch over. val_loss: 2.053271220747832; val_accuracy: 0.5586186305732485 

Epoch 10 start
Batch: 0; loss: 2.21; acc: 0.64
Batch: 20; loss: 1.83; acc: 0.55
Batch: 40; loss: 2.29; acc: 0.56
Batch: 60; loss: 1.59; acc: 0.5
Batch: 80; loss: 1.43; acc: 0.67
Batch: 100; loss: 2.12; acc: 0.62
Batch: 120; loss: 2.04; acc: 0.59
Batch: 140; loss: 2.57; acc: 0.53
Batch: 160; loss: 2.77; acc: 0.45
Batch: 180; loss: 2.11; acc: 0.61
Batch: 200; loss: 1.73; acc: 0.66
Batch: 220; loss: 2.08; acc: 0.58
Batch: 240; loss: 1.86; acc: 0.61
Batch: 260; loss: 2.0; acc: 0.59
Batch: 280; loss: 2.9; acc: 0.52
Batch: 300; loss: 2.91; acc: 0.48
Batch: 320; loss: 2.12; acc: 0.59
Batch: 340; loss: 1.92; acc: 0.53
Batch: 360; loss: 1.56; acc: 0.56
Batch: 380; loss: 1.92; acc: 0.59
Batch: 400; loss: 1.85; acc: 0.62
Batch: 420; loss: 1.8; acc: 0.62
Batch: 440; loss: 1.86; acc: 0.62
Batch: 460; loss: 2.33; acc: 0.5
Batch: 480; loss: 2.2; acc: 0.56
Batch: 500; loss: 1.84; acc: 0.59
Batch: 520; loss: 1.59; acc: 0.67
Batch: 540; loss: 1.9; acc: 0.62
Batch: 560; loss: 2.08; acc: 0.59
Batch: 580; loss: 2.55; acc: 0.53
Batch: 600; loss: 1.83; acc: 0.58
Batch: 620; loss: 1.64; acc: 0.62
Train Epoch over. train_loss: 2.05; train_accuracy: 0.57 

Batch: 0; loss: 1.83; acc: 0.55
Batch: 20; loss: 1.92; acc: 0.55
Batch: 40; loss: 1.46; acc: 0.61
Batch: 60; loss: 1.56; acc: 0.64
Batch: 80; loss: 2.57; acc: 0.58
Batch: 100; loss: 1.97; acc: 0.53
Batch: 120; loss: 1.8; acc: 0.62
Batch: 140; loss: 3.84; acc: 0.44
Val Epoch over. val_loss: 1.9679397299031542; val_accuracy: 0.5715565286624203 

plots/subspace_True_d_dim_100_model_lenet_lr_0.1_seed_1_epochs_10_batchsize_64_2019-12-22 20:02:23.487691
Epoch 1 start
Batch: 0; loss: 18.69; acc: 0.05
Batch: 20; loss: 1.85; acc: 0.45
Batch: 40; loss: 1.19; acc: 0.64
Batch: 60; loss: 1.74; acc: 0.45
Batch: 80; loss: 1.51; acc: 0.58
Batch: 100; loss: 1.0; acc: 0.73
Batch: 120; loss: 1.32; acc: 0.58
Batch: 140; loss: 1.72; acc: 0.61
Batch: 160; loss: 1.6; acc: 0.61
Batch: 180; loss: 1.28; acc: 0.61
Batch: 200; loss: 0.96; acc: 0.64
Batch: 220; loss: 1.26; acc: 0.69
Batch: 240; loss: 1.98; acc: 0.48
Batch: 260; loss: 1.61; acc: 0.52
Batch: 280; loss: 1.16; acc: 0.7
Batch: 300; loss: 1.09; acc: 0.62
Batch: 320; loss: 1.22; acc: 0.64
Batch: 340; loss: 0.7; acc: 0.73
Batch: 360; loss: 0.85; acc: 0.77
Batch: 380; loss: 1.75; acc: 0.59
Batch: 400; loss: 1.13; acc: 0.64
Batch: 420; loss: 1.01; acc: 0.75
Batch: 440; loss: 1.02; acc: 0.8
Batch: 460; loss: 1.67; acc: 0.66
Batch: 480; loss: 1.32; acc: 0.69
Batch: 500; loss: 0.73; acc: 0.8
Batch: 520; loss: 1.43; acc: 0.66
Batch: 540; loss: 1.04; acc: 0.75
Batch: 560; loss: 0.68; acc: 0.8
Batch: 580; loss: 0.47; acc: 0.84
Batch: 600; loss: 0.79; acc: 0.8
Batch: 620; loss: 1.24; acc: 0.67
Train Epoch over. train_loss: 1.36; train_accuracy: 0.64 

Batch: 0; loss: 1.06; acc: 0.78
Batch: 20; loss: 1.83; acc: 0.58
Batch: 40; loss: 0.53; acc: 0.8
Batch: 60; loss: 0.67; acc: 0.78
Batch: 80; loss: 1.05; acc: 0.73
Batch: 100; loss: 1.5; acc: 0.64
Batch: 120; loss: 0.81; acc: 0.78
Batch: 140; loss: 1.94; acc: 0.61
Val Epoch over. val_loss: 1.1466715428859564; val_accuracy: 0.7048168789808917 

Epoch 2 start
Batch: 0; loss: 0.93; acc: 0.69
Batch: 20; loss: 0.78; acc: 0.69
Batch: 40; loss: 1.49; acc: 0.69
Batch: 60; loss: 0.94; acc: 0.75
Batch: 80; loss: 0.77; acc: 0.83
Batch: 100; loss: 1.08; acc: 0.72
Batch: 120; loss: 1.34; acc: 0.58
Batch: 140; loss: 0.78; acc: 0.78
Batch: 160; loss: 1.04; acc: 0.73
Batch: 180; loss: 1.03; acc: 0.69
Batch: 200; loss: 1.46; acc: 0.59
Batch: 220; loss: 0.64; acc: 0.81
Batch: 240; loss: 0.94; acc: 0.75
Batch: 260; loss: 0.65; acc: 0.77
Batch: 280; loss: 0.86; acc: 0.77
Batch: 300; loss: 1.07; acc: 0.73
Batch: 320; loss: 1.29; acc: 0.69
Batch: 340; loss: 1.03; acc: 0.66
Batch: 360; loss: 1.18; acc: 0.66
Batch: 380; loss: 0.99; acc: 0.73
Batch: 400; loss: 1.31; acc: 0.66
Batch: 420; loss: 1.3; acc: 0.62
Batch: 440; loss: 0.94; acc: 0.73
Batch: 460; loss: 1.2; acc: 0.7
Batch: 480; loss: 0.99; acc: 0.8
Batch: 500; loss: 1.12; acc: 0.73
Batch: 520; loss: 0.93; acc: 0.72
Batch: 540; loss: 0.63; acc: 0.83
Batch: 560; loss: 1.26; acc: 0.7
Batch: 580; loss: 0.84; acc: 0.7
Batch: 600; loss: 1.03; acc: 0.7
Batch: 620; loss: 1.25; acc: 0.73
Train Epoch over. train_loss: 1.03; train_accuracy: 0.73 

Batch: 0; loss: 1.17; acc: 0.72
Batch: 20; loss: 1.99; acc: 0.62
Batch: 40; loss: 0.97; acc: 0.7
Batch: 60; loss: 0.52; acc: 0.83
Batch: 80; loss: 1.16; acc: 0.69
Batch: 100; loss: 1.87; acc: 0.56
Batch: 120; loss: 1.08; acc: 0.72
Batch: 140; loss: 2.24; acc: 0.58
Val Epoch over. val_loss: 1.296316973343017; val_accuracy: 0.675656847133758 

Epoch 3 start
Batch: 0; loss: 1.46; acc: 0.62
Batch: 20; loss: 1.18; acc: 0.69
Batch: 40; loss: 0.55; acc: 0.86
Batch: 60; loss: 1.23; acc: 0.8
Batch: 80; loss: 0.64; acc: 0.77
Batch: 100; loss: 0.63; acc: 0.81
Batch: 120; loss: 0.95; acc: 0.72
Batch: 140; loss: 0.71; acc: 0.75
Batch: 160; loss: 0.68; acc: 0.73
Batch: 180; loss: 1.42; acc: 0.7
Batch: 200; loss: 0.84; acc: 0.75
Batch: 220; loss: 1.38; acc: 0.69
Batch: 240; loss: 1.0; acc: 0.73
Batch: 260; loss: 0.91; acc: 0.7
Batch: 280; loss: 1.29; acc: 0.72
Batch: 300; loss: 0.97; acc: 0.75
Batch: 320; loss: 1.43; acc: 0.64
Batch: 340; loss: 0.64; acc: 0.75
Batch: 360; loss: 1.04; acc: 0.7
Batch: 380; loss: 1.18; acc: 0.69
Batch: 400; loss: 1.47; acc: 0.69
Batch: 420; loss: 1.15; acc: 0.69
Batch: 440; loss: 0.98; acc: 0.72
Batch: 460; loss: 0.96; acc: 0.75
Batch: 480; loss: 1.64; acc: 0.67
Batch: 500; loss: 0.97; acc: 0.75
Batch: 520; loss: 0.72; acc: 0.75
Batch: 540; loss: 0.8; acc: 0.73
Batch: 560; loss: 0.68; acc: 0.78
Batch: 580; loss: 0.99; acc: 0.83
Batch: 600; loss: 1.02; acc: 0.73
Batch: 620; loss: 0.97; acc: 0.77
Train Epoch over. train_loss: 1.02; train_accuracy: 0.74 

Batch: 0; loss: 1.12; acc: 0.73
Batch: 20; loss: 2.11; acc: 0.55
Batch: 40; loss: 0.61; acc: 0.83
Batch: 60; loss: 0.89; acc: 0.72
Batch: 80; loss: 1.23; acc: 0.72
Batch: 100; loss: 1.65; acc: 0.62
Batch: 120; loss: 0.81; acc: 0.77
Batch: 140; loss: 1.39; acc: 0.67
Val Epoch over. val_loss: 1.1966009944867178; val_accuracy: 0.6996417197452229 

Epoch 4 start
Batch: 0; loss: 0.99; acc: 0.73
Batch: 20; loss: 1.47; acc: 0.64
Batch: 40; loss: 0.75; acc: 0.8
Batch: 60; loss: 1.18; acc: 0.78
Batch: 80; loss: 0.87; acc: 0.72
Batch: 100; loss: 0.78; acc: 0.83
Batch: 120; loss: 0.86; acc: 0.78
Batch: 140; loss: 1.02; acc: 0.69
Batch: 160; loss: 0.67; acc: 0.81
Batch: 180; loss: 1.08; acc: 0.7
Batch: 200; loss: 1.0; acc: 0.72
Batch: 220; loss: 0.84; acc: 0.73
Batch: 240; loss: 0.59; acc: 0.86
Batch: 260; loss: 0.82; acc: 0.77
Batch: 280; loss: 1.36; acc: 0.73
Batch: 300; loss: 0.82; acc: 0.75
Batch: 320; loss: 0.95; acc: 0.72
Batch: 340; loss: 0.84; acc: 0.72
Batch: 360; loss: 1.04; acc: 0.72
Batch: 380; loss: 0.94; acc: 0.78
Batch: 400; loss: 0.88; acc: 0.78
Batch: 420; loss: 0.9; acc: 0.77
Batch: 440; loss: 0.91; acc: 0.72
Batch: 460; loss: 1.15; acc: 0.8
Batch: 480; loss: 1.7; acc: 0.64
Batch: 500; loss: 1.34; acc: 0.67
Batch: 520; loss: 1.34; acc: 0.72
Batch: 540; loss: 0.88; acc: 0.72
Batch: 560; loss: 1.24; acc: 0.77
Batch: 580; loss: 0.62; acc: 0.81
Batch: 600; loss: 1.47; acc: 0.64
Batch: 620; loss: 0.65; acc: 0.78
Train Epoch over. train_loss: 0.99; train_accuracy: 0.75 

Batch: 0; loss: 0.89; acc: 0.77
Batch: 20; loss: 1.76; acc: 0.55
Batch: 40; loss: 0.55; acc: 0.84
Batch: 60; loss: 0.5; acc: 0.83
Batch: 80; loss: 0.79; acc: 0.78
Batch: 100; loss: 1.58; acc: 0.69
Batch: 120; loss: 0.79; acc: 0.78
Batch: 140; loss: 1.41; acc: 0.72
Val Epoch over. val_loss: 1.0064663607983073; val_accuracy: 0.7458200636942676 

Epoch 5 start
Batch: 0; loss: 0.56; acc: 0.89
Batch: 20; loss: 1.25; acc: 0.77
Batch: 40; loss: 1.19; acc: 0.73
Batch: 60; loss: 1.2; acc: 0.78
Batch: 80; loss: 0.81; acc: 0.8
Batch: 100; loss: 1.09; acc: 0.75
Batch: 120; loss: 1.01; acc: 0.81
Batch: 140; loss: 1.15; acc: 0.72
Batch: 160; loss: 0.8; acc: 0.78
Batch: 180; loss: 0.64; acc: 0.8
Batch: 200; loss: 0.63; acc: 0.81
Batch: 220; loss: 1.0; acc: 0.77
Batch: 240; loss: 1.22; acc: 0.72
Batch: 260; loss: 0.98; acc: 0.72
Batch: 280; loss: 1.03; acc: 0.7
Batch: 300; loss: 1.13; acc: 0.72
Batch: 320; loss: 1.13; acc: 0.7
Batch: 340; loss: 1.24; acc: 0.75
Batch: 360; loss: 0.83; acc: 0.78
Batch: 380; loss: 1.08; acc: 0.69
Batch: 400; loss: 0.62; acc: 0.83
Batch: 420; loss: 0.74; acc: 0.84
Batch: 440; loss: 0.79; acc: 0.78
Batch: 460; loss: 0.83; acc: 0.75
Batch: 480; loss: 0.79; acc: 0.72
Batch: 500; loss: 1.07; acc: 0.72
Batch: 520; loss: 0.69; acc: 0.78
Batch: 540; loss: 0.97; acc: 0.75
Batch: 560; loss: 1.54; acc: 0.64
Batch: 580; loss: 1.13; acc: 0.7
Batch: 600; loss: 1.3; acc: 0.7
Batch: 620; loss: 0.77; acc: 0.84
Train Epoch over. train_loss: 0.99; train_accuracy: 0.75 

Batch: 0; loss: 0.83; acc: 0.77
Batch: 20; loss: 1.62; acc: 0.67
Batch: 40; loss: 0.65; acc: 0.8
Batch: 60; loss: 0.61; acc: 0.78
Batch: 80; loss: 1.09; acc: 0.77
Batch: 100; loss: 1.47; acc: 0.67
Batch: 120; loss: 0.96; acc: 0.81
Batch: 140; loss: 1.61; acc: 0.67
Val Epoch over. val_loss: 1.095064318673626; val_accuracy: 0.7278065286624203 

Epoch 6 start
Batch: 0; loss: 1.34; acc: 0.72
Batch: 20; loss: 1.2; acc: 0.72
Batch: 40; loss: 0.95; acc: 0.81
Batch: 60; loss: 0.9; acc: 0.78
Batch: 80; loss: 1.58; acc: 0.72
Batch: 100; loss: 0.79; acc: 0.8
Batch: 120; loss: 1.73; acc: 0.66
Batch: 140; loss: 1.07; acc: 0.75
Batch: 160; loss: 1.06; acc: 0.72
Batch: 180; loss: 0.6; acc: 0.84
Batch: 200; loss: 0.9; acc: 0.73
Batch: 220; loss: 0.7; acc: 0.77
Batch: 240; loss: 1.26; acc: 0.75
Batch: 260; loss: 1.07; acc: 0.72
Batch: 280; loss: 1.04; acc: 0.7
Batch: 300; loss: 0.74; acc: 0.81
Batch: 320; loss: 1.44; acc: 0.66
Batch: 340; loss: 1.17; acc: 0.73
Batch: 360; loss: 0.85; acc: 0.78
Batch: 380; loss: 0.51; acc: 0.83
Batch: 400; loss: 0.83; acc: 0.84
Batch: 420; loss: 0.44; acc: 0.8
Batch: 440; loss: 0.77; acc: 0.83
Batch: 460; loss: 1.1; acc: 0.77
Batch: 480; loss: 0.75; acc: 0.78
Batch: 500; loss: 1.31; acc: 0.72
Batch: 520; loss: 1.08; acc: 0.7
Batch: 540; loss: 0.9; acc: 0.75
Batch: 560; loss: 1.04; acc: 0.73
Batch: 580; loss: 1.3; acc: 0.67
Batch: 600; loss: 0.72; acc: 0.78
Batch: 620; loss: 0.88; acc: 0.81
Train Epoch over. train_loss: 0.97; train_accuracy: 0.76 

Batch: 0; loss: 0.75; acc: 0.83
Batch: 20; loss: 1.46; acc: 0.67
Batch: 40; loss: 0.92; acc: 0.77
Batch: 60; loss: 0.69; acc: 0.81
Batch: 80; loss: 0.96; acc: 0.75
Batch: 100; loss: 1.46; acc: 0.61
Batch: 120; loss: 0.92; acc: 0.78
Batch: 140; loss: 1.22; acc: 0.72
Val Epoch over. val_loss: 1.0078928202960142; val_accuracy: 0.7465167197452229 

Epoch 7 start
Batch: 0; loss: 0.68; acc: 0.78
Batch: 20; loss: 0.88; acc: 0.77
Batch: 40; loss: 1.04; acc: 0.78
Batch: 60; loss: 1.06; acc: 0.73
Batch: 80; loss: 0.55; acc: 0.83
Batch: 100; loss: 0.77; acc: 0.73
Batch: 120; loss: 1.09; acc: 0.77
Batch: 140; loss: 0.88; acc: 0.8
Batch: 160; loss: 1.14; acc: 0.77
Batch: 180; loss: 0.66; acc: 0.84
Batch: 200; loss: 0.72; acc: 0.83
Batch: 220; loss: 0.76; acc: 0.77
Batch: 240; loss: 1.74; acc: 0.72
Batch: 260; loss: 0.73; acc: 0.77
Batch: 280; loss: 0.93; acc: 0.77
Batch: 300; loss: 0.59; acc: 0.89
Batch: 320; loss: 1.02; acc: 0.77
Batch: 340; loss: 0.95; acc: 0.83
Batch: 360; loss: 1.13; acc: 0.75
Batch: 380; loss: 0.66; acc: 0.8
Batch: 400; loss: 0.55; acc: 0.84
Batch: 420; loss: 1.26; acc: 0.72
Batch: 440; loss: 0.91; acc: 0.77
Batch: 460; loss: 1.4; acc: 0.72
Batch: 480; loss: 1.05; acc: 0.73
Batch: 500; loss: 0.86; acc: 0.81
Batch: 520; loss: 1.06; acc: 0.75
Batch: 540; loss: 0.8; acc: 0.83
Batch: 560; loss: 0.66; acc: 0.75
Batch: 580; loss: 0.8; acc: 0.77
Batch: 600; loss: 0.61; acc: 0.8
Batch: 620; loss: 0.98; acc: 0.81
Train Epoch over. train_loss: 0.96; train_accuracy: 0.76 

Batch: 0; loss: 0.73; acc: 0.83
Batch: 20; loss: 0.98; acc: 0.73
Batch: 40; loss: 1.01; acc: 0.78
Batch: 60; loss: 0.42; acc: 0.89
Batch: 80; loss: 0.86; acc: 0.81
Batch: 100; loss: 1.48; acc: 0.64
Batch: 120; loss: 0.95; acc: 0.77
Batch: 140; loss: 1.11; acc: 0.7
Val Epoch over. val_loss: 0.9783841546174068; val_accuracy: 0.7590565286624203 

Epoch 8 start
Batch: 0; loss: 0.99; acc: 0.73
Batch: 20; loss: 0.91; acc: 0.73
Batch: 40; loss: 1.1; acc: 0.72
Batch: 60; loss: 0.46; acc: 0.86
Batch: 80; loss: 1.25; acc: 0.73
Batch: 100; loss: 1.56; acc: 0.7
Batch: 120; loss: 1.24; acc: 0.67
Batch: 140; loss: 0.96; acc: 0.81
Batch: 160; loss: 1.14; acc: 0.78
Batch: 180; loss: 0.92; acc: 0.75
Batch: 200; loss: 0.75; acc: 0.75
Batch: 220; loss: 0.92; acc: 0.73
Batch: 240; loss: 1.16; acc: 0.73
Batch: 260; loss: 1.04; acc: 0.75
Batch: 280; loss: 0.64; acc: 0.78
Batch: 300; loss: 0.66; acc: 0.83
Batch: 320; loss: 0.34; acc: 0.88
Batch: 340; loss: 0.92; acc: 0.78
Batch: 360; loss: 0.94; acc: 0.72
Batch: 380; loss: 0.7; acc: 0.77
Batch: 400; loss: 0.8; acc: 0.8
Batch: 420; loss: 0.91; acc: 0.8
Batch: 440; loss: 0.47; acc: 0.8
Batch: 460; loss: 1.42; acc: 0.66
Batch: 480; loss: 0.61; acc: 0.8
Batch: 500; loss: 0.65; acc: 0.81
Batch: 520; loss: 0.69; acc: 0.81
Batch: 540; loss: 1.01; acc: 0.75
Batch: 560; loss: 0.86; acc: 0.77
Batch: 580; loss: 0.73; acc: 0.8
Batch: 600; loss: 0.91; acc: 0.7
Batch: 620; loss: 1.45; acc: 0.66
Train Epoch over. train_loss: 0.92; train_accuracy: 0.77 

Batch: 0; loss: 0.73; acc: 0.77
Batch: 20; loss: 1.25; acc: 0.7
Batch: 40; loss: 0.74; acc: 0.8
Batch: 60; loss: 0.34; acc: 0.91
Batch: 80; loss: 1.08; acc: 0.77
Batch: 100; loss: 1.56; acc: 0.69
Batch: 120; loss: 1.2; acc: 0.73
Batch: 140; loss: 1.18; acc: 0.77
Val Epoch over. val_loss: 1.0367525455298696; val_accuracy: 0.7490047770700637 

Epoch 9 start
Batch: 0; loss: 0.75; acc: 0.78
Batch: 20; loss: 0.85; acc: 0.73
Batch: 40; loss: 1.02; acc: 0.77
Batch: 60; loss: 0.84; acc: 0.8
Batch: 80; loss: 0.59; acc: 0.81
Batch: 100; loss: 1.37; acc: 0.69
Batch: 120; loss: 0.79; acc: 0.73
Batch: 140; loss: 1.27; acc: 0.69
Batch: 160; loss: 0.72; acc: 0.75
Batch: 180; loss: 0.9; acc: 0.81
Batch: 200; loss: 0.68; acc: 0.81
Batch: 220; loss: 1.67; acc: 0.59
Batch: 240; loss: 1.43; acc: 0.73
Batch: 260; loss: 0.65; acc: 0.88
Batch: 280; loss: 1.35; acc: 0.67
Batch: 300; loss: 0.81; acc: 0.78
Batch: 320; loss: 1.24; acc: 0.77
Batch: 340; loss: 0.67; acc: 0.83
Batch: 360; loss: 1.45; acc: 0.67
Batch: 380; loss: 1.02; acc: 0.73
Batch: 400; loss: 0.68; acc: 0.83
Batch: 420; loss: 0.96; acc: 0.77
Batch: 440; loss: 1.01; acc: 0.69
Batch: 460; loss: 0.42; acc: 0.89
Batch: 480; loss: 0.33; acc: 0.86
Batch: 500; loss: 0.57; acc: 0.77
Batch: 520; loss: 1.12; acc: 0.7
Batch: 540; loss: 0.56; acc: 0.8
Batch: 560; loss: 1.11; acc: 0.81
Batch: 580; loss: 0.88; acc: 0.8
Batch: 600; loss: 1.25; acc: 0.73
Batch: 620; loss: 0.87; acc: 0.81
Train Epoch over. train_loss: 0.91; train_accuracy: 0.77 

Batch: 0; loss: 0.74; acc: 0.78
Batch: 20; loss: 1.25; acc: 0.77
Batch: 40; loss: 0.45; acc: 0.83
Batch: 60; loss: 0.5; acc: 0.84
Batch: 80; loss: 0.89; acc: 0.77
Batch: 100; loss: 1.39; acc: 0.66
Batch: 120; loss: 0.95; acc: 0.75
Batch: 140; loss: 1.14; acc: 0.73
Val Epoch over. val_loss: 0.9492156790320281; val_accuracy: 0.7711982484076433 

Epoch 10 start
Batch: 0; loss: 1.03; acc: 0.8
Batch: 20; loss: 0.64; acc: 0.83
Batch: 40; loss: 1.37; acc: 0.72
Batch: 60; loss: 0.91; acc: 0.78
Batch: 80; loss: 0.75; acc: 0.84
Batch: 100; loss: 0.77; acc: 0.77
Batch: 120; loss: 1.04; acc: 0.75
Batch: 140; loss: 1.48; acc: 0.72
Batch: 160; loss: 1.15; acc: 0.78
Batch: 180; loss: 0.85; acc: 0.77
Batch: 200; loss: 0.82; acc: 0.72
Batch: 220; loss: 0.54; acc: 0.81
Batch: 240; loss: 0.69; acc: 0.84
Batch: 260; loss: 0.47; acc: 0.86
Batch: 280; loss: 0.76; acc: 0.78
Batch: 300; loss: 1.06; acc: 0.7
Batch: 320; loss: 1.04; acc: 0.8
Batch: 340; loss: 0.46; acc: 0.89
Batch: 360; loss: 0.73; acc: 0.75
Batch: 380; loss: 0.59; acc: 0.84
Batch: 400; loss: 0.69; acc: 0.81
Batch: 420; loss: 1.09; acc: 0.75
Batch: 440; loss: 0.74; acc: 0.78
Batch: 460; loss: 1.34; acc: 0.64
Batch: 480; loss: 1.03; acc: 0.73
Batch: 500; loss: 0.34; acc: 0.91
Batch: 520; loss: 0.58; acc: 0.78
Batch: 540; loss: 0.89; acc: 0.83
Batch: 560; loss: 1.34; acc: 0.66
Batch: 580; loss: 0.6; acc: 0.81
Batch: 600; loss: 1.1; acc: 0.75
Batch: 620; loss: 0.89; acc: 0.69
Train Epoch over. train_loss: 0.9; train_accuracy: 0.77 

Batch: 0; loss: 0.9; acc: 0.69
Batch: 20; loss: 1.3; acc: 0.72
Batch: 40; loss: 0.51; acc: 0.81
Batch: 60; loss: 0.59; acc: 0.81
Batch: 80; loss: 0.89; acc: 0.78
Batch: 100; loss: 1.79; acc: 0.64
Batch: 120; loss: 0.92; acc: 0.75
Batch: 140; loss: 1.34; acc: 0.72
Val Epoch over. val_loss: 1.0667762312160176; val_accuracy: 0.745421974522293 

plots/subspace_True_d_dim_200_model_lenet_lr_0.1_seed_1_epochs_10_batchsize_64_2019-12-22 20:04:32.721989
Epoch 1 start
Batch: 0; loss: 18.69; acc: 0.05
Batch: 20; loss: 1.68; acc: 0.47
Batch: 40; loss: 1.98; acc: 0.5
Batch: 60; loss: 1.58; acc: 0.55
Batch: 80; loss: 1.14; acc: 0.62
Batch: 100; loss: 0.93; acc: 0.7
Batch: 120; loss: 0.78; acc: 0.75
Batch: 140; loss: 1.62; acc: 0.59
Batch: 160; loss: 1.07; acc: 0.77
Batch: 180; loss: 0.81; acc: 0.7
Batch: 200; loss: 0.65; acc: 0.8
Batch: 220; loss: 0.85; acc: 0.77
Batch: 240; loss: 1.03; acc: 0.73
Batch: 260; loss: 1.21; acc: 0.67
Batch: 280; loss: 1.03; acc: 0.77
Batch: 300; loss: 0.6; acc: 0.77
Batch: 320; loss: 0.91; acc: 0.7
Batch: 340; loss: 0.91; acc: 0.77
Batch: 360; loss: 0.77; acc: 0.75
Batch: 380; loss: 0.83; acc: 0.75
Batch: 400; loss: 0.75; acc: 0.78
Batch: 420; loss: 0.99; acc: 0.78
Batch: 440; loss: 0.63; acc: 0.83
Batch: 460; loss: 0.76; acc: 0.77
Batch: 480; loss: 0.87; acc: 0.8
Batch: 500; loss: 0.83; acc: 0.8
Batch: 520; loss: 0.37; acc: 0.86
Batch: 540; loss: 0.71; acc: 0.8
Batch: 560; loss: 0.49; acc: 0.8
Batch: 580; loss: 0.65; acc: 0.81
Batch: 600; loss: 0.95; acc: 0.81
Batch: 620; loss: 0.61; acc: 0.83
Train Epoch over. train_loss: 1.08; train_accuracy: 0.72 

Batch: 0; loss: 0.9; acc: 0.77
Batch: 20; loss: 1.2; acc: 0.7
Batch: 40; loss: 0.65; acc: 0.84
Batch: 60; loss: 0.45; acc: 0.83
Batch: 80; loss: 0.71; acc: 0.84
Batch: 100; loss: 1.2; acc: 0.73
Batch: 120; loss: 0.91; acc: 0.77
Batch: 140; loss: 1.67; acc: 0.64
Val Epoch over. val_loss: 0.7923362699283916; val_accuracy: 0.7926950636942676 

Epoch 2 start
Batch: 0; loss: 0.77; acc: 0.78
Batch: 20; loss: 0.74; acc: 0.77
Batch: 40; loss: 0.95; acc: 0.72
Batch: 60; loss: 0.38; acc: 0.81
Batch: 80; loss: 0.52; acc: 0.88
Batch: 100; loss: 0.74; acc: 0.78
Batch: 120; loss: 0.38; acc: 0.83
Batch: 140; loss: 0.64; acc: 0.84
Batch: 160; loss: 0.64; acc: 0.8
Batch: 180; loss: 0.29; acc: 0.91
Batch: 200; loss: 0.85; acc: 0.78
Batch: 220; loss: 0.27; acc: 0.91
Batch: 240; loss: 0.54; acc: 0.86
Batch: 260; loss: 0.71; acc: 0.84
Batch: 280; loss: 0.73; acc: 0.75
Batch: 300; loss: 0.95; acc: 0.78
Batch: 320; loss: 0.84; acc: 0.8
Batch: 340; loss: 0.95; acc: 0.8
Batch: 360; loss: 0.82; acc: 0.78
Batch: 380; loss: 0.75; acc: 0.83
Batch: 400; loss: 0.79; acc: 0.83
Batch: 420; loss: 0.52; acc: 0.86
Batch: 440; loss: 0.72; acc: 0.77
Batch: 460; loss: 0.97; acc: 0.8
Batch: 480; loss: 0.5; acc: 0.86
Batch: 500; loss: 1.05; acc: 0.72
Batch: 520; loss: 0.92; acc: 0.78
Batch: 540; loss: 0.39; acc: 0.86
Batch: 560; loss: 0.87; acc: 0.86
Batch: 580; loss: 0.46; acc: 0.91
Batch: 600; loss: 0.86; acc: 0.78
Batch: 620; loss: 0.85; acc: 0.81
Train Epoch over. train_loss: 0.69; train_accuracy: 0.82 

Batch: 0; loss: 0.66; acc: 0.83
Batch: 20; loss: 1.45; acc: 0.73
Batch: 40; loss: 0.57; acc: 0.86
Batch: 60; loss: 0.59; acc: 0.8
Batch: 80; loss: 0.64; acc: 0.8
Batch: 100; loss: 1.41; acc: 0.72
Batch: 120; loss: 1.04; acc: 0.8
Batch: 140; loss: 1.61; acc: 0.72
Val Epoch over. val_loss: 0.7622561446230882; val_accuracy: 0.809812898089172 

Epoch 3 start
Batch: 0; loss: 0.54; acc: 0.81
Batch: 20; loss: 0.65; acc: 0.78
Batch: 40; loss: 0.58; acc: 0.78
Batch: 60; loss: 0.52; acc: 0.91
Batch: 80; loss: 0.62; acc: 0.8
Batch: 100; loss: 0.36; acc: 0.88
Batch: 120; loss: 0.64; acc: 0.83
Batch: 140; loss: 0.68; acc: 0.8
Batch: 160; loss: 0.22; acc: 0.92
Batch: 180; loss: 1.0; acc: 0.8
Batch: 200; loss: 0.53; acc: 0.84
Batch: 220; loss: 0.77; acc: 0.84
Batch: 240; loss: 0.68; acc: 0.86
Batch: 260; loss: 0.49; acc: 0.89
Batch: 280; loss: 0.59; acc: 0.8
Batch: 300; loss: 0.51; acc: 0.86
Batch: 320; loss: 0.93; acc: 0.78
Batch: 340; loss: 0.55; acc: 0.88
Batch: 360; loss: 0.57; acc: 0.83
Batch: 380; loss: 0.46; acc: 0.86
Batch: 400; loss: 1.07; acc: 0.73
Batch: 420; loss: 1.1; acc: 0.67
Batch: 440; loss: 0.67; acc: 0.86
Batch: 460; loss: 0.49; acc: 0.88
Batch: 480; loss: 0.62; acc: 0.8
Batch: 500; loss: 0.58; acc: 0.86
Batch: 520; loss: 0.68; acc: 0.78
Batch: 540; loss: 0.39; acc: 0.83
Batch: 560; loss: 0.5; acc: 0.8
Batch: 580; loss: 0.93; acc: 0.86
Batch: 600; loss: 0.38; acc: 0.86
Batch: 620; loss: 0.44; acc: 0.84
Train Epoch over. train_loss: 0.66; train_accuracy: 0.83 

Batch: 0; loss: 0.82; acc: 0.81
Batch: 20; loss: 1.15; acc: 0.77
Batch: 40; loss: 0.47; acc: 0.89
Batch: 60; loss: 0.49; acc: 0.88
Batch: 80; loss: 0.57; acc: 0.84
Batch: 100; loss: 1.11; acc: 0.78
Batch: 120; loss: 0.53; acc: 0.84
Batch: 140; loss: 1.16; acc: 0.62
Val Epoch over. val_loss: 0.6760528780472507; val_accuracy: 0.8234474522292994 

Epoch 4 start
Batch: 0; loss: 0.32; acc: 0.91
Batch: 20; loss: 0.94; acc: 0.81
Batch: 40; loss: 0.41; acc: 0.89
Batch: 60; loss: 0.69; acc: 0.91
Batch: 80; loss: 0.65; acc: 0.88
Batch: 100; loss: 0.76; acc: 0.81
Batch: 120; loss: 0.47; acc: 0.88
Batch: 140; loss: 0.4; acc: 0.86
Batch: 160; loss: 0.96; acc: 0.81
Batch: 180; loss: 0.35; acc: 0.89
Batch: 200; loss: 0.6; acc: 0.88
Batch: 220; loss: 0.54; acc: 0.83
Batch: 240; loss: 0.72; acc: 0.77
Batch: 260; loss: 0.28; acc: 0.88
Batch: 280; loss: 0.7; acc: 0.88
Batch: 300; loss: 0.43; acc: 0.84
Batch: 320; loss: 0.36; acc: 0.92
Batch: 340; loss: 0.36; acc: 0.92
Batch: 360; loss: 0.52; acc: 0.89
Batch: 380; loss: 0.56; acc: 0.84
Batch: 400; loss: 0.35; acc: 0.88
Batch: 420; loss: 0.74; acc: 0.83
Batch: 440; loss: 0.66; acc: 0.86
Batch: 460; loss: 0.77; acc: 0.84
Batch: 480; loss: 0.52; acc: 0.86
Batch: 500; loss: 0.92; acc: 0.8
Batch: 520; loss: 0.66; acc: 0.86
Batch: 540; loss: 0.53; acc: 0.84
Batch: 560; loss: 0.88; acc: 0.8
Batch: 580; loss: 0.67; acc: 0.86
Batch: 600; loss: 0.82; acc: 0.77
Batch: 620; loss: 0.4; acc: 0.92
Train Epoch over. train_loss: 0.64; train_accuracy: 0.83 

Batch: 0; loss: 0.79; acc: 0.83
Batch: 20; loss: 1.58; acc: 0.69
Batch: 40; loss: 0.62; acc: 0.88
Batch: 60; loss: 0.75; acc: 0.78
Batch: 80; loss: 0.59; acc: 0.86
Batch: 100; loss: 1.59; acc: 0.72
Batch: 120; loss: 0.93; acc: 0.83
Batch: 140; loss: 1.42; acc: 0.66
Val Epoch over. val_loss: 0.7620170657896692; val_accuracy: 0.8099124203821656 

Epoch 5 start
Batch: 0; loss: 0.76; acc: 0.83
Batch: 20; loss: 0.62; acc: 0.86
Batch: 40; loss: 1.41; acc: 0.72
Batch: 60; loss: 1.06; acc: 0.83
Batch: 80; loss: 0.78; acc: 0.83
Batch: 100; loss: 0.8; acc: 0.78
Batch: 120; loss: 0.37; acc: 0.88
Batch: 140; loss: 0.84; acc: 0.83
Batch: 160; loss: 0.37; acc: 0.83
Batch: 180; loss: 0.55; acc: 0.81
Batch: 200; loss: 0.54; acc: 0.81
Batch: 220; loss: 0.86; acc: 0.81
Batch: 240; loss: 1.01; acc: 0.78
Batch: 260; loss: 0.64; acc: 0.88
Batch: 280; loss: 0.66; acc: 0.81
Batch: 300; loss: 0.59; acc: 0.83
Batch: 320; loss: 0.77; acc: 0.8
Batch: 340; loss: 0.84; acc: 0.81
Batch: 360; loss: 0.3; acc: 0.89
Batch: 380; loss: 0.73; acc: 0.84
Batch: 400; loss: 0.63; acc: 0.83
Batch: 420; loss: 0.59; acc: 0.84
Batch: 440; loss: 0.55; acc: 0.84
Batch: 460; loss: 0.73; acc: 0.78
Batch: 480; loss: 0.45; acc: 0.88
Batch: 500; loss: 0.77; acc: 0.81
Batch: 520; loss: 0.88; acc: 0.77
Batch: 540; loss: 0.47; acc: 0.86
Batch: 560; loss: 0.64; acc: 0.8
Batch: 580; loss: 0.56; acc: 0.92
Batch: 600; loss: 0.61; acc: 0.83
Batch: 620; loss: 0.66; acc: 0.88
Train Epoch over. train_loss: 0.65; train_accuracy: 0.84 

Batch: 0; loss: 0.77; acc: 0.88
Batch: 20; loss: 1.08; acc: 0.8
Batch: 40; loss: 0.5; acc: 0.88
Batch: 60; loss: 0.7; acc: 0.81
Batch: 80; loss: 0.37; acc: 0.86
Batch: 100; loss: 0.94; acc: 0.73
Batch: 120; loss: 0.63; acc: 0.83
Batch: 140; loss: 1.4; acc: 0.64
Val Epoch over. val_loss: 0.6244594947357845; val_accuracy: 0.8422571656050956 

Epoch 6 start
Batch: 0; loss: 0.42; acc: 0.89
Batch: 20; loss: 1.64; acc: 0.69
Batch: 40; loss: 0.37; acc: 0.89
Batch: 60; loss: 0.78; acc: 0.81
Batch: 80; loss: 0.57; acc: 0.84
Batch: 100; loss: 0.44; acc: 0.91
Batch: 120; loss: 0.59; acc: 0.81
Batch: 140; loss: 0.41; acc: 0.89
Batch: 160; loss: 0.48; acc: 0.84
Batch: 180; loss: 0.73; acc: 0.8
Batch: 200; loss: 0.59; acc: 0.84
Batch: 220; loss: 0.68; acc: 0.86
Batch: 240; loss: 0.95; acc: 0.8
Batch: 260; loss: 0.77; acc: 0.88
Batch: 280; loss: 0.54; acc: 0.83
Batch: 300; loss: 0.4; acc: 0.86
Batch: 320; loss: 0.9; acc: 0.78
Batch: 340; loss: 0.92; acc: 0.8
Batch: 360; loss: 0.82; acc: 0.83
Batch: 380; loss: 0.54; acc: 0.89
Batch: 400; loss: 0.41; acc: 0.89
Batch: 420; loss: 0.58; acc: 0.88
Batch: 440; loss: 0.41; acc: 0.89
Batch: 460; loss: 0.64; acc: 0.88
Batch: 480; loss: 0.5; acc: 0.89
Batch: 500; loss: 0.37; acc: 0.91
Batch: 520; loss: 0.78; acc: 0.8
Batch: 540; loss: 0.83; acc: 0.75
Batch: 560; loss: 0.71; acc: 0.81
Batch: 580; loss: 0.88; acc: 0.78
Batch: 600; loss: 0.81; acc: 0.8
Batch: 620; loss: 0.67; acc: 0.84
Train Epoch over. train_loss: 0.64; train_accuracy: 0.84 

Batch: 0; loss: 0.67; acc: 0.88
Batch: 20; loss: 1.13; acc: 0.78
Batch: 40; loss: 0.55; acc: 0.89
Batch: 60; loss: 0.79; acc: 0.8
Batch: 80; loss: 0.44; acc: 0.89
Batch: 100; loss: 0.71; acc: 0.84
Batch: 120; loss: 0.42; acc: 0.86
Batch: 140; loss: 1.37; acc: 0.7
Val Epoch over. val_loss: 0.6423913559336571; val_accuracy: 0.8454418789808917 

Epoch 7 start
Batch: 0; loss: 0.76; acc: 0.81
Batch: 20; loss: 0.47; acc: 0.89
Batch: 40; loss: 0.66; acc: 0.84
Batch: 60; loss: 0.7; acc: 0.83
Batch: 80; loss: 0.38; acc: 0.88
Batch: 100; loss: 0.76; acc: 0.86
Batch: 120; loss: 0.5; acc: 0.84
Batch: 140; loss: 0.59; acc: 0.91
Batch: 160; loss: 0.77; acc: 0.84
Batch: 180; loss: 0.5; acc: 0.88
Batch: 200; loss: 0.43; acc: 0.88
Batch: 220; loss: 0.78; acc: 0.8
Batch: 240; loss: 0.72; acc: 0.83
Batch: 260; loss: 0.3; acc: 0.92
Batch: 280; loss: 0.7; acc: 0.83
Batch: 300; loss: 0.63; acc: 0.83
Batch: 320; loss: 0.74; acc: 0.84
Batch: 340; loss: 0.76; acc: 0.81
Batch: 360; loss: 0.77; acc: 0.83
Batch: 380; loss: 0.24; acc: 0.94
Batch: 400; loss: 0.46; acc: 0.84
Batch: 420; loss: 0.64; acc: 0.78
Batch: 440; loss: 0.19; acc: 0.94
Batch: 460; loss: 0.85; acc: 0.86
Batch: 480; loss: 0.69; acc: 0.81
Batch: 500; loss: 0.64; acc: 0.89
Batch: 520; loss: 1.13; acc: 0.72
Batch: 540; loss: 0.51; acc: 0.88
Batch: 560; loss: 0.81; acc: 0.8
Batch: 580; loss: 0.58; acc: 0.88
Batch: 600; loss: 0.68; acc: 0.89
Batch: 620; loss: 0.74; acc: 0.84
Train Epoch over. train_loss: 0.63; train_accuracy: 0.84 

Batch: 0; loss: 0.76; acc: 0.83
Batch: 20; loss: 1.23; acc: 0.84
Batch: 40; loss: 0.73; acc: 0.86
Batch: 60; loss: 0.66; acc: 0.83
Batch: 80; loss: 0.56; acc: 0.83
Batch: 100; loss: 1.3; acc: 0.69
Batch: 120; loss: 0.65; acc: 0.81
Batch: 140; loss: 1.43; acc: 0.7
Val Epoch over. val_loss: 0.7255094264912757; val_accuracy: 0.8210589171974523 

Epoch 8 start
Batch: 0; loss: 0.69; acc: 0.83
Batch: 20; loss: 0.52; acc: 0.89
Batch: 40; loss: 0.42; acc: 0.92
Batch: 60; loss: 0.47; acc: 0.89
Batch: 80; loss: 1.1; acc: 0.69
Batch: 100; loss: 0.7; acc: 0.84
Batch: 120; loss: 0.54; acc: 0.84
Batch: 140; loss: 0.36; acc: 0.88
Batch: 160; loss: 0.24; acc: 0.95
Batch: 180; loss: 0.61; acc: 0.84
Batch: 200; loss: 0.65; acc: 0.81
Batch: 220; loss: 0.66; acc: 0.84
Batch: 240; loss: 0.59; acc: 0.86
Batch: 260; loss: 0.23; acc: 0.94
Batch: 280; loss: 0.61; acc: 0.86
Batch: 300; loss: 0.48; acc: 0.88
Batch: 320; loss: 0.51; acc: 0.84
Batch: 340; loss: 0.55; acc: 0.83
Batch: 360; loss: 0.67; acc: 0.89
Batch: 380; loss: 0.61; acc: 0.8
Batch: 400; loss: 0.69; acc: 0.84
Batch: 420; loss: 0.78; acc: 0.88
Batch: 440; loss: 0.5; acc: 0.84
Batch: 460; loss: 0.49; acc: 0.86
Batch: 480; loss: 0.69; acc: 0.78
Batch: 500; loss: 0.39; acc: 0.86
Batch: 520; loss: 0.45; acc: 0.88
Batch: 540; loss: 1.09; acc: 0.72
Batch: 560; loss: 0.3; acc: 0.94
Batch: 580; loss: 0.46; acc: 0.86
Batch: 600; loss: 0.64; acc: 0.84
Batch: 620; loss: 0.85; acc: 0.73
Train Epoch over. train_loss: 0.63; train_accuracy: 0.84 

Batch: 0; loss: 0.8; acc: 0.8
Batch: 20; loss: 1.17; acc: 0.81
Batch: 40; loss: 0.46; acc: 0.91
Batch: 60; loss: 0.8; acc: 0.83
Batch: 80; loss: 0.53; acc: 0.81
Batch: 100; loss: 0.88; acc: 0.78
Batch: 120; loss: 0.65; acc: 0.84
Batch: 140; loss: 1.23; acc: 0.77
Val Epoch over. val_loss: 0.7305201931743864; val_accuracy: 0.8191679936305732 

Epoch 9 start
Batch: 0; loss: 0.43; acc: 0.91
Batch: 20; loss: 0.81; acc: 0.77
Batch: 40; loss: 0.67; acc: 0.84
Batch: 60; loss: 0.31; acc: 0.89
Batch: 80; loss: 0.57; acc: 0.86
Batch: 100; loss: 0.48; acc: 0.84
Batch: 120; loss: 0.72; acc: 0.81
Batch: 140; loss: 0.41; acc: 0.86
Batch: 160; loss: 0.44; acc: 0.81
Batch: 180; loss: 0.57; acc: 0.84
Batch: 200; loss: 0.44; acc: 0.86
Batch: 220; loss: 0.59; acc: 0.83
Batch: 240; loss: 0.6; acc: 0.83
Batch: 260; loss: 0.7; acc: 0.83
Batch: 280; loss: 0.75; acc: 0.81
Batch: 300; loss: 0.71; acc: 0.8
Batch: 320; loss: 0.35; acc: 0.89
Batch: 340; loss: 0.76; acc: 0.84
Batch: 360; loss: 1.03; acc: 0.77
Batch: 380; loss: 0.67; acc: 0.83
Batch: 400; loss: 0.71; acc: 0.84
Batch: 420; loss: 0.68; acc: 0.86
Batch: 440; loss: 0.57; acc: 0.81
Batch: 460; loss: 0.48; acc: 0.88
Batch: 480; loss: 0.53; acc: 0.89
Batch: 500; loss: 0.27; acc: 0.88
Batch: 520; loss: 0.97; acc: 0.78
Batch: 540; loss: 0.36; acc: 0.88
Batch: 560; loss: 0.79; acc: 0.86
Batch: 580; loss: 0.73; acc: 0.86
Batch: 600; loss: 0.98; acc: 0.8
Batch: 620; loss: 0.5; acc: 0.84
Train Epoch over. train_loss: 0.63; train_accuracy: 0.84 

Batch: 0; loss: 0.86; acc: 0.83
Batch: 20; loss: 1.08; acc: 0.83
Batch: 40; loss: 0.51; acc: 0.94
Batch: 60; loss: 0.62; acc: 0.8
Batch: 80; loss: 0.62; acc: 0.88
Batch: 100; loss: 0.67; acc: 0.8
Batch: 120; loss: 0.8; acc: 0.83
Batch: 140; loss: 1.13; acc: 0.75
Val Epoch over. val_loss: 0.7911420893517269; val_accuracy: 0.8217555732484076 

Epoch 10 start
Batch: 0; loss: 0.47; acc: 0.88
Batch: 20; loss: 0.54; acc: 0.8
Batch: 40; loss: 0.72; acc: 0.83
Batch: 60; loss: 0.72; acc: 0.81
Batch: 80; loss: 0.43; acc: 0.92
Batch: 100; loss: 0.65; acc: 0.84
Batch: 120; loss: 0.92; acc: 0.83
Batch: 140; loss: 0.82; acc: 0.77
Batch: 160; loss: 0.77; acc: 0.83
Batch: 180; loss: 0.73; acc: 0.83
Batch: 200; loss: 1.02; acc: 0.77
Batch: 220; loss: 0.18; acc: 0.92
Batch: 240; loss: 0.68; acc: 0.78
Batch: 260; loss: 0.68; acc: 0.81
Batch: 280; loss: 0.83; acc: 0.78
Batch: 300; loss: 0.43; acc: 0.91
Batch: 320; loss: 0.5; acc: 0.84
Batch: 340; loss: 0.25; acc: 0.91
Batch: 360; loss: 0.68; acc: 0.81
Batch: 380; loss: 0.44; acc: 0.88
Batch: 400; loss: 0.29; acc: 0.91
Batch: 420; loss: 0.82; acc: 0.8
Batch: 440; loss: 0.7; acc: 0.77
Batch: 460; loss: 0.7; acc: 0.83
Batch: 480; loss: 0.33; acc: 0.89
Batch: 500; loss: 0.43; acc: 0.91
Batch: 520; loss: 0.76; acc: 0.78
Batch: 540; loss: 0.56; acc: 0.86
Batch: 560; loss: 1.0; acc: 0.7
Batch: 580; loss: 0.44; acc: 0.88
Batch: 600; loss: 0.63; acc: 0.88
Batch: 620; loss: 0.86; acc: 0.78
Train Epoch over. train_loss: 0.62; train_accuracy: 0.84 

Batch: 0; loss: 0.56; acc: 0.88
Batch: 20; loss: 1.3; acc: 0.77
Batch: 40; loss: 0.53; acc: 0.89
Batch: 60; loss: 0.7; acc: 0.8
Batch: 80; loss: 0.53; acc: 0.84
Batch: 100; loss: 0.72; acc: 0.75
Batch: 120; loss: 0.48; acc: 0.91
Batch: 140; loss: 1.21; acc: 0.7
Val Epoch over. val_loss: 0.6504151183328811; val_accuracy: 0.8329020700636943 

plots/subspace_True_d_dim_300_model_lenet_lr_0.1_seed_1_epochs_10_batchsize_64_2019-12-22 20:06:42.450215
Epoch 1 start
Batch: 0; loss: 18.69; acc: 0.05
Batch: 20; loss: 1.92; acc: 0.33
Batch: 40; loss: 1.6; acc: 0.48
Batch: 60; loss: 1.45; acc: 0.52
Batch: 80; loss: 0.96; acc: 0.72
Batch: 100; loss: 0.71; acc: 0.78
Batch: 120; loss: 0.9; acc: 0.67
Batch: 140; loss: 1.16; acc: 0.67
Batch: 160; loss: 0.96; acc: 0.73
Batch: 180; loss: 0.92; acc: 0.73
Batch: 200; loss: 0.56; acc: 0.86
Batch: 220; loss: 1.07; acc: 0.69
Batch: 240; loss: 0.95; acc: 0.75
Batch: 260; loss: 1.42; acc: 0.7
Batch: 280; loss: 0.8; acc: 0.75
Batch: 300; loss: 0.57; acc: 0.81
Batch: 320; loss: 0.52; acc: 0.84
Batch: 340; loss: 0.49; acc: 0.83
Batch: 360; loss: 0.65; acc: 0.81
Batch: 380; loss: 1.08; acc: 0.77
Batch: 400; loss: 0.65; acc: 0.83
Batch: 420; loss: 0.74; acc: 0.75
Batch: 440; loss: 0.54; acc: 0.81
Batch: 460; loss: 0.69; acc: 0.83
Batch: 480; loss: 0.71; acc: 0.83
Batch: 500; loss: 0.92; acc: 0.77
Batch: 520; loss: 0.8; acc: 0.73
Batch: 540; loss: 0.55; acc: 0.83
Batch: 560; loss: 0.49; acc: 0.89
Batch: 580; loss: 0.5; acc: 0.89
Batch: 600; loss: 0.46; acc: 0.84
Batch: 620; loss: 0.83; acc: 0.81
Train Epoch over. train_loss: 0.94; train_accuracy: 0.74 

Batch: 0; loss: 0.62; acc: 0.8
Batch: 20; loss: 0.82; acc: 0.77
Batch: 40; loss: 0.45; acc: 0.91
Batch: 60; loss: 0.46; acc: 0.88
Batch: 80; loss: 0.82; acc: 0.84
Batch: 100; loss: 0.89; acc: 0.75
Batch: 120; loss: 0.66; acc: 0.88
Batch: 140; loss: 1.26; acc: 0.69
Val Epoch over. val_loss: 0.6144458209253421; val_accuracy: 0.8286226114649682 

Epoch 2 start
Batch: 0; loss: 0.42; acc: 0.88
Batch: 20; loss: 0.47; acc: 0.92
Batch: 40; loss: 0.78; acc: 0.77
Batch: 60; loss: 0.56; acc: 0.86
Batch: 80; loss: 0.43; acc: 0.84
Batch: 100; loss: 0.45; acc: 0.86
Batch: 120; loss: 0.62; acc: 0.81
Batch: 140; loss: 0.42; acc: 0.88
Batch: 160; loss: 0.68; acc: 0.81
Batch: 180; loss: 0.47; acc: 0.89
Batch: 200; loss: 0.73; acc: 0.8
Batch: 220; loss: 0.31; acc: 0.89
Batch: 240; loss: 0.57; acc: 0.83
Batch: 260; loss: 0.48; acc: 0.83
Batch: 280; loss: 0.47; acc: 0.84
Batch: 300; loss: 0.53; acc: 0.83
Batch: 320; loss: 0.4; acc: 0.86
Batch: 340; loss: 0.48; acc: 0.86
Batch: 360; loss: 0.7; acc: 0.81
Batch: 380; loss: 0.57; acc: 0.86
Batch: 400; loss: 0.62; acc: 0.88
Batch: 420; loss: 0.78; acc: 0.72
Batch: 440; loss: 0.52; acc: 0.81
Batch: 460; loss: 0.69; acc: 0.81
Batch: 480; loss: 0.36; acc: 0.89
Batch: 500; loss: 0.73; acc: 0.84
Batch: 520; loss: 0.34; acc: 0.94
Batch: 540; loss: 0.26; acc: 0.91
Batch: 560; loss: 0.99; acc: 0.8
Batch: 580; loss: 0.21; acc: 0.94
Batch: 600; loss: 0.72; acc: 0.8
Batch: 620; loss: 0.87; acc: 0.81
Train Epoch over. train_loss: 0.58; train_accuracy: 0.84 

Batch: 0; loss: 0.57; acc: 0.86
Batch: 20; loss: 0.86; acc: 0.8
Batch: 40; loss: 0.33; acc: 0.92
Batch: 60; loss: 0.32; acc: 0.89
Batch: 80; loss: 0.63; acc: 0.86
Batch: 100; loss: 0.67; acc: 0.78
Batch: 120; loss: 0.34; acc: 0.84
Batch: 140; loss: 1.23; acc: 0.73
Val Epoch over. val_loss: 0.5558563581887325; val_accuracy: 0.84265525477707 

Epoch 3 start
Batch: 0; loss: 0.26; acc: 0.88
Batch: 20; loss: 0.69; acc: 0.83
Batch: 40; loss: 0.36; acc: 0.86
Batch: 60; loss: 0.44; acc: 0.91
Batch: 80; loss: 0.56; acc: 0.84
Batch: 100; loss: 0.36; acc: 0.91
Batch: 120; loss: 0.61; acc: 0.8
Batch: 140; loss: 0.35; acc: 0.88
Batch: 160; loss: 0.43; acc: 0.89
Batch: 180; loss: 0.55; acc: 0.88
Batch: 200; loss: 0.39; acc: 0.89
Batch: 220; loss: 0.98; acc: 0.75
Batch: 240; loss: 0.78; acc: 0.81
Batch: 260; loss: 0.54; acc: 0.86
Batch: 280; loss: 0.23; acc: 0.88
Batch: 300; loss: 0.34; acc: 0.89
Batch: 320; loss: 0.59; acc: 0.84
Batch: 340; loss: 0.6; acc: 0.84
Batch: 360; loss: 0.57; acc: 0.81
Batch: 380; loss: 0.48; acc: 0.89
Batch: 400; loss: 0.67; acc: 0.88
Batch: 420; loss: 1.18; acc: 0.7
Batch: 440; loss: 0.31; acc: 0.89
Batch: 460; loss: 0.48; acc: 0.84
Batch: 480; loss: 0.86; acc: 0.72
Batch: 500; loss: 0.31; acc: 0.89
Batch: 520; loss: 0.28; acc: 0.88
Batch: 540; loss: 0.22; acc: 0.92
Batch: 560; loss: 0.27; acc: 0.89
Batch: 580; loss: 0.5; acc: 0.84
Batch: 600; loss: 0.33; acc: 0.89
Batch: 620; loss: 0.31; acc: 0.84
Train Epoch over. train_loss: 0.54; train_accuracy: 0.85 

Batch: 0; loss: 0.58; acc: 0.84
Batch: 20; loss: 0.8; acc: 0.8
Batch: 40; loss: 0.34; acc: 0.91
Batch: 60; loss: 0.31; acc: 0.92
Batch: 80; loss: 0.58; acc: 0.94
Batch: 100; loss: 0.47; acc: 0.81
Batch: 120; loss: 0.38; acc: 0.89
Batch: 140; loss: 0.91; acc: 0.73
Val Epoch over. val_loss: 0.5218769084116456; val_accuracy: 0.8617635350318471 

Epoch 4 start
Batch: 0; loss: 0.54; acc: 0.88
Batch: 20; loss: 0.72; acc: 0.78
Batch: 40; loss: 0.06; acc: 0.98
Batch: 60; loss: 0.39; acc: 0.89
Batch: 80; loss: 0.44; acc: 0.86
Batch: 100; loss: 0.49; acc: 0.83
Batch: 120; loss: 0.28; acc: 0.92
Batch: 140; loss: 0.26; acc: 0.88
Batch: 160; loss: 0.42; acc: 0.88
Batch: 180; loss: 0.29; acc: 0.89
Batch: 200; loss: 0.99; acc: 0.75
Batch: 220; loss: 0.5; acc: 0.84
Batch: 240; loss: 0.59; acc: 0.8
Batch: 260; loss: 0.2; acc: 0.95
Batch: 280; loss: 0.61; acc: 0.86
Batch: 300; loss: 0.36; acc: 0.88
Batch: 320; loss: 0.53; acc: 0.88
Batch: 340; loss: 0.39; acc: 0.89
Batch: 360; loss: 0.3; acc: 0.91
Batch: 380; loss: 0.33; acc: 0.91
Batch: 400; loss: 0.48; acc: 0.86
Batch: 420; loss: 0.45; acc: 0.91
Batch: 440; loss: 0.86; acc: 0.78
Batch: 460; loss: 0.95; acc: 0.73
Batch: 480; loss: 0.47; acc: 0.81
Batch: 500; loss: 0.54; acc: 0.81
Batch: 520; loss: 0.79; acc: 0.78
Batch: 540; loss: 0.88; acc: 0.77
Batch: 560; loss: 0.3; acc: 0.86
Batch: 580; loss: 0.5; acc: 0.83
Batch: 600; loss: 0.37; acc: 0.86
Batch: 620; loss: 0.49; acc: 0.88
Train Epoch over. train_loss: 0.52; train_accuracy: 0.86 

Batch: 0; loss: 0.71; acc: 0.8
Batch: 20; loss: 0.71; acc: 0.83
Batch: 40; loss: 0.4; acc: 0.92
Batch: 60; loss: 0.48; acc: 0.83
Batch: 80; loss: 0.68; acc: 0.86
Batch: 100; loss: 0.4; acc: 0.88
Batch: 120; loss: 0.36; acc: 0.89
Batch: 140; loss: 0.98; acc: 0.77
Val Epoch over. val_loss: 0.5528032280457248; val_accuracy: 0.8420581210191083 

Epoch 5 start
Batch: 0; loss: 0.52; acc: 0.86
Batch: 20; loss: 0.76; acc: 0.78
Batch: 40; loss: 0.73; acc: 0.81
Batch: 60; loss: 0.68; acc: 0.78
Batch: 80; loss: 0.46; acc: 0.92
Batch: 100; loss: 0.5; acc: 0.81
Batch: 120; loss: 0.28; acc: 0.94
Batch: 140; loss: 0.42; acc: 0.86
Batch: 160; loss: 0.54; acc: 0.86
Batch: 180; loss: 0.62; acc: 0.83
Batch: 200; loss: 0.88; acc: 0.75
Batch: 220; loss: 0.52; acc: 0.83
Batch: 240; loss: 0.81; acc: 0.81
Batch: 260; loss: 0.54; acc: 0.88
Batch: 280; loss: 0.6; acc: 0.83
Batch: 300; loss: 0.58; acc: 0.86
Batch: 320; loss: 0.73; acc: 0.78
Batch: 340; loss: 0.76; acc: 0.83
Batch: 360; loss: 0.43; acc: 0.88
Batch: 380; loss: 0.35; acc: 0.89
Batch: 400; loss: 0.51; acc: 0.84
Batch: 420; loss: 0.67; acc: 0.88
Batch: 440; loss: 0.26; acc: 0.91
Batch: 460; loss: 0.54; acc: 0.81
Batch: 480; loss: 0.27; acc: 0.94
Batch: 500; loss: 0.81; acc: 0.8
Batch: 520; loss: 0.32; acc: 0.92
Batch: 540; loss: 0.53; acc: 0.86
Batch: 560; loss: 0.46; acc: 0.84
Batch: 580; loss: 0.59; acc: 0.86
Batch: 600; loss: 0.5; acc: 0.81
Batch: 620; loss: 0.64; acc: 0.86
Train Epoch over. train_loss: 0.51; train_accuracy: 0.86 

Batch: 0; loss: 0.72; acc: 0.84
Batch: 20; loss: 0.72; acc: 0.84
Batch: 40; loss: 0.35; acc: 0.92
Batch: 60; loss: 0.23; acc: 0.94
Batch: 80; loss: 0.4; acc: 0.92
Batch: 100; loss: 0.41; acc: 0.86
Batch: 120; loss: 0.33; acc: 0.88
Batch: 140; loss: 1.03; acc: 0.77
Val Epoch over. val_loss: 0.5172321059901244; val_accuracy: 0.8573845541401274 

Epoch 6 start
Batch: 0; loss: 0.32; acc: 0.89
Batch: 20; loss: 0.66; acc: 0.78
Batch: 40; loss: 0.29; acc: 0.91
Batch: 60; loss: 0.44; acc: 0.84
Batch: 80; loss: 0.52; acc: 0.86
Batch: 100; loss: 0.31; acc: 0.92
Batch: 120; loss: 0.7; acc: 0.84
Batch: 140; loss: 0.6; acc: 0.88
Batch: 160; loss: 0.41; acc: 0.89
Batch: 180; loss: 0.39; acc: 0.89
Batch: 200; loss: 0.5; acc: 0.81
Batch: 220; loss: 0.32; acc: 0.94
Batch: 240; loss: 0.72; acc: 0.8
Batch: 260; loss: 0.65; acc: 0.83
Batch: 280; loss: 0.43; acc: 0.83
Batch: 300; loss: 0.39; acc: 0.89
Batch: 320; loss: 0.49; acc: 0.89
Batch: 340; loss: 0.58; acc: 0.81
Batch: 360; loss: 0.34; acc: 0.89
Batch: 380; loss: 0.51; acc: 0.84
Batch: 400; loss: 0.51; acc: 0.88
Batch: 420; loss: 0.53; acc: 0.91
Batch: 440; loss: 0.47; acc: 0.89
Batch: 460; loss: 0.59; acc: 0.86
Batch: 480; loss: 0.41; acc: 0.86
Batch: 500; loss: 0.28; acc: 0.91
Batch: 520; loss: 0.5; acc: 0.88
Batch: 540; loss: 0.59; acc: 0.86
Batch: 560; loss: 0.47; acc: 0.84
Batch: 580; loss: 0.82; acc: 0.83
Batch: 600; loss: 0.72; acc: 0.84
Batch: 620; loss: 0.72; acc: 0.84
Train Epoch over. train_loss: 0.5; train_accuracy: 0.86 

Batch: 0; loss: 0.71; acc: 0.77
Batch: 20; loss: 1.36; acc: 0.64
Batch: 40; loss: 0.54; acc: 0.8
Batch: 60; loss: 0.74; acc: 0.8
Batch: 80; loss: 0.71; acc: 0.83
Batch: 100; loss: 0.72; acc: 0.83
Batch: 120; loss: 0.43; acc: 0.86
Batch: 140; loss: 1.6; acc: 0.67
Val Epoch over. val_loss: 0.7561425254413277; val_accuracy: 0.802547770700637 

Epoch 7 start
Batch: 0; loss: 0.37; acc: 0.89
Batch: 20; loss: 0.67; acc: 0.8
Batch: 40; loss: 0.42; acc: 0.81
Batch: 60; loss: 0.38; acc: 0.91
Batch: 80; loss: 0.49; acc: 0.91
Batch: 100; loss: 0.46; acc: 0.88
Batch: 120; loss: 0.69; acc: 0.73
Batch: 140; loss: 0.34; acc: 0.88
Batch: 160; loss: 0.86; acc: 0.83
Batch: 180; loss: 0.58; acc: 0.89
Batch: 200; loss: 0.49; acc: 0.89
Batch: 220; loss: 0.53; acc: 0.83
Batch: 240; loss: 0.66; acc: 0.86
Batch: 260; loss: 0.26; acc: 0.91
Batch: 280; loss: 0.49; acc: 0.81
Batch: 300; loss: 0.3; acc: 0.92
Batch: 320; loss: 0.5; acc: 0.88
Batch: 340; loss: 0.27; acc: 0.92
Batch: 360; loss: 0.67; acc: 0.83
Batch: 380; loss: 0.32; acc: 0.89
Batch: 400; loss: 0.33; acc: 0.89
Batch: 420; loss: 0.25; acc: 0.88
Batch: 440; loss: 0.39; acc: 0.88
Batch: 460; loss: 0.87; acc: 0.75
Batch: 480; loss: 0.46; acc: 0.81
Batch: 500; loss: 0.25; acc: 0.91
Batch: 520; loss: 0.69; acc: 0.78
Batch: 540; loss: 0.41; acc: 0.91
Batch: 560; loss: 0.61; acc: 0.8
Batch: 580; loss: 0.53; acc: 0.86
Batch: 600; loss: 0.23; acc: 0.92
Batch: 620; loss: 0.59; acc: 0.88
Train Epoch over. train_loss: 0.49; train_accuracy: 0.87 

Batch: 0; loss: 0.59; acc: 0.8
Batch: 20; loss: 1.28; acc: 0.75
Batch: 40; loss: 0.25; acc: 0.92
Batch: 60; loss: 0.45; acc: 0.86
Batch: 80; loss: 0.46; acc: 0.91
Batch: 100; loss: 0.46; acc: 0.83
Batch: 120; loss: 0.28; acc: 0.94
Batch: 140; loss: 0.9; acc: 0.73
Val Epoch over. val_loss: 0.5543189523326364; val_accuracy: 0.8576831210191083 

Epoch 8 start
Batch: 0; loss: 0.88; acc: 0.81
Batch: 20; loss: 0.81; acc: 0.84
Batch: 40; loss: 0.58; acc: 0.81
Batch: 60; loss: 0.16; acc: 0.92
Batch: 80; loss: 0.79; acc: 0.8
Batch: 100; loss: 0.5; acc: 0.91
Batch: 120; loss: 0.72; acc: 0.86
Batch: 140; loss: 0.38; acc: 0.89
Batch: 160; loss: 0.45; acc: 0.86
Batch: 180; loss: 0.61; acc: 0.86
Batch: 200; loss: 0.3; acc: 0.91
Batch: 220; loss: 0.2; acc: 0.95
Batch: 240; loss: 0.59; acc: 0.89
Batch: 260; loss: 0.11; acc: 0.97
Batch: 280; loss: 0.23; acc: 0.92
Batch: 300; loss: 0.33; acc: 0.91
Batch: 320; loss: 0.21; acc: 0.95
Batch: 340; loss: 0.65; acc: 0.81
Batch: 360; loss: 0.59; acc: 0.83
Batch: 380; loss: 0.34; acc: 0.91
Batch: 400; loss: 0.48; acc: 0.88
Batch: 420; loss: 0.42; acc: 0.86
Batch: 440; loss: 0.22; acc: 0.94
Batch: 460; loss: 0.39; acc: 0.89
Batch: 480; loss: 0.78; acc: 0.86
Batch: 500; loss: 0.25; acc: 0.91
Batch: 520; loss: 0.27; acc: 0.94
Batch: 540; loss: 0.74; acc: 0.77
Batch: 560; loss: 0.24; acc: 0.89
Batch: 580; loss: 0.26; acc: 0.88
Batch: 600; loss: 0.51; acc: 0.86
Batch: 620; loss: 0.69; acc: 0.8
Train Epoch over. train_loss: 0.5; train_accuracy: 0.87 

Batch: 0; loss: 0.82; acc: 0.84
Batch: 20; loss: 1.02; acc: 0.75
Batch: 40; loss: 0.27; acc: 0.91
Batch: 60; loss: 0.26; acc: 0.92
Batch: 80; loss: 0.52; acc: 0.92
Batch: 100; loss: 0.47; acc: 0.84
Batch: 120; loss: 0.49; acc: 0.84
Batch: 140; loss: 0.79; acc: 0.78
Val Epoch over. val_loss: 0.5897420162607909; val_accuracy: 0.8507165605095541 

Epoch 9 start
Batch: 0; loss: 0.28; acc: 0.94
Batch: 20; loss: 0.72; acc: 0.83
Batch: 40; loss: 0.53; acc: 0.89
Batch: 60; loss: 0.36; acc: 0.91
Batch: 80; loss: 0.13; acc: 0.94
Batch: 100; loss: 0.15; acc: 0.95
Batch: 120; loss: 0.15; acc: 0.92
Batch: 140; loss: 0.45; acc: 0.89
Batch: 160; loss: 0.29; acc: 0.92
Batch: 180; loss: 0.61; acc: 0.84
Batch: 200; loss: 0.33; acc: 0.89
Batch: 220; loss: 0.47; acc: 0.89
Batch: 240; loss: 0.61; acc: 0.84
Batch: 260; loss: 0.49; acc: 0.84
Batch: 280; loss: 0.78; acc: 0.8
Batch: 300; loss: 0.41; acc: 0.86
Batch: 320; loss: 0.25; acc: 0.88
Batch: 340; loss: 0.73; acc: 0.84
Batch: 360; loss: 0.52; acc: 0.84
Batch: 380; loss: 0.79; acc: 0.8
Batch: 400; loss: 0.5; acc: 0.88
Batch: 420; loss: 0.72; acc: 0.86
Batch: 440; loss: 0.37; acc: 0.84
Batch: 460; loss: 0.32; acc: 0.95
Batch: 480; loss: 0.34; acc: 0.89
Batch: 500; loss: 0.34; acc: 0.91
Batch: 520; loss: 0.73; acc: 0.84
Batch: 540; loss: 0.47; acc: 0.92
Batch: 560; loss: 0.48; acc: 0.84
Batch: 580; loss: 0.77; acc: 0.8
Batch: 600; loss: 0.59; acc: 0.89
Batch: 620; loss: 0.5; acc: 0.83
Train Epoch over. train_loss: 0.49; train_accuracy: 0.87 

Batch: 0; loss: 0.49; acc: 0.86
Batch: 20; loss: 0.85; acc: 0.86
Batch: 40; loss: 0.23; acc: 0.97
Batch: 60; loss: 0.35; acc: 0.84
Batch: 80; loss: 0.36; acc: 0.95
Batch: 100; loss: 0.37; acc: 0.91
Batch: 120; loss: 0.53; acc: 0.86
Batch: 140; loss: 0.68; acc: 0.81
Val Epoch over. val_loss: 0.5084230382541183; val_accuracy: 0.8670382165605095 

Epoch 10 start
Batch: 0; loss: 0.53; acc: 0.86
Batch: 20; loss: 0.36; acc: 0.89
Batch: 40; loss: 0.6; acc: 0.86
Batch: 60; loss: 0.72; acc: 0.83
Batch: 80; loss: 0.36; acc: 0.86
Batch: 100; loss: 0.58; acc: 0.88
Batch: 120; loss: 0.36; acc: 0.89
Batch: 140; loss: 0.58; acc: 0.86
Batch: 160; loss: 0.47; acc: 0.8
Batch: 180; loss: 0.61; acc: 0.81
Batch: 200; loss: 0.63; acc: 0.84
Batch: 220; loss: 0.47; acc: 0.86
Batch: 240; loss: 0.46; acc: 0.84
Batch: 260; loss: 0.4; acc: 0.91
Batch: 280; loss: 0.69; acc: 0.83
Batch: 300; loss: 0.43; acc: 0.84
Batch: 320; loss: 0.38; acc: 0.88
Batch: 340; loss: 0.34; acc: 0.89
Batch: 360; loss: 0.5; acc: 0.86
Batch: 380; loss: 0.18; acc: 0.92
Batch: 400; loss: 0.19; acc: 0.92
Batch: 420; loss: 0.65; acc: 0.86
Batch: 440; loss: 0.33; acc: 0.92
Batch: 460; loss: 0.49; acc: 0.89
Batch: 480; loss: 0.42; acc: 0.91
Batch: 500; loss: 0.38; acc: 0.86
Batch: 520; loss: 0.37; acc: 0.86
Batch: 540; loss: 0.59; acc: 0.91
Batch: 560; loss: 0.67; acc: 0.81
Batch: 580; loss: 0.33; acc: 0.91
Batch: 600; loss: 0.48; acc: 0.89
Batch: 620; loss: 0.48; acc: 0.84
Train Epoch over. train_loss: 0.47; train_accuracy: 0.87 

Batch: 0; loss: 0.59; acc: 0.86
Batch: 20; loss: 1.11; acc: 0.67
Batch: 40; loss: 0.32; acc: 0.94
Batch: 60; loss: 0.35; acc: 0.81
Batch: 80; loss: 0.52; acc: 0.89
Batch: 100; loss: 0.51; acc: 0.88
Batch: 120; loss: 0.3; acc: 0.89
Batch: 140; loss: 0.76; acc: 0.81
Val Epoch over. val_loss: 0.5403579175946819; val_accuracy: 0.85828025477707 

plots/subspace_True_d_dim_400_model_lenet_lr_0.1_seed_1_epochs_10_batchsize_64_2019-12-22 20:08:55.704431
Epoch 1 start
Batch: 0; loss: 18.69; acc: 0.05
Batch: 20; loss: 1.66; acc: 0.45
Batch: 40; loss: 1.35; acc: 0.64
Batch: 60; loss: 1.27; acc: 0.59
Batch: 80; loss: 1.04; acc: 0.66
Batch: 100; loss: 0.84; acc: 0.7
Batch: 120; loss: 0.67; acc: 0.78
Batch: 140; loss: 0.92; acc: 0.72
Batch: 160; loss: 1.01; acc: 0.75
Batch: 180; loss: 0.53; acc: 0.78
Batch: 200; loss: 0.6; acc: 0.8
Batch: 220; loss: 0.7; acc: 0.8
Batch: 240; loss: 0.69; acc: 0.84
Batch: 260; loss: 0.48; acc: 0.8
Batch: 280; loss: 0.52; acc: 0.77
Batch: 300; loss: 0.39; acc: 0.88
Batch: 320; loss: 0.44; acc: 0.8
Batch: 340; loss: 0.41; acc: 0.91
Batch: 360; loss: 0.41; acc: 0.86
Batch: 380; loss: 0.53; acc: 0.86
Batch: 400; loss: 0.38; acc: 0.84
Batch: 420; loss: 0.65; acc: 0.81
Batch: 440; loss: 0.37; acc: 0.89
Batch: 460; loss: 0.6; acc: 0.86
Batch: 480; loss: 0.29; acc: 0.92
Batch: 500; loss: 0.63; acc: 0.84
Batch: 520; loss: 0.66; acc: 0.8
Batch: 540; loss: 0.22; acc: 0.91
Batch: 560; loss: 0.4; acc: 0.84
Batch: 580; loss: 0.14; acc: 0.97
Batch: 600; loss: 0.33; acc: 0.92
Batch: 620; loss: 0.63; acc: 0.86
Train Epoch over. train_loss: 0.79; train_accuracy: 0.78 

Batch: 0; loss: 0.21; acc: 0.92
Batch: 20; loss: 0.97; acc: 0.72
Batch: 40; loss: 0.26; acc: 0.94
Batch: 60; loss: 0.27; acc: 0.89
Batch: 80; loss: 0.62; acc: 0.88
Batch: 100; loss: 0.61; acc: 0.78
Batch: 120; loss: 0.38; acc: 0.88
Batch: 140; loss: 0.92; acc: 0.78
Val Epoch over. val_loss: 0.4463811381986946; val_accuracy: 0.8679339171974523 

Epoch 2 start
Batch: 0; loss: 0.63; acc: 0.84
Batch: 20; loss: 0.27; acc: 0.91
Batch: 40; loss: 0.5; acc: 0.83
Batch: 60; loss: 0.36; acc: 0.91
Batch: 80; loss: 0.36; acc: 0.89
Batch: 100; loss: 0.56; acc: 0.86
Batch: 120; loss: 0.24; acc: 0.94
Batch: 140; loss: 0.32; acc: 0.91
Batch: 160; loss: 0.44; acc: 0.83
Batch: 180; loss: 0.32; acc: 0.86
Batch: 200; loss: 0.82; acc: 0.81
Batch: 220; loss: 0.16; acc: 0.92
Batch: 240; loss: 0.31; acc: 0.95
Batch: 260; loss: 0.23; acc: 0.94
Batch: 280; loss: 0.31; acc: 0.92
Batch: 300; loss: 0.68; acc: 0.84
Batch: 320; loss: 0.43; acc: 0.84
Batch: 340; loss: 0.44; acc: 0.88
Batch: 360; loss: 0.7; acc: 0.83
Batch: 380; loss: 0.26; acc: 0.91
Batch: 400; loss: 0.35; acc: 0.89
Batch: 420; loss: 0.36; acc: 0.91
Batch: 440; loss: 0.29; acc: 0.88
Batch: 460; loss: 0.49; acc: 0.84
Batch: 480; loss: 0.26; acc: 0.92
Batch: 500; loss: 0.76; acc: 0.86
Batch: 520; loss: 0.26; acc: 0.92
Batch: 540; loss: 0.16; acc: 0.92
Batch: 560; loss: 0.49; acc: 0.84
Batch: 580; loss: 0.31; acc: 0.91
Batch: 600; loss: 0.43; acc: 0.92
Batch: 620; loss: 0.61; acc: 0.81
Train Epoch over. train_loss: 0.4; train_accuracy: 0.88 

Batch: 0; loss: 0.21; acc: 0.92
Batch: 20; loss: 0.56; acc: 0.86
Batch: 40; loss: 0.15; acc: 0.97
Batch: 60; loss: 0.28; acc: 0.89
Batch: 80; loss: 0.39; acc: 0.91
Batch: 100; loss: 0.47; acc: 0.81
Batch: 120; loss: 0.36; acc: 0.88
Batch: 140; loss: 0.75; acc: 0.8
Val Epoch over. val_loss: 0.37717324082448983; val_accuracy: 0.8881369426751592 

Epoch 3 start
Batch: 0; loss: 0.22; acc: 0.92
Batch: 20; loss: 0.39; acc: 0.89
Batch: 40; loss: 0.37; acc: 0.91
Batch: 60; loss: 0.46; acc: 0.88
Batch: 80; loss: 0.42; acc: 0.88
Batch: 100; loss: 0.24; acc: 0.91
Batch: 120; loss: 0.28; acc: 0.91
Batch: 140; loss: 0.17; acc: 0.94
Batch: 160; loss: 0.25; acc: 0.92
Batch: 180; loss: 0.5; acc: 0.88
Batch: 200; loss: 0.28; acc: 0.95
Batch: 220; loss: 0.41; acc: 0.84
Batch: 240; loss: 0.53; acc: 0.86
Batch: 260; loss: 0.28; acc: 0.89
Batch: 280; loss: 0.39; acc: 0.86
Batch: 300; loss: 0.41; acc: 0.89
Batch: 320; loss: 0.49; acc: 0.89
Batch: 340; loss: 0.23; acc: 0.92
Batch: 360; loss: 0.22; acc: 0.89
Batch: 380; loss: 0.29; acc: 0.94
Batch: 400; loss: 0.37; acc: 0.91
Batch: 420; loss: 0.68; acc: 0.83
Batch: 440; loss: 0.34; acc: 0.92
Batch: 460; loss: 0.49; acc: 0.86
Batch: 480; loss: 0.52; acc: 0.81
Batch: 500; loss: 0.4; acc: 0.88
Batch: 520; loss: 0.41; acc: 0.89
Batch: 540; loss: 0.1; acc: 0.95
Batch: 560; loss: 0.28; acc: 0.89
Batch: 580; loss: 0.39; acc: 0.91
Batch: 600; loss: 0.27; acc: 0.92
Batch: 620; loss: 0.24; acc: 0.92
Train Epoch over. train_loss: 0.36; train_accuracy: 0.89 

Batch: 0; loss: 0.15; acc: 0.95
Batch: 20; loss: 0.42; acc: 0.86
Batch: 40; loss: 0.21; acc: 0.94
Batch: 60; loss: 0.24; acc: 0.94
Batch: 80; loss: 0.31; acc: 0.94
Batch: 100; loss: 0.56; acc: 0.83
Batch: 120; loss: 0.31; acc: 0.92
Batch: 140; loss: 0.87; acc: 0.81
Val Epoch over. val_loss: 0.3388919208175058; val_accuracy: 0.9025676751592356 

Epoch 4 start
Batch: 0; loss: 0.2; acc: 0.91
Batch: 20; loss: 0.72; acc: 0.78
Batch: 40; loss: 0.19; acc: 0.94
Batch: 60; loss: 0.57; acc: 0.88
Batch: 80; loss: 0.18; acc: 0.92
Batch: 100; loss: 0.36; acc: 0.88
Batch: 120; loss: 0.29; acc: 0.91
Batch: 140; loss: 0.58; acc: 0.88
Batch: 160; loss: 0.29; acc: 0.89
Batch: 180; loss: 0.13; acc: 0.95
Batch: 200; loss: 0.34; acc: 0.89
Batch: 220; loss: 0.22; acc: 0.97
Batch: 240; loss: 0.32; acc: 0.89
Batch: 260; loss: 0.15; acc: 0.95
Batch: 280; loss: 0.43; acc: 0.91
Batch: 300; loss: 0.28; acc: 0.92
Batch: 320; loss: 0.36; acc: 0.89
Batch: 340; loss: 0.2; acc: 0.92
Batch: 360; loss: 0.4; acc: 0.92
Batch: 380; loss: 0.51; acc: 0.89
Batch: 400; loss: 0.11; acc: 0.97
Batch: 420; loss: 0.42; acc: 0.92
Batch: 440; loss: 0.54; acc: 0.89
Batch: 460; loss: 0.34; acc: 0.88
Batch: 480; loss: 0.28; acc: 0.88
Batch: 500; loss: 0.54; acc: 0.89
Batch: 520; loss: 0.4; acc: 0.91
Batch: 540; loss: 0.14; acc: 0.94
Batch: 560; loss: 0.24; acc: 0.94
Batch: 580; loss: 0.34; acc: 0.95
Batch: 600; loss: 0.41; acc: 0.83
Batch: 620; loss: 0.22; acc: 0.97
Train Epoch over. train_loss: 0.34; train_accuracy: 0.9 

Batch: 0; loss: 0.22; acc: 0.91
Batch: 20; loss: 0.47; acc: 0.88
Batch: 40; loss: 0.15; acc: 0.97
Batch: 60; loss: 0.25; acc: 0.92
Batch: 80; loss: 0.33; acc: 0.94
Batch: 100; loss: 0.54; acc: 0.83
Batch: 120; loss: 0.36; acc: 0.91
Batch: 140; loss: 1.04; acc: 0.8
Val Epoch over. val_loss: 0.3569718739789003; val_accuracy: 0.8959992038216561 

Epoch 5 start
Batch: 0; loss: 0.29; acc: 0.91
Batch: 20; loss: 0.48; acc: 0.86
Batch: 40; loss: 0.67; acc: 0.86
Batch: 60; loss: 0.55; acc: 0.92
Batch: 80; loss: 0.65; acc: 0.84
Batch: 100; loss: 0.41; acc: 0.89
Batch: 120; loss: 0.38; acc: 0.91
Batch: 140; loss: 0.45; acc: 0.89
Batch: 160; loss: 0.51; acc: 0.89
Batch: 180; loss: 0.32; acc: 0.92
Batch: 200; loss: 0.45; acc: 0.89
Batch: 220; loss: 0.4; acc: 0.88
Batch: 240; loss: 0.47; acc: 0.86
Batch: 260; loss: 0.19; acc: 0.95
Batch: 280; loss: 0.4; acc: 0.89
Batch: 300; loss: 0.19; acc: 0.95
Batch: 320; loss: 0.45; acc: 0.88
Batch: 340; loss: 0.58; acc: 0.92
Batch: 360; loss: 0.51; acc: 0.89
Batch: 380; loss: 0.24; acc: 0.91
Batch: 400; loss: 0.16; acc: 0.94
Batch: 420; loss: 0.34; acc: 0.89
Batch: 440; loss: 0.47; acc: 0.89
Batch: 460; loss: 0.17; acc: 0.94
Batch: 480; loss: 0.23; acc: 0.88
Batch: 500; loss: 0.48; acc: 0.88
Batch: 520; loss: 0.18; acc: 0.95
Batch: 540; loss: 0.47; acc: 0.92
Batch: 560; loss: 0.32; acc: 0.91
Batch: 580; loss: 0.32; acc: 0.89
Batch: 600; loss: 0.2; acc: 0.94
Batch: 620; loss: 0.57; acc: 0.91
Train Epoch over. train_loss: 0.33; train_accuracy: 0.9 

Batch: 0; loss: 0.15; acc: 0.98
Batch: 20; loss: 0.45; acc: 0.88
Batch: 40; loss: 0.13; acc: 0.97
Batch: 60; loss: 0.3; acc: 0.91
Batch: 80; loss: 0.43; acc: 0.89
Batch: 100; loss: 0.44; acc: 0.86
Batch: 120; loss: 0.37; acc: 0.94
Batch: 140; loss: 0.99; acc: 0.81
Val Epoch over. val_loss: 0.35208343000263925; val_accuracy: 0.8985867834394905 

Epoch 6 start
Batch: 0; loss: 0.36; acc: 0.89
Batch: 20; loss: 0.59; acc: 0.8
Batch: 40; loss: 0.22; acc: 0.94
Batch: 60; loss: 0.3; acc: 0.91
Batch: 80; loss: 0.62; acc: 0.88
Batch: 100; loss: 0.21; acc: 0.92
Batch: 120; loss: 0.43; acc: 0.89
Batch: 140; loss: 0.35; acc: 0.91
Batch: 160; loss: 0.35; acc: 0.91
Batch: 180; loss: 0.11; acc: 0.97
Batch: 200; loss: 0.24; acc: 0.91
Batch: 220; loss: 0.25; acc: 0.94
Batch: 240; loss: 0.54; acc: 0.83
Batch: 260; loss: 0.39; acc: 0.86
Batch: 280; loss: 0.3; acc: 0.91
Batch: 300; loss: 0.25; acc: 0.91
Batch: 320; loss: 0.45; acc: 0.88
Batch: 340; loss: 0.3; acc: 0.91
Batch: 360; loss: 0.2; acc: 0.97
Batch: 380; loss: 0.14; acc: 0.95
Batch: 400; loss: 0.13; acc: 0.94
Batch: 420; loss: 0.2; acc: 0.94
Batch: 440; loss: 0.22; acc: 0.91
Batch: 460; loss: 0.37; acc: 0.89
Batch: 480; loss: 0.38; acc: 0.91
Batch: 500; loss: 0.16; acc: 0.94
Batch: 520; loss: 0.36; acc: 0.89
Batch: 540; loss: 0.27; acc: 0.89
Batch: 560; loss: 0.19; acc: 0.94
Batch: 580; loss: 0.5; acc: 0.89
Batch: 600; loss: 0.32; acc: 0.92
Batch: 620; loss: 0.32; acc: 0.89
Train Epoch over. train_loss: 0.33; train_accuracy: 0.9 

Batch: 0; loss: 0.2; acc: 0.94
Batch: 20; loss: 0.41; acc: 0.88
Batch: 40; loss: 0.14; acc: 0.95
Batch: 60; loss: 0.22; acc: 0.95
Batch: 80; loss: 0.42; acc: 0.92
Batch: 100; loss: 0.48; acc: 0.88
Batch: 120; loss: 0.38; acc: 0.91
Batch: 140; loss: 1.27; acc: 0.8
Val Epoch over. val_loss: 0.3632165502970386; val_accuracy: 0.8971934713375797 

Epoch 7 start
Batch: 0; loss: 0.23; acc: 0.95
Batch: 20; loss: 0.23; acc: 0.95
Batch: 40; loss: 0.31; acc: 0.92
Batch: 60; loss: 0.13; acc: 0.95
Batch: 80; loss: 0.36; acc: 0.91
Batch: 100; loss: 0.27; acc: 0.95
Batch: 120; loss: 0.32; acc: 0.89
Batch: 140; loss: 0.3; acc: 0.92
Batch: 160; loss: 0.3; acc: 0.91
Batch: 180; loss: 0.54; acc: 0.89
Batch: 200; loss: 0.2; acc: 0.94
Batch: 220; loss: 0.34; acc: 0.92
Batch: 240; loss: 0.35; acc: 0.91
Batch: 260; loss: 0.06; acc: 0.98
Batch: 280; loss: 0.39; acc: 0.89
Batch: 300; loss: 0.28; acc: 0.92
Batch: 320; loss: 0.13; acc: 0.95
Batch: 340; loss: 0.25; acc: 0.94
Batch: 360; loss: 0.48; acc: 0.88
Batch: 380; loss: 0.46; acc: 0.89
Batch: 400; loss: 0.29; acc: 0.91
Batch: 420; loss: 0.24; acc: 0.91
Batch: 440; loss: 0.11; acc: 0.97
Batch: 460; loss: 0.65; acc: 0.84
Batch: 480; loss: 0.37; acc: 0.84
Batch: 500; loss: 0.25; acc: 0.92
Batch: 520; loss: 0.43; acc: 0.88
Batch: 540; loss: 0.23; acc: 0.92
Batch: 560; loss: 0.28; acc: 0.95
Batch: 580; loss: 0.29; acc: 0.89
Batch: 600; loss: 0.29; acc: 0.91
Batch: 620; loss: 0.59; acc: 0.86
Train Epoch over. train_loss: 0.32; train_accuracy: 0.91 

Batch: 0; loss: 0.19; acc: 0.94
Batch: 20; loss: 0.35; acc: 0.89
Batch: 40; loss: 0.13; acc: 0.97
Batch: 60; loss: 0.19; acc: 0.95
Batch: 80; loss: 0.26; acc: 0.94
Batch: 100; loss: 0.53; acc: 0.89
Batch: 120; loss: 0.43; acc: 0.88
Batch: 140; loss: 0.99; acc: 0.81
Val Epoch over. val_loss: 0.320936884944606; val_accuracy: 0.9049562101910829 

Epoch 8 start
Batch: 0; loss: 0.44; acc: 0.89
Batch: 20; loss: 0.41; acc: 0.92
Batch: 40; loss: 0.35; acc: 0.91
Batch: 60; loss: 0.2; acc: 0.91
Batch: 80; loss: 0.48; acc: 0.86
Batch: 100; loss: 0.45; acc: 0.91
Batch: 120; loss: 0.35; acc: 0.86
Batch: 140; loss: 0.23; acc: 0.89
Batch: 160; loss: 0.09; acc: 0.95
Batch: 180; loss: 0.39; acc: 0.94
Batch: 200; loss: 0.23; acc: 0.88
Batch: 220; loss: 0.22; acc: 0.91
Batch: 240; loss: 0.3; acc: 0.91
Batch: 260; loss: 0.12; acc: 0.95
Batch: 280; loss: 0.27; acc: 0.89
Batch: 300; loss: 0.24; acc: 0.92
Batch: 320; loss: 0.25; acc: 0.89
Batch: 340; loss: 0.26; acc: 0.94
Batch: 360; loss: 0.16; acc: 0.92
Batch: 380; loss: 0.15; acc: 0.95
Batch: 400; loss: 0.41; acc: 0.88
Batch: 420; loss: 0.55; acc: 0.83
Batch: 440; loss: 0.2; acc: 0.94
Batch: 460; loss: 0.1; acc: 0.97
Batch: 480; loss: 0.52; acc: 0.86
Batch: 500; loss: 0.2; acc: 0.92
Batch: 520; loss: 0.14; acc: 0.97
Batch: 540; loss: 0.38; acc: 0.84
Batch: 560; loss: 0.18; acc: 0.97
Batch: 580; loss: 0.21; acc: 0.91
Batch: 600; loss: 0.26; acc: 0.91
Batch: 620; loss: 0.61; acc: 0.81
Train Epoch over. train_loss: 0.32; train_accuracy: 0.91 

Batch: 0; loss: 0.14; acc: 0.95
Batch: 20; loss: 0.38; acc: 0.92
Batch: 40; loss: 0.11; acc: 0.95
Batch: 60; loss: 0.26; acc: 0.94
Batch: 80; loss: 0.24; acc: 0.95
Batch: 100; loss: 0.68; acc: 0.84
Batch: 120; loss: 0.53; acc: 0.89
Batch: 140; loss: 0.98; acc: 0.83
Val Epoch over. val_loss: 0.3746363484318469; val_accuracy: 0.8926154458598726 

Epoch 9 start
Batch: 0; loss: 0.25; acc: 0.89
Batch: 20; loss: 0.35; acc: 0.91
Batch: 40; loss: 0.36; acc: 0.89
Batch: 60; loss: 0.43; acc: 0.88
Batch: 80; loss: 0.09; acc: 0.94
Batch: 100; loss: 0.17; acc: 0.92
Batch: 120; loss: 0.12; acc: 0.95
Batch: 140; loss: 0.49; acc: 0.84
Batch: 160; loss: 0.36; acc: 0.91
Batch: 180; loss: 0.25; acc: 0.92
Batch: 200; loss: 0.28; acc: 0.92
Batch: 220; loss: 0.4; acc: 0.91
Batch: 240; loss: 0.32; acc: 0.92
Batch: 260; loss: 0.18; acc: 0.95
Batch: 280; loss: 0.56; acc: 0.91
Batch: 300; loss: 0.35; acc: 0.91
Batch: 320; loss: 0.29; acc: 0.91
Batch: 340; loss: 0.4; acc: 0.91
Batch: 360; loss: 0.49; acc: 0.92
Batch: 380; loss: 0.36; acc: 0.89
Batch: 400; loss: 0.3; acc: 0.88
Batch: 420; loss: 0.42; acc: 0.86
Batch: 440; loss: 0.28; acc: 0.91
Batch: 460; loss: 0.25; acc: 0.94
Batch: 480; loss: 0.29; acc: 0.94
Batch: 500; loss: 0.09; acc: 0.98
Batch: 520; loss: 0.23; acc: 0.92
Batch: 540; loss: 0.27; acc: 0.91
Batch: 560; loss: 0.38; acc: 0.86
Batch: 580; loss: 0.36; acc: 0.89
Batch: 600; loss: 0.27; acc: 0.94
Batch: 620; loss: 0.23; acc: 0.92
Train Epoch over. train_loss: 0.32; train_accuracy: 0.91 

Batch: 0; loss: 0.32; acc: 0.89
Batch: 20; loss: 0.39; acc: 0.88
Batch: 40; loss: 0.16; acc: 0.94
Batch: 60; loss: 0.26; acc: 0.92
Batch: 80; loss: 0.47; acc: 0.89
Batch: 100; loss: 0.44; acc: 0.86
Batch: 120; loss: 0.54; acc: 0.88
Batch: 140; loss: 1.06; acc: 0.83
Val Epoch over. val_loss: 0.41721405364145897; val_accuracy: 0.8812699044585988 

Epoch 10 start
Batch: 0; loss: 0.6; acc: 0.88
Batch: 20; loss: 0.19; acc: 0.94
Batch: 40; loss: 0.13; acc: 0.95
Batch: 60; loss: 0.45; acc: 0.89
Batch: 80; loss: 0.16; acc: 0.95
Batch: 100; loss: 0.28; acc: 0.91
Batch: 120; loss: 0.43; acc: 0.91
Batch: 140; loss: 0.35; acc: 0.89
Batch: 160; loss: 0.27; acc: 0.95
Batch: 180; loss: 0.27; acc: 0.92
Batch: 200; loss: 0.3; acc: 0.95
Batch: 220; loss: 0.15; acc: 0.95
Batch: 240; loss: 0.28; acc: 0.91
Batch: 260; loss: 0.45; acc: 0.89
Batch: 280; loss: 0.53; acc: 0.88
Batch: 300; loss: 0.43; acc: 0.89
Batch: 320; loss: 0.34; acc: 0.88
Batch: 340; loss: 0.17; acc: 0.94
Batch: 360; loss: 0.31; acc: 0.91
Batch: 380; loss: 0.57; acc: 0.89
Batch: 400; loss: 0.21; acc: 0.95
Batch: 420; loss: 0.29; acc: 0.92
Batch: 440; loss: 0.45; acc: 0.88
Batch: 460; loss: 0.35; acc: 0.89
Batch: 480; loss: 0.31; acc: 0.89
Batch: 500; loss: 0.35; acc: 0.89
Batch: 520; loss: 0.48; acc: 0.84
Batch: 540; loss: 0.39; acc: 0.89
Batch: 560; loss: 0.59; acc: 0.84
Batch: 580; loss: 0.07; acc: 1.0
Batch: 600; loss: 0.37; acc: 0.88
Batch: 620; loss: 0.37; acc: 0.88
Train Epoch over. train_loss: 0.31; train_accuracy: 0.91 

Batch: 0; loss: 0.17; acc: 0.95
Batch: 20; loss: 0.53; acc: 0.84
Batch: 40; loss: 0.14; acc: 0.94
Batch: 60; loss: 0.17; acc: 0.95
Batch: 80; loss: 0.42; acc: 0.94
Batch: 100; loss: 0.35; acc: 0.88
Batch: 120; loss: 0.37; acc: 0.94
Batch: 140; loss: 1.03; acc: 0.83
Val Epoch over. val_loss: 0.3233174830200566; val_accuracy: 0.9068471337579618 

plots/subspace_True_d_dim_500_model_lenet_lr_0.1_seed_1_epochs_10_batchsize_64_2019-12-22 20:11:13.996681
plots/subspace_True_d_dim_XXXXX_model_lenet_lr_0.1_seed_1_epochs_10_batchsize_64_2019-12-22 20:11:14.440193
