Epoch 1 start
Batch: 0; loss: 18.69; acc: 0.05
Batch: 20; loss: 3.66; acc: 0.2
Batch: 40; loss: 3.93; acc: 0.28
Batch: 60; loss: 5.35; acc: 0.38
Batch: 80; loss: 4.07; acc: 0.33
Batch: 100; loss: 3.33; acc: 0.41
Batch: 120; loss: 3.24; acc: 0.41
Batch: 140; loss: 4.25; acc: 0.38
Batch: 160; loss: 4.02; acc: 0.39
Batch: 180; loss: 3.84; acc: 0.34
Batch: 200; loss: 3.85; acc: 0.42
Batch: 220; loss: 4.27; acc: 0.23
Batch: 240; loss: 4.56; acc: 0.3
Batch: 260; loss: 5.17; acc: 0.22
Batch: 280; loss: 5.06; acc: 0.3
Batch: 300; loss: 3.27; acc: 0.33
Batch: 320; loss: 3.73; acc: 0.33
Batch: 340; loss: 3.09; acc: 0.39
Batch: 360; loss: 4.03; acc: 0.36
Batch: 380; loss: 3.35; acc: 0.38
Batch: 400; loss: 3.4; acc: 0.45
Batch: 420; loss: 3.98; acc: 0.36
Batch: 440; loss: 3.15; acc: 0.36
Batch: 460; loss: 3.73; acc: 0.34
Batch: 480; loss: 4.03; acc: 0.34
Batch: 500; loss: 4.02; acc: 0.34
Batch: 520; loss: 4.46; acc: 0.34
Batch: 540; loss: 4.86; acc: 0.31
Batch: 560; loss: 3.24; acc: 0.39
Batch: 580; loss: 2.81; acc: 0.39
Batch: 600; loss: 4.01; acc: 0.42
Batch: 620; loss: 3.64; acc: 0.42
Train Epoch over. train_loss: 3.96; train_accuracy: 0.34 

Batch: 0; loss: 2.96; acc: 0.47
Batch: 20; loss: 4.82; acc: 0.34
Batch: 40; loss: 4.09; acc: 0.2
Batch: 60; loss: 4.4; acc: 0.28
Batch: 80; loss: 3.95; acc: 0.28
Batch: 100; loss: 4.05; acc: 0.36
Batch: 120; loss: 3.92; acc: 0.47
Batch: 140; loss: 5.69; acc: 0.3
Val Epoch over. val_loss: 3.7912956256016046; val_accuracy: 0.37201433121019106 

Epoch 2 start
Batch: 0; loss: 4.18; acc: 0.36
Batch: 20; loss: 4.17; acc: 0.41
Batch: 40; loss: 4.14; acc: 0.36
Batch: 60; loss: 3.76; acc: 0.36
Batch: 80; loss: 3.65; acc: 0.33
Batch: 100; loss: 3.52; acc: 0.36
Batch: 120; loss: 4.85; acc: 0.25
Batch: 140; loss: 3.6; acc: 0.41
Batch: 160; loss: 3.61; acc: 0.36
Batch: 180; loss: 4.7; acc: 0.28
Batch: 200; loss: 2.95; acc: 0.42
Batch: 220; loss: 3.03; acc: 0.48
Batch: 240; loss: 4.36; acc: 0.28
Batch: 260; loss: 3.31; acc: 0.45
Batch: 280; loss: 3.21; acc: 0.39
Batch: 300; loss: 3.09; acc: 0.38
Batch: 320; loss: 3.5; acc: 0.36
Batch: 340; loss: 3.17; acc: 0.36
Batch: 360; loss: 3.8; acc: 0.41
Batch: 380; loss: 3.13; acc: 0.59
Batch: 400; loss: 3.27; acc: 0.39
Batch: 420; loss: 4.65; acc: 0.41
Batch: 440; loss: 4.06; acc: 0.39
Batch: 460; loss: 3.77; acc: 0.44
Batch: 480; loss: 3.55; acc: 0.38
Batch: 500; loss: 3.81; acc: 0.41
Batch: 520; loss: 5.41; acc: 0.33
Batch: 540; loss: 3.71; acc: 0.47
Batch: 560; loss: 3.8; acc: 0.42
Batch: 580; loss: 3.08; acc: 0.42
Batch: 600; loss: 4.29; acc: 0.38
Batch: 620; loss: 3.47; acc: 0.47
Train Epoch over. train_loss: 3.69; train_accuracy: 0.39 

Batch: 0; loss: 3.1; acc: 0.44
Batch: 20; loss: 4.39; acc: 0.36
Batch: 40; loss: 3.2; acc: 0.42
Batch: 60; loss: 3.65; acc: 0.34
Batch: 80; loss: 4.27; acc: 0.31
Batch: 100; loss: 4.27; acc: 0.31
Batch: 120; loss: 3.83; acc: 0.41
Batch: 140; loss: 5.71; acc: 0.31
Val Epoch over. val_loss: 3.6406288374761107; val_accuracy: 0.4144108280254777 

Epoch 3 start
Batch: 0; loss: 4.38; acc: 0.33
Batch: 20; loss: 4.13; acc: 0.44
Batch: 40; loss: 3.04; acc: 0.5
Batch: 60; loss: 3.65; acc: 0.52
Batch: 80; loss: 4.48; acc: 0.33
Batch: 100; loss: 4.69; acc: 0.36
Batch: 120; loss: 3.32; acc: 0.38
Batch: 140; loss: 4.61; acc: 0.42
Batch: 160; loss: 3.03; acc: 0.38
Batch: 180; loss: 3.48; acc: 0.42
Batch: 200; loss: 2.99; acc: 0.48
Batch: 220; loss: 3.64; acc: 0.42
Batch: 240; loss: 4.38; acc: 0.45
Batch: 260; loss: 4.25; acc: 0.45
Batch: 280; loss: 3.92; acc: 0.41
Batch: 300; loss: 3.01; acc: 0.48
Batch: 320; loss: 4.85; acc: 0.3
Batch: 340; loss: 3.66; acc: 0.44
Batch: 360; loss: 2.71; acc: 0.48
Batch: 380; loss: 3.85; acc: 0.44
Batch: 400; loss: 4.03; acc: 0.38
Batch: 420; loss: 3.94; acc: 0.42
Batch: 440; loss: 4.37; acc: 0.39
Batch: 460; loss: 2.97; acc: 0.48
Batch: 480; loss: 4.4; acc: 0.3
Batch: 500; loss: 4.09; acc: 0.38
Batch: 520; loss: 3.74; acc: 0.41
Batch: 540; loss: 2.69; acc: 0.53
Batch: 560; loss: 4.25; acc: 0.42
Batch: 580; loss: 3.66; acc: 0.52
Batch: 600; loss: 2.47; acc: 0.53
Batch: 620; loss: 3.33; acc: 0.41
Train Epoch over. train_loss: 3.7; train_accuracy: 0.42 

Batch: 0; loss: 4.13; acc: 0.41
Batch: 20; loss: 4.99; acc: 0.3
Batch: 40; loss: 3.19; acc: 0.47
Batch: 60; loss: 3.94; acc: 0.39
Batch: 80; loss: 4.42; acc: 0.3
Batch: 100; loss: 4.84; acc: 0.3
Batch: 120; loss: 3.45; acc: 0.45
Batch: 140; loss: 6.63; acc: 0.25
Val Epoch over. val_loss: 4.128496177636894; val_accuracy: 0.4030652866242038 

Epoch 4 start
Batch: 0; loss: 2.84; acc: 0.48
Batch: 20; loss: 4.37; acc: 0.28
Batch: 40; loss: 2.37; acc: 0.45
Batch: 60; loss: 3.88; acc: 0.44
Batch: 80; loss: 3.83; acc: 0.42
Batch: 100; loss: 3.19; acc: 0.48
Batch: 120; loss: 3.65; acc: 0.39
Batch: 140; loss: 4.37; acc: 0.34
Batch: 160; loss: 3.17; acc: 0.55
Batch: 180; loss: 3.76; acc: 0.44
Batch: 200; loss: 2.8; acc: 0.55
Batch: 220; loss: 3.56; acc: 0.44
Batch: 240; loss: 3.22; acc: 0.5
Batch: 260; loss: 4.0; acc: 0.41
Batch: 280; loss: 3.58; acc: 0.41
Batch: 300; loss: 3.68; acc: 0.44
Batch: 320; loss: 3.82; acc: 0.44
Batch: 340; loss: 3.76; acc: 0.36
Batch: 360; loss: 3.81; acc: 0.45
Batch: 380; loss: 3.46; acc: 0.41
Batch: 400; loss: 2.75; acc: 0.45
Batch: 420; loss: 3.35; acc: 0.39
Batch: 440; loss: 3.76; acc: 0.39
Batch: 460; loss: 3.37; acc: 0.38
Batch: 480; loss: 3.94; acc: 0.42
Batch: 500; loss: 3.53; acc: 0.38
Batch: 520; loss: 4.1; acc: 0.44
Batch: 540; loss: 3.87; acc: 0.38
Batch: 560; loss: 3.07; acc: 0.55
Batch: 580; loss: 2.48; acc: 0.48
Batch: 600; loss: 3.14; acc: 0.42
Batch: 620; loss: 3.61; acc: 0.47
Train Epoch over. train_loss: 3.69; train_accuracy: 0.43 

Batch: 0; loss: 3.45; acc: 0.48
Batch: 20; loss: 4.64; acc: 0.31
Batch: 40; loss: 2.56; acc: 0.47
Batch: 60; loss: 3.28; acc: 0.34
Batch: 80; loss: 4.16; acc: 0.36
Batch: 100; loss: 4.61; acc: 0.36
Batch: 120; loss: 3.54; acc: 0.39
Batch: 140; loss: 5.55; acc: 0.33
Val Epoch over. val_loss: 3.6812432267863278; val_accuracy: 0.4228702229299363 

Epoch 5 start
Batch: 0; loss: 3.13; acc: 0.5
Batch: 20; loss: 3.47; acc: 0.38
Batch: 40; loss: 4.15; acc: 0.47
Batch: 60; loss: 3.73; acc: 0.41
Batch: 80; loss: 4.65; acc: 0.41
Batch: 100; loss: 4.05; acc: 0.39
Batch: 120; loss: 4.14; acc: 0.33
Batch: 140; loss: 3.92; acc: 0.45
Batch: 160; loss: 4.25; acc: 0.39
Batch: 180; loss: 3.01; acc: 0.48
Batch: 200; loss: 3.9; acc: 0.36
Batch: 220; loss: 4.01; acc: 0.45
Batch: 240; loss: 3.24; acc: 0.45
Batch: 260; loss: 4.15; acc: 0.39
Batch: 280; loss: 4.24; acc: 0.41
Batch: 300; loss: 3.87; acc: 0.41
Batch: 320; loss: 4.99; acc: 0.36
Batch: 340; loss: 4.22; acc: 0.31
Batch: 360; loss: 3.0; acc: 0.47
Batch: 380; loss: 3.84; acc: 0.28
Batch: 400; loss: 3.63; acc: 0.38
Batch: 420; loss: 3.88; acc: 0.44
Batch: 440; loss: 4.09; acc: 0.41
Batch: 460; loss: 3.42; acc: 0.39
Batch: 480; loss: 3.47; acc: 0.41
Batch: 500; loss: 3.63; acc: 0.45
Batch: 520; loss: 3.29; acc: 0.34
Batch: 540; loss: 3.84; acc: 0.44
Batch: 560; loss: 3.35; acc: 0.47
Batch: 580; loss: 2.08; acc: 0.56
Batch: 600; loss: 2.77; acc: 0.53
Batch: 620; loss: 2.74; acc: 0.48
Train Epoch over. train_loss: 3.7; train_accuracy: 0.42 

Batch: 0; loss: 3.35; acc: 0.45
Batch: 20; loss: 4.35; acc: 0.42
Batch: 40; loss: 2.73; acc: 0.45
Batch: 60; loss: 3.16; acc: 0.38
Batch: 80; loss: 3.69; acc: 0.44
Batch: 100; loss: 4.96; acc: 0.38
Batch: 120; loss: 3.62; acc: 0.47
Batch: 140; loss: 6.03; acc: 0.27
Val Epoch over. val_loss: 3.773289691111085; val_accuracy: 0.43192675159235666 

Epoch 6 start
Batch: 0; loss: 3.43; acc: 0.5
Batch: 20; loss: 3.36; acc: 0.45
Batch: 40; loss: 4.58; acc: 0.41
Batch: 60; loss: 4.48; acc: 0.39
Batch: 80; loss: 3.72; acc: 0.45
Batch: 100; loss: 3.19; acc: 0.47
Batch: 120; loss: 4.7; acc: 0.33
Batch: 140; loss: 3.66; acc: 0.42
Batch: 160; loss: 3.81; acc: 0.45
Batch: 180; loss: 3.35; acc: 0.34
Batch: 200; loss: 4.31; acc: 0.36
Batch: 220; loss: 3.74; acc: 0.47
Batch: 240; loss: 5.49; acc: 0.23
Batch: 260; loss: 4.82; acc: 0.38
Batch: 280; loss: 3.89; acc: 0.36
Batch: 300; loss: 3.76; acc: 0.42
Batch: 320; loss: 4.75; acc: 0.42
Batch: 340; loss: 3.76; acc: 0.36
Batch: 360; loss: 3.55; acc: 0.34
Batch: 380; loss: 4.35; acc: 0.41
Batch: 400; loss: 3.48; acc: 0.44
Batch: 420; loss: 3.85; acc: 0.39
Batch: 440; loss: 3.89; acc: 0.53
Batch: 460; loss: 3.0; acc: 0.5
Batch: 480; loss: 3.17; acc: 0.45
Batch: 500; loss: 3.6; acc: 0.41
Batch: 520; loss: 3.42; acc: 0.38
Batch: 540; loss: 3.58; acc: 0.44
Batch: 560; loss: 4.03; acc: 0.45
Batch: 580; loss: 3.49; acc: 0.55
Batch: 600; loss: 3.61; acc: 0.42
Batch: 620; loss: 2.56; acc: 0.47
Train Epoch over. train_loss: 3.7; train_accuracy: 0.43 

Batch: 0; loss: 3.4; acc: 0.48
Batch: 20; loss: 4.44; acc: 0.28
Batch: 40; loss: 2.88; acc: 0.45
Batch: 60; loss: 3.6; acc: 0.3
Batch: 80; loss: 4.15; acc: 0.34
Batch: 100; loss: 4.27; acc: 0.38
Batch: 120; loss: 3.3; acc: 0.42
Batch: 140; loss: 5.49; acc: 0.28
Val Epoch over. val_loss: 3.666282699366284; val_accuracy: 0.41679936305732485 

Epoch 7 start
Batch: 0; loss: 3.42; acc: 0.44
Batch: 20; loss: 4.08; acc: 0.38
Batch: 40; loss: 3.15; acc: 0.42
Batch: 60; loss: 3.39; acc: 0.42
Batch: 80; loss: 3.85; acc: 0.42
Batch: 100; loss: 2.57; acc: 0.48
Batch: 120; loss: 5.42; acc: 0.31
Batch: 140; loss: 4.81; acc: 0.34
Batch: 160; loss: 5.5; acc: 0.27
Batch: 180; loss: 3.69; acc: 0.39
Batch: 200; loss: 4.22; acc: 0.39
Batch: 220; loss: 4.15; acc: 0.39
Batch: 240; loss: 3.66; acc: 0.39
Batch: 260; loss: 3.87; acc: 0.44
Batch: 280; loss: 3.12; acc: 0.45
Batch: 300; loss: 3.62; acc: 0.39
Batch: 320; loss: 3.71; acc: 0.41
Batch: 340; loss: 3.55; acc: 0.45
Batch: 360; loss: 4.5; acc: 0.33
Batch: 380; loss: 3.68; acc: 0.48
Batch: 400; loss: 3.45; acc: 0.42
Batch: 420; loss: 3.09; acc: 0.53
Batch: 440; loss: 4.24; acc: 0.36
Batch: 460; loss: 4.67; acc: 0.39
Batch: 480; loss: 3.48; acc: 0.41
Batch: 500; loss: 3.1; acc: 0.5
Batch: 520; loss: 2.96; acc: 0.5
Batch: 540; loss: 3.74; acc: 0.48
Batch: 560; loss: 3.77; acc: 0.38
Batch: 580; loss: 3.16; acc: 0.38
Batch: 600; loss: 2.74; acc: 0.5
Batch: 620; loss: 3.98; acc: 0.48
Train Epoch over. train_loss: 3.72; train_accuracy: 0.42 

Batch: 0; loss: 3.11; acc: 0.52
Batch: 20; loss: 4.34; acc: 0.34
Batch: 40; loss: 2.97; acc: 0.5
Batch: 60; loss: 3.77; acc: 0.33
Batch: 80; loss: 4.23; acc: 0.31
Batch: 100; loss: 3.83; acc: 0.42
Batch: 120; loss: 3.32; acc: 0.48
Batch: 140; loss: 6.14; acc: 0.27
Val Epoch over. val_loss: 3.6612539397683115; val_accuracy: 0.4293391719745223 

Epoch 8 start
Batch: 0; loss: 3.54; acc: 0.48
Batch: 20; loss: 3.33; acc: 0.42
Batch: 40; loss: 3.61; acc: 0.42
Batch: 60; loss: 3.31; acc: 0.47
Batch: 80; loss: 3.3; acc: 0.41
Batch: 100; loss: 3.32; acc: 0.42
Batch: 120; loss: 3.57; acc: 0.48
Batch: 140; loss: 4.18; acc: 0.36
Batch: 160; loss: 3.34; acc: 0.48
Batch: 180; loss: 4.26; acc: 0.34
Batch: 200; loss: 4.25; acc: 0.42
Batch: 220; loss: 4.04; acc: 0.39
Batch: 240; loss: 3.18; acc: 0.53
Batch: 260; loss: 3.66; acc: 0.42
Batch: 280; loss: 3.71; acc: 0.41
Batch: 300; loss: 2.54; acc: 0.38
Batch: 320; loss: 4.0; acc: 0.3
Batch: 340; loss: 4.16; acc: 0.41
Batch: 360; loss: 3.54; acc: 0.38
Batch: 380; loss: 3.48; acc: 0.56
Batch: 400; loss: 3.81; acc: 0.33
Batch: 420; loss: 4.01; acc: 0.34
Batch: 440; loss: 3.64; acc: 0.48
Batch: 460; loss: 3.68; acc: 0.44
Batch: 480; loss: 3.7; acc: 0.38
Batch: 500; loss: 3.38; acc: 0.55
Batch: 520; loss: 2.85; acc: 0.55
Batch: 540; loss: 5.12; acc: 0.36
Batch: 560; loss: 3.59; acc: 0.53
Batch: 580; loss: 3.15; acc: 0.45
Batch: 600; loss: 2.67; acc: 0.41
Batch: 620; loss: 3.68; acc: 0.36
Train Epoch over. train_loss: 3.71; train_accuracy: 0.42 

Batch: 0; loss: 3.53; acc: 0.44
Batch: 20; loss: 4.75; acc: 0.34
Batch: 40; loss: 3.04; acc: 0.44
Batch: 60; loss: 3.65; acc: 0.33
Batch: 80; loss: 4.43; acc: 0.36
Batch: 100; loss: 4.41; acc: 0.34
Batch: 120; loss: 3.25; acc: 0.45
Batch: 140; loss: 5.73; acc: 0.25
Val Epoch over. val_loss: 3.7518950723538733; val_accuracy: 0.40734474522292996 

Epoch 9 start
Batch: 0; loss: 3.27; acc: 0.5
Batch: 20; loss: 3.67; acc: 0.38
Batch: 40; loss: 3.46; acc: 0.45
Batch: 60; loss: 3.93; acc: 0.38
Batch: 80; loss: 2.79; acc: 0.45
Batch: 100; loss: 3.46; acc: 0.44
Batch: 120; loss: 3.5; acc: 0.31
Batch: 140; loss: 4.02; acc: 0.47
Batch: 160; loss: 4.69; acc: 0.3
Batch: 180; loss: 4.15; acc: 0.33
Batch: 200; loss: 3.74; acc: 0.42
Batch: 220; loss: 3.76; acc: 0.53
Batch: 240; loss: 3.94; acc: 0.44
Batch: 260; loss: 2.48; acc: 0.44
Batch: 280; loss: 4.18; acc: 0.42
Batch: 300; loss: 5.6; acc: 0.31
Batch: 320; loss: 3.26; acc: 0.53
Batch: 340; loss: 3.75; acc: 0.33
Batch: 360; loss: 3.94; acc: 0.52
Batch: 380; loss: 3.55; acc: 0.53
Batch: 400; loss: 3.71; acc: 0.52
Batch: 420; loss: 4.16; acc: 0.36
Batch: 440; loss: 3.87; acc: 0.44
Batch: 460; loss: 3.06; acc: 0.5
Batch: 480; loss: 2.45; acc: 0.58
Batch: 500; loss: 3.9; acc: 0.47
Batch: 520; loss: 4.64; acc: 0.42
Batch: 540; loss: 3.92; acc: 0.36
Batch: 560; loss: 3.63; acc: 0.48
Batch: 580; loss: 3.71; acc: 0.42
Batch: 600; loss: 3.78; acc: 0.42
Batch: 620; loss: 4.79; acc: 0.33
Train Epoch over. train_loss: 3.69; train_accuracy: 0.43 

Batch: 0; loss: 3.56; acc: 0.45
Batch: 20; loss: 4.72; acc: 0.38
Batch: 40; loss: 3.98; acc: 0.36
Batch: 60; loss: 4.07; acc: 0.27
Batch: 80; loss: 4.43; acc: 0.39
Batch: 100; loss: 5.13; acc: 0.33
Batch: 120; loss: 4.49; acc: 0.44
Batch: 140; loss: 6.35; acc: 0.25
Val Epoch over. val_loss: 4.206899380228322; val_accuracy: 0.4052547770700637 

Epoch 10 start
Batch: 0; loss: 4.73; acc: 0.42
Batch: 20; loss: 4.06; acc: 0.38
Batch: 40; loss: 2.49; acc: 0.62
Batch: 60; loss: 3.63; acc: 0.34
Batch: 80; loss: 3.09; acc: 0.45
Batch: 100; loss: 2.36; acc: 0.58
Batch: 120; loss: 3.97; acc: 0.44
Batch: 140; loss: 3.7; acc: 0.38
Batch: 160; loss: 3.29; acc: 0.47
Batch: 180; loss: 3.72; acc: 0.42
Batch: 200; loss: 4.63; acc: 0.34
Batch: 220; loss: 3.23; acc: 0.52
Batch: 240; loss: 4.85; acc: 0.34
Batch: 260; loss: 2.45; acc: 0.41
Batch: 280; loss: 3.38; acc: 0.38
Batch: 300; loss: 2.63; acc: 0.48
Batch: 320; loss: 3.79; acc: 0.44
Batch: 340; loss: 3.02; acc: 0.48
Batch: 360; loss: 3.86; acc: 0.39
Batch: 380; loss: 4.58; acc: 0.45
Batch: 400; loss: 2.84; acc: 0.5
Batch: 420; loss: 4.26; acc: 0.42
Batch: 440; loss: 3.38; acc: 0.39
Batch: 460; loss: 4.1; acc: 0.39
Batch: 480; loss: 3.81; acc: 0.38
Batch: 500; loss: 4.56; acc: 0.42
Batch: 520; loss: 3.27; acc: 0.42
Batch: 540; loss: 3.18; acc: 0.5
Batch: 560; loss: 3.99; acc: 0.36
Batch: 580; loss: 5.01; acc: 0.38
Batch: 600; loss: 3.24; acc: 0.48
Batch: 620; loss: 4.09; acc: 0.34
Train Epoch over. train_loss: 3.73; train_accuracy: 0.42 

Batch: 0; loss: 4.15; acc: 0.41
Batch: 20; loss: 5.38; acc: 0.28
Batch: 40; loss: 3.81; acc: 0.5
Batch: 60; loss: 5.0; acc: 0.38
Batch: 80; loss: 5.17; acc: 0.28
Batch: 100; loss: 5.24; acc: 0.39
Batch: 120; loss: 3.49; acc: 0.45
Batch: 140; loss: 6.77; acc: 0.25
Val Epoch over. val_loss: 4.528693466429498; val_accuracy: 0.3929140127388535 

plots/subspace_True_d_dim_50_model_lenet_lr_0.1_seed_1_epochs_10_batchsize_64_2019-12-31 11:16:11.628802
Epoch 1 start
Batch: 0; loss: 18.69; acc: 0.05
Batch: 20; loss: 3.5; acc: 0.3
Batch: 40; loss: 4.24; acc: 0.27
Batch: 60; loss: 4.16; acc: 0.36
Batch: 80; loss: 3.03; acc: 0.47
Batch: 100; loss: 2.82; acc: 0.36
Batch: 120; loss: 2.41; acc: 0.52
Batch: 140; loss: 3.03; acc: 0.45
Batch: 160; loss: 3.27; acc: 0.47
Batch: 180; loss: 2.23; acc: 0.5
Batch: 200; loss: 2.39; acc: 0.5
Batch: 220; loss: 3.51; acc: 0.36
Batch: 240; loss: 2.96; acc: 0.47
Batch: 260; loss: 3.55; acc: 0.42
Batch: 280; loss: 3.24; acc: 0.45
Batch: 300; loss: 3.03; acc: 0.42
Batch: 320; loss: 1.73; acc: 0.56
Batch: 340; loss: 2.56; acc: 0.55
Batch: 360; loss: 3.24; acc: 0.44
Batch: 380; loss: 3.07; acc: 0.44
Batch: 400; loss: 2.27; acc: 0.64
Batch: 420; loss: 2.32; acc: 0.45
Batch: 440; loss: 1.78; acc: 0.53
Batch: 460; loss: 2.76; acc: 0.58
Batch: 480; loss: 2.23; acc: 0.59
Batch: 500; loss: 3.01; acc: 0.52
Batch: 520; loss: 2.76; acc: 0.48
Batch: 540; loss: 2.6; acc: 0.56
Batch: 560; loss: 2.79; acc: 0.52
Batch: 580; loss: 1.69; acc: 0.66
Batch: 600; loss: 1.9; acc: 0.59
Batch: 620; loss: 3.21; acc: 0.59
Train Epoch over. train_loss: 2.91; train_accuracy: 0.47 

Batch: 0; loss: 1.82; acc: 0.69
Batch: 20; loss: 3.01; acc: 0.5
Batch: 40; loss: 1.67; acc: 0.55
Batch: 60; loss: 2.67; acc: 0.53
Batch: 80; loss: 2.1; acc: 0.56
Batch: 100; loss: 3.07; acc: 0.36
Batch: 120; loss: 1.93; acc: 0.64
Batch: 140; loss: 3.94; acc: 0.45
Val Epoch over. val_loss: 2.5997832930012112; val_accuracy: 0.5155254777070064 

Epoch 2 start
Batch: 0; loss: 2.51; acc: 0.47
Batch: 20; loss: 2.38; acc: 0.59
Batch: 40; loss: 3.05; acc: 0.45
Batch: 60; loss: 2.55; acc: 0.47
Batch: 80; loss: 2.17; acc: 0.47
Batch: 100; loss: 2.69; acc: 0.53
Batch: 120; loss: 2.25; acc: 0.55
Batch: 140; loss: 2.08; acc: 0.53
Batch: 160; loss: 2.56; acc: 0.48
Batch: 180; loss: 2.97; acc: 0.41
Batch: 200; loss: 2.57; acc: 0.53
Batch: 220; loss: 1.74; acc: 0.53
Batch: 240; loss: 2.53; acc: 0.56
Batch: 260; loss: 2.21; acc: 0.44
Batch: 280; loss: 2.36; acc: 0.47
Batch: 300; loss: 2.94; acc: 0.44
Batch: 320; loss: 2.43; acc: 0.48
Batch: 340; loss: 2.4; acc: 0.52
Batch: 360; loss: 2.16; acc: 0.53
Batch: 380; loss: 2.02; acc: 0.53
Batch: 400; loss: 3.49; acc: 0.41
Batch: 420; loss: 3.0; acc: 0.48
Batch: 440; loss: 2.96; acc: 0.41
Batch: 460; loss: 2.58; acc: 0.52
Batch: 480; loss: 2.46; acc: 0.55
Batch: 500; loss: 2.51; acc: 0.58
Batch: 520; loss: 2.63; acc: 0.56
Batch: 540; loss: 1.94; acc: 0.64
Batch: 560; loss: 2.49; acc: 0.55
Batch: 580; loss: 2.79; acc: 0.5
Batch: 600; loss: 1.99; acc: 0.61
Batch: 620; loss: 2.78; acc: 0.45
Train Epoch over. train_loss: 2.55; train_accuracy: 0.53 

Batch: 0; loss: 1.6; acc: 0.64
Batch: 20; loss: 2.32; acc: 0.53
Batch: 40; loss: 1.37; acc: 0.64
Batch: 60; loss: 2.23; acc: 0.55
Batch: 80; loss: 2.02; acc: 0.59
Batch: 100; loss: 2.38; acc: 0.5
Batch: 120; loss: 2.24; acc: 0.59
Batch: 140; loss: 3.36; acc: 0.5
Val Epoch over. val_loss: 2.323711304907586; val_accuracy: 0.5444864649681529 

Epoch 3 start
Batch: 0; loss: 1.78; acc: 0.59
Batch: 20; loss: 3.46; acc: 0.44
Batch: 40; loss: 2.09; acc: 0.66
Batch: 60; loss: 4.14; acc: 0.42
Batch: 80; loss: 1.92; acc: 0.62
Batch: 100; loss: 2.07; acc: 0.59
Batch: 120; loss: 3.22; acc: 0.39
Batch: 140; loss: 3.48; acc: 0.45
Batch: 160; loss: 1.77; acc: 0.58
Batch: 180; loss: 2.27; acc: 0.61
Batch: 200; loss: 2.24; acc: 0.58
Batch: 220; loss: 3.75; acc: 0.44
Batch: 240; loss: 1.91; acc: 0.58
Batch: 260; loss: 2.04; acc: 0.58
Batch: 280; loss: 2.55; acc: 0.59
Batch: 300; loss: 2.19; acc: 0.47
Batch: 320; loss: 2.73; acc: 0.53
Batch: 340; loss: 2.04; acc: 0.62
Batch: 360; loss: 2.52; acc: 0.52
Batch: 380; loss: 3.31; acc: 0.41
Batch: 400; loss: 3.18; acc: 0.52
Batch: 420; loss: 3.91; acc: 0.42
Batch: 440; loss: 2.37; acc: 0.58
Batch: 460; loss: 2.64; acc: 0.53
Batch: 480; loss: 2.64; acc: 0.48
Batch: 500; loss: 2.26; acc: 0.52
Batch: 520; loss: 2.09; acc: 0.52
Batch: 540; loss: 2.35; acc: 0.56
Batch: 560; loss: 2.52; acc: 0.48
Batch: 580; loss: 2.2; acc: 0.53
Batch: 600; loss: 2.02; acc: 0.61
Batch: 620; loss: 2.41; acc: 0.5
Train Epoch over. train_loss: 2.48; train_accuracy: 0.53 

Batch: 0; loss: 2.03; acc: 0.55
Batch: 20; loss: 2.78; acc: 0.39
Batch: 40; loss: 1.34; acc: 0.62
Batch: 60; loss: 3.3; acc: 0.48
Batch: 80; loss: 2.38; acc: 0.55
Batch: 100; loss: 2.08; acc: 0.59
Batch: 120; loss: 1.71; acc: 0.69
Batch: 140; loss: 3.42; acc: 0.44
Val Epoch over. val_loss: 2.272087141966364; val_accuracy: 0.5528463375796179 

Epoch 4 start
Batch: 0; loss: 2.56; acc: 0.5
Batch: 20; loss: 3.08; acc: 0.42
Batch: 40; loss: 1.9; acc: 0.55
Batch: 60; loss: 2.23; acc: 0.52
Batch: 80; loss: 2.69; acc: 0.48
Batch: 100; loss: 2.28; acc: 0.53
Batch: 120; loss: 1.97; acc: 0.56
Batch: 140; loss: 2.99; acc: 0.5
Batch: 160; loss: 2.18; acc: 0.52
Batch: 180; loss: 1.96; acc: 0.5
Batch: 200; loss: 2.26; acc: 0.56
Batch: 220; loss: 2.57; acc: 0.55
Batch: 240; loss: 2.45; acc: 0.59
Batch: 260; loss: 2.49; acc: 0.47
Batch: 280; loss: 1.64; acc: 0.64
Batch: 300; loss: 3.3; acc: 0.39
Batch: 320; loss: 2.21; acc: 0.56
Batch: 340; loss: 2.64; acc: 0.61
Batch: 360; loss: 2.71; acc: 0.52
Batch: 380; loss: 2.52; acc: 0.59
Batch: 400; loss: 1.69; acc: 0.62
Batch: 420; loss: 3.25; acc: 0.52
Batch: 440; loss: 3.31; acc: 0.47
Batch: 460; loss: 1.79; acc: 0.62
Batch: 480; loss: 3.05; acc: 0.56
Batch: 500; loss: 1.8; acc: 0.59
Batch: 520; loss: 2.75; acc: 0.56
Batch: 540; loss: 2.43; acc: 0.56
Batch: 560; loss: 3.26; acc: 0.58
Batch: 580; loss: 1.61; acc: 0.62
Batch: 600; loss: 2.41; acc: 0.64
Batch: 620; loss: 2.43; acc: 0.61
Train Epoch over. train_loss: 2.33; train_accuracy: 0.56 

Batch: 0; loss: 1.3; acc: 0.7
Batch: 20; loss: 2.62; acc: 0.53
Batch: 40; loss: 1.13; acc: 0.72
Batch: 60; loss: 2.37; acc: 0.61
Batch: 80; loss: 1.95; acc: 0.56
Batch: 100; loss: 1.85; acc: 0.62
Batch: 120; loss: 2.6; acc: 0.59
Batch: 140; loss: 3.21; acc: 0.53
Val Epoch over. val_loss: 1.9606336905698107; val_accuracy: 0.6254976114649682 

Epoch 5 start
Batch: 0; loss: 2.02; acc: 0.58
Batch: 20; loss: 2.6; acc: 0.55
Batch: 40; loss: 2.37; acc: 0.48
Batch: 60; loss: 1.66; acc: 0.61
Batch: 80; loss: 1.82; acc: 0.66
Batch: 100; loss: 2.24; acc: 0.55
Batch: 120; loss: 1.95; acc: 0.62
Batch: 140; loss: 2.2; acc: 0.59
Batch: 160; loss: 2.82; acc: 0.55
Batch: 180; loss: 1.59; acc: 0.69
Batch: 200; loss: 1.96; acc: 0.58
Batch: 220; loss: 1.88; acc: 0.69
Batch: 240; loss: 2.51; acc: 0.61
Batch: 260; loss: 1.87; acc: 0.58
Batch: 280; loss: 2.33; acc: 0.59
Batch: 300; loss: 1.73; acc: 0.58
Batch: 320; loss: 1.56; acc: 0.62
Batch: 340; loss: 2.76; acc: 0.55
Batch: 360; loss: 3.12; acc: 0.58
Batch: 380; loss: 1.71; acc: 0.62
Batch: 400; loss: 1.24; acc: 0.7
Batch: 420; loss: 2.56; acc: 0.56
Batch: 440; loss: 1.66; acc: 0.58
Batch: 460; loss: 2.34; acc: 0.55
Batch: 480; loss: 1.59; acc: 0.69
Batch: 500; loss: 2.66; acc: 0.52
Batch: 520; loss: 2.08; acc: 0.67
Batch: 540; loss: 2.92; acc: 0.56
Batch: 560; loss: 1.93; acc: 0.67
Batch: 580; loss: 2.19; acc: 0.58
Batch: 600; loss: 2.53; acc: 0.59
Batch: 620; loss: 1.86; acc: 0.67
Train Epoch over. train_loss: 2.14; train_accuracy: 0.61 

Batch: 0; loss: 1.12; acc: 0.75
Batch: 20; loss: 2.22; acc: 0.53
Batch: 40; loss: 1.12; acc: 0.77
Batch: 60; loss: 2.35; acc: 0.59
Batch: 80; loss: 2.06; acc: 0.61
Batch: 100; loss: 1.6; acc: 0.59
Batch: 120; loss: 2.65; acc: 0.64
Batch: 140; loss: 3.29; acc: 0.48
Val Epoch over. val_loss: 1.8891485587806458; val_accuracy: 0.6366441082802548 

Epoch 6 start
Batch: 0; loss: 1.13; acc: 0.77
Batch: 20; loss: 2.72; acc: 0.62
Batch: 40; loss: 2.29; acc: 0.64
Batch: 60; loss: 3.35; acc: 0.56
Batch: 80; loss: 2.59; acc: 0.55
Batch: 100; loss: 2.03; acc: 0.58
Batch: 120; loss: 1.6; acc: 0.66
Batch: 140; loss: 2.95; acc: 0.55
Batch: 160; loss: 1.67; acc: 0.66
Batch: 180; loss: 2.12; acc: 0.64
Batch: 200; loss: 2.05; acc: 0.59
Batch: 220; loss: 2.02; acc: 0.62
Batch: 240; loss: 2.32; acc: 0.53
Batch: 260; loss: 1.76; acc: 0.64
Batch: 280; loss: 2.06; acc: 0.58
Batch: 300; loss: 1.92; acc: 0.62
Batch: 320; loss: 2.52; acc: 0.48
Batch: 340; loss: 1.82; acc: 0.7
Batch: 360; loss: 1.07; acc: 0.7
Batch: 380; loss: 1.72; acc: 0.61
Batch: 400; loss: 1.7; acc: 0.61
Batch: 420; loss: 1.55; acc: 0.7
Batch: 440; loss: 2.54; acc: 0.59
Batch: 460; loss: 2.15; acc: 0.64
Batch: 480; loss: 1.67; acc: 0.56
Batch: 500; loss: 1.68; acc: 0.64
Batch: 520; loss: 2.03; acc: 0.62
Batch: 540; loss: 1.62; acc: 0.61
Batch: 560; loss: 2.8; acc: 0.53
Batch: 580; loss: 1.93; acc: 0.7
Batch: 600; loss: 2.24; acc: 0.67
Batch: 620; loss: 1.97; acc: 0.72
Train Epoch over. train_loss: 2.06; train_accuracy: 0.62 

Batch: 0; loss: 0.98; acc: 0.75
Batch: 20; loss: 3.2; acc: 0.45
Batch: 40; loss: 1.24; acc: 0.81
Batch: 60; loss: 2.71; acc: 0.59
Batch: 80; loss: 3.11; acc: 0.55
Batch: 100; loss: 2.2; acc: 0.64
Batch: 120; loss: 2.3; acc: 0.59
Batch: 140; loss: 2.99; acc: 0.47
Val Epoch over. val_loss: 2.108618112126733; val_accuracy: 0.6251990445859873 

Epoch 7 start
Batch: 0; loss: 1.52; acc: 0.72
Batch: 20; loss: 2.03; acc: 0.64
Batch: 40; loss: 2.94; acc: 0.5
Batch: 60; loss: 2.32; acc: 0.53
Batch: 80; loss: 1.3; acc: 0.73
Batch: 100; loss: 2.01; acc: 0.59
Batch: 120; loss: 2.55; acc: 0.58
Batch: 140; loss: 1.62; acc: 0.69
Batch: 160; loss: 2.19; acc: 0.64
Batch: 180; loss: 2.36; acc: 0.55
Batch: 200; loss: 1.91; acc: 0.59
Batch: 220; loss: 2.11; acc: 0.58
Batch: 240; loss: 2.19; acc: 0.59
Batch: 260; loss: 2.19; acc: 0.5
Batch: 280; loss: 2.63; acc: 0.64
Batch: 300; loss: 1.32; acc: 0.7
Batch: 320; loss: 1.36; acc: 0.69
Batch: 340; loss: 2.3; acc: 0.55
Batch: 360; loss: 1.99; acc: 0.62
Batch: 380; loss: 1.74; acc: 0.72
Batch: 400; loss: 1.86; acc: 0.61
Batch: 420; loss: 1.93; acc: 0.72
Batch: 440; loss: 2.66; acc: 0.48
Batch: 460; loss: 1.73; acc: 0.7
Batch: 480; loss: 2.09; acc: 0.66
Batch: 500; loss: 1.43; acc: 0.73
Batch: 520; loss: 1.48; acc: 0.64
Batch: 540; loss: 1.34; acc: 0.7
Batch: 560; loss: 2.33; acc: 0.58
Batch: 580; loss: 1.94; acc: 0.67
Batch: 600; loss: 1.72; acc: 0.61
Batch: 620; loss: 2.05; acc: 0.66
Train Epoch over. train_loss: 2.02; train_accuracy: 0.63 

Batch: 0; loss: 0.96; acc: 0.73
Batch: 20; loss: 2.34; acc: 0.59
Batch: 40; loss: 1.14; acc: 0.78
Batch: 60; loss: 2.46; acc: 0.62
Batch: 80; loss: 2.39; acc: 0.58
Batch: 100; loss: 1.91; acc: 0.61
Batch: 120; loss: 2.45; acc: 0.69
Batch: 140; loss: 3.28; acc: 0.44
Val Epoch over. val_loss: 1.8981826586328494; val_accuracy: 0.6426154458598726 

Epoch 8 start
Batch: 0; loss: 1.66; acc: 0.61
Batch: 20; loss: 1.62; acc: 0.69
Batch: 40; loss: 1.66; acc: 0.66
Batch: 60; loss: 1.11; acc: 0.73
Batch: 80; loss: 3.0; acc: 0.58
Batch: 100; loss: 2.49; acc: 0.61
Batch: 120; loss: 1.75; acc: 0.66
Batch: 140; loss: 2.37; acc: 0.55
Batch: 160; loss: 2.02; acc: 0.67
Batch: 180; loss: 2.64; acc: 0.55
Batch: 200; loss: 2.87; acc: 0.66
Batch: 220; loss: 2.39; acc: 0.55
Batch: 240; loss: 1.49; acc: 0.7
Batch: 260; loss: 1.32; acc: 0.64
Batch: 280; loss: 1.41; acc: 0.64
Batch: 300; loss: 1.34; acc: 0.75
Batch: 320; loss: 1.91; acc: 0.61
Batch: 340; loss: 1.8; acc: 0.62
Batch: 360; loss: 1.27; acc: 0.66
Batch: 380; loss: 1.65; acc: 0.66
Batch: 400; loss: 2.36; acc: 0.62
Batch: 420; loss: 2.23; acc: 0.55
Batch: 440; loss: 1.86; acc: 0.64
Batch: 460; loss: 1.86; acc: 0.64
Batch: 480; loss: 1.59; acc: 0.73
Batch: 500; loss: 1.92; acc: 0.69
Batch: 520; loss: 2.29; acc: 0.58
Batch: 540; loss: 4.6; acc: 0.44
Batch: 560; loss: 1.35; acc: 0.7
Batch: 580; loss: 2.26; acc: 0.56
Batch: 600; loss: 1.76; acc: 0.7
Batch: 620; loss: 2.33; acc: 0.55
Train Epoch over. train_loss: 2.01; train_accuracy: 0.63 

Batch: 0; loss: 1.34; acc: 0.67
Batch: 20; loss: 2.54; acc: 0.52
Batch: 40; loss: 1.06; acc: 0.8
Batch: 60; loss: 2.68; acc: 0.59
Batch: 80; loss: 2.81; acc: 0.53
Batch: 100; loss: 2.0; acc: 0.64
Batch: 120; loss: 2.18; acc: 0.64
Batch: 140; loss: 3.05; acc: 0.5
Val Epoch over. val_loss: 1.9194992290940254; val_accuracy: 0.6384355095541401 

Epoch 9 start
Batch: 0; loss: 0.97; acc: 0.73
Batch: 20; loss: 2.36; acc: 0.61
Batch: 40; loss: 1.53; acc: 0.77
Batch: 60; loss: 1.38; acc: 0.64
Batch: 80; loss: 2.28; acc: 0.62
Batch: 100; loss: 2.35; acc: 0.67
Batch: 120; loss: 1.6; acc: 0.66
Batch: 140; loss: 2.07; acc: 0.59
Batch: 160; loss: 1.93; acc: 0.61
Batch: 180; loss: 3.1; acc: 0.52
Batch: 200; loss: 1.78; acc: 0.66
Batch: 220; loss: 2.43; acc: 0.56
Batch: 240; loss: 3.09; acc: 0.59
Batch: 260; loss: 2.36; acc: 0.59
Batch: 280; loss: 3.77; acc: 0.53
Batch: 300; loss: 1.9; acc: 0.56
Batch: 320; loss: 1.89; acc: 0.58
Batch: 340; loss: 1.81; acc: 0.62
Batch: 360; loss: 2.42; acc: 0.52
Batch: 380; loss: 2.43; acc: 0.62
Batch: 400; loss: 2.12; acc: 0.61
Batch: 420; loss: 2.02; acc: 0.69
Batch: 440; loss: 2.26; acc: 0.62
Batch: 460; loss: 1.33; acc: 0.77
Batch: 480; loss: 1.55; acc: 0.7
Batch: 500; loss: 1.6; acc: 0.64
Batch: 520; loss: 1.61; acc: 0.66
Batch: 540; loss: 1.23; acc: 0.69
Batch: 560; loss: 2.1; acc: 0.55
Batch: 580; loss: 3.17; acc: 0.41
Batch: 600; loss: 2.63; acc: 0.55
Batch: 620; loss: 1.55; acc: 0.7
Train Epoch over. train_loss: 2.02; train_accuracy: 0.63 

Batch: 0; loss: 1.77; acc: 0.62
Batch: 20; loss: 2.5; acc: 0.59
Batch: 40; loss: 1.27; acc: 0.7
Batch: 60; loss: 2.65; acc: 0.53
Batch: 80; loss: 2.19; acc: 0.58
Batch: 100; loss: 2.15; acc: 0.58
Batch: 120; loss: 2.37; acc: 0.66
Batch: 140; loss: 3.67; acc: 0.42
Val Epoch over. val_loss: 2.1999610525787254; val_accuracy: 0.6003184713375797 

Epoch 10 start
Batch: 0; loss: 2.77; acc: 0.61
Batch: 20; loss: 2.11; acc: 0.59
Batch: 40; loss: 2.23; acc: 0.61
Batch: 60; loss: 2.09; acc: 0.61
Batch: 80; loss: 1.22; acc: 0.67
Batch: 100; loss: 1.68; acc: 0.59
Batch: 120; loss: 1.66; acc: 0.62
Batch: 140; loss: 1.45; acc: 0.69
Batch: 160; loss: 1.74; acc: 0.66
Batch: 180; loss: 2.43; acc: 0.59
Batch: 200; loss: 1.79; acc: 0.69
Batch: 220; loss: 1.9; acc: 0.67
Batch: 240; loss: 1.58; acc: 0.7
Batch: 260; loss: 1.42; acc: 0.75
Batch: 280; loss: 2.2; acc: 0.62
Batch: 300; loss: 2.04; acc: 0.62
Batch: 320; loss: 1.9; acc: 0.7
Batch: 340; loss: 1.54; acc: 0.66
Batch: 360; loss: 1.23; acc: 0.67
Batch: 380; loss: 1.66; acc: 0.69
Batch: 400; loss: 1.89; acc: 0.62
Batch: 420; loss: 2.33; acc: 0.64
Batch: 440; loss: 2.15; acc: 0.58
Batch: 460; loss: 2.38; acc: 0.62
Batch: 480; loss: 2.02; acc: 0.58
Batch: 500; loss: 1.81; acc: 0.61
Batch: 520; loss: 2.04; acc: 0.56
Batch: 540; loss: 2.7; acc: 0.55
Batch: 560; loss: 2.75; acc: 0.62
Batch: 580; loss: 1.83; acc: 0.66
Batch: 600; loss: 1.73; acc: 0.64
Batch: 620; loss: 1.83; acc: 0.67
Train Epoch over. train_loss: 2.05; train_accuracy: 0.62 

Batch: 0; loss: 1.33; acc: 0.75
Batch: 20; loss: 2.76; acc: 0.5
Batch: 40; loss: 1.42; acc: 0.7
Batch: 60; loss: 2.12; acc: 0.59
Batch: 80; loss: 2.85; acc: 0.56
Batch: 100; loss: 2.2; acc: 0.62
Batch: 120; loss: 2.39; acc: 0.69
Batch: 140; loss: 2.44; acc: 0.53
Val Epoch over. val_loss: 2.0306268987382294; val_accuracy: 0.6218152866242038 

plots/subspace_True_d_dim_100_model_lenet_lr_0.1_seed_1_epochs_10_batchsize_64_2019-12-31 11:18:13.274109
Epoch 1 start
Batch: 0; loss: 18.69; acc: 0.05
Batch: 20; loss: 2.35; acc: 0.38
Batch: 40; loss: 1.42; acc: 0.59
Batch: 60; loss: 1.48; acc: 0.58
Batch: 80; loss: 1.48; acc: 0.59
Batch: 100; loss: 0.96; acc: 0.7
Batch: 120; loss: 1.08; acc: 0.69
Batch: 140; loss: 1.59; acc: 0.67
Batch: 160; loss: 1.54; acc: 0.69
Batch: 180; loss: 1.04; acc: 0.67
Batch: 200; loss: 1.08; acc: 0.77
Batch: 220; loss: 1.45; acc: 0.58
Batch: 240; loss: 1.68; acc: 0.61
Batch: 260; loss: 1.75; acc: 0.61
Batch: 280; loss: 0.89; acc: 0.81
Batch: 300; loss: 1.21; acc: 0.64
Batch: 320; loss: 1.02; acc: 0.8
Batch: 340; loss: 1.46; acc: 0.7
Batch: 360; loss: 0.68; acc: 0.72
Batch: 380; loss: 0.99; acc: 0.73
Batch: 400; loss: 0.85; acc: 0.77
Batch: 420; loss: 1.26; acc: 0.66
Batch: 440; loss: 0.89; acc: 0.73
Batch: 460; loss: 1.09; acc: 0.72
Batch: 480; loss: 0.79; acc: 0.77
Batch: 500; loss: 1.34; acc: 0.67
Batch: 520; loss: 1.49; acc: 0.64
Batch: 540; loss: 0.93; acc: 0.77
Batch: 560; loss: 0.82; acc: 0.84
Batch: 580; loss: 0.85; acc: 0.77
Batch: 600; loss: 1.05; acc: 0.78
Batch: 620; loss: 1.45; acc: 0.62
Train Epoch over. train_loss: 1.32; train_accuracy: 0.69 

Batch: 0; loss: 0.79; acc: 0.8
Batch: 20; loss: 1.72; acc: 0.69
Batch: 40; loss: 0.61; acc: 0.83
Batch: 60; loss: 0.94; acc: 0.73
Batch: 80; loss: 1.55; acc: 0.62
Batch: 100; loss: 1.05; acc: 0.77
Batch: 120; loss: 0.81; acc: 0.77
Batch: 140; loss: 1.52; acc: 0.59
Val Epoch over. val_loss: 1.0712136185852585; val_accuracy: 0.740047770700637 

Epoch 2 start
Batch: 0; loss: 1.08; acc: 0.66
Batch: 20; loss: 0.8; acc: 0.78
Batch: 40; loss: 1.06; acc: 0.7
Batch: 60; loss: 0.84; acc: 0.73
Batch: 80; loss: 1.17; acc: 0.7
Batch: 100; loss: 0.76; acc: 0.84
Batch: 120; loss: 0.7; acc: 0.84
Batch: 140; loss: 0.63; acc: 0.83
Batch: 160; loss: 0.84; acc: 0.77
Batch: 180; loss: 0.84; acc: 0.8
Batch: 200; loss: 1.4; acc: 0.69
Batch: 220; loss: 0.52; acc: 0.88
Batch: 240; loss: 1.23; acc: 0.83
Batch: 260; loss: 0.85; acc: 0.81
Batch: 280; loss: 0.88; acc: 0.78
Batch: 300; loss: 1.09; acc: 0.72
Batch: 320; loss: 0.71; acc: 0.81
Batch: 340; loss: 0.87; acc: 0.75
Batch: 360; loss: 1.16; acc: 0.73
Batch: 380; loss: 0.51; acc: 0.86
Batch: 400; loss: 1.42; acc: 0.73
Batch: 420; loss: 1.41; acc: 0.7
Batch: 440; loss: 0.5; acc: 0.8
Batch: 460; loss: 0.93; acc: 0.78
Batch: 480; loss: 0.96; acc: 0.77
Batch: 500; loss: 1.38; acc: 0.75
Batch: 520; loss: 0.83; acc: 0.78
Batch: 540; loss: 0.8; acc: 0.77
Batch: 560; loss: 1.49; acc: 0.67
Batch: 580; loss: 0.61; acc: 0.83
Batch: 600; loss: 1.21; acc: 0.78
Batch: 620; loss: 1.1; acc: 0.77
Train Epoch over. train_loss: 1.03; train_accuracy: 0.75 

Batch: 0; loss: 0.78; acc: 0.75
Batch: 20; loss: 1.45; acc: 0.7
Batch: 40; loss: 0.53; acc: 0.8
Batch: 60; loss: 0.85; acc: 0.69
Batch: 80; loss: 1.04; acc: 0.77
Batch: 100; loss: 0.73; acc: 0.78
Batch: 120; loss: 1.0; acc: 0.75
Batch: 140; loss: 1.12; acc: 0.64
Val Epoch over. val_loss: 0.9428792797076474; val_accuracy: 0.7581608280254777 

Epoch 3 start
Batch: 0; loss: 0.96; acc: 0.81
Batch: 20; loss: 1.26; acc: 0.73
Batch: 40; loss: 0.58; acc: 0.83
Batch: 60; loss: 1.02; acc: 0.83
Batch: 80; loss: 1.01; acc: 0.73
Batch: 100; loss: 0.84; acc: 0.77
Batch: 120; loss: 1.17; acc: 0.7
Batch: 140; loss: 1.32; acc: 0.7
Batch: 160; loss: 0.89; acc: 0.81
Batch: 180; loss: 1.23; acc: 0.72
Batch: 200; loss: 0.87; acc: 0.75
Batch: 220; loss: 1.17; acc: 0.67
Batch: 240; loss: 1.2; acc: 0.75
Batch: 260; loss: 1.02; acc: 0.77
Batch: 280; loss: 0.81; acc: 0.8
Batch: 300; loss: 0.62; acc: 0.86
Batch: 320; loss: 0.9; acc: 0.78
Batch: 340; loss: 0.72; acc: 0.81
Batch: 360; loss: 0.8; acc: 0.77
Batch: 380; loss: 0.71; acc: 0.83
Batch: 400; loss: 1.7; acc: 0.7
Batch: 420; loss: 1.52; acc: 0.64
Batch: 440; loss: 1.05; acc: 0.77
Batch: 460; loss: 0.73; acc: 0.69
Batch: 480; loss: 1.31; acc: 0.7
Batch: 500; loss: 0.9; acc: 0.73
Batch: 520; loss: 0.87; acc: 0.69
Batch: 540; loss: 0.59; acc: 0.81
Batch: 560; loss: 1.05; acc: 0.75
Batch: 580; loss: 1.0; acc: 0.77
Batch: 600; loss: 0.75; acc: 0.8
Batch: 620; loss: 1.12; acc: 0.72
Train Epoch over. train_loss: 0.99; train_accuracy: 0.76 

Batch: 0; loss: 0.95; acc: 0.78
Batch: 20; loss: 1.92; acc: 0.61
Batch: 40; loss: 0.55; acc: 0.78
Batch: 60; loss: 0.97; acc: 0.73
Batch: 80; loss: 1.26; acc: 0.69
Batch: 100; loss: 0.89; acc: 0.77
Batch: 120; loss: 0.97; acc: 0.78
Batch: 140; loss: 1.22; acc: 0.67
Val Epoch over. val_loss: 0.9936646460347874; val_accuracy: 0.7638335987261147 

Epoch 4 start
Batch: 0; loss: 0.41; acc: 0.84
Batch: 20; loss: 1.62; acc: 0.69
Batch: 40; loss: 0.41; acc: 0.84
Batch: 60; loss: 1.31; acc: 0.77
Batch: 80; loss: 0.96; acc: 0.7
Batch: 100; loss: 1.1; acc: 0.81
Batch: 120; loss: 0.51; acc: 0.84
Batch: 140; loss: 0.67; acc: 0.78
Batch: 160; loss: 0.95; acc: 0.77
Batch: 180; loss: 0.62; acc: 0.81
Batch: 200; loss: 1.32; acc: 0.73
Batch: 220; loss: 0.69; acc: 0.78
Batch: 240; loss: 1.22; acc: 0.75
Batch: 260; loss: 0.61; acc: 0.8
Batch: 280; loss: 0.98; acc: 0.72
Batch: 300; loss: 0.87; acc: 0.72
Batch: 320; loss: 1.25; acc: 0.73
Batch: 340; loss: 0.42; acc: 0.86
Batch: 360; loss: 0.74; acc: 0.75
Batch: 380; loss: 0.86; acc: 0.72
Batch: 400; loss: 0.64; acc: 0.75
Batch: 420; loss: 0.89; acc: 0.77
Batch: 440; loss: 1.14; acc: 0.78
Batch: 460; loss: 0.94; acc: 0.72
Batch: 480; loss: 1.06; acc: 0.77
Batch: 500; loss: 0.99; acc: 0.8
Batch: 520; loss: 1.04; acc: 0.77
Batch: 540; loss: 0.65; acc: 0.77
Batch: 560; loss: 1.37; acc: 0.7
Batch: 580; loss: 0.58; acc: 0.84
Batch: 600; loss: 1.02; acc: 0.7
Batch: 620; loss: 0.64; acc: 0.83
Train Epoch over. train_loss: 0.97; train_accuracy: 0.76 

Batch: 0; loss: 0.76; acc: 0.77
Batch: 20; loss: 1.47; acc: 0.69
Batch: 40; loss: 0.62; acc: 0.78
Batch: 60; loss: 0.79; acc: 0.8
Batch: 80; loss: 1.06; acc: 0.7
Batch: 100; loss: 0.81; acc: 0.77
Batch: 120; loss: 1.0; acc: 0.73
Batch: 140; loss: 1.26; acc: 0.72
Val Epoch over. val_loss: 0.9718842681046505; val_accuracy: 0.7581608280254777 

Epoch 5 start
Batch: 0; loss: 0.83; acc: 0.78
Batch: 20; loss: 1.33; acc: 0.7
Batch: 40; loss: 1.08; acc: 0.72
Batch: 60; loss: 1.46; acc: 0.73
Batch: 80; loss: 0.83; acc: 0.84
Batch: 100; loss: 0.72; acc: 0.78
Batch: 120; loss: 0.95; acc: 0.78
Batch: 140; loss: 1.26; acc: 0.73
Batch: 160; loss: 1.31; acc: 0.72
Batch: 180; loss: 0.69; acc: 0.83
Batch: 200; loss: 1.14; acc: 0.72
Batch: 220; loss: 1.04; acc: 0.77
Batch: 240; loss: 0.89; acc: 0.81
Batch: 260; loss: 0.91; acc: 0.8
Batch: 280; loss: 0.86; acc: 0.78
Batch: 300; loss: 0.87; acc: 0.72
Batch: 320; loss: 1.11; acc: 0.73
Batch: 340; loss: 1.49; acc: 0.75
Batch: 360; loss: 0.68; acc: 0.8
Batch: 380; loss: 0.96; acc: 0.8
Batch: 400; loss: 0.47; acc: 0.83
Batch: 420; loss: 1.07; acc: 0.75
Batch: 440; loss: 0.7; acc: 0.83
Batch: 460; loss: 0.73; acc: 0.84
Batch: 480; loss: 0.76; acc: 0.78
Batch: 500; loss: 1.41; acc: 0.69
Batch: 520; loss: 0.47; acc: 0.84
Batch: 540; loss: 1.12; acc: 0.75
Batch: 560; loss: 1.26; acc: 0.83
Batch: 580; loss: 0.58; acc: 0.83
Batch: 600; loss: 0.78; acc: 0.83
Batch: 620; loss: 1.28; acc: 0.75
Train Epoch over. train_loss: 0.97; train_accuracy: 0.76 

Batch: 0; loss: 0.92; acc: 0.75
Batch: 20; loss: 1.39; acc: 0.69
Batch: 40; loss: 0.46; acc: 0.81
Batch: 60; loss: 1.15; acc: 0.67
Batch: 80; loss: 1.43; acc: 0.64
Batch: 100; loss: 0.77; acc: 0.81
Batch: 120; loss: 0.62; acc: 0.73
Batch: 140; loss: 1.54; acc: 0.59
Val Epoch over. val_loss: 1.0837674767348418; val_accuracy: 0.7375597133757962 

Epoch 6 start
Batch: 0; loss: 1.23; acc: 0.78
Batch: 20; loss: 1.66; acc: 0.66
Batch: 40; loss: 0.81; acc: 0.81
Batch: 60; loss: 1.44; acc: 0.73
Batch: 80; loss: 1.27; acc: 0.69
Batch: 100; loss: 0.67; acc: 0.83
Batch: 120; loss: 0.81; acc: 0.73
Batch: 140; loss: 0.87; acc: 0.77
Batch: 160; loss: 1.2; acc: 0.64
Batch: 180; loss: 1.02; acc: 0.73
Batch: 200; loss: 0.89; acc: 0.77
Batch: 220; loss: 0.87; acc: 0.77
Batch: 240; loss: 1.53; acc: 0.62
Batch: 260; loss: 0.98; acc: 0.81
Batch: 280; loss: 1.33; acc: 0.69
Batch: 300; loss: 0.75; acc: 0.83
Batch: 320; loss: 1.12; acc: 0.69
Batch: 340; loss: 1.14; acc: 0.73
Batch: 360; loss: 1.15; acc: 0.75
Batch: 380; loss: 1.3; acc: 0.72
Batch: 400; loss: 0.83; acc: 0.8
Batch: 420; loss: 0.72; acc: 0.81
Batch: 440; loss: 1.36; acc: 0.72
Batch: 460; loss: 1.08; acc: 0.73
Batch: 480; loss: 0.77; acc: 0.83
Batch: 500; loss: 1.37; acc: 0.67
Batch: 520; loss: 1.18; acc: 0.73
Batch: 540; loss: 0.97; acc: 0.81
Batch: 560; loss: 1.34; acc: 0.69
Batch: 580; loss: 1.17; acc: 0.72
Batch: 600; loss: 1.47; acc: 0.73
Batch: 620; loss: 0.87; acc: 0.77
Train Epoch over. train_loss: 0.96; train_accuracy: 0.76 

Batch: 0; loss: 0.77; acc: 0.77
Batch: 20; loss: 1.39; acc: 0.7
Batch: 40; loss: 0.34; acc: 0.89
Batch: 60; loss: 0.77; acc: 0.77
Batch: 80; loss: 1.19; acc: 0.78
Batch: 100; loss: 0.83; acc: 0.75
Batch: 120; loss: 0.74; acc: 0.72
Batch: 140; loss: 1.32; acc: 0.66
Val Epoch over. val_loss: 0.9311454987070363; val_accuracy: 0.7732882165605095 

Epoch 7 start
Batch: 0; loss: 0.67; acc: 0.86
Batch: 20; loss: 0.68; acc: 0.78
Batch: 40; loss: 0.67; acc: 0.81
Batch: 60; loss: 0.66; acc: 0.84
Batch: 80; loss: 0.95; acc: 0.8
Batch: 100; loss: 0.79; acc: 0.8
Batch: 120; loss: 1.5; acc: 0.66
Batch: 140; loss: 1.0; acc: 0.8
Batch: 160; loss: 1.09; acc: 0.77
Batch: 180; loss: 1.26; acc: 0.73
Batch: 200; loss: 1.07; acc: 0.78
Batch: 220; loss: 0.95; acc: 0.78
Batch: 240; loss: 1.31; acc: 0.72
Batch: 260; loss: 0.64; acc: 0.75
Batch: 280; loss: 0.48; acc: 0.89
Batch: 300; loss: 0.78; acc: 0.84
Batch: 320; loss: 0.72; acc: 0.84
Batch: 340; loss: 0.78; acc: 0.81
Batch: 360; loss: 0.9; acc: 0.78
Batch: 380; loss: 0.6; acc: 0.8
Batch: 400; loss: 0.62; acc: 0.81
Batch: 420; loss: 0.75; acc: 0.8
Batch: 440; loss: 0.98; acc: 0.73
Batch: 460; loss: 0.98; acc: 0.75
Batch: 480; loss: 0.75; acc: 0.78
Batch: 500; loss: 0.88; acc: 0.81
Batch: 520; loss: 1.38; acc: 0.69
Batch: 540; loss: 0.83; acc: 0.81
Batch: 560; loss: 0.82; acc: 0.72
Batch: 580; loss: 0.78; acc: 0.72
Batch: 600; loss: 0.85; acc: 0.83
Batch: 620; loss: 1.06; acc: 0.78
Train Epoch over. train_loss: 0.95; train_accuracy: 0.77 

Batch: 0; loss: 0.99; acc: 0.75
Batch: 20; loss: 1.84; acc: 0.62
Batch: 40; loss: 0.52; acc: 0.83
Batch: 60; loss: 0.87; acc: 0.77
Batch: 80; loss: 1.53; acc: 0.66
Batch: 100; loss: 1.0; acc: 0.78
Batch: 120; loss: 0.75; acc: 0.81
Batch: 140; loss: 1.48; acc: 0.61
Val Epoch over. val_loss: 1.1627796379623898; val_accuracy: 0.7388535031847133 

Epoch 8 start
Batch: 0; loss: 1.42; acc: 0.67
Batch: 20; loss: 1.27; acc: 0.72
Batch: 40; loss: 0.89; acc: 0.78
Batch: 60; loss: 0.63; acc: 0.84
Batch: 80; loss: 1.3; acc: 0.67
Batch: 100; loss: 0.82; acc: 0.8
Batch: 120; loss: 1.04; acc: 0.77
Batch: 140; loss: 0.52; acc: 0.86
Batch: 160; loss: 0.84; acc: 0.84
Batch: 180; loss: 0.97; acc: 0.75
Batch: 200; loss: 1.38; acc: 0.69
Batch: 220; loss: 0.92; acc: 0.78
Batch: 240; loss: 0.79; acc: 0.8
Batch: 260; loss: 0.79; acc: 0.86
Batch: 280; loss: 1.32; acc: 0.73
Batch: 300; loss: 0.49; acc: 0.84
Batch: 320; loss: 0.7; acc: 0.81
Batch: 340; loss: 0.86; acc: 0.75
Batch: 360; loss: 0.51; acc: 0.88
Batch: 380; loss: 0.65; acc: 0.81
Batch: 400; loss: 0.96; acc: 0.69
Batch: 420; loss: 0.89; acc: 0.73
Batch: 440; loss: 0.83; acc: 0.81
Batch: 460; loss: 1.32; acc: 0.77
Batch: 480; loss: 0.96; acc: 0.73
Batch: 500; loss: 0.9; acc: 0.77
Batch: 520; loss: 0.74; acc: 0.84
Batch: 540; loss: 1.93; acc: 0.66
Batch: 560; loss: 0.81; acc: 0.78
Batch: 580; loss: 0.78; acc: 0.77
Batch: 600; loss: 0.84; acc: 0.77
Batch: 620; loss: 1.07; acc: 0.66
Train Epoch over. train_loss: 0.95; train_accuracy: 0.77 

Batch: 0; loss: 0.91; acc: 0.73
Batch: 20; loss: 1.72; acc: 0.7
Batch: 40; loss: 0.42; acc: 0.88
Batch: 60; loss: 0.63; acc: 0.81
Batch: 80; loss: 1.09; acc: 0.78
Batch: 100; loss: 1.01; acc: 0.78
Batch: 120; loss: 1.01; acc: 0.75
Batch: 140; loss: 1.45; acc: 0.67
Val Epoch over. val_loss: 1.0757009352848028; val_accuracy: 0.7447253184713376 

Epoch 9 start
Batch: 0; loss: 0.68; acc: 0.84
Batch: 20; loss: 1.14; acc: 0.7
Batch: 40; loss: 0.95; acc: 0.77
Batch: 60; loss: 0.62; acc: 0.83
Batch: 80; loss: 0.9; acc: 0.8
Batch: 100; loss: 1.1; acc: 0.75
Batch: 120; loss: 0.88; acc: 0.8
Batch: 140; loss: 1.29; acc: 0.69
Batch: 160; loss: 0.92; acc: 0.7
Batch: 180; loss: 1.49; acc: 0.64
Batch: 200; loss: 0.65; acc: 0.77
Batch: 220; loss: 0.88; acc: 0.78
Batch: 240; loss: 1.13; acc: 0.75
Batch: 260; loss: 0.95; acc: 0.73
Batch: 280; loss: 0.63; acc: 0.78
Batch: 300; loss: 1.04; acc: 0.73
Batch: 320; loss: 0.77; acc: 0.8
Batch: 340; loss: 1.15; acc: 0.77
Batch: 360; loss: 1.59; acc: 0.7
Batch: 380; loss: 1.11; acc: 0.73
Batch: 400; loss: 0.77; acc: 0.8
Batch: 420; loss: 1.32; acc: 0.77
Batch: 440; loss: 0.53; acc: 0.8
Batch: 460; loss: 0.71; acc: 0.83
Batch: 480; loss: 1.0; acc: 0.8
Batch: 500; loss: 0.61; acc: 0.78
Batch: 520; loss: 1.14; acc: 0.78
Batch: 540; loss: 0.87; acc: 0.81
Batch: 560; loss: 1.02; acc: 0.81
Batch: 580; loss: 1.02; acc: 0.75
Batch: 600; loss: 1.34; acc: 0.78
Batch: 620; loss: 0.95; acc: 0.75
Train Epoch over. train_loss: 0.96; train_accuracy: 0.77 

Batch: 0; loss: 0.68; acc: 0.83
Batch: 20; loss: 1.7; acc: 0.66
Batch: 40; loss: 0.38; acc: 0.86
Batch: 60; loss: 0.82; acc: 0.78
Batch: 80; loss: 1.12; acc: 0.81
Batch: 100; loss: 1.14; acc: 0.73
Batch: 120; loss: 0.76; acc: 0.77
Batch: 140; loss: 1.44; acc: 0.64
Val Epoch over. val_loss: 1.0071957711201565; val_accuracy: 0.7617436305732485 

Epoch 10 start
Batch: 0; loss: 1.1; acc: 0.73
Batch: 20; loss: 0.87; acc: 0.77
Batch: 40; loss: 0.37; acc: 0.89
Batch: 60; loss: 0.8; acc: 0.78
Batch: 80; loss: 0.64; acc: 0.83
Batch: 100; loss: 0.88; acc: 0.8
Batch: 120; loss: 1.02; acc: 0.77
Batch: 140; loss: 1.11; acc: 0.75
Batch: 160; loss: 0.78; acc: 0.86
Batch: 180; loss: 0.66; acc: 0.73
Batch: 200; loss: 0.91; acc: 0.78
Batch: 220; loss: 0.51; acc: 0.86
Batch: 240; loss: 1.11; acc: 0.7
Batch: 260; loss: 0.79; acc: 0.8
Batch: 280; loss: 0.93; acc: 0.8
Batch: 300; loss: 1.13; acc: 0.73
Batch: 320; loss: 0.94; acc: 0.75
Batch: 340; loss: 0.28; acc: 0.91
Batch: 360; loss: 0.92; acc: 0.78
Batch: 380; loss: 0.7; acc: 0.8
Batch: 400; loss: 0.97; acc: 0.72
Batch: 420; loss: 0.94; acc: 0.81
Batch: 440; loss: 0.74; acc: 0.81
Batch: 460; loss: 1.04; acc: 0.7
Batch: 480; loss: 0.92; acc: 0.78
Batch: 500; loss: 0.76; acc: 0.73
Batch: 520; loss: 0.86; acc: 0.75
Batch: 540; loss: 0.8; acc: 0.77
Batch: 560; loss: 1.0; acc: 0.8
Batch: 580; loss: 0.72; acc: 0.81
Batch: 600; loss: 1.13; acc: 0.72
Batch: 620; loss: 0.9; acc: 0.77
Train Epoch over. train_loss: 0.94; train_accuracy: 0.77 

Batch: 0; loss: 0.76; acc: 0.8
Batch: 20; loss: 1.51; acc: 0.58
Batch: 40; loss: 0.27; acc: 0.89
Batch: 60; loss: 0.65; acc: 0.83
Batch: 80; loss: 1.37; acc: 0.77
Batch: 100; loss: 1.17; acc: 0.72
Batch: 120; loss: 1.12; acc: 0.78
Batch: 140; loss: 1.63; acc: 0.59
Val Epoch over. val_loss: 0.9985695500282725; val_accuracy: 0.7617436305732485 

plots/subspace_True_d_dim_200_model_lenet_lr_0.1_seed_1_epochs_10_batchsize_64_2019-12-31 11:20:20.066602
Epoch 1 start
Batch: 0; loss: 18.69; acc: 0.05
Batch: 20; loss: 1.9; acc: 0.45
Batch: 40; loss: 1.24; acc: 0.61
Batch: 60; loss: 1.41; acc: 0.52
Batch: 80; loss: 1.27; acc: 0.67
Batch: 100; loss: 0.92; acc: 0.72
Batch: 120; loss: 0.95; acc: 0.69
Batch: 140; loss: 1.31; acc: 0.59
Batch: 160; loss: 0.87; acc: 0.73
Batch: 180; loss: 0.94; acc: 0.69
Batch: 200; loss: 0.74; acc: 0.73
Batch: 220; loss: 0.95; acc: 0.73
Batch: 240; loss: 1.07; acc: 0.72
Batch: 260; loss: 1.45; acc: 0.59
Batch: 280; loss: 0.97; acc: 0.75
Batch: 300; loss: 0.81; acc: 0.8
Batch: 320; loss: 0.56; acc: 0.83
Batch: 340; loss: 0.81; acc: 0.8
Batch: 360; loss: 0.9; acc: 0.75
Batch: 380; loss: 1.24; acc: 0.62
Batch: 400; loss: 1.07; acc: 0.78
Batch: 420; loss: 0.87; acc: 0.83
Batch: 440; loss: 0.59; acc: 0.86
Batch: 460; loss: 0.66; acc: 0.84
Batch: 480; loss: 0.51; acc: 0.86
Batch: 500; loss: 0.76; acc: 0.75
Batch: 520; loss: 1.11; acc: 0.62
Batch: 540; loss: 0.66; acc: 0.84
Batch: 560; loss: 0.34; acc: 0.89
Batch: 580; loss: 0.5; acc: 0.89
Batch: 600; loss: 0.81; acc: 0.8
Batch: 620; loss: 0.63; acc: 0.83
Train Epoch over. train_loss: 1.03; train_accuracy: 0.71 

Batch: 0; loss: 0.37; acc: 0.86
Batch: 20; loss: 0.99; acc: 0.73
Batch: 40; loss: 0.36; acc: 0.89
Batch: 60; loss: 0.7; acc: 0.84
Batch: 80; loss: 0.71; acc: 0.81
Batch: 100; loss: 1.1; acc: 0.7
Batch: 120; loss: 0.55; acc: 0.89
Batch: 140; loss: 1.37; acc: 0.72
Val Epoch over. val_loss: 0.7367732281897478; val_accuracy: 0.7969745222929936 

Epoch 2 start
Batch: 0; loss: 0.74; acc: 0.78
Batch: 20; loss: 0.73; acc: 0.83
Batch: 40; loss: 0.63; acc: 0.78
Batch: 60; loss: 0.36; acc: 0.89
Batch: 80; loss: 0.49; acc: 0.91
Batch: 100; loss: 0.9; acc: 0.84
Batch: 120; loss: 0.53; acc: 0.84
Batch: 140; loss: 0.61; acc: 0.86
Batch: 160; loss: 0.8; acc: 0.78
Batch: 180; loss: 0.53; acc: 0.86
Batch: 200; loss: 0.95; acc: 0.73
Batch: 220; loss: 0.28; acc: 0.88
Batch: 240; loss: 0.41; acc: 0.81
Batch: 260; loss: 0.67; acc: 0.78
Batch: 280; loss: 0.9; acc: 0.8
Batch: 300; loss: 0.94; acc: 0.75
Batch: 320; loss: 0.69; acc: 0.84
Batch: 340; loss: 0.63; acc: 0.78
Batch: 360; loss: 0.67; acc: 0.78
Batch: 380; loss: 0.38; acc: 0.84
Batch: 400; loss: 0.72; acc: 0.83
Batch: 420; loss: 0.33; acc: 0.88
Batch: 440; loss: 0.45; acc: 0.84
Batch: 460; loss: 0.81; acc: 0.81
Batch: 480; loss: 0.57; acc: 0.92
Batch: 500; loss: 0.81; acc: 0.86
Batch: 520; loss: 0.65; acc: 0.81
Batch: 540; loss: 0.3; acc: 0.91
Batch: 560; loss: 1.11; acc: 0.81
Batch: 580; loss: 0.56; acc: 0.84
Batch: 600; loss: 0.52; acc: 0.84
Batch: 620; loss: 1.01; acc: 0.73
Train Epoch over. train_loss: 0.67; train_accuracy: 0.82 

Batch: 0; loss: 0.25; acc: 0.89
Batch: 20; loss: 0.99; acc: 0.83
Batch: 40; loss: 0.32; acc: 0.89
Batch: 60; loss: 0.56; acc: 0.84
Batch: 80; loss: 0.59; acc: 0.88
Batch: 100; loss: 1.03; acc: 0.75
Batch: 120; loss: 0.53; acc: 0.86
Batch: 140; loss: 0.84; acc: 0.73
Val Epoch over. val_loss: 0.6217044287236633; val_accuracy: 0.8260350318471338 

Epoch 3 start
Batch: 0; loss: 0.68; acc: 0.86
Batch: 20; loss: 0.48; acc: 0.84
Batch: 40; loss: 0.51; acc: 0.83
Batch: 60; loss: 0.74; acc: 0.84
Batch: 80; loss: 0.68; acc: 0.84
Batch: 100; loss: 0.44; acc: 0.86
Batch: 120; loss: 0.64; acc: 0.75
Batch: 140; loss: 0.71; acc: 0.77
Batch: 160; loss: 0.61; acc: 0.88
Batch: 180; loss: 0.84; acc: 0.72
Batch: 200; loss: 0.6; acc: 0.83
Batch: 220; loss: 0.9; acc: 0.77
Batch: 240; loss: 0.76; acc: 0.8
Batch: 260; loss: 0.62; acc: 0.84
Batch: 280; loss: 0.53; acc: 0.89
Batch: 300; loss: 0.47; acc: 0.83
Batch: 320; loss: 0.67; acc: 0.86
Batch: 340; loss: 0.54; acc: 0.83
Batch: 360; loss: 0.5; acc: 0.88
Batch: 380; loss: 0.37; acc: 0.91
Batch: 400; loss: 0.81; acc: 0.78
Batch: 420; loss: 1.31; acc: 0.7
Batch: 440; loss: 0.52; acc: 0.88
Batch: 460; loss: 0.96; acc: 0.83
Batch: 480; loss: 0.88; acc: 0.78
Batch: 500; loss: 0.46; acc: 0.84
Batch: 520; loss: 0.56; acc: 0.89
Batch: 540; loss: 0.34; acc: 0.89
Batch: 560; loss: 0.81; acc: 0.83
Batch: 580; loss: 0.82; acc: 0.81
Batch: 600; loss: 0.49; acc: 0.88
Batch: 620; loss: 0.43; acc: 0.89
Train Epoch over. train_loss: 0.62; train_accuracy: 0.83 

Batch: 0; loss: 0.47; acc: 0.88
Batch: 20; loss: 1.28; acc: 0.72
Batch: 40; loss: 0.43; acc: 0.94
Batch: 60; loss: 0.78; acc: 0.75
Batch: 80; loss: 0.74; acc: 0.78
Batch: 100; loss: 1.11; acc: 0.7
Batch: 120; loss: 0.5; acc: 0.89
Batch: 140; loss: 1.06; acc: 0.69
Val Epoch over. val_loss: 0.7605327862273356; val_accuracy: 0.7947850318471338 

Epoch 4 start
Batch: 0; loss: 0.5; acc: 0.83
Batch: 20; loss: 1.01; acc: 0.78
Batch: 40; loss: 0.27; acc: 0.88
Batch: 60; loss: 0.97; acc: 0.8
Batch: 80; loss: 1.12; acc: 0.75
Batch: 100; loss: 0.33; acc: 0.89
Batch: 120; loss: 0.56; acc: 0.84
Batch: 140; loss: 0.47; acc: 0.88
Batch: 160; loss: 0.51; acc: 0.88
Batch: 180; loss: 0.59; acc: 0.84
Batch: 200; loss: 0.45; acc: 0.88
Batch: 220; loss: 0.6; acc: 0.81
Batch: 240; loss: 0.58; acc: 0.86
Batch: 260; loss: 0.26; acc: 0.92
Batch: 280; loss: 0.93; acc: 0.8
Batch: 300; loss: 0.71; acc: 0.83
Batch: 320; loss: 0.83; acc: 0.77
Batch: 340; loss: 0.5; acc: 0.84
Batch: 360; loss: 0.35; acc: 0.94
Batch: 380; loss: 0.48; acc: 0.83
Batch: 400; loss: 0.37; acc: 0.83
Batch: 420; loss: 0.7; acc: 0.77
Batch: 440; loss: 0.65; acc: 0.83
Batch: 460; loss: 0.98; acc: 0.78
Batch: 480; loss: 0.55; acc: 0.83
Batch: 500; loss: 0.89; acc: 0.78
Batch: 520; loss: 0.62; acc: 0.86
Batch: 540; loss: 0.9; acc: 0.78
Batch: 560; loss: 0.57; acc: 0.77
Batch: 580; loss: 0.53; acc: 0.89
Batch: 600; loss: 0.51; acc: 0.86
Batch: 620; loss: 0.41; acc: 0.84
Train Epoch over. train_loss: 0.61; train_accuracy: 0.83 

Batch: 0; loss: 0.32; acc: 0.91
Batch: 20; loss: 1.19; acc: 0.73
Batch: 40; loss: 0.35; acc: 0.91
Batch: 60; loss: 0.53; acc: 0.88
Batch: 80; loss: 0.57; acc: 0.88
Batch: 100; loss: 0.78; acc: 0.77
Batch: 120; loss: 0.44; acc: 0.88
Batch: 140; loss: 1.04; acc: 0.78
Val Epoch over. val_loss: 0.6024034699057318; val_accuracy: 0.8373805732484076 

Epoch 5 start
Batch: 0; loss: 0.49; acc: 0.86
Batch: 20; loss: 0.69; acc: 0.78
Batch: 40; loss: 0.93; acc: 0.77
Batch: 60; loss: 0.59; acc: 0.77
Batch: 80; loss: 0.44; acc: 0.86
Batch: 100; loss: 0.75; acc: 0.78
Batch: 120; loss: 0.23; acc: 0.94
Batch: 140; loss: 0.72; acc: 0.78
Batch: 160; loss: 0.5; acc: 0.83
Batch: 180; loss: 0.79; acc: 0.78
Batch: 200; loss: 0.26; acc: 0.94
Batch: 220; loss: 0.95; acc: 0.73
Batch: 240; loss: 0.63; acc: 0.78
Batch: 260; loss: 0.34; acc: 0.95
Batch: 280; loss: 0.57; acc: 0.86
Batch: 300; loss: 0.26; acc: 0.91
Batch: 320; loss: 0.93; acc: 0.81
Batch: 340; loss: 0.85; acc: 0.83
Batch: 360; loss: 0.34; acc: 0.86
Batch: 380; loss: 1.17; acc: 0.77
Batch: 400; loss: 0.5; acc: 0.89
Batch: 420; loss: 0.42; acc: 0.8
Batch: 440; loss: 0.56; acc: 0.88
Batch: 460; loss: 0.66; acc: 0.83
Batch: 480; loss: 0.59; acc: 0.88
Batch: 500; loss: 0.77; acc: 0.81
Batch: 520; loss: 0.36; acc: 0.88
Batch: 540; loss: 0.85; acc: 0.81
Batch: 560; loss: 0.51; acc: 0.84
Batch: 580; loss: 0.57; acc: 0.88
Batch: 600; loss: 0.61; acc: 0.83
Batch: 620; loss: 0.53; acc: 0.88
Train Epoch over. train_loss: 0.61; train_accuracy: 0.84 

Batch: 0; loss: 0.26; acc: 0.92
Batch: 20; loss: 1.06; acc: 0.75
Batch: 40; loss: 0.36; acc: 0.91
Batch: 60; loss: 0.48; acc: 0.84
Batch: 80; loss: 0.52; acc: 0.89
Batch: 100; loss: 0.69; acc: 0.83
Batch: 120; loss: 0.55; acc: 0.88
Batch: 140; loss: 0.87; acc: 0.77
Val Epoch over. val_loss: 0.6357801149415362; val_accuracy: 0.8213574840764332 

Epoch 6 start
Batch: 0; loss: 0.54; acc: 0.81
Batch: 20; loss: 0.61; acc: 0.8
Batch: 40; loss: 0.54; acc: 0.88
Batch: 60; loss: 0.87; acc: 0.75
Batch: 80; loss: 0.67; acc: 0.84
Batch: 100; loss: 0.71; acc: 0.81
Batch: 120; loss: 0.55; acc: 0.81
Batch: 140; loss: 0.54; acc: 0.86
Batch: 160; loss: 0.78; acc: 0.81
Batch: 180; loss: 0.6; acc: 0.78
Batch: 200; loss: 0.54; acc: 0.84
Batch: 220; loss: 0.46; acc: 0.84
Batch: 240; loss: 1.27; acc: 0.7
Batch: 260; loss: 0.56; acc: 0.84
Batch: 280; loss: 0.54; acc: 0.86
Batch: 300; loss: 0.35; acc: 0.86
Batch: 320; loss: 0.55; acc: 0.8
Batch: 340; loss: 0.86; acc: 0.78
Batch: 360; loss: 0.43; acc: 0.91
Batch: 380; loss: 0.26; acc: 0.91
Batch: 400; loss: 0.25; acc: 0.91
Batch: 420; loss: 0.36; acc: 0.86
Batch: 440; loss: 0.17; acc: 0.94
Batch: 460; loss: 0.71; acc: 0.84
Batch: 480; loss: 0.69; acc: 0.81
Batch: 500; loss: 0.34; acc: 0.88
Batch: 520; loss: 0.61; acc: 0.83
Batch: 540; loss: 0.93; acc: 0.78
Batch: 560; loss: 0.82; acc: 0.78
Batch: 580; loss: 1.04; acc: 0.8
Batch: 600; loss: 0.35; acc: 0.88
Batch: 620; loss: 0.82; acc: 0.84
Train Epoch over. train_loss: 0.6; train_accuracy: 0.84 

Batch: 0; loss: 0.23; acc: 0.95
Batch: 20; loss: 0.87; acc: 0.84
Batch: 40; loss: 0.25; acc: 0.95
Batch: 60; loss: 0.51; acc: 0.86
Batch: 80; loss: 0.76; acc: 0.81
Batch: 100; loss: 0.73; acc: 0.81
Batch: 120; loss: 0.41; acc: 0.91
Batch: 140; loss: 0.83; acc: 0.75
Val Epoch over. val_loss: 0.6099926722562237; val_accuracy: 0.8429538216560509 

Epoch 7 start
Batch: 0; loss: 0.39; acc: 0.88
Batch: 20; loss: 0.57; acc: 0.88
Batch: 40; loss: 0.36; acc: 0.86
Batch: 60; loss: 0.4; acc: 0.81
Batch: 80; loss: 0.45; acc: 0.84
Batch: 100; loss: 0.59; acc: 0.89
Batch: 120; loss: 0.8; acc: 0.75
Batch: 140; loss: 0.4; acc: 0.91
Batch: 160; loss: 1.1; acc: 0.8
Batch: 180; loss: 0.37; acc: 0.86
Batch: 200; loss: 0.59; acc: 0.88
Batch: 220; loss: 0.7; acc: 0.8
Batch: 240; loss: 0.89; acc: 0.77
Batch: 260; loss: 0.32; acc: 0.86
Batch: 280; loss: 0.32; acc: 0.91
Batch: 300; loss: 0.44; acc: 0.84
Batch: 320; loss: 0.4; acc: 0.86
Batch: 340; loss: 0.62; acc: 0.78
Batch: 360; loss: 0.93; acc: 0.8
Batch: 380; loss: 0.17; acc: 0.95
Batch: 400; loss: 0.55; acc: 0.86
Batch: 420; loss: 0.66; acc: 0.83
Batch: 440; loss: 0.55; acc: 0.83
Batch: 460; loss: 0.64; acc: 0.84
Batch: 480; loss: 1.14; acc: 0.77
Batch: 500; loss: 0.51; acc: 0.86
Batch: 520; loss: 0.52; acc: 0.86
Batch: 540; loss: 0.65; acc: 0.84
Batch: 560; loss: 0.29; acc: 0.88
Batch: 580; loss: 0.48; acc: 0.86
Batch: 600; loss: 0.86; acc: 0.81
Batch: 620; loss: 0.8; acc: 0.75
Train Epoch over. train_loss: 0.6; train_accuracy: 0.84 

Batch: 0; loss: 0.26; acc: 0.89
Batch: 20; loss: 1.16; acc: 0.77
Batch: 40; loss: 0.46; acc: 0.86
Batch: 60; loss: 0.51; acc: 0.86
Batch: 80; loss: 0.82; acc: 0.81
Batch: 100; loss: 1.07; acc: 0.72
Batch: 120; loss: 0.6; acc: 0.84
Batch: 140; loss: 0.86; acc: 0.77
Val Epoch over. val_loss: 0.651302972322057; val_accuracy: 0.820859872611465 

Epoch 8 start
Batch: 0; loss: 0.66; acc: 0.78
Batch: 20; loss: 0.44; acc: 0.91
Batch: 40; loss: 0.46; acc: 0.86
Batch: 60; loss: 0.57; acc: 0.86
Batch: 80; loss: 0.99; acc: 0.69
Batch: 100; loss: 0.51; acc: 0.92
Batch: 120; loss: 0.77; acc: 0.81
Batch: 140; loss: 0.68; acc: 0.8
Batch: 160; loss: 0.52; acc: 0.81
Batch: 180; loss: 0.52; acc: 0.84
Batch: 200; loss: 0.4; acc: 0.88
Batch: 220; loss: 0.6; acc: 0.8
Batch: 240; loss: 0.66; acc: 0.84
Batch: 260; loss: 0.33; acc: 0.91
Batch: 280; loss: 0.32; acc: 0.91
Batch: 300; loss: 0.6; acc: 0.84
Batch: 320; loss: 0.57; acc: 0.84
Batch: 340; loss: 0.78; acc: 0.89
Batch: 360; loss: 0.61; acc: 0.78
Batch: 380; loss: 0.57; acc: 0.84
Batch: 400; loss: 0.45; acc: 0.86
Batch: 420; loss: 0.69; acc: 0.81
Batch: 440; loss: 0.72; acc: 0.83
Batch: 460; loss: 0.63; acc: 0.86
Batch: 480; loss: 0.55; acc: 0.88
Batch: 500; loss: 0.32; acc: 0.88
Batch: 520; loss: 0.41; acc: 0.91
Batch: 540; loss: 0.73; acc: 0.77
Batch: 560; loss: 0.44; acc: 0.89
Batch: 580; loss: 0.6; acc: 0.77
Batch: 600; loss: 0.64; acc: 0.81
Batch: 620; loss: 0.92; acc: 0.78
Train Epoch over. train_loss: 0.6; train_accuracy: 0.84 

Batch: 0; loss: 0.19; acc: 0.94
Batch: 20; loss: 1.13; acc: 0.77
Batch: 40; loss: 0.35; acc: 0.91
Batch: 60; loss: 0.35; acc: 0.88
Batch: 80; loss: 0.64; acc: 0.88
Batch: 100; loss: 0.8; acc: 0.73
Batch: 120; loss: 0.54; acc: 0.86
Batch: 140; loss: 0.74; acc: 0.75
Val Epoch over. val_loss: 0.5667916797338777; val_accuracy: 0.8384753184713376 

Epoch 9 start
Batch: 0; loss: 0.44; acc: 0.84
Batch: 20; loss: 0.72; acc: 0.83
Batch: 40; loss: 0.55; acc: 0.83
Batch: 60; loss: 0.39; acc: 0.84
Batch: 80; loss: 0.47; acc: 0.89
Batch: 100; loss: 0.84; acc: 0.78
Batch: 120; loss: 0.53; acc: 0.84
Batch: 140; loss: 0.96; acc: 0.78
Batch: 160; loss: 0.54; acc: 0.78
Batch: 180; loss: 0.92; acc: 0.84
Batch: 200; loss: 0.37; acc: 0.86
Batch: 220; loss: 0.53; acc: 0.83
Batch: 240; loss: 0.7; acc: 0.84
Batch: 260; loss: 0.69; acc: 0.8
Batch: 280; loss: 0.78; acc: 0.78
Batch: 300; loss: 0.59; acc: 0.78
Batch: 320; loss: 0.4; acc: 0.84
Batch: 340; loss: 0.35; acc: 0.94
Batch: 360; loss: 0.71; acc: 0.81
Batch: 380; loss: 1.06; acc: 0.83
Batch: 400; loss: 0.42; acc: 0.88
Batch: 420; loss: 0.54; acc: 0.84
Batch: 440; loss: 0.56; acc: 0.84
Batch: 460; loss: 0.67; acc: 0.81
Batch: 480; loss: 0.19; acc: 0.94
Batch: 500; loss: 0.62; acc: 0.81
Batch: 520; loss: 0.94; acc: 0.77
Batch: 540; loss: 0.38; acc: 0.89
Batch: 560; loss: 1.1; acc: 0.81
Batch: 580; loss: 0.95; acc: 0.78
Batch: 600; loss: 0.77; acc: 0.83
Batch: 620; loss: 0.71; acc: 0.8
Train Epoch over. train_loss: 0.59; train_accuracy: 0.84 

Batch: 0; loss: 0.28; acc: 0.94
Batch: 20; loss: 1.09; acc: 0.81
Batch: 40; loss: 0.35; acc: 0.92
Batch: 60; loss: 0.39; acc: 0.89
Batch: 80; loss: 0.61; acc: 0.84
Batch: 100; loss: 0.81; acc: 0.8
Batch: 120; loss: 0.51; acc: 0.88
Batch: 140; loss: 0.86; acc: 0.72
Val Epoch over. val_loss: 0.6129067558202015; val_accuracy: 0.8423566878980892 

Epoch 10 start
Batch: 0; loss: 0.61; acc: 0.84
Batch: 20; loss: 0.5; acc: 0.81
Batch: 40; loss: 1.07; acc: 0.75
Batch: 60; loss: 0.88; acc: 0.78
Batch: 80; loss: 0.4; acc: 0.88
Batch: 100; loss: 0.65; acc: 0.8
Batch: 120; loss: 0.4; acc: 0.91
Batch: 140; loss: 1.05; acc: 0.75
Batch: 160; loss: 0.57; acc: 0.83
Batch: 180; loss: 0.63; acc: 0.92
Batch: 200; loss: 0.67; acc: 0.84
Batch: 220; loss: 0.39; acc: 0.88
Batch: 240; loss: 1.1; acc: 0.75
Batch: 260; loss: 0.55; acc: 0.88
Batch: 280; loss: 0.63; acc: 0.81
Batch: 300; loss: 0.82; acc: 0.83
Batch: 320; loss: 0.66; acc: 0.86
Batch: 340; loss: 0.28; acc: 0.86
Batch: 360; loss: 0.67; acc: 0.81
Batch: 380; loss: 0.51; acc: 0.88
Batch: 400; loss: 0.25; acc: 0.91
Batch: 420; loss: 0.72; acc: 0.84
Batch: 440; loss: 0.19; acc: 0.94
Batch: 460; loss: 0.88; acc: 0.83
Batch: 480; loss: 0.49; acc: 0.89
Batch: 500; loss: 0.25; acc: 0.91
Batch: 520; loss: 0.38; acc: 0.91
Batch: 540; loss: 0.75; acc: 0.81
Batch: 560; loss: 1.01; acc: 0.73
Batch: 580; loss: 0.35; acc: 0.94
Batch: 600; loss: 0.9; acc: 0.81
Batch: 620; loss: 0.49; acc: 0.86
Train Epoch over. train_loss: 0.6; train_accuracy: 0.84 

Batch: 0; loss: 0.23; acc: 0.91
Batch: 20; loss: 1.22; acc: 0.73
Batch: 40; loss: 0.48; acc: 0.95
Batch: 60; loss: 0.34; acc: 0.86
Batch: 80; loss: 0.72; acc: 0.84
Batch: 100; loss: 0.73; acc: 0.78
Batch: 120; loss: 0.44; acc: 0.86
Batch: 140; loss: 0.83; acc: 0.75
Val Epoch over. val_loss: 0.61833764166589; val_accuracy: 0.8388734076433121 

plots/subspace_True_d_dim_300_model_lenet_lr_0.1_seed_1_epochs_10_batchsize_64_2019-12-31 11:22:28.942083
Epoch 1 start
Batch: 0; loss: 18.69; acc: 0.05
Batch: 20; loss: 1.43; acc: 0.56
Batch: 40; loss: 1.14; acc: 0.59
Batch: 60; loss: 1.31; acc: 0.61
Batch: 80; loss: 0.85; acc: 0.67
Batch: 100; loss: 0.63; acc: 0.83
Batch: 120; loss: 0.81; acc: 0.69
Batch: 140; loss: 0.83; acc: 0.77
Batch: 160; loss: 0.94; acc: 0.8
Batch: 180; loss: 0.72; acc: 0.8
Batch: 200; loss: 0.43; acc: 0.86
Batch: 220; loss: 0.69; acc: 0.8
Batch: 240; loss: 0.72; acc: 0.81
Batch: 260; loss: 1.29; acc: 0.7
Batch: 280; loss: 0.48; acc: 0.84
Batch: 300; loss: 0.42; acc: 0.84
Batch: 320; loss: 0.49; acc: 0.83
Batch: 340; loss: 0.59; acc: 0.84
Batch: 360; loss: 0.44; acc: 0.84
Batch: 380; loss: 0.62; acc: 0.84
Batch: 400; loss: 0.69; acc: 0.86
Batch: 420; loss: 0.45; acc: 0.83
Batch: 440; loss: 0.38; acc: 0.83
Batch: 460; loss: 0.47; acc: 0.84
Batch: 480; loss: 0.42; acc: 0.88
Batch: 500; loss: 0.62; acc: 0.88
Batch: 520; loss: 0.68; acc: 0.77
Batch: 540; loss: 0.32; acc: 0.92
Batch: 560; loss: 0.58; acc: 0.83
Batch: 580; loss: 0.43; acc: 0.91
Batch: 600; loss: 0.37; acc: 0.92
Batch: 620; loss: 0.36; acc: 0.88
Train Epoch over. train_loss: 0.85; train_accuracy: 0.78 

Batch: 0; loss: 0.37; acc: 0.88
Batch: 20; loss: 0.84; acc: 0.78
Batch: 40; loss: 0.54; acc: 0.86
Batch: 60; loss: 0.45; acc: 0.88
Batch: 80; loss: 0.45; acc: 0.94
Batch: 100; loss: 1.04; acc: 0.75
Batch: 120; loss: 0.58; acc: 0.86
Batch: 140; loss: 1.11; acc: 0.66
Val Epoch over. val_loss: 0.5880270493068512; val_accuracy: 0.835390127388535 

Epoch 2 start
Batch: 0; loss: 0.85; acc: 0.83
Batch: 20; loss: 0.56; acc: 0.86
Batch: 40; loss: 0.79; acc: 0.8
Batch: 60; loss: 0.33; acc: 0.91
Batch: 80; loss: 0.32; acc: 0.91
Batch: 100; loss: 0.77; acc: 0.84
Batch: 120; loss: 0.67; acc: 0.83
Batch: 140; loss: 0.35; acc: 0.88
Batch: 160; loss: 0.89; acc: 0.81
Batch: 180; loss: 1.02; acc: 0.81
Batch: 200; loss: 0.55; acc: 0.84
Batch: 220; loss: 0.11; acc: 0.95
Batch: 240; loss: 0.36; acc: 0.89
Batch: 260; loss: 0.43; acc: 0.84
Batch: 280; loss: 0.45; acc: 0.88
Batch: 300; loss: 1.6; acc: 0.78
Batch: 320; loss: 0.58; acc: 0.86
Batch: 340; loss: 0.77; acc: 0.72
Batch: 360; loss: 0.73; acc: 0.86
Batch: 380; loss: 0.45; acc: 0.88
Batch: 400; loss: 0.61; acc: 0.88
Batch: 420; loss: 0.44; acc: 0.89
Batch: 440; loss: 0.34; acc: 0.86
Batch: 460; loss: 0.71; acc: 0.8
Batch: 480; loss: 0.36; acc: 0.86
Batch: 500; loss: 0.58; acc: 0.84
Batch: 520; loss: 0.48; acc: 0.88
Batch: 540; loss: 0.43; acc: 0.91
Batch: 560; loss: 0.97; acc: 0.84
Batch: 580; loss: 0.57; acc: 0.92
Batch: 600; loss: 0.23; acc: 0.92
Batch: 620; loss: 0.95; acc: 0.78
Train Epoch over. train_loss: 0.53; train_accuracy: 0.86 

Batch: 0; loss: 0.47; acc: 0.88
Batch: 20; loss: 0.62; acc: 0.8
Batch: 40; loss: 0.31; acc: 0.91
Batch: 60; loss: 0.22; acc: 0.94
Batch: 80; loss: 0.46; acc: 0.88
Batch: 100; loss: 0.75; acc: 0.84
Batch: 120; loss: 0.72; acc: 0.84
Batch: 140; loss: 1.11; acc: 0.69
Val Epoch over. val_loss: 0.49412265325048166; val_accuracy: 0.8637539808917197 

Epoch 3 start
Batch: 0; loss: 0.37; acc: 0.91
Batch: 20; loss: 0.71; acc: 0.77
Batch: 40; loss: 0.18; acc: 0.92
Batch: 60; loss: 0.68; acc: 0.84
Batch: 80; loss: 0.41; acc: 0.89
Batch: 100; loss: 0.4; acc: 0.88
Batch: 120; loss: 0.34; acc: 0.94
Batch: 140; loss: 0.42; acc: 0.88
Batch: 160; loss: 0.7; acc: 0.83
Batch: 180; loss: 0.52; acc: 0.81
Batch: 200; loss: 0.6; acc: 0.86
Batch: 220; loss: 0.62; acc: 0.84
Batch: 240; loss: 0.37; acc: 0.88
Batch: 260; loss: 0.86; acc: 0.78
Batch: 280; loss: 0.34; acc: 0.94
Batch: 300; loss: 0.31; acc: 0.91
Batch: 320; loss: 0.7; acc: 0.81
Batch: 340; loss: 0.42; acc: 0.91
Batch: 360; loss: 0.36; acc: 0.89
Batch: 380; loss: 0.27; acc: 0.92
Batch: 400; loss: 0.55; acc: 0.86
Batch: 420; loss: 1.01; acc: 0.72
Batch: 440; loss: 0.27; acc: 0.92
Batch: 460; loss: 0.48; acc: 0.89
Batch: 480; loss: 0.42; acc: 0.86
Batch: 500; loss: 0.4; acc: 0.89
Batch: 520; loss: 0.28; acc: 0.91
Batch: 540; loss: 0.26; acc: 0.95
Batch: 560; loss: 0.45; acc: 0.86
Batch: 580; loss: 0.34; acc: 0.88
Batch: 600; loss: 0.18; acc: 0.91
Batch: 620; loss: 0.21; acc: 0.92
Train Epoch over. train_loss: 0.49; train_accuracy: 0.87 

Batch: 0; loss: 0.4; acc: 0.88
Batch: 20; loss: 0.7; acc: 0.81
Batch: 40; loss: 0.41; acc: 0.89
Batch: 60; loss: 0.37; acc: 0.92
Batch: 80; loss: 0.38; acc: 0.88
Batch: 100; loss: 0.76; acc: 0.88
Batch: 120; loss: 0.69; acc: 0.81
Batch: 140; loss: 1.09; acc: 0.8
Val Epoch over. val_loss: 0.5217778688878011; val_accuracy: 0.8600716560509554 

Epoch 4 start
Batch: 0; loss: 0.36; acc: 0.89
Batch: 20; loss: 1.11; acc: 0.81
Batch: 40; loss: 0.2; acc: 0.95
Batch: 60; loss: 0.71; acc: 0.88
Batch: 80; loss: 0.44; acc: 0.88
Batch: 100; loss: 0.59; acc: 0.83
Batch: 120; loss: 0.24; acc: 0.89
Batch: 140; loss: 0.23; acc: 0.89
Batch: 160; loss: 0.39; acc: 0.92
Batch: 180; loss: 0.27; acc: 0.92
Batch: 200; loss: 0.56; acc: 0.88
Batch: 220; loss: 0.43; acc: 0.81
Batch: 240; loss: 0.56; acc: 0.89
Batch: 260; loss: 0.46; acc: 0.88
Batch: 280; loss: 0.53; acc: 0.88
Batch: 300; loss: 0.45; acc: 0.89
Batch: 320; loss: 0.55; acc: 0.91
Batch: 340; loss: 0.29; acc: 0.89
Batch: 360; loss: 0.12; acc: 0.97
Batch: 380; loss: 0.57; acc: 0.83
Batch: 400; loss: 0.14; acc: 0.95
Batch: 420; loss: 0.39; acc: 0.89
Batch: 440; loss: 0.37; acc: 0.88
Batch: 460; loss: 0.6; acc: 0.81
Batch: 480; loss: 0.53; acc: 0.83
Batch: 500; loss: 0.33; acc: 0.89
Batch: 520; loss: 0.64; acc: 0.84
Batch: 540; loss: 0.31; acc: 0.92
Batch: 560; loss: 0.84; acc: 0.77
Batch: 580; loss: 0.34; acc: 0.88
Batch: 600; loss: 0.34; acc: 0.91
Batch: 620; loss: 0.38; acc: 0.89
Train Epoch over. train_loss: 0.47; train_accuracy: 0.88 

Batch: 0; loss: 0.32; acc: 0.91
Batch: 20; loss: 0.63; acc: 0.75
Batch: 40; loss: 0.37; acc: 0.92
Batch: 60; loss: 0.37; acc: 0.91
Batch: 80; loss: 0.4; acc: 0.89
Batch: 100; loss: 0.67; acc: 0.81
Batch: 120; loss: 0.7; acc: 0.84
Batch: 140; loss: 1.21; acc: 0.75
Val Epoch over. val_loss: 0.48674898048874676; val_accuracy: 0.8654458598726115 

Epoch 5 start
Batch: 0; loss: 0.38; acc: 0.89
Batch: 20; loss: 0.54; acc: 0.89
Batch: 40; loss: 0.59; acc: 0.86
Batch: 60; loss: 0.69; acc: 0.83
Batch: 80; loss: 0.47; acc: 0.89
Batch: 100; loss: 0.47; acc: 0.84
Batch: 120; loss: 0.33; acc: 0.92
Batch: 140; loss: 0.55; acc: 0.89
Batch: 160; loss: 0.49; acc: 0.86
Batch: 180; loss: 0.53; acc: 0.86
Batch: 200; loss: 0.58; acc: 0.83
Batch: 220; loss: 0.46; acc: 0.8
Batch: 240; loss: 0.65; acc: 0.84
Batch: 260; loss: 0.38; acc: 0.86
Batch: 280; loss: 0.62; acc: 0.8
Batch: 300; loss: 0.39; acc: 0.91
Batch: 320; loss: 0.34; acc: 0.95
Batch: 340; loss: 0.8; acc: 0.88
Batch: 360; loss: 0.4; acc: 0.89
Batch: 380; loss: 0.38; acc: 0.94
Batch: 400; loss: 0.42; acc: 0.84
Batch: 420; loss: 0.39; acc: 0.86
Batch: 440; loss: 0.45; acc: 0.88
Batch: 460; loss: 0.29; acc: 0.94
Batch: 480; loss: 0.34; acc: 0.91
Batch: 500; loss: 0.64; acc: 0.8
Batch: 520; loss: 0.37; acc: 0.92
Batch: 540; loss: 0.31; acc: 0.92
Batch: 560; loss: 0.26; acc: 0.92
Batch: 580; loss: 0.6; acc: 0.89
Batch: 600; loss: 0.37; acc: 0.89
Batch: 620; loss: 0.77; acc: 0.91
Train Epoch over. train_loss: 0.46; train_accuracy: 0.88 

Batch: 0; loss: 0.36; acc: 0.88
Batch: 20; loss: 0.63; acc: 0.81
Batch: 40; loss: 0.41; acc: 0.88
Batch: 60; loss: 0.25; acc: 0.95
Batch: 80; loss: 0.38; acc: 0.84
Batch: 100; loss: 0.64; acc: 0.83
Batch: 120; loss: 0.39; acc: 0.91
Batch: 140; loss: 1.04; acc: 0.73
Val Epoch over. val_loss: 0.47979004386883634; val_accuracy: 0.8695262738853503 

Epoch 6 start
Batch: 0; loss: 0.49; acc: 0.81
Batch: 20; loss: 0.37; acc: 0.81
Batch: 40; loss: 0.37; acc: 0.92
Batch: 60; loss: 0.4; acc: 0.88
Batch: 80; loss: 0.79; acc: 0.86
Batch: 100; loss: 0.42; acc: 0.89
Batch: 120; loss: 0.43; acc: 0.86
Batch: 140; loss: 0.55; acc: 0.83
Batch: 160; loss: 0.64; acc: 0.8
Batch: 180; loss: 0.3; acc: 0.89
Batch: 200; loss: 0.59; acc: 0.75
Batch: 220; loss: 0.29; acc: 0.95
Batch: 240; loss: 0.47; acc: 0.89
Batch: 260; loss: 0.49; acc: 0.88
Batch: 280; loss: 0.54; acc: 0.89
Batch: 300; loss: 0.44; acc: 0.89
Batch: 320; loss: 0.48; acc: 0.89
Batch: 340; loss: 0.74; acc: 0.83
Batch: 360; loss: 0.29; acc: 0.91
Batch: 380; loss: 0.11; acc: 0.95
Batch: 400; loss: 0.41; acc: 0.84
Batch: 420; loss: 0.3; acc: 0.88
Batch: 440; loss: 0.18; acc: 0.97
Batch: 460; loss: 0.62; acc: 0.86
Batch: 480; loss: 0.25; acc: 0.91
Batch: 500; loss: 0.14; acc: 0.95
Batch: 520; loss: 0.56; acc: 0.84
Batch: 540; loss: 0.62; acc: 0.88
Batch: 560; loss: 0.65; acc: 0.84
Batch: 580; loss: 0.7; acc: 0.81
Batch: 600; loss: 0.47; acc: 0.83
Batch: 620; loss: 0.5; acc: 0.86
Train Epoch over. train_loss: 0.46; train_accuracy: 0.88 

Batch: 0; loss: 0.39; acc: 0.91
Batch: 20; loss: 1.0; acc: 0.77
Batch: 40; loss: 0.72; acc: 0.86
Batch: 60; loss: 0.49; acc: 0.89
Batch: 80; loss: 0.46; acc: 0.88
Batch: 100; loss: 0.97; acc: 0.84
Batch: 120; loss: 0.41; acc: 0.91
Batch: 140; loss: 1.46; acc: 0.73
Val Epoch over. val_loss: 0.5628258584031633; val_accuracy: 0.8527070063694268 

Epoch 7 start
Batch: 0; loss: 0.32; acc: 0.92
Batch: 20; loss: 0.3; acc: 0.91
Batch: 40; loss: 0.3; acc: 0.94
Batch: 60; loss: 0.27; acc: 0.94
Batch: 80; loss: 0.28; acc: 0.92
Batch: 100; loss: 0.27; acc: 0.94
Batch: 120; loss: 0.77; acc: 0.8
Batch: 140; loss: 0.53; acc: 0.89
Batch: 160; loss: 0.77; acc: 0.88
Batch: 180; loss: 0.5; acc: 0.88
Batch: 200; loss: 0.36; acc: 0.92
Batch: 220; loss: 0.55; acc: 0.88
Batch: 240; loss: 0.58; acc: 0.83
Batch: 260; loss: 0.16; acc: 0.91
Batch: 280; loss: 0.2; acc: 0.92
Batch: 300; loss: 0.57; acc: 0.86
Batch: 320; loss: 0.31; acc: 0.94
Batch: 340; loss: 0.53; acc: 0.84
Batch: 360; loss: 0.56; acc: 0.86
Batch: 380; loss: 0.26; acc: 0.91
Batch: 400; loss: 0.48; acc: 0.91
Batch: 420; loss: 0.42; acc: 0.88
Batch: 440; loss: 0.18; acc: 0.95
Batch: 460; loss: 0.74; acc: 0.83
Batch: 480; loss: 0.3; acc: 0.88
Batch: 500; loss: 0.52; acc: 0.91
Batch: 520; loss: 0.41; acc: 0.88
Batch: 540; loss: 0.2; acc: 0.89
Batch: 560; loss: 0.46; acc: 0.88
Batch: 580; loss: 0.15; acc: 0.95
Batch: 600; loss: 0.36; acc: 0.86
Batch: 620; loss: 0.66; acc: 0.84
Train Epoch over. train_loss: 0.46; train_accuracy: 0.88 

Batch: 0; loss: 0.38; acc: 0.88
Batch: 20; loss: 0.95; acc: 0.78
Batch: 40; loss: 0.52; acc: 0.89
Batch: 60; loss: 0.34; acc: 0.89
Batch: 80; loss: 0.56; acc: 0.84
Batch: 100; loss: 0.72; acc: 0.84
Batch: 120; loss: 0.58; acc: 0.86
Batch: 140; loss: 1.45; acc: 0.73
Val Epoch over. val_loss: 0.5691061148977583; val_accuracy: 0.8535031847133758 

Epoch 8 start
Batch: 0; loss: 0.44; acc: 0.86
Batch: 20; loss: 0.21; acc: 0.92
Batch: 40; loss: 0.85; acc: 0.84
Batch: 60; loss: 0.4; acc: 0.88
Batch: 80; loss: 0.72; acc: 0.84
Batch: 100; loss: 0.27; acc: 0.92
Batch: 120; loss: 0.59; acc: 0.83
Batch: 140; loss: 0.34; acc: 0.95
Batch: 160; loss: 0.09; acc: 0.97
Batch: 180; loss: 0.47; acc: 0.92
Batch: 200; loss: 0.55; acc: 0.84
Batch: 220; loss: 0.19; acc: 0.94
Batch: 240; loss: 0.54; acc: 0.88
Batch: 260; loss: 0.4; acc: 0.86
Batch: 280; loss: 0.29; acc: 0.89
Batch: 300; loss: 0.25; acc: 0.94
Batch: 320; loss: 0.24; acc: 0.92
Batch: 340; loss: 0.3; acc: 0.91
Batch: 360; loss: 0.3; acc: 0.89
Batch: 380; loss: 0.32; acc: 0.89
Batch: 400; loss: 0.69; acc: 0.77
Batch: 420; loss: 0.57; acc: 0.84
Batch: 440; loss: 0.15; acc: 0.95
Batch: 460; loss: 0.39; acc: 0.89
Batch: 480; loss: 0.61; acc: 0.88
Batch: 500; loss: 0.17; acc: 0.97
Batch: 520; loss: 0.24; acc: 0.95
Batch: 540; loss: 0.65; acc: 0.83
Batch: 560; loss: 0.66; acc: 0.91
Batch: 580; loss: 0.12; acc: 0.95
Batch: 600; loss: 0.54; acc: 0.88
Batch: 620; loss: 0.83; acc: 0.83
Train Epoch over. train_loss: 0.46; train_accuracy: 0.88 

Batch: 0; loss: 0.42; acc: 0.89
Batch: 20; loss: 0.82; acc: 0.81
Batch: 40; loss: 0.36; acc: 0.89
Batch: 60; loss: 0.31; acc: 0.88
Batch: 80; loss: 0.44; acc: 0.91
Batch: 100; loss: 0.65; acc: 0.84
Batch: 120; loss: 0.43; acc: 0.91
Batch: 140; loss: 0.97; acc: 0.8
Val Epoch over. val_loss: 0.4754468696132587; val_accuracy: 0.8713176751592356 

Epoch 9 start
Batch: 0; loss: 0.22; acc: 0.94
Batch: 20; loss: 0.73; acc: 0.84
Batch: 40; loss: 0.61; acc: 0.84
Batch: 60; loss: 0.37; acc: 0.89
Batch: 80; loss: 0.4; acc: 0.91
Batch: 100; loss: 0.38; acc: 0.88
Batch: 120; loss: 0.25; acc: 0.86
Batch: 140; loss: 0.67; acc: 0.75
Batch: 160; loss: 0.5; acc: 0.86
Batch: 180; loss: 0.6; acc: 0.86
Batch: 200; loss: 0.56; acc: 0.89
Batch: 220; loss: 0.61; acc: 0.89
Batch: 240; loss: 0.75; acc: 0.83
Batch: 260; loss: 0.24; acc: 0.89
Batch: 280; loss: 0.9; acc: 0.88
Batch: 300; loss: 0.28; acc: 0.89
Batch: 320; loss: 0.23; acc: 0.91
Batch: 340; loss: 0.65; acc: 0.86
Batch: 360; loss: 0.6; acc: 0.88
Batch: 380; loss: 0.6; acc: 0.88
Batch: 400; loss: 0.4; acc: 0.89
Batch: 420; loss: 0.59; acc: 0.91
Batch: 440; loss: 0.34; acc: 0.89
Batch: 460; loss: 0.15; acc: 0.97
Batch: 480; loss: 0.47; acc: 0.91
Batch: 500; loss: 0.32; acc: 0.89
Batch: 520; loss: 0.42; acc: 0.81
Batch: 540; loss: 0.22; acc: 0.91
Batch: 560; loss: 0.79; acc: 0.78
Batch: 580; loss: 0.31; acc: 0.89
Batch: 600; loss: 0.87; acc: 0.83
Batch: 620; loss: 0.56; acc: 0.83
Train Epoch over. train_loss: 0.47; train_accuracy: 0.88 

Batch: 0; loss: 0.33; acc: 0.89
Batch: 20; loss: 0.58; acc: 0.83
Batch: 40; loss: 0.59; acc: 0.86
Batch: 60; loss: 0.34; acc: 0.91
Batch: 80; loss: 0.44; acc: 0.91
Batch: 100; loss: 0.62; acc: 0.84
Batch: 120; loss: 0.42; acc: 0.88
Batch: 140; loss: 1.22; acc: 0.72
Val Epoch over. val_loss: 0.4792604331093229; val_accuracy: 0.8714171974522293 

Epoch 10 start
Batch: 0; loss: 0.49; acc: 0.83
Batch: 20; loss: 0.59; acc: 0.86
Batch: 40; loss: 0.54; acc: 0.84
Batch: 60; loss: 0.56; acc: 0.84
Batch: 80; loss: 0.53; acc: 0.88
Batch: 100; loss: 0.57; acc: 0.84
Batch: 120; loss: 0.39; acc: 0.91
Batch: 140; loss: 0.41; acc: 0.88
Batch: 160; loss: 0.55; acc: 0.86
Batch: 180; loss: 0.71; acc: 0.84
Batch: 200; loss: 0.41; acc: 0.88
Batch: 220; loss: 0.18; acc: 0.91
Batch: 240; loss: 0.51; acc: 0.84
Batch: 260; loss: 0.26; acc: 0.91
Batch: 280; loss: 0.66; acc: 0.86
Batch: 300; loss: 0.39; acc: 0.84
Batch: 320; loss: 0.54; acc: 0.88
Batch: 340; loss: 0.34; acc: 0.91
Batch: 360; loss: 0.31; acc: 0.88
Batch: 380; loss: 0.37; acc: 0.91
Batch: 400; loss: 0.27; acc: 0.92
Batch: 420; loss: 0.27; acc: 0.91
Batch: 440; loss: 0.25; acc: 0.91
Batch: 460; loss: 0.42; acc: 0.91
Batch: 480; loss: 0.31; acc: 0.91
Batch: 500; loss: 0.35; acc: 0.86
Batch: 520; loss: 0.46; acc: 0.89
Batch: 540; loss: 0.17; acc: 0.95
Batch: 560; loss: 0.5; acc: 0.81
Batch: 580; loss: 0.31; acc: 0.91
Batch: 600; loss: 0.36; acc: 0.91
Batch: 620; loss: 0.54; acc: 0.89
Train Epoch over. train_loss: 0.46; train_accuracy: 0.88 

Batch: 0; loss: 0.31; acc: 0.91
Batch: 20; loss: 0.61; acc: 0.88
Batch: 40; loss: 0.36; acc: 0.94
Batch: 60; loss: 0.31; acc: 0.91
Batch: 80; loss: 0.42; acc: 0.91
Batch: 100; loss: 0.65; acc: 0.83
Batch: 120; loss: 0.37; acc: 0.89
Batch: 140; loss: 1.37; acc: 0.77
Val Epoch over. val_loss: 0.44577045757679423; val_accuracy: 0.880672770700637 

plots/subspace_True_d_dim_400_model_lenet_lr_0.1_seed_1_epochs_10_batchsize_64_2019-12-31 11:24:42.828608
Epoch 1 start
Batch: 0; loss: 18.69; acc: 0.05
Batch: 20; loss: 1.7; acc: 0.44
Batch: 40; loss: 1.34; acc: 0.58
Batch: 60; loss: 0.8; acc: 0.73
Batch: 80; loss: 0.74; acc: 0.78
Batch: 100; loss: 0.66; acc: 0.75
Batch: 120; loss: 0.67; acc: 0.78
Batch: 140; loss: 1.04; acc: 0.64
Batch: 160; loss: 0.97; acc: 0.77
Batch: 180; loss: 0.66; acc: 0.8
Batch: 200; loss: 0.45; acc: 0.88
Batch: 220; loss: 0.71; acc: 0.81
Batch: 240; loss: 0.97; acc: 0.73
Batch: 260; loss: 0.95; acc: 0.77
Batch: 280; loss: 0.74; acc: 0.73
Batch: 300; loss: 0.45; acc: 0.86
Batch: 320; loss: 0.45; acc: 0.91
Batch: 340; loss: 0.57; acc: 0.84
Batch: 360; loss: 0.5; acc: 0.83
Batch: 380; loss: 0.62; acc: 0.81
Batch: 400; loss: 0.65; acc: 0.77
Batch: 420; loss: 0.6; acc: 0.83
Batch: 440; loss: 0.43; acc: 0.89
Batch: 460; loss: 0.71; acc: 0.83
Batch: 480; loss: 0.53; acc: 0.89
Batch: 500; loss: 0.53; acc: 0.88
Batch: 520; loss: 0.63; acc: 0.83
Batch: 540; loss: 0.43; acc: 0.88
Batch: 560; loss: 0.32; acc: 0.91
Batch: 580; loss: 0.22; acc: 0.91
Batch: 600; loss: 0.49; acc: 0.88
Batch: 620; loss: 0.58; acc: 0.83
Train Epoch over. train_loss: 0.76; train_accuracy: 0.78 

Batch: 0; loss: 0.35; acc: 0.89
Batch: 20; loss: 1.08; acc: 0.73
Batch: 40; loss: 0.34; acc: 0.92
Batch: 60; loss: 0.2; acc: 0.95
Batch: 80; loss: 0.54; acc: 0.88
Batch: 100; loss: 0.54; acc: 0.8
Batch: 120; loss: 0.46; acc: 0.86
Batch: 140; loss: 1.35; acc: 0.72
Val Epoch over. val_loss: 0.5017433401885306; val_accuracy: 0.8544984076433121 

Epoch 2 start
Batch: 0; loss: 0.5; acc: 0.89
Batch: 20; loss: 0.36; acc: 0.88
Batch: 40; loss: 0.19; acc: 0.94
Batch: 60; loss: 0.44; acc: 0.89
Batch: 80; loss: 0.42; acc: 0.88
Batch: 100; loss: 0.49; acc: 0.84
Batch: 120; loss: 0.24; acc: 0.91
Batch: 140; loss: 0.32; acc: 0.89
Batch: 160; loss: 0.3; acc: 0.88
Batch: 180; loss: 0.36; acc: 0.91
Batch: 200; loss: 0.43; acc: 0.89
Batch: 220; loss: 0.11; acc: 0.95
Batch: 240; loss: 0.39; acc: 0.89
Batch: 260; loss: 0.43; acc: 0.86
Batch: 280; loss: 0.5; acc: 0.81
Batch: 300; loss: 0.66; acc: 0.83
Batch: 320; loss: 0.54; acc: 0.84
Batch: 340; loss: 0.37; acc: 0.88
Batch: 360; loss: 0.63; acc: 0.86
Batch: 380; loss: 0.35; acc: 0.88
Batch: 400; loss: 0.69; acc: 0.8
Batch: 420; loss: 0.34; acc: 0.91
Batch: 440; loss: 0.32; acc: 0.88
Batch: 460; loss: 0.43; acc: 0.89
Batch: 480; loss: 0.2; acc: 0.94
Batch: 500; loss: 0.52; acc: 0.84
Batch: 520; loss: 0.21; acc: 0.94
Batch: 540; loss: 0.23; acc: 0.91
Batch: 560; loss: 0.57; acc: 0.89
Batch: 580; loss: 0.28; acc: 0.91
Batch: 600; loss: 0.64; acc: 0.83
Batch: 620; loss: 0.78; acc: 0.77
Train Epoch over. train_loss: 0.42; train_accuracy: 0.88 

Batch: 0; loss: 0.31; acc: 0.92
Batch: 20; loss: 0.79; acc: 0.88
Batch: 40; loss: 0.22; acc: 0.97
Batch: 60; loss: 0.18; acc: 0.94
Batch: 80; loss: 0.44; acc: 0.88
Batch: 100; loss: 0.65; acc: 0.81
Batch: 120; loss: 0.54; acc: 0.89
Batch: 140; loss: 0.71; acc: 0.84
Val Epoch over. val_loss: 0.38330468445257015; val_accuracy: 0.886046974522293 

Epoch 3 start
Batch: 0; loss: 0.25; acc: 0.95
Batch: 20; loss: 0.6; acc: 0.86
Batch: 40; loss: 0.17; acc: 0.95
Batch: 60; loss: 0.34; acc: 0.89
Batch: 80; loss: 0.38; acc: 0.84
Batch: 100; loss: 0.39; acc: 0.88
Batch: 120; loss: 0.41; acc: 0.88
Batch: 140; loss: 0.23; acc: 0.92
Batch: 160; loss: 0.34; acc: 0.89
Batch: 180; loss: 0.52; acc: 0.84
Batch: 200; loss: 0.21; acc: 0.95
Batch: 220; loss: 0.51; acc: 0.88
Batch: 240; loss: 0.47; acc: 0.91
Batch: 260; loss: 0.4; acc: 0.88
Batch: 280; loss: 0.27; acc: 0.91
Batch: 300; loss: 0.34; acc: 0.88
Batch: 320; loss: 0.32; acc: 0.86
Batch: 340; loss: 0.28; acc: 0.94
Batch: 360; loss: 0.42; acc: 0.89
Batch: 380; loss: 0.27; acc: 0.86
Batch: 400; loss: 0.52; acc: 0.86
Batch: 420; loss: 0.83; acc: 0.8
Batch: 440; loss: 0.36; acc: 0.92
Batch: 460; loss: 0.57; acc: 0.86
Batch: 480; loss: 0.46; acc: 0.88
Batch: 500; loss: 0.26; acc: 0.89
Batch: 520; loss: 0.16; acc: 0.97
Batch: 540; loss: 0.28; acc: 0.94
Batch: 560; loss: 0.51; acc: 0.81
Batch: 580; loss: 0.4; acc: 0.91
Batch: 600; loss: 0.18; acc: 0.92
Batch: 620; loss: 0.15; acc: 0.95
Train Epoch over. train_loss: 0.38; train_accuracy: 0.89 

Batch: 0; loss: 0.44; acc: 0.89
Batch: 20; loss: 0.94; acc: 0.8
Batch: 40; loss: 0.18; acc: 0.94
Batch: 60; loss: 0.33; acc: 0.88
Batch: 80; loss: 0.45; acc: 0.86
Batch: 100; loss: 0.69; acc: 0.81
Batch: 120; loss: 0.42; acc: 0.88
Batch: 140; loss: 0.62; acc: 0.81
Val Epoch over. val_loss: 0.43412553034960083; val_accuracy: 0.8740047770700637 

Epoch 4 start
Batch: 0; loss: 0.49; acc: 0.88
Batch: 20; loss: 0.78; acc: 0.86
Batch: 40; loss: 0.21; acc: 0.91
Batch: 60; loss: 0.59; acc: 0.84
Batch: 80; loss: 0.16; acc: 0.91
Batch: 100; loss: 0.26; acc: 0.94
Batch: 120; loss: 0.47; acc: 0.86
Batch: 140; loss: 0.36; acc: 0.94
Batch: 160; loss: 0.27; acc: 0.95
Batch: 180; loss: 0.21; acc: 0.92
Batch: 200; loss: 0.65; acc: 0.86
Batch: 220; loss: 0.4; acc: 0.92
Batch: 240; loss: 0.24; acc: 0.94
Batch: 260; loss: 0.19; acc: 0.97
Batch: 280; loss: 0.47; acc: 0.91
Batch: 300; loss: 0.21; acc: 0.94
Batch: 320; loss: 0.27; acc: 0.92
Batch: 340; loss: 0.26; acc: 0.92
Batch: 360; loss: 0.1; acc: 0.97
Batch: 380; loss: 0.34; acc: 0.92
Batch: 400; loss: 0.26; acc: 0.94
Batch: 420; loss: 0.35; acc: 0.91
Batch: 440; loss: 0.3; acc: 0.89
Batch: 460; loss: 0.5; acc: 0.88
Batch: 480; loss: 0.1; acc: 0.97
Batch: 500; loss: 0.32; acc: 0.91
Batch: 520; loss: 0.26; acc: 0.94
Batch: 540; loss: 0.22; acc: 0.91
Batch: 560; loss: 0.19; acc: 0.92
Batch: 580; loss: 0.14; acc: 0.97
Batch: 600; loss: 0.27; acc: 0.91
Batch: 620; loss: 0.23; acc: 0.94
Train Epoch over. train_loss: 0.35; train_accuracy: 0.9 

Batch: 0; loss: 0.48; acc: 0.89
Batch: 20; loss: 0.82; acc: 0.81
Batch: 40; loss: 0.18; acc: 0.95
Batch: 60; loss: 0.34; acc: 0.89
Batch: 80; loss: 0.43; acc: 0.89
Batch: 100; loss: 0.71; acc: 0.86
Batch: 120; loss: 0.4; acc: 0.88
Batch: 140; loss: 0.63; acc: 0.84
Val Epoch over. val_loss: 0.38001170510034654; val_accuracy: 0.8900278662420382 

Epoch 5 start
Batch: 0; loss: 0.28; acc: 0.91
Batch: 20; loss: 0.39; acc: 0.89
Batch: 40; loss: 0.5; acc: 0.89
Batch: 60; loss: 0.35; acc: 0.89
Batch: 80; loss: 0.19; acc: 0.95
Batch: 100; loss: 0.51; acc: 0.86
Batch: 120; loss: 0.19; acc: 0.95
Batch: 140; loss: 0.77; acc: 0.81
Batch: 160; loss: 0.33; acc: 0.92
Batch: 180; loss: 0.5; acc: 0.84
Batch: 200; loss: 0.68; acc: 0.81
Batch: 220; loss: 0.35; acc: 0.91
Batch: 240; loss: 0.8; acc: 0.81
Batch: 260; loss: 0.2; acc: 0.89
Batch: 280; loss: 0.54; acc: 0.84
Batch: 300; loss: 0.35; acc: 0.92
Batch: 320; loss: 0.26; acc: 0.97
Batch: 340; loss: 0.52; acc: 0.92
Batch: 360; loss: 0.3; acc: 0.91
Batch: 380; loss: 0.48; acc: 0.91
Batch: 400; loss: 0.25; acc: 0.91
Batch: 420; loss: 0.38; acc: 0.89
Batch: 440; loss: 0.45; acc: 0.89
Batch: 460; loss: 0.24; acc: 0.89
Batch: 480; loss: 0.45; acc: 0.84
Batch: 500; loss: 0.51; acc: 0.89
Batch: 520; loss: 0.18; acc: 0.94
Batch: 540; loss: 0.12; acc: 0.95
Batch: 560; loss: 0.42; acc: 0.97
Batch: 580; loss: 0.13; acc: 0.95
Batch: 600; loss: 0.48; acc: 0.83
Batch: 620; loss: 0.7; acc: 0.92
Train Epoch over. train_loss: 0.34; train_accuracy: 0.9 

Batch: 0; loss: 0.31; acc: 0.91
Batch: 20; loss: 0.7; acc: 0.86
Batch: 40; loss: 0.13; acc: 0.97
Batch: 60; loss: 0.18; acc: 0.95
Batch: 80; loss: 0.31; acc: 0.91
Batch: 100; loss: 0.59; acc: 0.86
Batch: 120; loss: 0.51; acc: 0.84
Batch: 140; loss: 0.64; acc: 0.83
Val Epoch over. val_loss: 0.3811366718475986; val_accuracy: 0.8900278662420382 

Epoch 6 start
Batch: 0; loss: 0.25; acc: 0.89
Batch: 20; loss: 0.5; acc: 0.89
Batch: 40; loss: 0.27; acc: 0.95
Batch: 60; loss: 0.48; acc: 0.89
Batch: 80; loss: 0.6; acc: 0.92
Batch: 100; loss: 0.19; acc: 0.89
Batch: 120; loss: 0.26; acc: 0.92
Batch: 140; loss: 0.33; acc: 0.92
Batch: 160; loss: 0.36; acc: 0.91
Batch: 180; loss: 0.46; acc: 0.84
Batch: 200; loss: 0.22; acc: 0.94
Batch: 220; loss: 0.25; acc: 0.92
Batch: 240; loss: 0.38; acc: 0.86
Batch: 260; loss: 0.48; acc: 0.88
Batch: 280; loss: 0.25; acc: 0.92
Batch: 300; loss: 0.15; acc: 0.94
Batch: 320; loss: 0.52; acc: 0.84
Batch: 340; loss: 0.34; acc: 0.89
Batch: 360; loss: 0.38; acc: 0.91
Batch: 380; loss: 0.23; acc: 0.97
Batch: 400; loss: 0.27; acc: 0.91
Batch: 420; loss: 0.22; acc: 0.95
Batch: 440; loss: 0.13; acc: 0.95
Batch: 460; loss: 0.4; acc: 0.86
Batch: 480; loss: 0.26; acc: 0.89
Batch: 500; loss: 0.22; acc: 0.94
Batch: 520; loss: 0.34; acc: 0.86
Batch: 540; loss: 0.29; acc: 0.91
Batch: 560; loss: 0.36; acc: 0.89
Batch: 580; loss: 0.21; acc: 0.94
Batch: 600; loss: 0.24; acc: 0.91
Batch: 620; loss: 0.19; acc: 0.95
Train Epoch over. train_loss: 0.32; train_accuracy: 0.91 

Batch: 0; loss: 0.38; acc: 0.92
Batch: 20; loss: 1.05; acc: 0.8
Batch: 40; loss: 0.19; acc: 0.95
Batch: 60; loss: 0.33; acc: 0.92
Batch: 80; loss: 0.23; acc: 0.95
Batch: 100; loss: 0.74; acc: 0.81
Batch: 120; loss: 0.34; acc: 0.91
Batch: 140; loss: 0.93; acc: 0.81
Val Epoch over. val_loss: 0.3983173371785006; val_accuracy: 0.8863455414012739 

Epoch 7 start
Batch: 0; loss: 0.21; acc: 0.95
Batch: 20; loss: 0.22; acc: 0.95
Batch: 40; loss: 0.43; acc: 0.92
Batch: 60; loss: 0.32; acc: 0.88
Batch: 80; loss: 0.34; acc: 0.89
Batch: 100; loss: 0.15; acc: 0.94
Batch: 120; loss: 0.34; acc: 0.91
Batch: 140; loss: 0.25; acc: 0.89
Batch: 160; loss: 0.44; acc: 0.91
Batch: 180; loss: 0.34; acc: 0.94
Batch: 200; loss: 0.25; acc: 0.92
Batch: 220; loss: 0.55; acc: 0.92
Batch: 240; loss: 0.6; acc: 0.91
Batch: 260; loss: 0.11; acc: 0.97
Batch: 280; loss: 0.16; acc: 0.95
Batch: 300; loss: 0.17; acc: 0.95
Batch: 320; loss: 0.3; acc: 0.92
Batch: 340; loss: 0.15; acc: 0.97
Batch: 360; loss: 0.63; acc: 0.83
Batch: 380; loss: 0.23; acc: 0.94
Batch: 400; loss: 0.3; acc: 0.91
Batch: 420; loss: 0.14; acc: 0.95
Batch: 440; loss: 0.21; acc: 0.89
Batch: 460; loss: 0.55; acc: 0.83
Batch: 480; loss: 0.3; acc: 0.92
Batch: 500; loss: 0.24; acc: 0.94
Batch: 520; loss: 0.59; acc: 0.88
Batch: 540; loss: 0.37; acc: 0.92
Batch: 560; loss: 0.22; acc: 0.94
Batch: 580; loss: 0.18; acc: 0.92
Batch: 600; loss: 0.25; acc: 0.91
Batch: 620; loss: 0.21; acc: 0.95
Train Epoch over. train_loss: 0.32; train_accuracy: 0.91 

Batch: 0; loss: 0.42; acc: 0.91
Batch: 20; loss: 0.75; acc: 0.84
Batch: 40; loss: 0.16; acc: 0.95
Batch: 60; loss: 0.24; acc: 0.95
Batch: 80; loss: 0.3; acc: 0.89
Batch: 100; loss: 0.73; acc: 0.86
Batch: 120; loss: 0.44; acc: 0.88
Batch: 140; loss: 0.66; acc: 0.81
Val Epoch over. val_loss: 0.3296045552773081; val_accuracy: 0.9055533439490446 

Epoch 8 start
Batch: 0; loss: 0.31; acc: 0.88
Batch: 20; loss: 0.32; acc: 0.91
Batch: 40; loss: 0.25; acc: 0.92
Batch: 60; loss: 0.09; acc: 0.97
Batch: 80; loss: 0.44; acc: 0.84
Batch: 100; loss: 0.41; acc: 0.91
Batch: 120; loss: 0.37; acc: 0.91
Batch: 140; loss: 0.11; acc: 0.95
Batch: 160; loss: 0.21; acc: 0.94
Batch: 180; loss: 0.33; acc: 0.91
Batch: 200; loss: 0.24; acc: 0.91
Batch: 220; loss: 0.24; acc: 0.91
Batch: 240; loss: 0.43; acc: 0.91
Batch: 260; loss: 0.13; acc: 0.92
Batch: 280; loss: 0.3; acc: 0.94
Batch: 300; loss: 0.33; acc: 0.92
Batch: 320; loss: 0.16; acc: 0.97
Batch: 340; loss: 0.17; acc: 0.92
Batch: 360; loss: 0.12; acc: 0.95
Batch: 380; loss: 0.2; acc: 0.91
Batch: 400; loss: 0.26; acc: 0.97
Batch: 420; loss: 0.18; acc: 0.97
Batch: 440; loss: 0.17; acc: 0.92
Batch: 460; loss: 0.34; acc: 0.91
Batch: 480; loss: 0.52; acc: 0.86
Batch: 500; loss: 0.19; acc: 0.95
Batch: 520; loss: 0.24; acc: 0.92
Batch: 540; loss: 0.28; acc: 0.91
Batch: 560; loss: 0.31; acc: 0.94
Batch: 580; loss: 0.24; acc: 0.91
Batch: 600; loss: 0.54; acc: 0.88
Batch: 620; loss: 0.36; acc: 0.83
Train Epoch over. train_loss: 0.31; train_accuracy: 0.91 

Batch: 0; loss: 0.3; acc: 0.94
Batch: 20; loss: 0.73; acc: 0.83
Batch: 40; loss: 0.14; acc: 0.97
Batch: 60; loss: 0.18; acc: 0.95
Batch: 80; loss: 0.27; acc: 0.92
Batch: 100; loss: 0.66; acc: 0.84
Batch: 120; loss: 0.54; acc: 0.84
Batch: 140; loss: 0.56; acc: 0.8
Val Epoch over. val_loss: 0.3319275047938535; val_accuracy: 0.9064490445859873 

Epoch 9 start
Batch: 0; loss: 0.19; acc: 0.97
Batch: 20; loss: 0.37; acc: 0.91
Batch: 40; loss: 0.29; acc: 0.89
Batch: 60; loss: 0.31; acc: 0.92
Batch: 80; loss: 0.07; acc: 0.97
Batch: 100; loss: 0.3; acc: 0.89
Batch: 120; loss: 0.24; acc: 0.92
Batch: 140; loss: 0.54; acc: 0.89
Batch: 160; loss: 0.38; acc: 0.92
Batch: 180; loss: 0.39; acc: 0.91
Batch: 200; loss: 0.41; acc: 0.88
Batch: 220; loss: 0.34; acc: 0.89
Batch: 240; loss: 0.4; acc: 0.86
Batch: 260; loss: 0.35; acc: 0.89
Batch: 280; loss: 0.44; acc: 0.91
Batch: 300; loss: 0.26; acc: 0.91
Batch: 320; loss: 0.22; acc: 0.94
Batch: 340; loss: 0.24; acc: 0.92
Batch: 360; loss: 0.61; acc: 0.86
Batch: 380; loss: 0.43; acc: 0.91
Batch: 400; loss: 0.39; acc: 0.92
Batch: 420; loss: 0.31; acc: 0.92
Batch: 440; loss: 0.28; acc: 0.88
Batch: 460; loss: 0.27; acc: 0.92
Batch: 480; loss: 0.13; acc: 0.94
Batch: 500; loss: 0.11; acc: 0.95
Batch: 520; loss: 0.36; acc: 0.91
Batch: 540; loss: 0.22; acc: 0.94
Batch: 560; loss: 0.33; acc: 0.94
Batch: 580; loss: 0.37; acc: 0.88
Batch: 600; loss: 0.36; acc: 0.94
Batch: 620; loss: 0.29; acc: 0.91
Train Epoch over. train_loss: 0.31; train_accuracy: 0.91 

Batch: 0; loss: 0.3; acc: 0.92
Batch: 20; loss: 0.7; acc: 0.86
Batch: 40; loss: 0.18; acc: 0.98
Batch: 60; loss: 0.22; acc: 0.92
Batch: 80; loss: 0.18; acc: 0.95
Batch: 100; loss: 0.42; acc: 0.89
Batch: 120; loss: 0.47; acc: 0.86
Batch: 140; loss: 0.56; acc: 0.86
Val Epoch over. val_loss: 0.32714701178157407; val_accuracy: 0.9052547770700637 

Epoch 10 start
Batch: 0; loss: 0.3; acc: 0.91
Batch: 20; loss: 0.25; acc: 0.91
Batch: 40; loss: 0.3; acc: 0.89
Batch: 60; loss: 0.69; acc: 0.86
Batch: 80; loss: 0.21; acc: 0.95
Batch: 100; loss: 0.42; acc: 0.86
Batch: 120; loss: 0.18; acc: 0.94
Batch: 140; loss: 0.27; acc: 0.91
Batch: 160; loss: 0.27; acc: 0.88
Batch: 180; loss: 0.43; acc: 0.92
Batch: 200; loss: 0.44; acc: 0.88
Batch: 220; loss: 0.16; acc: 0.95
Batch: 240; loss: 0.48; acc: 0.88
Batch: 260; loss: 0.29; acc: 0.94
Batch: 280; loss: 0.51; acc: 0.91
Batch: 300; loss: 0.36; acc: 0.89
Batch: 320; loss: 0.34; acc: 0.88
Batch: 340; loss: 0.23; acc: 0.92
Batch: 360; loss: 0.15; acc: 0.92
Batch: 380; loss: 0.35; acc: 0.94
Batch: 400; loss: 0.26; acc: 0.95
Batch: 420; loss: 0.29; acc: 0.91
Batch: 440; loss: 0.12; acc: 0.97
Batch: 460; loss: 0.28; acc: 0.91
Batch: 480; loss: 0.28; acc: 0.94
Batch: 500; loss: 0.31; acc: 0.91
Batch: 520; loss: 0.33; acc: 0.86
Batch: 540; loss: 0.27; acc: 0.92
Batch: 560; loss: 0.48; acc: 0.89
Batch: 580; loss: 0.1; acc: 0.97
Batch: 600; loss: 0.47; acc: 0.84
Batch: 620; loss: 0.17; acc: 0.92
Train Epoch over. train_loss: 0.31; train_accuracy: 0.91 

Batch: 0; loss: 0.46; acc: 0.91
Batch: 20; loss: 0.81; acc: 0.81
Batch: 40; loss: 0.16; acc: 0.98
Batch: 60; loss: 0.33; acc: 0.92
Batch: 80; loss: 0.24; acc: 0.95
Batch: 100; loss: 0.56; acc: 0.88
Batch: 120; loss: 0.36; acc: 0.94
Batch: 140; loss: 0.52; acc: 0.88
Val Epoch over. val_loss: 0.31317294668999446; val_accuracy: 0.9101313694267515 

plots/subspace_True_d_dim_500_model_lenet_lr_0.1_seed_1_epochs_10_batchsize_64_2019-12-31 11:27:00.155478
plots/subspace_True_d_dim_XXXXX_model_lenet_lr_0.1_seed_1_epochs_10_batchsize_64_2019-12-31 11:27:00.483260
