Epoch 1 start
Batch: 0; loss: 36.37; acc: 0.12
Batch: 20; loss: 19.92; acc: 0.22
Batch: 40; loss: 16.42; acc: 0.3
Batch: 60; loss: 16.84; acc: 0.3
Batch: 80; loss: 13.92; acc: 0.3
Batch: 100; loss: 11.76; acc: 0.44
Batch: 120; loss: 19.14; acc: 0.25
Batch: 140; loss: 13.71; acc: 0.3
Batch: 160; loss: 12.65; acc: 0.34
Batch: 180; loss: 14.38; acc: 0.38
Batch: 200; loss: 11.29; acc: 0.42
Batch: 220; loss: 15.84; acc: 0.41
Batch: 240; loss: 12.05; acc: 0.39
Batch: 260; loss: 15.11; acc: 0.41
Batch: 280; loss: 16.17; acc: 0.41
Batch: 300; loss: 12.71; acc: 0.45
Batch: 320; loss: 14.42; acc: 0.36
Batch: 340; loss: 17.05; acc: 0.33
Batch: 360; loss: 10.99; acc: 0.53
Batch: 380; loss: 13.77; acc: 0.31
Batch: 400; loss: 17.35; acc: 0.34
Batch: 420; loss: 14.03; acc: 0.45
Batch: 440; loss: 16.07; acc: 0.39
Batch: 460; loss: 10.57; acc: 0.48
Batch: 480; loss: 11.36; acc: 0.44
Batch: 500; loss: 13.31; acc: 0.42
Batch: 520; loss: 12.57; acc: 0.39
Batch: 540; loss: 13.21; acc: 0.45
Batch: 560; loss: 14.31; acc: 0.34
Batch: 580; loss: 9.9; acc: 0.5
Batch: 600; loss: 14.07; acc: 0.34
Batch: 620; loss: 19.29; acc: 0.31
Train Epoch over. train_loss: 14.51; train_accuracy: 0.38 

Batch: 0; loss: 11.15; acc: 0.45
Batch: 20; loss: 18.62; acc: 0.25
Batch: 40; loss: 13.31; acc: 0.44
Batch: 60; loss: 14.22; acc: 0.38
Batch: 80; loss: 12.54; acc: 0.42
Batch: 100; loss: 12.8; acc: 0.36
Batch: 120; loss: 14.91; acc: 0.38
Batch: 140; loss: 19.28; acc: 0.3
Val Epoch over. val_loss: 13.90277492924101; val_accuracy: 0.39341162420382164 

Epoch 2 start
Batch: 0; loss: 15.52; acc: 0.39
Batch: 20; loss: 11.51; acc: 0.47
Batch: 40; loss: 11.96; acc: 0.34
Batch: 60; loss: 14.24; acc: 0.38
Batch: 80; loss: 12.26; acc: 0.42
Batch: 100; loss: 15.15; acc: 0.41
Batch: 120; loss: 8.93; acc: 0.56
Batch: 140; loss: 15.92; acc: 0.34
Batch: 160; loss: 14.35; acc: 0.5
Batch: 180; loss: 16.31; acc: 0.36
Batch: 200; loss: 11.45; acc: 0.47
Batch: 220; loss: 12.4; acc: 0.44
Batch: 240; loss: 14.88; acc: 0.34
Batch: 260; loss: 17.71; acc: 0.39
Batch: 280; loss: 13.57; acc: 0.39
Batch: 300; loss: 16.81; acc: 0.38
Batch: 320; loss: 12.49; acc: 0.45
Batch: 340; loss: 16.88; acc: 0.38
Batch: 360; loss: 18.44; acc: 0.28
Batch: 380; loss: 10.79; acc: 0.47
Batch: 400; loss: 14.22; acc: 0.34
Batch: 420; loss: 14.14; acc: 0.52
Batch: 440; loss: 11.87; acc: 0.39
Batch: 460; loss: 17.62; acc: 0.31
Batch: 480; loss: 17.3; acc: 0.34
Batch: 500; loss: 10.95; acc: 0.42
Batch: 520; loss: 10.49; acc: 0.47
Batch: 540; loss: 11.87; acc: 0.42
Batch: 560; loss: 14.19; acc: 0.44
Batch: 580; loss: 14.4; acc: 0.41
Batch: 600; loss: 15.69; acc: 0.44
Batch: 620; loss: 12.19; acc: 0.39
Train Epoch over. train_loss: 13.93; train_accuracy: 0.41 

Batch: 0; loss: 12.87; acc: 0.42
Batch: 20; loss: 17.08; acc: 0.31
Batch: 40; loss: 13.2; acc: 0.47
Batch: 60; loss: 14.65; acc: 0.44
Batch: 80; loss: 11.68; acc: 0.5
Batch: 100; loss: 13.61; acc: 0.41
Batch: 120; loss: 13.38; acc: 0.47
Batch: 140; loss: 20.98; acc: 0.27
Val Epoch over. val_loss: 14.215901572233552; val_accuracy: 0.4033638535031847 

Epoch 3 start
Batch: 0; loss: 15.33; acc: 0.41
Batch: 20; loss: 15.94; acc: 0.39
Batch: 40; loss: 11.96; acc: 0.48
Batch: 60; loss: 19.32; acc: 0.39
Batch: 80; loss: 11.66; acc: 0.45
Batch: 100; loss: 13.1; acc: 0.44
Batch: 120; loss: 16.17; acc: 0.34
Batch: 140; loss: 15.22; acc: 0.48
Batch: 160; loss: 13.95; acc: 0.33
Batch: 180; loss: 13.82; acc: 0.45
Batch: 200; loss: 15.81; acc: 0.33
Batch: 220; loss: 11.56; acc: 0.44
Batch: 240; loss: 12.42; acc: 0.36
Batch: 260; loss: 10.39; acc: 0.53
Batch: 280; loss: 14.71; acc: 0.42
Batch: 300; loss: 15.07; acc: 0.38
Batch: 320; loss: 13.08; acc: 0.44
Batch: 340; loss: 12.92; acc: 0.41
Batch: 360; loss: 12.76; acc: 0.47
Batch: 380; loss: 11.08; acc: 0.44
Batch: 400; loss: 12.85; acc: 0.44
Batch: 420; loss: 13.09; acc: 0.5
Batch: 440; loss: 10.44; acc: 0.55
Batch: 460; loss: 15.66; acc: 0.44
Batch: 480; loss: 15.09; acc: 0.48
Batch: 500; loss: 15.73; acc: 0.31
Batch: 520; loss: 14.46; acc: 0.38
Batch: 540; loss: 10.4; acc: 0.56
Batch: 560; loss: 11.44; acc: 0.42
Batch: 580; loss: 14.69; acc: 0.41
Batch: 600; loss: 12.23; acc: 0.42
Batch: 620; loss: 15.21; acc: 0.38
Train Epoch over. train_loss: 13.85; train_accuracy: 0.43 

Batch: 0; loss: 12.26; acc: 0.5
Batch: 20; loss: 17.68; acc: 0.33
Batch: 40; loss: 14.0; acc: 0.39
Batch: 60; loss: 18.48; acc: 0.41
Batch: 80; loss: 13.74; acc: 0.42
Batch: 100; loss: 16.42; acc: 0.31
Batch: 120; loss: 15.38; acc: 0.47
Batch: 140; loss: 20.04; acc: 0.31
Val Epoch over. val_loss: 14.500991344451904; val_accuracy: 0.4171974522292994 

Epoch 4 start
Batch: 0; loss: 11.54; acc: 0.47
Batch: 20; loss: 13.46; acc: 0.47
Batch: 40; loss: 12.06; acc: 0.47
Batch: 60; loss: 13.13; acc: 0.5
Batch: 80; loss: 13.68; acc: 0.52
Batch: 100; loss: 11.86; acc: 0.45
Batch: 120; loss: 14.21; acc: 0.38
Batch: 140; loss: 16.3; acc: 0.34
Batch: 160; loss: 14.72; acc: 0.34
Batch: 180; loss: 13.97; acc: 0.45
Batch: 200; loss: 17.01; acc: 0.45
Batch: 220; loss: 16.12; acc: 0.34
Batch: 240; loss: 12.58; acc: 0.52
Batch: 260; loss: 15.19; acc: 0.44
Batch: 280; loss: 13.52; acc: 0.53
Batch: 300; loss: 9.41; acc: 0.62
Batch: 320; loss: 14.25; acc: 0.44
Batch: 340; loss: 14.58; acc: 0.33
Batch: 360; loss: 13.49; acc: 0.39
Batch: 380; loss: 12.75; acc: 0.45
Batch: 400; loss: 11.97; acc: 0.42
Batch: 420; loss: 12.34; acc: 0.48
Batch: 440; loss: 14.06; acc: 0.47
Batch: 460; loss: 16.21; acc: 0.44
Batch: 480; loss: 11.25; acc: 0.48
Batch: 500; loss: 15.13; acc: 0.39
Batch: 520; loss: 16.06; acc: 0.45
Batch: 540; loss: 10.78; acc: 0.53
Batch: 560; loss: 15.15; acc: 0.38
Batch: 580; loss: 15.8; acc: 0.36
Batch: 600; loss: 12.62; acc: 0.41
Batch: 620; loss: 15.05; acc: 0.44
Train Epoch over. train_loss: 13.83; train_accuracy: 0.44 

Batch: 0; loss: 14.39; acc: 0.45
Batch: 20; loss: 17.55; acc: 0.3
Batch: 40; loss: 13.6; acc: 0.41
Batch: 60; loss: 16.41; acc: 0.48
Batch: 80; loss: 13.05; acc: 0.5
Batch: 100; loss: 13.98; acc: 0.38
Batch: 120; loss: 15.82; acc: 0.48
Batch: 140; loss: 19.45; acc: 0.25
Val Epoch over. val_loss: 13.920023778441605; val_accuracy: 0.421875 

Epoch 5 start
Batch: 0; loss: 14.2; acc: 0.42
Batch: 20; loss: 13.28; acc: 0.47
Batch: 40; loss: 16.69; acc: 0.38
Batch: 60; loss: 15.66; acc: 0.31
Batch: 80; loss: 13.9; acc: 0.47
Batch: 100; loss: 12.33; acc: 0.48
Batch: 120; loss: 10.82; acc: 0.52
Batch: 140; loss: 15.82; acc: 0.39
Batch: 160; loss: 14.11; acc: 0.47
Batch: 180; loss: 12.34; acc: 0.52
Batch: 200; loss: 12.81; acc: 0.48
Batch: 220; loss: 12.98; acc: 0.45
Batch: 240; loss: 17.23; acc: 0.34
Batch: 260; loss: 14.24; acc: 0.52
Batch: 280; loss: 14.92; acc: 0.42
Batch: 300; loss: 11.32; acc: 0.48
Batch: 320; loss: 12.12; acc: 0.45
Batch: 340; loss: 19.59; acc: 0.41
Batch: 360; loss: 15.69; acc: 0.47
Batch: 380; loss: 12.71; acc: 0.48
Batch: 400; loss: 10.88; acc: 0.52
Batch: 420; loss: 10.65; acc: 0.53
Batch: 440; loss: 16.17; acc: 0.42
Batch: 460; loss: 12.55; acc: 0.52
Batch: 480; loss: 11.78; acc: 0.48
Batch: 500; loss: 12.5; acc: 0.47
Batch: 520; loss: 16.9; acc: 0.44
Batch: 540; loss: 16.7; acc: 0.45
Batch: 560; loss: 14.67; acc: 0.41
Batch: 580; loss: 15.89; acc: 0.36
Batch: 600; loss: 14.14; acc: 0.45
Batch: 620; loss: 15.02; acc: 0.39
Train Epoch over. train_loss: 13.85; train_accuracy: 0.44 

Batch: 0; loss: 12.51; acc: 0.45
Batch: 20; loss: 18.22; acc: 0.38
Batch: 40; loss: 12.95; acc: 0.53
Batch: 60; loss: 16.29; acc: 0.47
Batch: 80; loss: 12.9; acc: 0.47
Batch: 100; loss: 13.33; acc: 0.36
Batch: 120; loss: 14.23; acc: 0.47
Batch: 140; loss: 19.13; acc: 0.33
Val Epoch over. val_loss: 13.80485575973608; val_accuracy: 0.4296377388535032 

Epoch 6 start
Batch: 0; loss: 17.02; acc: 0.41
Batch: 20; loss: 15.89; acc: 0.34
Batch: 40; loss: 17.59; acc: 0.34
Batch: 60; loss: 8.63; acc: 0.48
Batch: 80; loss: 14.01; acc: 0.41
Batch: 100; loss: 10.32; acc: 0.38
Batch: 120; loss: 11.23; acc: 0.59
Batch: 140; loss: 14.62; acc: 0.41
Batch: 160; loss: 11.22; acc: 0.42
Batch: 180; loss: 9.77; acc: 0.56
Batch: 200; loss: 14.31; acc: 0.45
Batch: 220; loss: 13.44; acc: 0.39
Batch: 240; loss: 14.05; acc: 0.39
Batch: 260; loss: 12.44; acc: 0.48
Batch: 280; loss: 10.59; acc: 0.48
Batch: 300; loss: 13.08; acc: 0.5
Batch: 320; loss: 13.12; acc: 0.39
Batch: 340; loss: 18.83; acc: 0.34
Batch: 360; loss: 14.76; acc: 0.53
Batch: 380; loss: 13.78; acc: 0.5
Batch: 400; loss: 15.83; acc: 0.33
Batch: 420; loss: 11.47; acc: 0.44
Batch: 440; loss: 10.66; acc: 0.56
Batch: 460; loss: 9.3; acc: 0.48
Batch: 480; loss: 17.49; acc: 0.34
Batch: 500; loss: 11.18; acc: 0.59
Batch: 520; loss: 16.51; acc: 0.3
Batch: 540; loss: 13.88; acc: 0.45
Batch: 560; loss: 17.09; acc: 0.31
Batch: 580; loss: 15.24; acc: 0.41
Batch: 600; loss: 14.0; acc: 0.45
Batch: 620; loss: 14.02; acc: 0.36
Train Epoch over. train_loss: 13.83; train_accuracy: 0.44 

Batch: 0; loss: 13.06; acc: 0.44
Batch: 20; loss: 18.69; acc: 0.3
Batch: 40; loss: 12.29; acc: 0.53
Batch: 60; loss: 18.61; acc: 0.38
Batch: 80; loss: 12.97; acc: 0.42
Batch: 100; loss: 14.9; acc: 0.38
Batch: 120; loss: 14.82; acc: 0.42
Batch: 140; loss: 19.46; acc: 0.28
Val Epoch over. val_loss: 13.85640657024019; val_accuracy: 0.4289410828025478 

Epoch 7 start
Batch: 0; loss: 17.3; acc: 0.33
Batch: 20; loss: 14.17; acc: 0.41
Batch: 40; loss: 11.9; acc: 0.48
Batch: 60; loss: 10.79; acc: 0.52
Batch: 80; loss: 18.58; acc: 0.45
Batch: 100; loss: 13.08; acc: 0.38
Batch: 120; loss: 11.76; acc: 0.48
Batch: 140; loss: 12.22; acc: 0.41
Batch: 160; loss: 15.76; acc: 0.42
Batch: 180; loss: 13.54; acc: 0.44
Batch: 200; loss: 16.93; acc: 0.42
Batch: 220; loss: 15.64; acc: 0.42
Batch: 240; loss: 13.97; acc: 0.41
Batch: 260; loss: 10.95; acc: 0.48
Batch: 280; loss: 18.01; acc: 0.41
Batch: 300; loss: 11.25; acc: 0.52
Batch: 320; loss: 16.16; acc: 0.38
Batch: 340; loss: 15.55; acc: 0.41
Batch: 360; loss: 10.75; acc: 0.56
Batch: 380; loss: 14.29; acc: 0.41
Batch: 400; loss: 17.81; acc: 0.42
Batch: 420; loss: 9.83; acc: 0.55
Batch: 440; loss: 16.63; acc: 0.39
Batch: 460; loss: 11.64; acc: 0.48
Batch: 480; loss: 12.01; acc: 0.48
Batch: 500; loss: 12.47; acc: 0.45
Batch: 520; loss: 13.3; acc: 0.45
Batch: 540; loss: 15.13; acc: 0.47
Batch: 560; loss: 19.71; acc: 0.41
Batch: 580; loss: 13.78; acc: 0.42
Batch: 600; loss: 15.72; acc: 0.42
Batch: 620; loss: 14.92; acc: 0.48
Train Epoch over. train_loss: 13.85; train_accuracy: 0.45 

Batch: 0; loss: 12.72; acc: 0.47
Batch: 20; loss: 19.38; acc: 0.33
Batch: 40; loss: 11.72; acc: 0.5
Batch: 60; loss: 17.44; acc: 0.36
Batch: 80; loss: 14.1; acc: 0.45
Batch: 100; loss: 13.79; acc: 0.33
Batch: 120; loss: 13.99; acc: 0.47
Batch: 140; loss: 17.57; acc: 0.34
Val Epoch over. val_loss: 13.980539962744258; val_accuracy: 0.4346138535031847 

Epoch 8 start
Batch: 0; loss: 13.58; acc: 0.52
Batch: 20; loss: 12.7; acc: 0.52
Batch: 40; loss: 10.98; acc: 0.45
Batch: 60; loss: 14.49; acc: 0.47
Batch: 80; loss: 15.59; acc: 0.36
Batch: 100; loss: 17.51; acc: 0.41
Batch: 120; loss: 12.35; acc: 0.36
Batch: 140; loss: 13.01; acc: 0.44
Batch: 160; loss: 13.67; acc: 0.52
Batch: 180; loss: 14.85; acc: 0.45
Batch: 200; loss: 14.75; acc: 0.44
Batch: 220; loss: 15.55; acc: 0.36
Batch: 240; loss: 16.54; acc: 0.45
Batch: 260; loss: 12.86; acc: 0.52
Batch: 280; loss: 15.0; acc: 0.3
Batch: 300; loss: 12.02; acc: 0.55
Batch: 320; loss: 13.97; acc: 0.48
Batch: 340; loss: 12.61; acc: 0.48
Batch: 360; loss: 16.46; acc: 0.42
Batch: 380; loss: 10.55; acc: 0.56
Batch: 400; loss: 11.03; acc: 0.5
Batch: 420; loss: 9.03; acc: 0.64
Batch: 440; loss: 7.93; acc: 0.59
Batch: 460; loss: 14.31; acc: 0.38
Batch: 480; loss: 14.19; acc: 0.41
Batch: 500; loss: 14.8; acc: 0.45
Batch: 520; loss: 13.91; acc: 0.47
Batch: 540; loss: 16.35; acc: 0.42
Batch: 560; loss: 15.61; acc: 0.33
Batch: 580; loss: 16.37; acc: 0.39
Batch: 600; loss: 9.84; acc: 0.58
Batch: 620; loss: 14.33; acc: 0.48
Train Epoch over. train_loss: 13.84; train_accuracy: 0.45 

Batch: 0; loss: 13.04; acc: 0.47
Batch: 20; loss: 18.72; acc: 0.39
Batch: 40; loss: 12.57; acc: 0.5
Batch: 60; loss: 19.25; acc: 0.36
Batch: 80; loss: 13.09; acc: 0.47
Batch: 100; loss: 15.28; acc: 0.3
Batch: 120; loss: 15.17; acc: 0.45
Batch: 140; loss: 19.21; acc: 0.33
Val Epoch over. val_loss: 14.061510441409554; val_accuracy: 0.4312300955414013 

Epoch 9 start
Batch: 0; loss: 11.68; acc: 0.48
Batch: 20; loss: 11.14; acc: 0.53
Batch: 40; loss: 10.93; acc: 0.48
Batch: 60; loss: 11.47; acc: 0.48
Batch: 80; loss: 13.09; acc: 0.48
Batch: 100; loss: 11.61; acc: 0.44
Batch: 120; loss: 13.46; acc: 0.45
Batch: 140; loss: 12.05; acc: 0.45
Batch: 160; loss: 12.14; acc: 0.45
Batch: 180; loss: 14.25; acc: 0.38
Batch: 200; loss: 14.83; acc: 0.41
Batch: 220; loss: 13.62; acc: 0.52
Batch: 240; loss: 11.8; acc: 0.38
Batch: 260; loss: 16.01; acc: 0.38
Batch: 280; loss: 12.6; acc: 0.47
Batch: 300; loss: 8.99; acc: 0.56
Batch: 320; loss: 11.32; acc: 0.44
Batch: 340; loss: 11.94; acc: 0.44
Batch: 360; loss: 11.94; acc: 0.5
Batch: 380; loss: 13.37; acc: 0.5
Batch: 400; loss: 16.05; acc: 0.41
Batch: 420; loss: 15.76; acc: 0.41
Batch: 440; loss: 14.57; acc: 0.45
Batch: 460; loss: 14.7; acc: 0.44
Batch: 480; loss: 14.56; acc: 0.47
Batch: 500; loss: 14.8; acc: 0.39
Batch: 520; loss: 14.49; acc: 0.45
Batch: 540; loss: 10.72; acc: 0.5
Batch: 560; loss: 16.49; acc: 0.44
Batch: 580; loss: 10.8; acc: 0.53
Batch: 600; loss: 17.31; acc: 0.3
Batch: 620; loss: 13.61; acc: 0.44
Train Epoch over. train_loss: 13.86; train_accuracy: 0.44 

Batch: 0; loss: 15.17; acc: 0.41
Batch: 20; loss: 19.57; acc: 0.33
Batch: 40; loss: 12.73; acc: 0.41
Batch: 60; loss: 19.02; acc: 0.39
Batch: 80; loss: 14.52; acc: 0.45
Batch: 100; loss: 14.83; acc: 0.36
Batch: 120; loss: 15.15; acc: 0.47
Batch: 140; loss: 17.71; acc: 0.34
Val Epoch over. val_loss: 14.29191901881224; val_accuracy: 0.4083399681528662 

Epoch 10 start
Batch: 0; loss: 16.94; acc: 0.41
Batch: 20; loss: 14.7; acc: 0.41
Batch: 40; loss: 12.75; acc: 0.44
Batch: 60; loss: 15.86; acc: 0.38
Batch: 80; loss: 13.25; acc: 0.41
Batch: 100; loss: 15.58; acc: 0.45
Batch: 120; loss: 15.18; acc: 0.33
Batch: 140; loss: 11.33; acc: 0.52
Batch: 160; loss: 14.9; acc: 0.44
Batch: 180; loss: 16.05; acc: 0.5
Batch: 200; loss: 11.46; acc: 0.61
Batch: 220; loss: 12.28; acc: 0.41
Batch: 240; loss: 12.56; acc: 0.39
Batch: 260; loss: 13.83; acc: 0.44
Batch: 280; loss: 12.89; acc: 0.5
Batch: 300; loss: 11.4; acc: 0.48
Batch: 320; loss: 13.04; acc: 0.47
Batch: 340; loss: 11.39; acc: 0.47
Batch: 360; loss: 13.11; acc: 0.42
Batch: 380; loss: 9.15; acc: 0.45
Batch: 400; loss: 18.94; acc: 0.38
Batch: 420; loss: 14.01; acc: 0.34
Batch: 440; loss: 16.26; acc: 0.34
Batch: 460; loss: 18.24; acc: 0.34
Batch: 480; loss: 15.21; acc: 0.39
Batch: 500; loss: 13.79; acc: 0.36
Batch: 520; loss: 14.81; acc: 0.47
Batch: 540; loss: 13.99; acc: 0.47
Batch: 560; loss: 10.49; acc: 0.45
Batch: 580; loss: 11.04; acc: 0.52
Batch: 600; loss: 10.26; acc: 0.48
Batch: 620; loss: 14.28; acc: 0.44
Train Epoch over. train_loss: 13.81; train_accuracy: 0.44 

Batch: 0; loss: 14.1; acc: 0.45
Batch: 20; loss: 18.85; acc: 0.36
Batch: 40; loss: 11.91; acc: 0.52
Batch: 60; loss: 17.62; acc: 0.41
Batch: 80; loss: 15.69; acc: 0.45
Batch: 100; loss: 13.57; acc: 0.41
Batch: 120; loss: 12.55; acc: 0.5
Batch: 140; loss: 17.71; acc: 0.39
Val Epoch over. val_loss: 14.307270353766762; val_accuracy: 0.43341958598726116 

plots/subspace_True_d_dim_100_model_MLP_lr_0.1_seed_1_epochs_10_batchsize_64_2019-12-30 18:07:25.527403
Epoch 1 start
Batch: 0; loss: 36.37; acc: 0.12
Batch: 20; loss: 11.11; acc: 0.34
Batch: 40; loss: 11.89; acc: 0.39
Batch: 60; loss: 12.39; acc: 0.47
Batch: 80; loss: 8.76; acc: 0.45
Batch: 100; loss: 6.87; acc: 0.52
Batch: 120; loss: 12.87; acc: 0.39
Batch: 140; loss: 8.99; acc: 0.5
Batch: 160; loss: 9.66; acc: 0.62
Batch: 180; loss: 7.08; acc: 0.72
Batch: 200; loss: 8.49; acc: 0.59
Batch: 220; loss: 7.03; acc: 0.58
Batch: 240; loss: 6.25; acc: 0.59
Batch: 260; loss: 6.54; acc: 0.66
Batch: 280; loss: 7.54; acc: 0.61
Batch: 300; loss: 14.18; acc: 0.47
Batch: 320; loss: 7.37; acc: 0.64
Batch: 340; loss: 6.02; acc: 0.66
Batch: 360; loss: 4.92; acc: 0.77
Batch: 380; loss: 11.31; acc: 0.58
Batch: 400; loss: 10.82; acc: 0.56
Batch: 420; loss: 6.06; acc: 0.58
Batch: 440; loss: 7.11; acc: 0.59
Batch: 460; loss: 11.71; acc: 0.56
Batch: 480; loss: 8.76; acc: 0.58
Batch: 500; loss: 9.72; acc: 0.64
Batch: 520; loss: 9.78; acc: 0.56
Batch: 540; loss: 6.86; acc: 0.67
Batch: 560; loss: 12.3; acc: 0.48
Batch: 580; loss: 9.44; acc: 0.59
Batch: 600; loss: 6.59; acc: 0.58
Batch: 620; loss: 9.75; acc: 0.62
Train Epoch over. train_loss: 9.4; train_accuracy: 0.56 

Batch: 0; loss: 7.67; acc: 0.61
Batch: 20; loss: 11.82; acc: 0.5
Batch: 40; loss: 5.31; acc: 0.64
Batch: 60; loss: 10.56; acc: 0.64
Batch: 80; loss: 8.16; acc: 0.55
Batch: 100; loss: 11.54; acc: 0.45
Batch: 120; loss: 9.95; acc: 0.56
Batch: 140; loss: 10.08; acc: 0.53
Val Epoch over. val_loss: 8.813440986499664; val_accuracy: 0.5986265923566879 

Epoch 2 start
Batch: 0; loss: 7.67; acc: 0.67
Batch: 20; loss: 6.64; acc: 0.67
Batch: 40; loss: 7.68; acc: 0.59
Batch: 60; loss: 10.6; acc: 0.55
Batch: 80; loss: 7.15; acc: 0.59
Batch: 100; loss: 10.19; acc: 0.53
Batch: 120; loss: 7.36; acc: 0.64
Batch: 140; loss: 7.4; acc: 0.55
Batch: 160; loss: 7.52; acc: 0.66
Batch: 180; loss: 10.25; acc: 0.56
Batch: 200; loss: 6.36; acc: 0.64
Batch: 220; loss: 9.02; acc: 0.55
Batch: 240; loss: 11.63; acc: 0.52
Batch: 260; loss: 9.52; acc: 0.62
Batch: 280; loss: 7.1; acc: 0.62
Batch: 300; loss: 8.93; acc: 0.56
Batch: 320; loss: 7.84; acc: 0.61
Batch: 340; loss: 7.16; acc: 0.59
Batch: 360; loss: 9.18; acc: 0.58
Batch: 380; loss: 9.95; acc: 0.5
Batch: 400; loss: 10.04; acc: 0.55
Batch: 420; loss: 8.88; acc: 0.61
Batch: 440; loss: 8.76; acc: 0.59
Batch: 460; loss: 10.22; acc: 0.55
Batch: 480; loss: 8.52; acc: 0.55
Batch: 500; loss: 5.91; acc: 0.66
Batch: 520; loss: 6.99; acc: 0.61
Batch: 540; loss: 8.81; acc: 0.62
Batch: 560; loss: 7.0; acc: 0.66
Batch: 580; loss: 8.1; acc: 0.47
Batch: 600; loss: 11.25; acc: 0.45
Batch: 620; loss: 7.05; acc: 0.66
Train Epoch over. train_loss: 8.54; train_accuracy: 0.59 

Batch: 0; loss: 8.07; acc: 0.59
Batch: 20; loss: 11.63; acc: 0.53
Batch: 40; loss: 5.71; acc: 0.67
Batch: 60; loss: 6.32; acc: 0.66
Batch: 80; loss: 7.18; acc: 0.58
Batch: 100; loss: 10.69; acc: 0.47
Batch: 120; loss: 10.76; acc: 0.62
Batch: 140; loss: 13.14; acc: 0.48
Val Epoch over. val_loss: 8.410482090749559; val_accuracy: 0.599422770700637 

Epoch 3 start
Batch: 0; loss: 6.38; acc: 0.58
Batch: 20; loss: 10.75; acc: 0.58
Batch: 40; loss: 9.84; acc: 0.61
Batch: 60; loss: 6.57; acc: 0.62
Batch: 80; loss: 7.18; acc: 0.56
Batch: 100; loss: 7.73; acc: 0.55
Batch: 120; loss: 10.65; acc: 0.59
Batch: 140; loss: 8.91; acc: 0.61
Batch: 160; loss: 6.58; acc: 0.69
Batch: 180; loss: 7.48; acc: 0.56
Batch: 200; loss: 9.05; acc: 0.56
Batch: 220; loss: 5.75; acc: 0.72
Batch: 240; loss: 7.32; acc: 0.64
Batch: 260; loss: 6.59; acc: 0.72
Batch: 280; loss: 11.56; acc: 0.53
Batch: 300; loss: 11.93; acc: 0.55
Batch: 320; loss: 8.15; acc: 0.59
Batch: 340; loss: 9.39; acc: 0.58
Batch: 360; loss: 8.41; acc: 0.62
Batch: 380; loss: 7.5; acc: 0.62
Batch: 400; loss: 10.45; acc: 0.44
Batch: 420; loss: 5.75; acc: 0.64
Batch: 440; loss: 6.27; acc: 0.66
Batch: 460; loss: 11.12; acc: 0.53
Batch: 480; loss: 8.75; acc: 0.66
Batch: 500; loss: 10.85; acc: 0.58
Batch: 520; loss: 8.65; acc: 0.61
Batch: 540; loss: 9.99; acc: 0.62
Batch: 560; loss: 7.08; acc: 0.53
Batch: 580; loss: 10.81; acc: 0.56
Batch: 600; loss: 6.49; acc: 0.67
Batch: 620; loss: 8.88; acc: 0.56
Train Epoch over. train_loss: 8.56; train_accuracy: 0.6 

Batch: 0; loss: 7.15; acc: 0.64
Batch: 20; loss: 10.22; acc: 0.53
Batch: 40; loss: 4.87; acc: 0.62
Batch: 60; loss: 7.8; acc: 0.64
Batch: 80; loss: 9.25; acc: 0.55
Batch: 100; loss: 9.01; acc: 0.56
Batch: 120; loss: 7.68; acc: 0.62
Batch: 140; loss: 12.83; acc: 0.44
Val Epoch over. val_loss: 8.493855494602471; val_accuracy: 0.5919585987261147 

Epoch 4 start
Batch: 0; loss: 6.22; acc: 0.7
Batch: 20; loss: 12.16; acc: 0.53
Batch: 40; loss: 7.22; acc: 0.59
Batch: 60; loss: 5.99; acc: 0.67
Batch: 80; loss: 5.7; acc: 0.62
Batch: 100; loss: 10.37; acc: 0.61
Batch: 120; loss: 7.8; acc: 0.64
Batch: 140; loss: 7.19; acc: 0.59
Batch: 160; loss: 7.09; acc: 0.64
Batch: 180; loss: 6.23; acc: 0.64
Batch: 200; loss: 8.28; acc: 0.62
Batch: 220; loss: 12.05; acc: 0.45
Batch: 240; loss: 9.83; acc: 0.61
Batch: 260; loss: 10.6; acc: 0.55
Batch: 280; loss: 10.77; acc: 0.58
Batch: 300; loss: 5.55; acc: 0.69
Batch: 320; loss: 11.62; acc: 0.56
Batch: 340; loss: 12.02; acc: 0.52
Batch: 360; loss: 9.3; acc: 0.53
Batch: 380; loss: 8.59; acc: 0.62
Batch: 400; loss: 9.91; acc: 0.59
Batch: 420; loss: 6.11; acc: 0.69
Batch: 440; loss: 13.88; acc: 0.53
Batch: 460; loss: 8.85; acc: 0.64
Batch: 480; loss: 9.45; acc: 0.61
Batch: 500; loss: 9.28; acc: 0.53
Batch: 520; loss: 12.39; acc: 0.48
Batch: 540; loss: 7.65; acc: 0.58
Batch: 560; loss: 8.16; acc: 0.69
Batch: 580; loss: 6.56; acc: 0.55
Batch: 600; loss: 8.75; acc: 0.58
Batch: 620; loss: 8.01; acc: 0.56
Train Epoch over. train_loss: 8.53; train_accuracy: 0.6 

Batch: 0; loss: 7.74; acc: 0.61
Batch: 20; loss: 10.48; acc: 0.52
Batch: 40; loss: 6.69; acc: 0.64
Batch: 60; loss: 9.63; acc: 0.56
Batch: 80; loss: 7.85; acc: 0.58
Batch: 100; loss: 13.66; acc: 0.39
Batch: 120; loss: 10.83; acc: 0.5
Batch: 140; loss: 12.22; acc: 0.44
Val Epoch over. val_loss: 9.35210362209636; val_accuracy: 0.5678742038216561 

Epoch 5 start
Batch: 0; loss: 10.0; acc: 0.52
Batch: 20; loss: 5.67; acc: 0.66
Batch: 40; loss: 9.66; acc: 0.61
Batch: 60; loss: 12.77; acc: 0.48
Batch: 80; loss: 7.73; acc: 0.56
Batch: 100; loss: 7.9; acc: 0.55
Batch: 120; loss: 6.42; acc: 0.66
Batch: 140; loss: 9.0; acc: 0.61
Batch: 160; loss: 11.06; acc: 0.58
Batch: 180; loss: 10.26; acc: 0.5
Batch: 200; loss: 10.83; acc: 0.48
Batch: 220; loss: 4.7; acc: 0.67
Batch: 240; loss: 8.11; acc: 0.56
Batch: 260; loss: 6.65; acc: 0.61
Batch: 280; loss: 7.98; acc: 0.61
Batch: 300; loss: 6.93; acc: 0.59
Batch: 320; loss: 5.8; acc: 0.69
Batch: 340; loss: 9.02; acc: 0.5
Batch: 360; loss: 10.29; acc: 0.55
Batch: 380; loss: 7.81; acc: 0.61
Batch: 400; loss: 6.3; acc: 0.67
Batch: 420; loss: 8.6; acc: 0.59
Batch: 440; loss: 7.93; acc: 0.67
Batch: 460; loss: 6.69; acc: 0.7
Batch: 480; loss: 7.39; acc: 0.59
Batch: 500; loss: 6.4; acc: 0.62
Batch: 520; loss: 8.51; acc: 0.64
Batch: 540; loss: 6.09; acc: 0.73
Batch: 560; loss: 7.16; acc: 0.58
Batch: 580; loss: 7.41; acc: 0.64
Batch: 600; loss: 11.12; acc: 0.59
Batch: 620; loss: 7.36; acc: 0.59
Train Epoch over. train_loss: 8.51; train_accuracy: 0.6 

Batch: 0; loss: 7.46; acc: 0.58
Batch: 20; loss: 11.87; acc: 0.47
Batch: 40; loss: 7.66; acc: 0.62
Batch: 60; loss: 6.68; acc: 0.56
Batch: 80; loss: 9.44; acc: 0.55
Batch: 100; loss: 10.68; acc: 0.44
Batch: 120; loss: 8.36; acc: 0.62
Batch: 140; loss: 11.75; acc: 0.45
Val Epoch over. val_loss: 8.880347046882484; val_accuracy: 0.5843949044585988 

Epoch 6 start
Batch: 0; loss: 8.31; acc: 0.69
Batch: 20; loss: 9.8; acc: 0.59
Batch: 40; loss: 9.94; acc: 0.55
Batch: 60; loss: 7.99; acc: 0.61
Batch: 80; loss: 11.61; acc: 0.53
Batch: 100; loss: 4.65; acc: 0.62
Batch: 120; loss: 5.92; acc: 0.64
Batch: 140; loss: 10.38; acc: 0.64
Batch: 160; loss: 8.59; acc: 0.67
Batch: 180; loss: 9.46; acc: 0.59
Batch: 200; loss: 7.39; acc: 0.61
Batch: 220; loss: 11.15; acc: 0.53
Batch: 240; loss: 8.99; acc: 0.52
Batch: 260; loss: 6.95; acc: 0.64
Batch: 280; loss: 8.77; acc: 0.62
Batch: 300; loss: 5.9; acc: 0.72
Batch: 320; loss: 7.78; acc: 0.67
Batch: 340; loss: 11.4; acc: 0.52
Batch: 360; loss: 5.41; acc: 0.73
Batch: 380; loss: 11.24; acc: 0.55
Batch: 400; loss: 11.65; acc: 0.58
Batch: 420; loss: 9.62; acc: 0.56
Batch: 440; loss: 7.07; acc: 0.59
Batch: 460; loss: 7.57; acc: 0.62
Batch: 480; loss: 7.57; acc: 0.59
Batch: 500; loss: 8.71; acc: 0.59
Batch: 520; loss: 10.54; acc: 0.52
Batch: 540; loss: 10.29; acc: 0.59
Batch: 560; loss: 9.28; acc: 0.53
Batch: 580; loss: 7.07; acc: 0.66
Batch: 600; loss: 7.29; acc: 0.58
Batch: 620; loss: 8.52; acc: 0.66
Train Epoch over. train_loss: 8.57; train_accuracy: 0.6 

Batch: 0; loss: 6.24; acc: 0.64
Batch: 20; loss: 11.59; acc: 0.53
Batch: 40; loss: 3.25; acc: 0.72
Batch: 60; loss: 10.04; acc: 0.52
Batch: 80; loss: 7.93; acc: 0.56
Batch: 100; loss: 9.58; acc: 0.58
Batch: 120; loss: 7.76; acc: 0.66
Batch: 140; loss: 11.11; acc: 0.5
Val Epoch over. val_loss: 8.766210659294371; val_accuracy: 0.6051950636942676 

Epoch 7 start
Batch: 0; loss: 7.65; acc: 0.59
Batch: 20; loss: 6.22; acc: 0.69
Batch: 40; loss: 7.21; acc: 0.58
Batch: 60; loss: 9.78; acc: 0.52
Batch: 80; loss: 10.8; acc: 0.53
Batch: 100; loss: 7.14; acc: 0.7
Batch: 120; loss: 10.08; acc: 0.59
Batch: 140; loss: 7.14; acc: 0.62
Batch: 160; loss: 10.45; acc: 0.56
Batch: 180; loss: 8.09; acc: 0.61
Batch: 200; loss: 9.61; acc: 0.64
Batch: 220; loss: 9.9; acc: 0.69
Batch: 240; loss: 12.47; acc: 0.5
Batch: 260; loss: 8.94; acc: 0.64
Batch: 280; loss: 11.85; acc: 0.5
Batch: 300; loss: 9.95; acc: 0.55
Batch: 320; loss: 7.5; acc: 0.56
Batch: 340; loss: 6.1; acc: 0.73
Batch: 360; loss: 6.77; acc: 0.66
Batch: 380; loss: 9.58; acc: 0.52
Batch: 400; loss: 8.87; acc: 0.56
Batch: 420; loss: 5.67; acc: 0.67
Batch: 440; loss: 9.9; acc: 0.62
Batch: 460; loss: 8.76; acc: 0.58
Batch: 480; loss: 10.14; acc: 0.53
Batch: 500; loss: 8.8; acc: 0.59
Batch: 520; loss: 9.59; acc: 0.55
Batch: 540; loss: 6.78; acc: 0.64
Batch: 560; loss: 12.11; acc: 0.58
Batch: 580; loss: 8.59; acc: 0.61
Batch: 600; loss: 7.8; acc: 0.64
Batch: 620; loss: 10.05; acc: 0.62
Train Epoch over. train_loss: 8.61; train_accuracy: 0.6 

Batch: 0; loss: 5.72; acc: 0.67
Batch: 20; loss: 11.93; acc: 0.52
Batch: 40; loss: 5.03; acc: 0.66
Batch: 60; loss: 6.34; acc: 0.66
Batch: 80; loss: 7.92; acc: 0.5
Batch: 100; loss: 10.75; acc: 0.5
Batch: 120; loss: 7.82; acc: 0.7
Batch: 140; loss: 12.56; acc: 0.45
Val Epoch over. val_loss: 8.310159478217933; val_accuracy: 0.6081807324840764 

Epoch 8 start
Batch: 0; loss: 7.41; acc: 0.61
Batch: 20; loss: 7.37; acc: 0.66
Batch: 40; loss: 11.03; acc: 0.62
Batch: 60; loss: 8.66; acc: 0.59
Batch: 80; loss: 8.81; acc: 0.7
Batch: 100; loss: 8.37; acc: 0.59
Batch: 120; loss: 6.86; acc: 0.66
Batch: 140; loss: 6.63; acc: 0.67
Batch: 160; loss: 8.6; acc: 0.59
Batch: 180; loss: 4.96; acc: 0.8
Batch: 200; loss: 7.09; acc: 0.62
Batch: 220; loss: 7.71; acc: 0.67
Batch: 240; loss: 7.07; acc: 0.7
Batch: 260; loss: 5.93; acc: 0.73
Batch: 280; loss: 6.17; acc: 0.69
Batch: 300; loss: 7.23; acc: 0.64
Batch: 320; loss: 10.45; acc: 0.69
Batch: 340; loss: 6.88; acc: 0.56
Batch: 360; loss: 11.38; acc: 0.55
Batch: 380; loss: 8.86; acc: 0.64
Batch: 400; loss: 8.44; acc: 0.61
Batch: 420; loss: 10.72; acc: 0.52
Batch: 440; loss: 7.39; acc: 0.67
Batch: 460; loss: 9.64; acc: 0.66
Batch: 480; loss: 8.87; acc: 0.59
Batch: 500; loss: 6.74; acc: 0.67
Batch: 520; loss: 7.46; acc: 0.67
Batch: 540; loss: 10.21; acc: 0.52
Batch: 560; loss: 10.54; acc: 0.61
Batch: 580; loss: 11.01; acc: 0.53
Batch: 600; loss: 10.98; acc: 0.56
Batch: 620; loss: 9.17; acc: 0.66
Train Epoch over. train_loss: 8.56; train_accuracy: 0.61 

Batch: 0; loss: 6.48; acc: 0.69
Batch: 20; loss: 11.03; acc: 0.53
Batch: 40; loss: 5.81; acc: 0.64
Batch: 60; loss: 8.14; acc: 0.67
Batch: 80; loss: 11.18; acc: 0.55
Batch: 100; loss: 10.49; acc: 0.5
Batch: 120; loss: 8.47; acc: 0.67
Batch: 140; loss: 10.68; acc: 0.55
Val Epoch over. val_loss: 8.771126484415333; val_accuracy: 0.5988256369426752 

Epoch 9 start
Batch: 0; loss: 5.19; acc: 0.64
Batch: 20; loss: 4.54; acc: 0.7
Batch: 40; loss: 6.01; acc: 0.73
Batch: 60; loss: 8.97; acc: 0.59
Batch: 80; loss: 10.11; acc: 0.53
Batch: 100; loss: 9.56; acc: 0.5
Batch: 120; loss: 5.21; acc: 0.66
Batch: 140; loss: 6.15; acc: 0.58
Batch: 160; loss: 5.53; acc: 0.67
Batch: 180; loss: 10.29; acc: 0.55
Batch: 200; loss: 7.62; acc: 0.64
Batch: 220; loss: 9.27; acc: 0.58
Batch: 240; loss: 9.99; acc: 0.61
Batch: 260; loss: 5.97; acc: 0.55
Batch: 280; loss: 8.84; acc: 0.62
Batch: 300; loss: 5.89; acc: 0.67
Batch: 320; loss: 9.87; acc: 0.61
Batch: 340; loss: 7.64; acc: 0.66
Batch: 360; loss: 5.57; acc: 0.75
Batch: 380; loss: 10.69; acc: 0.61
Batch: 400; loss: 9.13; acc: 0.62
Batch: 420; loss: 9.88; acc: 0.55
Batch: 440; loss: 11.83; acc: 0.61
Batch: 460; loss: 7.61; acc: 0.61
Batch: 480; loss: 9.01; acc: 0.62
Batch: 500; loss: 6.13; acc: 0.66
Batch: 520; loss: 8.62; acc: 0.58
Batch: 540; loss: 7.33; acc: 0.7
Batch: 560; loss: 10.67; acc: 0.52
Batch: 580; loss: 8.5; acc: 0.66
Batch: 600; loss: 10.71; acc: 0.55
Batch: 620; loss: 11.14; acc: 0.58
Train Epoch over. train_loss: 8.65; train_accuracy: 0.61 

Batch: 0; loss: 6.63; acc: 0.58
Batch: 20; loss: 11.95; acc: 0.5
Batch: 40; loss: 6.42; acc: 0.56
Batch: 60; loss: 7.97; acc: 0.7
Batch: 80; loss: 10.3; acc: 0.58
Batch: 100; loss: 12.5; acc: 0.47
Batch: 120; loss: 8.94; acc: 0.59
Batch: 140; loss: 13.81; acc: 0.45
Val Epoch over. val_loss: 9.337167411852795; val_accuracy: 0.5749402866242038 

Epoch 10 start
Batch: 0; loss: 10.07; acc: 0.56
Batch: 20; loss: 5.95; acc: 0.59
Batch: 40; loss: 9.18; acc: 0.59
Batch: 60; loss: 6.32; acc: 0.7
Batch: 80; loss: 11.03; acc: 0.55
Batch: 100; loss: 6.19; acc: 0.73
Batch: 120; loss: 13.31; acc: 0.5
Batch: 140; loss: 8.24; acc: 0.64
Batch: 160; loss: 7.98; acc: 0.64
Batch: 180; loss: 7.22; acc: 0.67
Batch: 200; loss: 6.83; acc: 0.7
Batch: 220; loss: 6.73; acc: 0.66
Batch: 240; loss: 5.31; acc: 0.73
Batch: 260; loss: 6.1; acc: 0.69
Batch: 280; loss: 10.27; acc: 0.61
Batch: 300; loss: 9.39; acc: 0.55
Batch: 320; loss: 5.41; acc: 0.72
Batch: 340; loss: 12.54; acc: 0.52
Batch: 360; loss: 7.51; acc: 0.56
Batch: 380; loss: 5.52; acc: 0.75
Batch: 400; loss: 10.83; acc: 0.56
Batch: 420; loss: 7.89; acc: 0.59
Batch: 440; loss: 9.46; acc: 0.62
Batch: 460; loss: 15.71; acc: 0.42
Batch: 480; loss: 13.22; acc: 0.5
Batch: 500; loss: 8.64; acc: 0.58
Batch: 520; loss: 7.36; acc: 0.64
Batch: 540; loss: 5.88; acc: 0.69
Batch: 560; loss: 9.69; acc: 0.64
Batch: 580; loss: 6.5; acc: 0.66
Batch: 600; loss: 9.0; acc: 0.53
Batch: 620; loss: 8.8; acc: 0.5
Train Epoch over. train_loss: 8.57; train_accuracy: 0.61 

Batch: 0; loss: 6.89; acc: 0.62
Batch: 20; loss: 10.47; acc: 0.5
Batch: 40; loss: 4.66; acc: 0.67
Batch: 60; loss: 8.76; acc: 0.61
Batch: 80; loss: 8.73; acc: 0.66
Batch: 100; loss: 11.92; acc: 0.48
Batch: 120; loss: 7.69; acc: 0.67
Batch: 140; loss: 11.23; acc: 0.48
Val Epoch over. val_loss: 8.765503049656084; val_accuracy: 0.6079816878980892 

plots/subspace_True_d_dim_200_model_MLP_lr_0.1_seed_1_epochs_10_batchsize_64_2019-12-30 18:08:22.363730
Epoch 1 start
Batch: 0; loss: 36.37; acc: 0.12
Batch: 20; loss: 13.79; acc: 0.42
Batch: 40; loss: 9.19; acc: 0.45
Batch: 60; loss: 8.81; acc: 0.52
Batch: 80; loss: 5.3; acc: 0.59
Batch: 100; loss: 6.74; acc: 0.59
Batch: 120; loss: 7.38; acc: 0.59
Batch: 140; loss: 6.27; acc: 0.64
Batch: 160; loss: 4.65; acc: 0.64
Batch: 180; loss: 6.99; acc: 0.72
Batch: 200; loss: 4.79; acc: 0.72
Batch: 220; loss: 4.91; acc: 0.67
Batch: 240; loss: 3.05; acc: 0.84
Batch: 260; loss: 5.6; acc: 0.64
Batch: 280; loss: 7.58; acc: 0.58
Batch: 300; loss: 7.42; acc: 0.66
Batch: 320; loss: 5.09; acc: 0.66
Batch: 340; loss: 5.05; acc: 0.73
Batch: 360; loss: 4.79; acc: 0.81
Batch: 380; loss: 3.31; acc: 0.78
Batch: 400; loss: 4.24; acc: 0.66
Batch: 420; loss: 7.9; acc: 0.67
Batch: 440; loss: 7.3; acc: 0.64
Batch: 460; loss: 4.99; acc: 0.67
Batch: 480; loss: 5.37; acc: 0.69
Batch: 500; loss: 5.46; acc: 0.72
Batch: 520; loss: 7.64; acc: 0.59
Batch: 540; loss: 6.18; acc: 0.67
Batch: 560; loss: 6.77; acc: 0.66
Batch: 580; loss: 6.59; acc: 0.69
Batch: 600; loss: 3.08; acc: 0.73
Batch: 620; loss: 7.32; acc: 0.66
Train Epoch over. train_loss: 6.56; train_accuracy: 0.65 

Batch: 0; loss: 6.81; acc: 0.66
Batch: 20; loss: 11.93; acc: 0.53
Batch: 40; loss: 6.08; acc: 0.75
Batch: 60; loss: 9.04; acc: 0.55
Batch: 80; loss: 9.55; acc: 0.55
Batch: 100; loss: 4.27; acc: 0.72
Batch: 120; loss: 8.18; acc: 0.72
Batch: 140; loss: 10.29; acc: 0.5
Val Epoch over. val_loss: 6.653768285824235; val_accuracy: 0.6579418789808917 

Epoch 2 start
Batch: 0; loss: 6.9; acc: 0.67
Batch: 20; loss: 5.45; acc: 0.62
Batch: 40; loss: 3.9; acc: 0.66
Batch: 60; loss: 5.08; acc: 0.62
Batch: 80; loss: 3.98; acc: 0.7
Batch: 100; loss: 6.3; acc: 0.73
Batch: 120; loss: 2.88; acc: 0.8
Batch: 140; loss: 6.06; acc: 0.72
Batch: 160; loss: 7.88; acc: 0.66
Batch: 180; loss: 8.45; acc: 0.66
Batch: 200; loss: 5.33; acc: 0.7
Batch: 220; loss: 9.36; acc: 0.55
Batch: 240; loss: 4.82; acc: 0.69
Batch: 260; loss: 6.6; acc: 0.67
Batch: 280; loss: 3.77; acc: 0.8
Batch: 300; loss: 7.02; acc: 0.66
Batch: 320; loss: 5.39; acc: 0.81
Batch: 340; loss: 6.51; acc: 0.67
Batch: 360; loss: 6.55; acc: 0.69
Batch: 380; loss: 8.22; acc: 0.73
Batch: 400; loss: 7.17; acc: 0.62
Batch: 420; loss: 7.27; acc: 0.62
Batch: 440; loss: 3.23; acc: 0.77
Batch: 460; loss: 6.91; acc: 0.67
Batch: 480; loss: 5.41; acc: 0.66
Batch: 500; loss: 2.28; acc: 0.83
Batch: 520; loss: 3.33; acc: 0.8
Batch: 540; loss: 4.25; acc: 0.77
Batch: 560; loss: 4.85; acc: 0.75
Batch: 580; loss: 8.37; acc: 0.58
Batch: 600; loss: 6.21; acc: 0.64
Batch: 620; loss: 7.94; acc: 0.64
Train Epoch over. train_loss: 5.84; train_accuracy: 0.69 

Batch: 0; loss: 3.0; acc: 0.8
Batch: 20; loss: 9.6; acc: 0.56
Batch: 40; loss: 5.03; acc: 0.7
Batch: 60; loss: 6.93; acc: 0.7
Batch: 80; loss: 5.64; acc: 0.64
Batch: 100; loss: 5.56; acc: 0.73
Batch: 120; loss: 6.46; acc: 0.72
Batch: 140; loss: 8.3; acc: 0.58
Val Epoch over. val_loss: 5.443616670028419; val_accuracy: 0.7028264331210191 

Epoch 3 start
Batch: 0; loss: 5.99; acc: 0.59
Batch: 20; loss: 8.07; acc: 0.62
Batch: 40; loss: 5.69; acc: 0.73
Batch: 60; loss: 3.84; acc: 0.81
Batch: 80; loss: 5.8; acc: 0.7
Batch: 100; loss: 2.72; acc: 0.81
Batch: 120; loss: 6.15; acc: 0.66
Batch: 140; loss: 4.31; acc: 0.78
Batch: 160; loss: 5.38; acc: 0.73
Batch: 180; loss: 6.52; acc: 0.72
Batch: 200; loss: 6.3; acc: 0.72
Batch: 220; loss: 5.62; acc: 0.72
Batch: 240; loss: 6.88; acc: 0.7
Batch: 260; loss: 4.89; acc: 0.7
Batch: 280; loss: 8.95; acc: 0.66
Batch: 300; loss: 4.37; acc: 0.7
Batch: 320; loss: 4.26; acc: 0.72
Batch: 340; loss: 5.92; acc: 0.73
Batch: 360; loss: 8.45; acc: 0.69
Batch: 380; loss: 5.12; acc: 0.77
Batch: 400; loss: 4.64; acc: 0.72
Batch: 420; loss: 5.47; acc: 0.7
Batch: 440; loss: 4.29; acc: 0.66
Batch: 460; loss: 5.81; acc: 0.66
Batch: 480; loss: 4.09; acc: 0.75
Batch: 500; loss: 5.95; acc: 0.62
Batch: 520; loss: 6.39; acc: 0.69
Batch: 540; loss: 5.37; acc: 0.72
Batch: 560; loss: 5.08; acc: 0.66
Batch: 580; loss: 5.9; acc: 0.75
Batch: 600; loss: 3.85; acc: 0.77
Batch: 620; loss: 3.55; acc: 0.78
Train Epoch over. train_loss: 5.82; train_accuracy: 0.71 

Batch: 0; loss: 4.74; acc: 0.73
Batch: 20; loss: 9.83; acc: 0.52
Batch: 40; loss: 3.4; acc: 0.8
Batch: 60; loss: 7.74; acc: 0.69
Batch: 80; loss: 6.55; acc: 0.59
Batch: 100; loss: 5.67; acc: 0.7
Batch: 120; loss: 6.87; acc: 0.73
Batch: 140; loss: 9.28; acc: 0.55
Val Epoch over. val_loss: 6.014181270720853; val_accuracy: 0.7002388535031847 

Epoch 4 start
Batch: 0; loss: 6.51; acc: 0.66
Batch: 20; loss: 7.96; acc: 0.66
Batch: 40; loss: 3.56; acc: 0.8
Batch: 60; loss: 2.32; acc: 0.84
Batch: 80; loss: 5.73; acc: 0.78
Batch: 100; loss: 4.43; acc: 0.72
Batch: 120; loss: 3.75; acc: 0.75
Batch: 140; loss: 6.69; acc: 0.66
Batch: 160; loss: 6.51; acc: 0.8
Batch: 180; loss: 3.65; acc: 0.75
Batch: 200; loss: 7.43; acc: 0.61
Batch: 220; loss: 7.33; acc: 0.64
Batch: 240; loss: 5.22; acc: 0.7
Batch: 260; loss: 8.04; acc: 0.64
Batch: 280; loss: 4.42; acc: 0.8
Batch: 300; loss: 5.5; acc: 0.72
Batch: 320; loss: 7.11; acc: 0.67
Batch: 340; loss: 3.55; acc: 0.8
Batch: 360; loss: 3.14; acc: 0.83
Batch: 380; loss: 8.0; acc: 0.69
Batch: 400; loss: 7.12; acc: 0.69
Batch: 420; loss: 3.09; acc: 0.81
Batch: 440; loss: 8.37; acc: 0.56
Batch: 460; loss: 5.98; acc: 0.7
Batch: 480; loss: 5.39; acc: 0.77
Batch: 500; loss: 5.88; acc: 0.69
Batch: 520; loss: 5.47; acc: 0.77
Batch: 540; loss: 6.27; acc: 0.72
Batch: 560; loss: 4.95; acc: 0.72
Batch: 580; loss: 4.19; acc: 0.72
Batch: 600; loss: 8.18; acc: 0.67
Batch: 620; loss: 4.7; acc: 0.8
Train Epoch over. train_loss: 5.67; train_accuracy: 0.72 

Batch: 0; loss: 3.39; acc: 0.8
Batch: 20; loss: 9.17; acc: 0.52
Batch: 40; loss: 4.37; acc: 0.73
Batch: 60; loss: 6.83; acc: 0.64
Batch: 80; loss: 5.88; acc: 0.67
Batch: 100; loss: 5.83; acc: 0.7
Batch: 120; loss: 7.94; acc: 0.73
Batch: 140; loss: 10.5; acc: 0.44
Val Epoch over. val_loss: 5.593253327023452; val_accuracy: 0.7128781847133758 

Epoch 5 start
Batch: 0; loss: 4.28; acc: 0.72
Batch: 20; loss: 2.49; acc: 0.84
Batch: 40; loss: 6.3; acc: 0.69
Batch: 60; loss: 9.18; acc: 0.62
Batch: 80; loss: 3.6; acc: 0.78
Batch: 100; loss: 5.35; acc: 0.7
Batch: 120; loss: 4.99; acc: 0.78
Batch: 140; loss: 6.65; acc: 0.67
Batch: 160; loss: 6.5; acc: 0.69
Batch: 180; loss: 4.57; acc: 0.66
Batch: 200; loss: 5.49; acc: 0.8
Batch: 220; loss: 5.32; acc: 0.78
Batch: 240; loss: 4.32; acc: 0.75
Batch: 260; loss: 4.99; acc: 0.77
Batch: 280; loss: 4.58; acc: 0.78
Batch: 300; loss: 5.38; acc: 0.78
Batch: 320; loss: 8.83; acc: 0.64
Batch: 340; loss: 4.27; acc: 0.73
Batch: 360; loss: 6.05; acc: 0.72
Batch: 380; loss: 6.95; acc: 0.72
Batch: 400; loss: 7.79; acc: 0.66
Batch: 420; loss: 2.85; acc: 0.84
Batch: 440; loss: 5.48; acc: 0.8
Batch: 460; loss: 5.35; acc: 0.69
Batch: 480; loss: 5.42; acc: 0.61
Batch: 500; loss: 4.26; acc: 0.83
Batch: 520; loss: 6.16; acc: 0.67
Batch: 540; loss: 4.68; acc: 0.75
Batch: 560; loss: 9.55; acc: 0.62
Batch: 580; loss: 7.21; acc: 0.69
Batch: 600; loss: 6.37; acc: 0.7
Batch: 620; loss: 5.93; acc: 0.67
Train Epoch over. train_loss: 5.59; train_accuracy: 0.72 

Batch: 0; loss: 3.35; acc: 0.7
Batch: 20; loss: 8.31; acc: 0.55
Batch: 40; loss: 4.75; acc: 0.78
Batch: 60; loss: 6.05; acc: 0.69
Batch: 80; loss: 8.16; acc: 0.62
Batch: 100; loss: 5.4; acc: 0.73
Batch: 120; loss: 6.51; acc: 0.73
Batch: 140; loss: 10.24; acc: 0.58
Val Epoch over. val_loss: 5.4634628865369566; val_accuracy: 0.7139729299363057 

Epoch 6 start
Batch: 0; loss: 6.03; acc: 0.69
Batch: 20; loss: 4.05; acc: 0.75
Batch: 40; loss: 6.17; acc: 0.61
Batch: 60; loss: 4.16; acc: 0.73
Batch: 80; loss: 3.02; acc: 0.81
Batch: 100; loss: 4.11; acc: 0.77
Batch: 120; loss: 5.87; acc: 0.78
Batch: 140; loss: 5.49; acc: 0.66
Batch: 160; loss: 4.05; acc: 0.73
Batch: 180; loss: 5.58; acc: 0.69
Batch: 200; loss: 6.47; acc: 0.7
Batch: 220; loss: 4.5; acc: 0.77
Batch: 240; loss: 4.9; acc: 0.72
Batch: 260; loss: 7.69; acc: 0.73
Batch: 280; loss: 6.57; acc: 0.64
Batch: 300; loss: 4.2; acc: 0.75
Batch: 320; loss: 3.57; acc: 0.78
Batch: 340; loss: 5.56; acc: 0.69
Batch: 360; loss: 3.28; acc: 0.78
Batch: 380; loss: 5.79; acc: 0.73
Batch: 400; loss: 6.54; acc: 0.67
Batch: 420; loss: 7.99; acc: 0.7
Batch: 440; loss: 4.71; acc: 0.69
Batch: 460; loss: 4.63; acc: 0.72
Batch: 480; loss: 7.79; acc: 0.64
Batch: 500; loss: 5.6; acc: 0.78
Batch: 520; loss: 5.65; acc: 0.7
Batch: 540; loss: 5.64; acc: 0.69
Batch: 560; loss: 7.64; acc: 0.58
Batch: 580; loss: 4.15; acc: 0.78
Batch: 600; loss: 3.15; acc: 0.78
Batch: 620; loss: 5.84; acc: 0.72
Train Epoch over. train_loss: 5.59; train_accuracy: 0.72 

Batch: 0; loss: 4.19; acc: 0.73
Batch: 20; loss: 10.06; acc: 0.55
Batch: 40; loss: 4.13; acc: 0.78
Batch: 60; loss: 8.77; acc: 0.59
Batch: 80; loss: 7.42; acc: 0.59
Batch: 100; loss: 3.94; acc: 0.69
Batch: 120; loss: 9.56; acc: 0.7
Batch: 140; loss: 9.29; acc: 0.59
Val Epoch over. val_loss: 6.012618573607912; val_accuracy: 0.7062101910828026 

Epoch 7 start
Batch: 0; loss: 4.16; acc: 0.81
Batch: 20; loss: 5.16; acc: 0.73
Batch: 40; loss: 5.93; acc: 0.72
Batch: 60; loss: 4.89; acc: 0.73
Batch: 80; loss: 7.2; acc: 0.69
Batch: 100; loss: 5.73; acc: 0.73
Batch: 120; loss: 6.57; acc: 0.72
Batch: 140; loss: 3.16; acc: 0.78
Batch: 160; loss: 7.13; acc: 0.67
Batch: 180; loss: 5.75; acc: 0.67
Batch: 200; loss: 5.9; acc: 0.78
Batch: 220; loss: 7.76; acc: 0.59
Batch: 240; loss: 3.36; acc: 0.8
Batch: 260; loss: 5.76; acc: 0.78
Batch: 280; loss: 6.53; acc: 0.7
Batch: 300; loss: 6.4; acc: 0.72
Batch: 320; loss: 6.85; acc: 0.7
Batch: 340; loss: 4.65; acc: 0.77
Batch: 360; loss: 3.24; acc: 0.83
Batch: 380; loss: 8.5; acc: 0.7
Batch: 400; loss: 3.94; acc: 0.75
Batch: 420; loss: 2.99; acc: 0.77
Batch: 440; loss: 7.92; acc: 0.7
Batch: 460; loss: 3.53; acc: 0.75
Batch: 480; loss: 3.06; acc: 0.78
Batch: 500; loss: 4.97; acc: 0.69
Batch: 520; loss: 5.68; acc: 0.73
Batch: 540; loss: 6.09; acc: 0.72
Batch: 560; loss: 4.7; acc: 0.67
Batch: 580; loss: 5.46; acc: 0.69
Batch: 600; loss: 6.14; acc: 0.67
Batch: 620; loss: 6.79; acc: 0.67
Train Epoch over. train_loss: 5.56; train_accuracy: 0.72 

Batch: 0; loss: 3.88; acc: 0.77
Batch: 20; loss: 10.11; acc: 0.52
Batch: 40; loss: 5.2; acc: 0.77
Batch: 60; loss: 7.78; acc: 0.67
Batch: 80; loss: 8.72; acc: 0.62
Batch: 100; loss: 5.52; acc: 0.69
Batch: 120; loss: 9.68; acc: 0.7
Batch: 140; loss: 9.1; acc: 0.58
Val Epoch over. val_loss: 6.378505701472045; val_accuracy: 0.7035230891719745 

Epoch 8 start
Batch: 0; loss: 5.24; acc: 0.72
Batch: 20; loss: 5.88; acc: 0.77
Batch: 40; loss: 6.11; acc: 0.69
Batch: 60; loss: 4.69; acc: 0.7
Batch: 80; loss: 8.67; acc: 0.7
Batch: 100; loss: 7.08; acc: 0.69
Batch: 120; loss: 8.62; acc: 0.7
Batch: 140; loss: 3.52; acc: 0.81
Batch: 160; loss: 4.98; acc: 0.77
Batch: 180; loss: 2.86; acc: 0.77
Batch: 200; loss: 3.96; acc: 0.78
Batch: 220; loss: 9.22; acc: 0.66
Batch: 240; loss: 4.68; acc: 0.78
Batch: 260; loss: 6.52; acc: 0.72
Batch: 280; loss: 4.54; acc: 0.77
Batch: 300; loss: 8.77; acc: 0.69
Batch: 320; loss: 6.71; acc: 0.69
Batch: 340; loss: 4.25; acc: 0.73
Batch: 360; loss: 3.37; acc: 0.75
Batch: 380; loss: 4.67; acc: 0.75
Batch: 400; loss: 5.27; acc: 0.81
Batch: 420; loss: 5.28; acc: 0.7
Batch: 440; loss: 4.43; acc: 0.72
Batch: 460; loss: 6.04; acc: 0.77
Batch: 480; loss: 5.18; acc: 0.77
Batch: 500; loss: 4.28; acc: 0.8
Batch: 520; loss: 3.36; acc: 0.73
Batch: 540; loss: 9.89; acc: 0.56
Batch: 560; loss: 7.95; acc: 0.61
Batch: 580; loss: 4.79; acc: 0.69
Batch: 600; loss: 5.49; acc: 0.78
Batch: 620; loss: 5.26; acc: 0.62
Train Epoch over. train_loss: 5.53; train_accuracy: 0.72 

Batch: 0; loss: 2.97; acc: 0.81
Batch: 20; loss: 10.25; acc: 0.56
Batch: 40; loss: 4.5; acc: 0.75
Batch: 60; loss: 5.45; acc: 0.66
Batch: 80; loss: 9.16; acc: 0.61
Batch: 100; loss: 6.75; acc: 0.64
Batch: 120; loss: 8.04; acc: 0.72
Batch: 140; loss: 11.27; acc: 0.53
Val Epoch over. val_loss: 5.559559536208013; val_accuracy: 0.7162619426751592 

Epoch 9 start
Batch: 0; loss: 4.37; acc: 0.78
Batch: 20; loss: 4.7; acc: 0.64
Batch: 40; loss: 2.17; acc: 0.84
Batch: 60; loss: 4.74; acc: 0.75
Batch: 80; loss: 5.85; acc: 0.8
Batch: 100; loss: 6.53; acc: 0.69
Batch: 120; loss: 3.95; acc: 0.75
Batch: 140; loss: 5.6; acc: 0.69
Batch: 160; loss: 3.18; acc: 0.78
Batch: 180; loss: 4.8; acc: 0.8
Batch: 200; loss: 5.79; acc: 0.73
Batch: 220; loss: 5.74; acc: 0.67
Batch: 240; loss: 3.37; acc: 0.73
Batch: 260; loss: 6.02; acc: 0.64
Batch: 280; loss: 5.68; acc: 0.73
Batch: 300; loss: 3.26; acc: 0.8
Batch: 320; loss: 6.69; acc: 0.7
Batch: 340; loss: 6.76; acc: 0.69
Batch: 360; loss: 5.64; acc: 0.69
Batch: 380; loss: 8.62; acc: 0.7
Batch: 400; loss: 9.24; acc: 0.61
Batch: 420; loss: 6.02; acc: 0.66
Batch: 440; loss: 7.71; acc: 0.67
Batch: 460; loss: 6.9; acc: 0.73
Batch: 480; loss: 4.14; acc: 0.72
Batch: 500; loss: 4.65; acc: 0.73
Batch: 520; loss: 8.55; acc: 0.66
Batch: 540; loss: 4.46; acc: 0.7
Batch: 560; loss: 5.19; acc: 0.64
Batch: 580; loss: 4.14; acc: 0.83
Batch: 600; loss: 5.09; acc: 0.75
Batch: 620; loss: 7.17; acc: 0.64
Train Epoch over. train_loss: 5.58; train_accuracy: 0.72 

Batch: 0; loss: 4.21; acc: 0.73
Batch: 20; loss: 9.22; acc: 0.58
Batch: 40; loss: 5.35; acc: 0.77
Batch: 60; loss: 6.77; acc: 0.58
Batch: 80; loss: 7.14; acc: 0.67
Batch: 100; loss: 6.66; acc: 0.69
Batch: 120; loss: 9.43; acc: 0.75
Batch: 140; loss: 10.28; acc: 0.58
Val Epoch over. val_loss: 5.916509256241428; val_accuracy: 0.7081011146496815 

Epoch 10 start
Batch: 0; loss: 5.1; acc: 0.8
Batch: 20; loss: 4.44; acc: 0.69
Batch: 40; loss: 4.69; acc: 0.81
Batch: 60; loss: 5.03; acc: 0.72
Batch: 80; loss: 8.59; acc: 0.64
Batch: 100; loss: 2.74; acc: 0.83
Batch: 120; loss: 10.23; acc: 0.58
Batch: 140; loss: 5.62; acc: 0.7
Batch: 160; loss: 1.54; acc: 0.83
Batch: 180; loss: 6.51; acc: 0.72
Batch: 200; loss: 5.35; acc: 0.7
Batch: 220; loss: 5.86; acc: 0.7
Batch: 240; loss: 5.52; acc: 0.73
Batch: 260; loss: 3.6; acc: 0.72
Batch: 280; loss: 6.96; acc: 0.66
Batch: 300; loss: 7.27; acc: 0.72
Batch: 320; loss: 3.1; acc: 0.8
Batch: 340; loss: 5.6; acc: 0.7
Batch: 360; loss: 4.16; acc: 0.72
Batch: 380; loss: 2.93; acc: 0.81
Batch: 400; loss: 6.49; acc: 0.66
Batch: 420; loss: 5.01; acc: 0.64
Batch: 440; loss: 6.65; acc: 0.72
Batch: 460; loss: 7.42; acc: 0.67
Batch: 480; loss: 5.58; acc: 0.62
Batch: 500; loss: 6.6; acc: 0.66
Batch: 520; loss: 4.86; acc: 0.78
Batch: 540; loss: 5.16; acc: 0.72
Batch: 560; loss: 3.67; acc: 0.73
Batch: 580; loss: 3.4; acc: 0.77
Batch: 600; loss: 3.89; acc: 0.77
Batch: 620; loss: 10.37; acc: 0.53
Train Epoch over. train_loss: 5.49; train_accuracy: 0.72 

Batch: 0; loss: 2.78; acc: 0.78
Batch: 20; loss: 11.15; acc: 0.5
Batch: 40; loss: 4.53; acc: 0.81
Batch: 60; loss: 5.82; acc: 0.67
Batch: 80; loss: 7.3; acc: 0.66
Batch: 100; loss: 6.18; acc: 0.61
Batch: 120; loss: 8.66; acc: 0.75
Batch: 140; loss: 11.64; acc: 0.53
Val Epoch over. val_loss: 5.555810780282233; val_accuracy: 0.7118829617834395 

plots/subspace_True_d_dim_400_model_MLP_lr_0.1_seed_1_epochs_10_batchsize_64_2019-12-30 18:09:42.391937
Epoch 1 start
Batch: 0; loss: 36.37; acc: 0.12
Batch: 20; loss: 10.21; acc: 0.48
Batch: 40; loss: 5.14; acc: 0.59
Batch: 60; loss: 6.79; acc: 0.66
Batch: 80; loss: 4.54; acc: 0.69
Batch: 100; loss: 4.09; acc: 0.73
Batch: 120; loss: 7.86; acc: 0.61
Batch: 140; loss: 4.47; acc: 0.75
Batch: 160; loss: 5.69; acc: 0.69
Batch: 180; loss: 3.91; acc: 0.81
Batch: 200; loss: 2.22; acc: 0.83
Batch: 220; loss: 4.76; acc: 0.73
Batch: 240; loss: 1.88; acc: 0.86
Batch: 260; loss: 6.6; acc: 0.66
Batch: 280; loss: 3.04; acc: 0.83
Batch: 300; loss: 5.74; acc: 0.69
Batch: 320; loss: 3.33; acc: 0.81
Batch: 340; loss: 2.83; acc: 0.83
Batch: 360; loss: 2.98; acc: 0.81
Batch: 380; loss: 1.69; acc: 0.77
Batch: 400; loss: 4.19; acc: 0.7
Batch: 420; loss: 5.2; acc: 0.81
Batch: 440; loss: 5.85; acc: 0.64
Batch: 460; loss: 5.14; acc: 0.75
Batch: 480; loss: 5.47; acc: 0.73
Batch: 500; loss: 5.18; acc: 0.77
Batch: 520; loss: 4.44; acc: 0.77
Batch: 540; loss: 2.23; acc: 0.83
Batch: 560; loss: 5.78; acc: 0.75
Batch: 580; loss: 5.4; acc: 0.8
Batch: 600; loss: 3.04; acc: 0.81
Batch: 620; loss: 4.59; acc: 0.75
Train Epoch over. train_loss: 5.1; train_accuracy: 0.72 

Batch: 0; loss: 4.06; acc: 0.72
Batch: 20; loss: 6.9; acc: 0.64
Batch: 40; loss: 3.34; acc: 0.81
Batch: 60; loss: 5.94; acc: 0.7
Batch: 80; loss: 5.5; acc: 0.75
Batch: 100; loss: 4.59; acc: 0.73
Batch: 120; loss: 5.52; acc: 0.8
Batch: 140; loss: 4.71; acc: 0.69
Val Epoch over. val_loss: 4.46471354991767; val_accuracy: 0.7531847133757962 

Epoch 2 start
Batch: 0; loss: 3.35; acc: 0.81
Batch: 20; loss: 3.19; acc: 0.75
Batch: 40; loss: 2.64; acc: 0.81
Batch: 60; loss: 4.27; acc: 0.81
Batch: 80; loss: 5.7; acc: 0.78
Batch: 100; loss: 3.42; acc: 0.73
Batch: 120; loss: 2.57; acc: 0.83
Batch: 140; loss: 7.16; acc: 0.75
Batch: 160; loss: 5.84; acc: 0.75
Batch: 180; loss: 8.23; acc: 0.64
Batch: 200; loss: 2.67; acc: 0.8
Batch: 220; loss: 9.44; acc: 0.66
Batch: 240; loss: 4.49; acc: 0.73
Batch: 260; loss: 5.01; acc: 0.75
Batch: 280; loss: 1.83; acc: 0.81
Batch: 300; loss: 4.21; acc: 0.78
Batch: 320; loss: 4.73; acc: 0.81
Batch: 340; loss: 4.77; acc: 0.73
Batch: 360; loss: 6.27; acc: 0.73
Batch: 380; loss: 3.79; acc: 0.8
Batch: 400; loss: 3.42; acc: 0.78
Batch: 420; loss: 2.78; acc: 0.83
Batch: 440; loss: 4.93; acc: 0.75
Batch: 460; loss: 5.96; acc: 0.73
Batch: 480; loss: 4.14; acc: 0.69
Batch: 500; loss: 4.04; acc: 0.77
Batch: 520; loss: 2.36; acc: 0.84
Batch: 540; loss: 4.09; acc: 0.83
Batch: 560; loss: 3.37; acc: 0.77
Batch: 580; loss: 4.74; acc: 0.77
Batch: 600; loss: 5.71; acc: 0.69
Batch: 620; loss: 6.32; acc: 0.66
Train Epoch over. train_loss: 4.35; train_accuracy: 0.76 

Batch: 0; loss: 1.91; acc: 0.91
Batch: 20; loss: 5.9; acc: 0.69
Batch: 40; loss: 3.03; acc: 0.86
Batch: 60; loss: 5.59; acc: 0.7
Batch: 80; loss: 3.28; acc: 0.7
Batch: 100; loss: 3.74; acc: 0.77
Batch: 120; loss: 4.48; acc: 0.83
Batch: 140; loss: 5.1; acc: 0.62
Val Epoch over. val_loss: 4.069632406447344; val_accuracy: 0.7705015923566879 

Epoch 3 start
Batch: 0; loss: 4.32; acc: 0.73
Batch: 20; loss: 7.35; acc: 0.67
Batch: 40; loss: 5.3; acc: 0.81
Batch: 60; loss: 4.03; acc: 0.8
Batch: 80; loss: 3.5; acc: 0.8
Batch: 100; loss: 2.87; acc: 0.83
Batch: 120; loss: 7.7; acc: 0.66
Batch: 140; loss: 4.22; acc: 0.72
Batch: 160; loss: 3.68; acc: 0.77
Batch: 180; loss: 3.21; acc: 0.83
Batch: 200; loss: 4.16; acc: 0.75
Batch: 220; loss: 3.91; acc: 0.78
Batch: 240; loss: 6.07; acc: 0.69
Batch: 260; loss: 2.88; acc: 0.8
Batch: 280; loss: 6.89; acc: 0.77
Batch: 300; loss: 2.65; acc: 0.78
Batch: 320; loss: 2.68; acc: 0.81
Batch: 340; loss: 3.46; acc: 0.8
Batch: 360; loss: 7.83; acc: 0.66
Batch: 380; loss: 4.52; acc: 0.78
Batch: 400; loss: 4.2; acc: 0.78
Batch: 420; loss: 4.8; acc: 0.7
Batch: 440; loss: 3.03; acc: 0.81
Batch: 460; loss: 2.17; acc: 0.84
Batch: 480; loss: 3.52; acc: 0.83
Batch: 500; loss: 4.54; acc: 0.69
Batch: 520; loss: 3.27; acc: 0.77
Batch: 540; loss: 3.2; acc: 0.84
Batch: 560; loss: 6.29; acc: 0.67
Batch: 580; loss: 3.54; acc: 0.8
Batch: 600; loss: 2.9; acc: 0.8
Batch: 620; loss: 3.7; acc: 0.7
Train Epoch over. train_loss: 4.2; train_accuracy: 0.77 

Batch: 0; loss: 2.64; acc: 0.81
Batch: 20; loss: 8.99; acc: 0.66
Batch: 40; loss: 2.73; acc: 0.91
Batch: 60; loss: 8.53; acc: 0.64
Batch: 80; loss: 6.3; acc: 0.67
Batch: 100; loss: 4.86; acc: 0.69
Batch: 120; loss: 5.89; acc: 0.77
Batch: 140; loss: 6.24; acc: 0.66
Val Epoch over. val_loss: 4.816705432667095; val_accuracy: 0.7476114649681529 

Epoch 4 start
Batch: 0; loss: 1.42; acc: 0.81
Batch: 20; loss: 5.63; acc: 0.73
Batch: 40; loss: 3.89; acc: 0.77
Batch: 60; loss: 2.16; acc: 0.88
Batch: 80; loss: 3.18; acc: 0.81
Batch: 100; loss: 2.78; acc: 0.81
Batch: 120; loss: 2.97; acc: 0.83
Batch: 140; loss: 4.92; acc: 0.75
Batch: 160; loss: 4.1; acc: 0.8
Batch: 180; loss: 1.71; acc: 0.86
Batch: 200; loss: 4.64; acc: 0.8
Batch: 220; loss: 2.91; acc: 0.83
Batch: 240; loss: 1.83; acc: 0.81
Batch: 260; loss: 4.56; acc: 0.77
Batch: 280; loss: 3.15; acc: 0.77
Batch: 300; loss: 2.7; acc: 0.81
Batch: 320; loss: 3.08; acc: 0.88
Batch: 340; loss: 3.72; acc: 0.8
Batch: 360; loss: 3.33; acc: 0.81
Batch: 380; loss: 2.97; acc: 0.84
Batch: 400; loss: 2.76; acc: 0.7
Batch: 420; loss: 2.46; acc: 0.8
Batch: 440; loss: 7.85; acc: 0.64
Batch: 460; loss: 3.61; acc: 0.78
Batch: 480; loss: 4.38; acc: 0.78
Batch: 500; loss: 3.8; acc: 0.8
Batch: 520; loss: 4.13; acc: 0.7
Batch: 540; loss: 4.28; acc: 0.73
Batch: 560; loss: 7.01; acc: 0.69
Batch: 580; loss: 2.83; acc: 0.78
Batch: 600; loss: 3.67; acc: 0.75
Batch: 620; loss: 4.0; acc: 0.78
Train Epoch over. train_loss: 4.15; train_accuracy: 0.77 

Batch: 0; loss: 2.3; acc: 0.83
Batch: 20; loss: 6.46; acc: 0.66
Batch: 40; loss: 2.69; acc: 0.89
Batch: 60; loss: 7.37; acc: 0.64
Batch: 80; loss: 5.37; acc: 0.61
Batch: 100; loss: 5.08; acc: 0.77
Batch: 120; loss: 3.44; acc: 0.81
Batch: 140; loss: 6.06; acc: 0.62
Val Epoch over. val_loss: 4.438417192856977; val_accuracy: 0.7475119426751592 

Epoch 5 start
Batch: 0; loss: 2.03; acc: 0.81
Batch: 20; loss: 1.51; acc: 0.88
Batch: 40; loss: 5.59; acc: 0.78
Batch: 60; loss: 6.57; acc: 0.72
Batch: 80; loss: 4.65; acc: 0.72
Batch: 100; loss: 5.65; acc: 0.73
Batch: 120; loss: 5.66; acc: 0.73
Batch: 140; loss: 5.38; acc: 0.8
Batch: 160; loss: 3.58; acc: 0.81
Batch: 180; loss: 6.21; acc: 0.7
Batch: 200; loss: 6.01; acc: 0.72
Batch: 220; loss: 4.61; acc: 0.78
Batch: 240; loss: 2.89; acc: 0.83
Batch: 260; loss: 4.26; acc: 0.75
Batch: 280; loss: 2.44; acc: 0.72
Batch: 300; loss: 4.5; acc: 0.75
Batch: 320; loss: 3.88; acc: 0.77
Batch: 340; loss: 1.39; acc: 0.81
Batch: 360; loss: 5.1; acc: 0.78
Batch: 380; loss: 3.32; acc: 0.81
Batch: 400; loss: 3.4; acc: 0.83
Batch: 420; loss: 3.63; acc: 0.83
Batch: 440; loss: 3.27; acc: 0.81
Batch: 460; loss: 3.84; acc: 0.75
Batch: 480; loss: 5.01; acc: 0.7
Batch: 500; loss: 4.41; acc: 0.72
Batch: 520; loss: 6.14; acc: 0.69
Batch: 540; loss: 3.61; acc: 0.78
Batch: 560; loss: 5.49; acc: 0.8
Batch: 580; loss: 4.07; acc: 0.77
Batch: 600; loss: 5.23; acc: 0.7
Batch: 620; loss: 3.86; acc: 0.75
Train Epoch over. train_loss: 4.14; train_accuracy: 0.77 

Batch: 0; loss: 1.93; acc: 0.81
Batch: 20; loss: 8.49; acc: 0.62
Batch: 40; loss: 2.91; acc: 0.81
Batch: 60; loss: 5.55; acc: 0.78
Batch: 80; loss: 4.4; acc: 0.77
Batch: 100; loss: 6.31; acc: 0.67
Batch: 120; loss: 4.0; acc: 0.83
Batch: 140; loss: 5.59; acc: 0.73
Val Epoch over. val_loss: 4.432065588653467; val_accuracy: 0.7582603503184714 

Epoch 6 start
Batch: 0; loss: 6.27; acc: 0.72
Batch: 20; loss: 2.44; acc: 0.77
Batch: 40; loss: 3.17; acc: 0.81
Batch: 60; loss: 4.37; acc: 0.75
Batch: 80; loss: 2.03; acc: 0.91
Batch: 100; loss: 1.94; acc: 0.86
Batch: 120; loss: 2.69; acc: 0.84
Batch: 140; loss: 4.47; acc: 0.73
Batch: 160; loss: 4.59; acc: 0.73
Batch: 180; loss: 3.3; acc: 0.84
Batch: 200; loss: 5.53; acc: 0.7
Batch: 220; loss: 4.34; acc: 0.8
Batch: 240; loss: 5.04; acc: 0.77
Batch: 260; loss: 7.07; acc: 0.7
Batch: 280; loss: 3.23; acc: 0.8
Batch: 300; loss: 3.35; acc: 0.83
Batch: 320; loss: 5.26; acc: 0.7
Batch: 340; loss: 5.57; acc: 0.7
Batch: 360; loss: 3.38; acc: 0.81
Batch: 380; loss: 3.9; acc: 0.78
Batch: 400; loss: 4.98; acc: 0.77
Batch: 420; loss: 6.79; acc: 0.75
Batch: 440; loss: 0.94; acc: 0.89
Batch: 460; loss: 2.5; acc: 0.86
Batch: 480; loss: 5.94; acc: 0.67
Batch: 500; loss: 3.84; acc: 0.75
Batch: 520; loss: 3.18; acc: 0.84
Batch: 540; loss: 4.98; acc: 0.73
Batch: 560; loss: 5.99; acc: 0.7
Batch: 580; loss: 3.72; acc: 0.77
Batch: 600; loss: 4.14; acc: 0.78
Batch: 620; loss: 5.2; acc: 0.69
Train Epoch over. train_loss: 4.21; train_accuracy: 0.77 

Batch: 0; loss: 2.88; acc: 0.78
Batch: 20; loss: 5.62; acc: 0.62
Batch: 40; loss: 3.56; acc: 0.88
Batch: 60; loss: 6.72; acc: 0.7
Batch: 80; loss: 5.01; acc: 0.75
Batch: 100; loss: 3.77; acc: 0.73
Batch: 120; loss: 4.21; acc: 0.84
Batch: 140; loss: 4.7; acc: 0.75
Val Epoch over. val_loss: 4.386059792937746; val_accuracy: 0.7759753184713376 

Epoch 7 start
Batch: 0; loss: 4.03; acc: 0.75
Batch: 20; loss: 4.48; acc: 0.81
Batch: 40; loss: 2.94; acc: 0.83
Batch: 60; loss: 2.13; acc: 0.81
Batch: 80; loss: 8.31; acc: 0.69
Batch: 100; loss: 5.67; acc: 0.7
Batch: 120; loss: 2.89; acc: 0.83
Batch: 140; loss: 4.19; acc: 0.73
Batch: 160; loss: 4.8; acc: 0.75
Batch: 180; loss: 2.15; acc: 0.81
Batch: 200; loss: 2.82; acc: 0.86
Batch: 220; loss: 4.29; acc: 0.77
Batch: 240; loss: 4.73; acc: 0.73
Batch: 260; loss: 3.24; acc: 0.81
Batch: 280; loss: 4.52; acc: 0.75
Batch: 300; loss: 5.5; acc: 0.78
Batch: 320; loss: 4.87; acc: 0.77
Batch: 340; loss: 2.55; acc: 0.73
Batch: 360; loss: 2.31; acc: 0.8
Batch: 380; loss: 7.51; acc: 0.73
Batch: 400; loss: 1.4; acc: 0.86
Batch: 420; loss: 3.16; acc: 0.81
Batch: 440; loss: 4.85; acc: 0.78
Batch: 460; loss: 4.06; acc: 0.75
Batch: 480; loss: 3.0; acc: 0.8
Batch: 500; loss: 5.18; acc: 0.75
Batch: 520; loss: 3.52; acc: 0.69
Batch: 540; loss: 2.57; acc: 0.8
Batch: 560; loss: 4.11; acc: 0.75
Batch: 580; loss: 6.21; acc: 0.7
Batch: 600; loss: 4.61; acc: 0.8
Batch: 620; loss: 6.2; acc: 0.75
Train Epoch over. train_loss: 4.18; train_accuracy: 0.77 

Batch: 0; loss: 1.46; acc: 0.86
Batch: 20; loss: 6.76; acc: 0.66
Batch: 40; loss: 3.93; acc: 0.81
Batch: 60; loss: 6.4; acc: 0.69
Batch: 80; loss: 5.35; acc: 0.77
Batch: 100; loss: 3.81; acc: 0.78
Batch: 120; loss: 5.56; acc: 0.78
Batch: 140; loss: 5.52; acc: 0.66
Val Epoch over. val_loss: 4.537695353957498; val_accuracy: 0.761843152866242 

Epoch 8 start
Batch: 0; loss: 4.29; acc: 0.81
Batch: 20; loss: 4.63; acc: 0.8
Batch: 40; loss: 7.16; acc: 0.67
Batch: 60; loss: 3.94; acc: 0.75
Batch: 80; loss: 6.0; acc: 0.78
Batch: 100; loss: 6.08; acc: 0.62
Batch: 120; loss: 2.59; acc: 0.81
Batch: 140; loss: 3.43; acc: 0.78
Batch: 160; loss: 4.39; acc: 0.78
Batch: 180; loss: 3.32; acc: 0.83
Batch: 200; loss: 1.08; acc: 0.88
Batch: 220; loss: 6.37; acc: 0.77
Batch: 240; loss: 4.55; acc: 0.81
Batch: 260; loss: 4.21; acc: 0.78
Batch: 280; loss: 3.33; acc: 0.83
Batch: 300; loss: 3.13; acc: 0.84
Batch: 320; loss: 4.49; acc: 0.8
Batch: 340; loss: 3.96; acc: 0.8
Batch: 360; loss: 2.88; acc: 0.83
Batch: 380; loss: 3.17; acc: 0.78
Batch: 400; loss: 2.34; acc: 0.86
Batch: 420; loss: 3.89; acc: 0.77
Batch: 440; loss: 2.0; acc: 0.8
Batch: 460; loss: 3.5; acc: 0.78
Batch: 480; loss: 3.24; acc: 0.83
Batch: 500; loss: 3.58; acc: 0.89
Batch: 520; loss: 2.71; acc: 0.81
Batch: 540; loss: 5.11; acc: 0.75
Batch: 560; loss: 4.2; acc: 0.8
Batch: 580; loss: 3.48; acc: 0.73
Batch: 600; loss: 5.51; acc: 0.73
Batch: 620; loss: 5.87; acc: 0.75
Train Epoch over. train_loss: 4.24; train_accuracy: 0.77 

Batch: 0; loss: 2.83; acc: 0.83
Batch: 20; loss: 5.06; acc: 0.67
Batch: 40; loss: 1.65; acc: 0.84
Batch: 60; loss: 5.4; acc: 0.73
Batch: 80; loss: 3.34; acc: 0.81
Batch: 100; loss: 3.27; acc: 0.78
Batch: 120; loss: 4.58; acc: 0.8
Batch: 140; loss: 6.15; acc: 0.61
Val Epoch over. val_loss: 3.8634675194503396; val_accuracy: 0.7796576433121019 

Epoch 9 start
Batch: 0; loss: 2.1; acc: 0.81
Batch: 20; loss: 2.01; acc: 0.89
Batch: 40; loss: 3.85; acc: 0.84
Batch: 60; loss: 1.63; acc: 0.84
Batch: 80; loss: 4.37; acc: 0.81
Batch: 100; loss: 5.05; acc: 0.84
Batch: 120; loss: 5.81; acc: 0.77
Batch: 140; loss: 2.25; acc: 0.77
Batch: 160; loss: 3.73; acc: 0.83
Batch: 180; loss: 3.77; acc: 0.8
Batch: 200; loss: 4.46; acc: 0.8
Batch: 220; loss: 6.09; acc: 0.73
Batch: 240; loss: 2.21; acc: 0.81
Batch: 260; loss: 2.09; acc: 0.91
Batch: 280; loss: 3.08; acc: 0.81
Batch: 300; loss: 1.18; acc: 0.89
Batch: 320; loss: 4.11; acc: 0.78
Batch: 340; loss: 6.04; acc: 0.7
Batch: 360; loss: 3.08; acc: 0.8
Batch: 380; loss: 8.29; acc: 0.67
Batch: 400; loss: 5.76; acc: 0.7
Batch: 420; loss: 4.58; acc: 0.81
Batch: 440; loss: 4.18; acc: 0.8
Batch: 460; loss: 4.52; acc: 0.75
Batch: 480; loss: 3.67; acc: 0.73
Batch: 500; loss: 3.53; acc: 0.83
Batch: 520; loss: 2.73; acc: 0.73
Batch: 540; loss: 4.72; acc: 0.73
Batch: 560; loss: 2.98; acc: 0.75
Batch: 580; loss: 2.23; acc: 0.88
Batch: 600; loss: 3.61; acc: 0.84
Batch: 620; loss: 3.65; acc: 0.84
Train Epoch over. train_loss: 4.18; train_accuracy: 0.78 

Batch: 0; loss: 3.02; acc: 0.78
Batch: 20; loss: 7.7; acc: 0.62
Batch: 40; loss: 1.62; acc: 0.89
Batch: 60; loss: 7.1; acc: 0.72
Batch: 80; loss: 4.68; acc: 0.73
Batch: 100; loss: 4.63; acc: 0.75
Batch: 120; loss: 4.05; acc: 0.83
Batch: 140; loss: 7.52; acc: 0.62
Val Epoch over. val_loss: 4.9349389812748905; val_accuracy: 0.7517914012738853 

Epoch 10 start
Batch: 0; loss: 4.18; acc: 0.77
Batch: 20; loss: 2.65; acc: 0.75
Batch: 40; loss: 2.47; acc: 0.89
Batch: 60; loss: 4.03; acc: 0.7
Batch: 80; loss: 4.69; acc: 0.78
Batch: 100; loss: 2.35; acc: 0.86
Batch: 120; loss: 5.04; acc: 0.77
Batch: 140; loss: 3.69; acc: 0.77
Batch: 160; loss: 3.8; acc: 0.78
Batch: 180; loss: 6.21; acc: 0.72
Batch: 200; loss: 2.77; acc: 0.86
Batch: 220; loss: 4.49; acc: 0.78
Batch: 240; loss: 4.37; acc: 0.73
Batch: 260; loss: 3.56; acc: 0.78
Batch: 280; loss: 4.8; acc: 0.77
Batch: 300; loss: 5.73; acc: 0.77
Batch: 320; loss: 2.84; acc: 0.86
Batch: 340; loss: 3.84; acc: 0.81
Batch: 360; loss: 7.94; acc: 0.7
Batch: 380; loss: 4.28; acc: 0.8
Batch: 400; loss: 4.44; acc: 0.73
Batch: 420; loss: 2.86; acc: 0.83
Batch: 440; loss: 5.12; acc: 0.81
Batch: 460; loss: 5.69; acc: 0.77
Batch: 480; loss: 5.31; acc: 0.7
Batch: 500; loss: 4.8; acc: 0.75
Batch: 520; loss: 2.26; acc: 0.78
Batch: 540; loss: 4.21; acc: 0.81
Batch: 560; loss: 3.51; acc: 0.81
Batch: 580; loss: 2.79; acc: 0.84
Batch: 600; loss: 2.17; acc: 0.83
Batch: 620; loss: 5.79; acc: 0.61
Train Epoch over. train_loss: 4.11; train_accuracy: 0.78 

Batch: 0; loss: 1.69; acc: 0.84
Batch: 20; loss: 5.02; acc: 0.7
Batch: 40; loss: 2.75; acc: 0.86
Batch: 60; loss: 7.38; acc: 0.69
Batch: 80; loss: 3.94; acc: 0.78
Batch: 100; loss: 3.91; acc: 0.78
Batch: 120; loss: 3.94; acc: 0.83
Batch: 140; loss: 6.5; acc: 0.7
Val Epoch over. val_loss: 4.137544975159274; val_accuracy: 0.7770700636942676 

plots/subspace_True_d_dim_600_model_MLP_lr_0.1_seed_1_epochs_10_batchsize_64_2019-12-30 18:10:56.322107
Epoch 1 start
Batch: 0; loss: 36.37; acc: 0.12
Batch: 20; loss: 7.97; acc: 0.5
Batch: 40; loss: 5.91; acc: 0.61
Batch: 60; loss: 5.27; acc: 0.62
Batch: 80; loss: 4.72; acc: 0.69
Batch: 100; loss: 4.32; acc: 0.66
Batch: 120; loss: 5.15; acc: 0.64
Batch: 140; loss: 2.8; acc: 0.84
Batch: 160; loss: 5.6; acc: 0.72
Batch: 180; loss: 6.33; acc: 0.72
Batch: 200; loss: 4.05; acc: 0.73
Batch: 220; loss: 4.3; acc: 0.78
Batch: 240; loss: 3.94; acc: 0.73
Batch: 260; loss: 4.22; acc: 0.75
Batch: 280; loss: 5.57; acc: 0.67
Batch: 300; loss: 8.09; acc: 0.64
Batch: 320; loss: 3.6; acc: 0.81
Batch: 340; loss: 2.61; acc: 0.86
Batch: 360; loss: 2.45; acc: 0.81
Batch: 380; loss: 3.13; acc: 0.7
Batch: 400; loss: 5.78; acc: 0.66
Batch: 420; loss: 6.9; acc: 0.66
Batch: 440; loss: 5.1; acc: 0.75
Batch: 460; loss: 7.58; acc: 0.69
Batch: 480; loss: 3.51; acc: 0.75
Batch: 500; loss: 2.46; acc: 0.83
Batch: 520; loss: 3.53; acc: 0.83
Batch: 540; loss: 1.94; acc: 0.84
Batch: 560; loss: 5.1; acc: 0.77
Batch: 580; loss: 4.07; acc: 0.77
Batch: 600; loss: 3.11; acc: 0.83
Batch: 620; loss: 4.58; acc: 0.77
Train Epoch over. train_loss: 4.78; train_accuracy: 0.73 

Batch: 0; loss: 3.1; acc: 0.75
Batch: 20; loss: 5.95; acc: 0.62
Batch: 40; loss: 3.4; acc: 0.81
Batch: 60; loss: 4.34; acc: 0.69
Batch: 80; loss: 3.69; acc: 0.77
Batch: 100; loss: 3.98; acc: 0.77
Batch: 120; loss: 4.57; acc: 0.83
Batch: 140; loss: 7.48; acc: 0.61
Val Epoch over. val_loss: 4.277811224673204; val_accuracy: 0.7525875796178344 

Epoch 2 start
Batch: 0; loss: 2.6; acc: 0.8
Batch: 20; loss: 2.6; acc: 0.81
Batch: 40; loss: 3.26; acc: 0.81
Batch: 60; loss: 4.0; acc: 0.8
Batch: 80; loss: 4.46; acc: 0.77
Batch: 100; loss: 3.84; acc: 0.8
Batch: 120; loss: 3.47; acc: 0.78
Batch: 140; loss: 6.54; acc: 0.77
Batch: 160; loss: 3.1; acc: 0.83
Batch: 180; loss: 7.32; acc: 0.69
Batch: 200; loss: 4.21; acc: 0.84
Batch: 220; loss: 6.8; acc: 0.72
Batch: 240; loss: 4.71; acc: 0.75
Batch: 260; loss: 4.15; acc: 0.77
Batch: 280; loss: 2.93; acc: 0.78
Batch: 300; loss: 5.27; acc: 0.83
Batch: 320; loss: 5.64; acc: 0.72
Batch: 340; loss: 2.92; acc: 0.81
Batch: 360; loss: 6.19; acc: 0.67
Batch: 380; loss: 4.47; acc: 0.83
Batch: 400; loss: 5.08; acc: 0.77
Batch: 420; loss: 8.34; acc: 0.7
Batch: 440; loss: 2.04; acc: 0.81
Batch: 460; loss: 4.57; acc: 0.77
Batch: 480; loss: 3.61; acc: 0.75
Batch: 500; loss: 1.56; acc: 0.86
Batch: 520; loss: 2.95; acc: 0.8
Batch: 540; loss: 3.69; acc: 0.77
Batch: 560; loss: 3.84; acc: 0.75
Batch: 580; loss: 4.43; acc: 0.78
Batch: 600; loss: 4.66; acc: 0.77
Batch: 620; loss: 5.72; acc: 0.75
Train Epoch over. train_loss: 4.07; train_accuracy: 0.78 

Batch: 0; loss: 3.68; acc: 0.81
Batch: 20; loss: 6.42; acc: 0.67
Batch: 40; loss: 2.74; acc: 0.86
Batch: 60; loss: 4.75; acc: 0.78
Batch: 80; loss: 3.66; acc: 0.78
Batch: 100; loss: 5.0; acc: 0.72
Batch: 120; loss: 7.06; acc: 0.78
Batch: 140; loss: 6.52; acc: 0.62
Val Epoch over. val_loss: 4.411489132103647; val_accuracy: 0.7684116242038217 

Epoch 3 start
Batch: 0; loss: 3.62; acc: 0.78
Batch: 20; loss: 5.96; acc: 0.77
Batch: 40; loss: 3.52; acc: 0.83
Batch: 60; loss: 1.87; acc: 0.86
Batch: 80; loss: 3.88; acc: 0.84
Batch: 100; loss: 4.48; acc: 0.78
Batch: 120; loss: 3.29; acc: 0.75
Batch: 140; loss: 3.37; acc: 0.73
Batch: 160; loss: 3.6; acc: 0.81
Batch: 180; loss: 3.33; acc: 0.77
Batch: 200; loss: 4.92; acc: 0.69
Batch: 220; loss: 2.27; acc: 0.8
Batch: 240; loss: 4.26; acc: 0.78
Batch: 260; loss: 3.07; acc: 0.78
Batch: 280; loss: 4.57; acc: 0.8
Batch: 300; loss: 3.34; acc: 0.83
Batch: 320; loss: 6.48; acc: 0.73
Batch: 340; loss: 2.4; acc: 0.77
Batch: 360; loss: 6.3; acc: 0.69
Batch: 380; loss: 2.62; acc: 0.83
Batch: 400; loss: 4.6; acc: 0.77
Batch: 420; loss: 3.84; acc: 0.84
Batch: 440; loss: 4.2; acc: 0.78
Batch: 460; loss: 4.32; acc: 0.78
Batch: 480; loss: 4.23; acc: 0.81
Batch: 500; loss: 4.01; acc: 0.75
Batch: 520; loss: 6.29; acc: 0.7
Batch: 540; loss: 2.52; acc: 0.84
Batch: 560; loss: 5.13; acc: 0.78
Batch: 580; loss: 2.57; acc: 0.81
Batch: 600; loss: 2.59; acc: 0.81
Batch: 620; loss: 3.5; acc: 0.8
Train Epoch over. train_loss: 3.9; train_accuracy: 0.79 

Batch: 0; loss: 1.44; acc: 0.86
Batch: 20; loss: 7.16; acc: 0.72
Batch: 40; loss: 2.67; acc: 0.83
Batch: 60; loss: 3.21; acc: 0.78
Batch: 80; loss: 4.93; acc: 0.75
Batch: 100; loss: 7.64; acc: 0.62
Batch: 120; loss: 6.56; acc: 0.77
Batch: 140; loss: 8.2; acc: 0.59
Val Epoch over. val_loss: 4.329700856451776; val_accuracy: 0.78015525477707 

Epoch 4 start
Batch: 0; loss: 3.42; acc: 0.84
Batch: 20; loss: 4.34; acc: 0.69
Batch: 40; loss: 2.03; acc: 0.78
Batch: 60; loss: 2.72; acc: 0.81
Batch: 80; loss: 4.13; acc: 0.78
Batch: 100; loss: 3.1; acc: 0.78
Batch: 120; loss: 2.82; acc: 0.86
Batch: 140; loss: 3.73; acc: 0.78
Batch: 160; loss: 2.52; acc: 0.81
Batch: 180; loss: 2.94; acc: 0.86
Batch: 200; loss: 4.78; acc: 0.81
Batch: 220; loss: 3.18; acc: 0.8
Batch: 240; loss: 1.94; acc: 0.84
Batch: 260; loss: 5.33; acc: 0.73
Batch: 280; loss: 2.26; acc: 0.83
Batch: 300; loss: 2.94; acc: 0.86
Batch: 320; loss: 4.64; acc: 0.77
Batch: 340; loss: 6.21; acc: 0.72
Batch: 360; loss: 3.53; acc: 0.78
Batch: 380; loss: 4.69; acc: 0.75
Batch: 400; loss: 3.93; acc: 0.83
Batch: 420; loss: 1.68; acc: 0.86
Batch: 440; loss: 7.71; acc: 0.69
Batch: 460; loss: 2.71; acc: 0.81
Batch: 480; loss: 4.51; acc: 0.86
Batch: 500; loss: 5.35; acc: 0.75
Batch: 520; loss: 8.22; acc: 0.67
Batch: 540; loss: 3.05; acc: 0.83
Batch: 560; loss: 6.57; acc: 0.75
Batch: 580; loss: 2.8; acc: 0.88
Batch: 600; loss: 4.0; acc: 0.75
Batch: 620; loss: 5.14; acc: 0.77
Train Epoch over. train_loss: 3.89; train_accuracy: 0.79 

Batch: 0; loss: 1.94; acc: 0.84
Batch: 20; loss: 6.73; acc: 0.67
Batch: 40; loss: 3.13; acc: 0.89
Batch: 60; loss: 3.9; acc: 0.81
Batch: 80; loss: 3.35; acc: 0.78
Batch: 100; loss: 5.95; acc: 0.75
Batch: 120; loss: 4.98; acc: 0.83
Batch: 140; loss: 7.03; acc: 0.72
Val Epoch over. val_loss: 3.8794446021887907; val_accuracy: 0.7916998407643312 

Epoch 5 start
Batch: 0; loss: 2.45; acc: 0.86
Batch: 20; loss: 0.9; acc: 0.92
Batch: 40; loss: 8.03; acc: 0.75
Batch: 60; loss: 5.46; acc: 0.8
Batch: 80; loss: 3.87; acc: 0.8
Batch: 100; loss: 5.98; acc: 0.75
Batch: 120; loss: 5.95; acc: 0.78
Batch: 140; loss: 4.88; acc: 0.78
Batch: 160; loss: 3.28; acc: 0.81
Batch: 180; loss: 5.72; acc: 0.75
Batch: 200; loss: 5.34; acc: 0.81
Batch: 220; loss: 3.54; acc: 0.77
Batch: 240; loss: 2.75; acc: 0.81
Batch: 260; loss: 4.72; acc: 0.77
Batch: 280; loss: 1.64; acc: 0.84
Batch: 300; loss: 3.74; acc: 0.8
Batch: 320; loss: 4.3; acc: 0.8
Batch: 340; loss: 1.98; acc: 0.83
Batch: 360; loss: 4.54; acc: 0.78
Batch: 380; loss: 2.26; acc: 0.83
Batch: 400; loss: 1.03; acc: 0.89
Batch: 420; loss: 1.11; acc: 0.88
Batch: 440; loss: 4.4; acc: 0.73
Batch: 460; loss: 3.12; acc: 0.81
Batch: 480; loss: 2.55; acc: 0.81
Batch: 500; loss: 1.88; acc: 0.89
Batch: 520; loss: 3.91; acc: 0.81
Batch: 540; loss: 3.0; acc: 0.81
Batch: 560; loss: 7.24; acc: 0.73
Batch: 580; loss: 3.68; acc: 0.75
Batch: 600; loss: 5.53; acc: 0.81
Batch: 620; loss: 2.98; acc: 0.83
Train Epoch over. train_loss: 3.86; train_accuracy: 0.8 

Batch: 0; loss: 1.73; acc: 0.86
Batch: 20; loss: 7.6; acc: 0.66
Batch: 40; loss: 2.77; acc: 0.84
Batch: 60; loss: 3.98; acc: 0.83
Batch: 80; loss: 4.03; acc: 0.77
Batch: 100; loss: 4.82; acc: 0.73
Batch: 120; loss: 8.0; acc: 0.75
Batch: 140; loss: 7.48; acc: 0.67
Val Epoch over. val_loss: 4.099128356405124; val_accuracy: 0.7923964968152867 

Epoch 6 start
Batch: 0; loss: 5.67; acc: 0.7
Batch: 20; loss: 1.65; acc: 0.84
Batch: 40; loss: 1.01; acc: 0.89
Batch: 60; loss: 3.46; acc: 0.81
Batch: 80; loss: 2.24; acc: 0.8
Batch: 100; loss: 3.53; acc: 0.81
Batch: 120; loss: 2.07; acc: 0.89
Batch: 140; loss: 5.21; acc: 0.78
Batch: 160; loss: 4.42; acc: 0.75
Batch: 180; loss: 7.59; acc: 0.7
Batch: 200; loss: 3.71; acc: 0.78
Batch: 220; loss: 5.56; acc: 0.77
Batch: 240; loss: 1.15; acc: 0.88
Batch: 260; loss: 3.44; acc: 0.81
Batch: 280; loss: 3.96; acc: 0.81
Batch: 300; loss: 2.99; acc: 0.81
Batch: 320; loss: 3.83; acc: 0.8
Batch: 340; loss: 6.12; acc: 0.78
Batch: 360; loss: 2.41; acc: 0.83
Batch: 380; loss: 3.12; acc: 0.86
Batch: 400; loss: 3.75; acc: 0.8
Batch: 420; loss: 5.07; acc: 0.75
Batch: 440; loss: 3.7; acc: 0.83
Batch: 460; loss: 5.77; acc: 0.77
Batch: 480; loss: 4.56; acc: 0.75
Batch: 500; loss: 5.55; acc: 0.81
Batch: 520; loss: 2.32; acc: 0.84
Batch: 540; loss: 4.99; acc: 0.73
Batch: 560; loss: 5.21; acc: 0.73
Batch: 580; loss: 3.24; acc: 0.78
Batch: 600; loss: 4.81; acc: 0.83
Batch: 620; loss: 3.52; acc: 0.78
Train Epoch over. train_loss: 3.92; train_accuracy: 0.8 

Batch: 0; loss: 3.65; acc: 0.83
Batch: 20; loss: 5.86; acc: 0.77
Batch: 40; loss: 2.36; acc: 0.89
Batch: 60; loss: 2.11; acc: 0.86
Batch: 80; loss: 4.62; acc: 0.8
Batch: 100; loss: 2.31; acc: 0.81
Batch: 120; loss: 3.77; acc: 0.83
Batch: 140; loss: 7.96; acc: 0.77
Val Epoch over. val_loss: 3.822330811221129; val_accuracy: 0.8122014331210191 

Epoch 7 start
Batch: 0; loss: 2.59; acc: 0.8
Batch: 20; loss: 4.31; acc: 0.73
Batch: 40; loss: 3.81; acc: 0.77
Batch: 60; loss: 2.9; acc: 0.81
Batch: 80; loss: 5.96; acc: 0.75
Batch: 100; loss: 5.01; acc: 0.78
Batch: 120; loss: 2.76; acc: 0.83
Batch: 140; loss: 2.9; acc: 0.84
Batch: 160; loss: 4.25; acc: 0.84
Batch: 180; loss: 2.29; acc: 0.84
Batch: 200; loss: 2.78; acc: 0.86
Batch: 220; loss: 3.57; acc: 0.86
Batch: 240; loss: 5.62; acc: 0.72
Batch: 260; loss: 2.27; acc: 0.83
Batch: 280; loss: 3.82; acc: 0.78
Batch: 300; loss: 4.58; acc: 0.83
Batch: 320; loss: 4.35; acc: 0.77
Batch: 340; loss: 4.58; acc: 0.8
Batch: 360; loss: 3.39; acc: 0.81
Batch: 380; loss: 4.2; acc: 0.8
Batch: 400; loss: 3.75; acc: 0.8
Batch: 420; loss: 1.65; acc: 0.92
Batch: 440; loss: 4.62; acc: 0.75
Batch: 460; loss: 4.62; acc: 0.8
Batch: 480; loss: 4.2; acc: 0.73
Batch: 500; loss: 3.05; acc: 0.78
Batch: 520; loss: 4.24; acc: 0.77
Batch: 540; loss: 4.54; acc: 0.8
Batch: 560; loss: 3.57; acc: 0.86
Batch: 580; loss: 5.3; acc: 0.77
Batch: 600; loss: 4.6; acc: 0.86
Batch: 620; loss: 4.7; acc: 0.77
Train Epoch over. train_loss: 3.86; train_accuracy: 0.8 

Batch: 0; loss: 3.37; acc: 0.8
Batch: 20; loss: 7.55; acc: 0.64
Batch: 40; loss: 3.44; acc: 0.89
Batch: 60; loss: 3.48; acc: 0.83
Batch: 80; loss: 4.01; acc: 0.78
Batch: 100; loss: 5.26; acc: 0.72
Batch: 120; loss: 4.45; acc: 0.86
Batch: 140; loss: 7.85; acc: 0.72
Val Epoch over. val_loss: 3.9151880847420664; val_accuracy: 0.7960788216560509 

Epoch 8 start
Batch: 0; loss: 2.25; acc: 0.84
Batch: 20; loss: 2.37; acc: 0.81
Batch: 40; loss: 4.11; acc: 0.83
Batch: 60; loss: 3.27; acc: 0.8
Batch: 80; loss: 4.29; acc: 0.83
Batch: 100; loss: 4.71; acc: 0.77
Batch: 120; loss: 2.27; acc: 0.84
Batch: 140; loss: 4.62; acc: 0.78
Batch: 160; loss: 4.38; acc: 0.72
Batch: 180; loss: 1.96; acc: 0.86
Batch: 200; loss: 1.52; acc: 0.89
Batch: 220; loss: 4.6; acc: 0.83
Batch: 240; loss: 3.71; acc: 0.8
Batch: 260; loss: 4.45; acc: 0.86
Batch: 280; loss: 2.93; acc: 0.8
Batch: 300; loss: 1.94; acc: 0.86
Batch: 320; loss: 2.76; acc: 0.83
Batch: 340; loss: 2.2; acc: 0.84
Batch: 360; loss: 5.75; acc: 0.73
Batch: 380; loss: 5.28; acc: 0.7
Batch: 400; loss: 2.76; acc: 0.86
Batch: 420; loss: 4.06; acc: 0.8
Batch: 440; loss: 1.41; acc: 0.91
Batch: 460; loss: 1.25; acc: 0.88
Batch: 480; loss: 4.39; acc: 0.8
Batch: 500; loss: 3.45; acc: 0.84
Batch: 520; loss: 2.66; acc: 0.86
Batch: 540; loss: 1.3; acc: 0.86
Batch: 560; loss: 5.07; acc: 0.77
Batch: 580; loss: 3.85; acc: 0.78
Batch: 600; loss: 4.08; acc: 0.8
Batch: 620; loss: 4.39; acc: 0.77
Train Epoch over. train_loss: 3.77; train_accuracy: 0.8 

Batch: 0; loss: 2.91; acc: 0.84
Batch: 20; loss: 6.69; acc: 0.66
Batch: 40; loss: 3.21; acc: 0.84
Batch: 60; loss: 3.42; acc: 0.77
Batch: 80; loss: 4.21; acc: 0.8
Batch: 100; loss: 3.64; acc: 0.77
Batch: 120; loss: 4.67; acc: 0.78
Batch: 140; loss: 6.93; acc: 0.7
Val Epoch over. val_loss: 3.532040418712956; val_accuracy: 0.7962778662420382 

Epoch 9 start
Batch: 0; loss: 4.18; acc: 0.75
Batch: 20; loss: 1.78; acc: 0.81
Batch: 40; loss: 3.75; acc: 0.86
Batch: 60; loss: 3.02; acc: 0.81
Batch: 80; loss: 2.86; acc: 0.84
Batch: 100; loss: 5.97; acc: 0.77
Batch: 120; loss: 1.75; acc: 0.89
Batch: 140; loss: 2.33; acc: 0.84
Batch: 160; loss: 2.29; acc: 0.83
Batch: 180; loss: 3.31; acc: 0.84
Batch: 200; loss: 3.73; acc: 0.8
Batch: 220; loss: 4.55; acc: 0.78
Batch: 240; loss: 2.64; acc: 0.83
Batch: 260; loss: 4.89; acc: 0.75
Batch: 280; loss: 3.28; acc: 0.77
Batch: 300; loss: 1.57; acc: 0.91
Batch: 320; loss: 4.46; acc: 0.78
Batch: 340; loss: 3.56; acc: 0.8
Batch: 360; loss: 4.79; acc: 0.75
Batch: 380; loss: 4.56; acc: 0.84
Batch: 400; loss: 5.63; acc: 0.64
Batch: 420; loss: 4.53; acc: 0.73
Batch: 440; loss: 4.45; acc: 0.75
Batch: 460; loss: 2.05; acc: 0.78
Batch: 480; loss: 2.01; acc: 0.83
Batch: 500; loss: 4.26; acc: 0.77
Batch: 520; loss: 2.35; acc: 0.77
Batch: 540; loss: 6.4; acc: 0.77
Batch: 560; loss: 1.81; acc: 0.84
Batch: 580; loss: 2.86; acc: 0.81
Batch: 600; loss: 3.11; acc: 0.83
Batch: 620; loss: 4.12; acc: 0.78
Train Epoch over. train_loss: 3.75; train_accuracy: 0.8 

Batch: 0; loss: 3.18; acc: 0.83
Batch: 20; loss: 4.02; acc: 0.81
Batch: 40; loss: 2.25; acc: 0.86
Batch: 60; loss: 3.7; acc: 0.8
Batch: 80; loss: 4.7; acc: 0.73
Batch: 100; loss: 4.1; acc: 0.77
Batch: 120; loss: 4.96; acc: 0.78
Batch: 140; loss: 4.67; acc: 0.7
Val Epoch over. val_loss: 3.7428140349828514; val_accuracy: 0.8039410828025477 

Epoch 10 start
Batch: 0; loss: 3.14; acc: 0.77
Batch: 20; loss: 2.81; acc: 0.88
Batch: 40; loss: 3.45; acc: 0.78
Batch: 60; loss: 3.85; acc: 0.81
Batch: 80; loss: 4.49; acc: 0.83
Batch: 100; loss: 2.02; acc: 0.84
Batch: 120; loss: 6.98; acc: 0.72
Batch: 140; loss: 3.77; acc: 0.8
Batch: 160; loss: 5.52; acc: 0.77
Batch: 180; loss: 3.55; acc: 0.75
Batch: 200; loss: 4.41; acc: 0.84
Batch: 220; loss: 4.5; acc: 0.78
Batch: 240; loss: 2.3; acc: 0.84
Batch: 260; loss: 2.41; acc: 0.88
Batch: 280; loss: 4.84; acc: 0.81
Batch: 300; loss: 4.36; acc: 0.73
Batch: 320; loss: 2.42; acc: 0.84
Batch: 340; loss: 5.03; acc: 0.73
Batch: 360; loss: 3.84; acc: 0.8
Batch: 380; loss: 2.77; acc: 0.86
Batch: 400; loss: 6.35; acc: 0.78
Batch: 420; loss: 1.28; acc: 0.86
Batch: 440; loss: 5.39; acc: 0.7
Batch: 460; loss: 9.18; acc: 0.69
Batch: 480; loss: 2.79; acc: 0.81
Batch: 500; loss: 2.14; acc: 0.84
Batch: 520; loss: 3.48; acc: 0.81
Batch: 540; loss: 2.85; acc: 0.83
Batch: 560; loss: 2.36; acc: 0.81
Batch: 580; loss: 5.37; acc: 0.78
Batch: 600; loss: 2.15; acc: 0.86
Batch: 620; loss: 3.56; acc: 0.75
Train Epoch over. train_loss: 3.69; train_accuracy: 0.8 

Batch: 0; loss: 2.25; acc: 0.83
Batch: 20; loss: 7.25; acc: 0.69
Batch: 40; loss: 2.79; acc: 0.84
Batch: 60; loss: 4.12; acc: 0.78
Batch: 80; loss: 3.49; acc: 0.81
Batch: 100; loss: 3.76; acc: 0.78
Batch: 120; loss: 4.82; acc: 0.83
Batch: 140; loss: 6.71; acc: 0.69
Val Epoch over. val_loss: 3.7869758636328825; val_accuracy: 0.8012539808917197 

plots/subspace_True_d_dim_800_model_MLP_lr_0.1_seed_1_epochs_10_batchsize_64_2019-12-30 18:12:19.517245
Epoch 1 start
Batch: 0; loss: 36.37; acc: 0.12
Batch: 20; loss: 5.32; acc: 0.53
Batch: 40; loss: 5.52; acc: 0.62
Batch: 60; loss: 8.1; acc: 0.55
Batch: 80; loss: 4.84; acc: 0.64
Batch: 100; loss: 3.84; acc: 0.75
Batch: 120; loss: 4.83; acc: 0.67
Batch: 140; loss: 4.68; acc: 0.78
Batch: 160; loss: 5.81; acc: 0.69
Batch: 180; loss: 2.79; acc: 0.8
Batch: 200; loss: 2.21; acc: 0.73
Batch: 220; loss: 3.59; acc: 0.8
Batch: 240; loss: 3.9; acc: 0.77
Batch: 260; loss: 4.19; acc: 0.72
Batch: 280; loss: 2.42; acc: 0.8
Batch: 300; loss: 7.95; acc: 0.53
Batch: 320; loss: 3.48; acc: 0.77
Batch: 340; loss: 2.93; acc: 0.83
Batch: 360; loss: 2.52; acc: 0.86
Batch: 380; loss: 4.54; acc: 0.77
Batch: 400; loss: 3.49; acc: 0.77
Batch: 420; loss: 6.89; acc: 0.7
Batch: 440; loss: 4.98; acc: 0.75
Batch: 460; loss: 3.75; acc: 0.81
Batch: 480; loss: 3.38; acc: 0.78
Batch: 500; loss: 4.17; acc: 0.8
Batch: 520; loss: 2.55; acc: 0.86
Batch: 540; loss: 3.44; acc: 0.77
Batch: 560; loss: 5.15; acc: 0.72
Batch: 580; loss: 4.52; acc: 0.81
Batch: 600; loss: 2.35; acc: 0.78
Batch: 620; loss: 5.34; acc: 0.77
Train Epoch over. train_loss: 4.7; train_accuracy: 0.75 

Batch: 0; loss: 2.91; acc: 0.84
Batch: 20; loss: 5.88; acc: 0.75
Batch: 40; loss: 2.01; acc: 0.89
Batch: 60; loss: 6.98; acc: 0.72
Batch: 80; loss: 4.18; acc: 0.73
Batch: 100; loss: 4.41; acc: 0.81
Batch: 120; loss: 5.83; acc: 0.8
Batch: 140; loss: 6.3; acc: 0.66
Val Epoch over. val_loss: 3.950286150358285; val_accuracy: 0.788515127388535 

Epoch 2 start
Batch: 0; loss: 4.21; acc: 0.77
Batch: 20; loss: 2.92; acc: 0.8
Batch: 40; loss: 2.89; acc: 0.8
Batch: 60; loss: 3.5; acc: 0.81
Batch: 80; loss: 3.54; acc: 0.81
Batch: 100; loss: 2.94; acc: 0.83
Batch: 120; loss: 2.33; acc: 0.78
Batch: 140; loss: 7.02; acc: 0.77
Batch: 160; loss: 3.65; acc: 0.78
Batch: 180; loss: 5.01; acc: 0.73
Batch: 200; loss: 4.35; acc: 0.81
Batch: 220; loss: 5.92; acc: 0.75
Batch: 240; loss: 3.39; acc: 0.8
Batch: 260; loss: 2.74; acc: 0.81
Batch: 280; loss: 1.89; acc: 0.88
Batch: 300; loss: 4.92; acc: 0.83
Batch: 320; loss: 5.49; acc: 0.72
Batch: 340; loss: 4.76; acc: 0.77
Batch: 360; loss: 4.09; acc: 0.75
Batch: 380; loss: 5.93; acc: 0.81
Batch: 400; loss: 3.72; acc: 0.84
Batch: 420; loss: 4.94; acc: 0.81
Batch: 440; loss: 2.64; acc: 0.86
Batch: 460; loss: 4.45; acc: 0.77
Batch: 480; loss: 3.21; acc: 0.83
Batch: 500; loss: 1.88; acc: 0.88
Batch: 520; loss: 1.31; acc: 0.89
Batch: 540; loss: 2.83; acc: 0.8
Batch: 560; loss: 2.24; acc: 0.91
Batch: 580; loss: 3.78; acc: 0.78
Batch: 600; loss: 2.76; acc: 0.83
Batch: 620; loss: 3.34; acc: 0.81
Train Epoch over. train_loss: 3.57; train_accuracy: 0.8 

Batch: 0; loss: 2.07; acc: 0.86
Batch: 20; loss: 5.88; acc: 0.75
Batch: 40; loss: 1.14; acc: 0.94
Batch: 60; loss: 3.87; acc: 0.77
Batch: 80; loss: 4.14; acc: 0.73
Batch: 100; loss: 5.23; acc: 0.75
Batch: 120; loss: 2.48; acc: 0.91
Batch: 140; loss: 4.55; acc: 0.72
Val Epoch over. val_loss: 3.4866128461376116; val_accuracy: 0.8182722929936306 

Epoch 3 start
Batch: 0; loss: 2.86; acc: 0.72
Batch: 20; loss: 6.96; acc: 0.61
Batch: 40; loss: 3.97; acc: 0.75
Batch: 60; loss: 1.4; acc: 0.86
Batch: 80; loss: 2.87; acc: 0.84
Batch: 100; loss: 2.01; acc: 0.86
Batch: 120; loss: 5.34; acc: 0.77
Batch: 140; loss: 3.22; acc: 0.83
Batch: 160; loss: 2.3; acc: 0.84
Batch: 180; loss: 4.04; acc: 0.84
Batch: 200; loss: 3.36; acc: 0.81
Batch: 220; loss: 5.05; acc: 0.75
Batch: 240; loss: 4.53; acc: 0.81
Batch: 260; loss: 0.77; acc: 0.89
Batch: 280; loss: 2.99; acc: 0.81
Batch: 300; loss: 2.09; acc: 0.81
Batch: 320; loss: 4.63; acc: 0.78
Batch: 340; loss: 3.17; acc: 0.78
Batch: 360; loss: 4.23; acc: 0.77
Batch: 380; loss: 3.38; acc: 0.83
Batch: 400; loss: 3.85; acc: 0.77
Batch: 420; loss: 3.06; acc: 0.84
Batch: 440; loss: 1.32; acc: 0.86
Batch: 460; loss: 2.2; acc: 0.83
Batch: 480; loss: 4.65; acc: 0.77
Batch: 500; loss: 6.14; acc: 0.73
Batch: 520; loss: 3.8; acc: 0.77
Batch: 540; loss: 3.19; acc: 0.84
Batch: 560; loss: 4.4; acc: 0.72
Batch: 580; loss: 2.37; acc: 0.81
Batch: 600; loss: 3.27; acc: 0.83
Batch: 620; loss: 4.18; acc: 0.73
Train Epoch over. train_loss: 3.46; train_accuracy: 0.81 

Batch: 0; loss: 2.43; acc: 0.88
Batch: 20; loss: 5.18; acc: 0.69
Batch: 40; loss: 2.33; acc: 0.88
Batch: 60; loss: 4.88; acc: 0.75
Batch: 80; loss: 3.57; acc: 0.81
Batch: 100; loss: 5.77; acc: 0.75
Batch: 120; loss: 5.31; acc: 0.83
Batch: 140; loss: 5.0; acc: 0.69
Val Epoch over. val_loss: 3.590472477256872; val_accuracy: 0.7931926751592356 

Epoch 4 start
Batch: 0; loss: 1.38; acc: 0.88
Batch: 20; loss: 3.39; acc: 0.77
Batch: 40; loss: 1.63; acc: 0.83
Batch: 60; loss: 3.03; acc: 0.81
Batch: 80; loss: 3.26; acc: 0.77
Batch: 100; loss: 3.25; acc: 0.83
Batch: 120; loss: 4.11; acc: 0.83
Batch: 140; loss: 3.1; acc: 0.78
Batch: 160; loss: 3.86; acc: 0.88
Batch: 180; loss: 1.68; acc: 0.88
Batch: 200; loss: 4.12; acc: 0.83
Batch: 220; loss: 7.15; acc: 0.72
Batch: 240; loss: 2.42; acc: 0.83
Batch: 260; loss: 4.43; acc: 0.78
Batch: 280; loss: 2.1; acc: 0.86
Batch: 300; loss: 1.04; acc: 0.86
Batch: 320; loss: 2.65; acc: 0.72
Batch: 340; loss: 4.35; acc: 0.8
Batch: 360; loss: 1.48; acc: 0.88
Batch: 380; loss: 2.39; acc: 0.81
Batch: 400; loss: 2.46; acc: 0.8
Batch: 420; loss: 1.94; acc: 0.81
Batch: 440; loss: 5.47; acc: 0.7
Batch: 460; loss: 1.66; acc: 0.83
Batch: 480; loss: 3.39; acc: 0.84
Batch: 500; loss: 2.37; acc: 0.89
Batch: 520; loss: 4.31; acc: 0.78
Batch: 540; loss: 3.28; acc: 0.73
Batch: 560; loss: 3.05; acc: 0.8
Batch: 580; loss: 2.12; acc: 0.83
Batch: 600; loss: 2.01; acc: 0.8
Batch: 620; loss: 3.89; acc: 0.75
Train Epoch over. train_loss: 3.33; train_accuracy: 0.81 

Batch: 0; loss: 3.31; acc: 0.81
Batch: 20; loss: 6.69; acc: 0.73
Batch: 40; loss: 2.28; acc: 0.84
Batch: 60; loss: 7.75; acc: 0.66
Batch: 80; loss: 4.37; acc: 0.73
Batch: 100; loss: 5.54; acc: 0.73
Batch: 120; loss: 4.87; acc: 0.84
Batch: 140; loss: 6.73; acc: 0.72
Val Epoch over. val_loss: 3.764412675313889; val_accuracy: 0.8015525477707006 

Epoch 5 start
Batch: 0; loss: 2.73; acc: 0.78
Batch: 20; loss: 1.88; acc: 0.84
Batch: 40; loss: 6.13; acc: 0.75
Batch: 60; loss: 3.19; acc: 0.78
Batch: 80; loss: 3.26; acc: 0.8
Batch: 100; loss: 2.93; acc: 0.81
Batch: 120; loss: 3.69; acc: 0.83
Batch: 140; loss: 2.88; acc: 0.83
Batch: 160; loss: 2.34; acc: 0.83
Batch: 180; loss: 4.5; acc: 0.81
Batch: 200; loss: 4.64; acc: 0.75
Batch: 220; loss: 2.07; acc: 0.81
Batch: 240; loss: 2.23; acc: 0.86
Batch: 260; loss: 5.22; acc: 0.77
Batch: 280; loss: 2.32; acc: 0.84
Batch: 300; loss: 3.05; acc: 0.86
Batch: 320; loss: 4.84; acc: 0.8
Batch: 340; loss: 2.26; acc: 0.84
Batch: 360; loss: 3.62; acc: 0.83
Batch: 380; loss: 3.1; acc: 0.84
Batch: 400; loss: 1.52; acc: 0.88
Batch: 420; loss: 1.24; acc: 0.86
Batch: 440; loss: 1.62; acc: 0.88
Batch: 460; loss: 2.73; acc: 0.81
Batch: 480; loss: 2.58; acc: 0.83
Batch: 500; loss: 3.46; acc: 0.84
Batch: 520; loss: 3.2; acc: 0.83
Batch: 540; loss: 2.64; acc: 0.86
Batch: 560; loss: 3.92; acc: 0.81
Batch: 580; loss: 2.33; acc: 0.84
Batch: 600; loss: 3.99; acc: 0.81
Batch: 620; loss: 1.89; acc: 0.84
Train Epoch over. train_loss: 3.33; train_accuracy: 0.81 

Batch: 0; loss: 2.12; acc: 0.84
Batch: 20; loss: 5.34; acc: 0.73
Batch: 40; loss: 2.07; acc: 0.83
Batch: 60; loss: 5.91; acc: 0.83
Batch: 80; loss: 4.78; acc: 0.83
Batch: 100; loss: 5.18; acc: 0.77
Batch: 120; loss: 3.67; acc: 0.84
Batch: 140; loss: 5.39; acc: 0.66
Val Epoch over. val_loss: 3.365459056037247; val_accuracy: 0.8218550955414012 

Epoch 6 start
Batch: 0; loss: 4.9; acc: 0.77
Batch: 20; loss: 3.68; acc: 0.78
Batch: 40; loss: 2.06; acc: 0.88
Batch: 60; loss: 2.68; acc: 0.88
Batch: 80; loss: 3.88; acc: 0.78
Batch: 100; loss: 0.87; acc: 0.92
Batch: 120; loss: 1.18; acc: 0.84
Batch: 140; loss: 3.98; acc: 0.78
Batch: 160; loss: 4.14; acc: 0.77
Batch: 180; loss: 3.46; acc: 0.81
Batch: 200; loss: 1.48; acc: 0.91
Batch: 220; loss: 4.26; acc: 0.73
Batch: 240; loss: 1.67; acc: 0.83
Batch: 260; loss: 2.43; acc: 0.8
Batch: 280; loss: 5.03; acc: 0.8
Batch: 300; loss: 3.49; acc: 0.83
Batch: 320; loss: 2.76; acc: 0.88
Batch: 340; loss: 6.36; acc: 0.75
Batch: 360; loss: 1.38; acc: 0.88
Batch: 380; loss: 4.37; acc: 0.81
Batch: 400; loss: 5.94; acc: 0.77
Batch: 420; loss: 5.09; acc: 0.73
Batch: 440; loss: 2.04; acc: 0.86
Batch: 460; loss: 2.92; acc: 0.84
Batch: 480; loss: 3.05; acc: 0.78
Batch: 500; loss: 2.61; acc: 0.83
Batch: 520; loss: 4.89; acc: 0.81
Batch: 540; loss: 4.23; acc: 0.73
Batch: 560; loss: 3.21; acc: 0.77
Batch: 580; loss: 3.55; acc: 0.83
Batch: 600; loss: 3.29; acc: 0.73
Batch: 620; loss: 2.12; acc: 0.83
Train Epoch over. train_loss: 3.32; train_accuracy: 0.81 

Batch: 0; loss: 5.02; acc: 0.77
Batch: 20; loss: 4.59; acc: 0.81
Batch: 40; loss: 2.0; acc: 0.88
Batch: 60; loss: 5.06; acc: 0.75
Batch: 80; loss: 7.44; acc: 0.69
Batch: 100; loss: 3.43; acc: 0.75
Batch: 120; loss: 3.72; acc: 0.81
Batch: 140; loss: 6.02; acc: 0.73
Val Epoch over. val_loss: 3.752611034235377; val_accuracy: 0.8076234076433121 

Epoch 7 start
Batch: 0; loss: 2.19; acc: 0.81
Batch: 20; loss: 3.34; acc: 0.81
Batch: 40; loss: 4.99; acc: 0.75
Batch: 60; loss: 3.32; acc: 0.81
Batch: 80; loss: 3.41; acc: 0.8
Batch: 100; loss: 3.13; acc: 0.86
Batch: 120; loss: 5.9; acc: 0.78
Batch: 140; loss: 0.94; acc: 0.91
Batch: 160; loss: 2.83; acc: 0.83
Batch: 180; loss: 2.35; acc: 0.86
Batch: 200; loss: 2.22; acc: 0.86
Batch: 220; loss: 2.37; acc: 0.84
Batch: 240; loss: 4.32; acc: 0.72
Batch: 260; loss: 3.42; acc: 0.81
Batch: 280; loss: 2.39; acc: 0.83
Batch: 300; loss: 3.96; acc: 0.77
Batch: 320; loss: 1.8; acc: 0.81
Batch: 340; loss: 1.3; acc: 0.91
Batch: 360; loss: 4.1; acc: 0.84
Batch: 380; loss: 2.9; acc: 0.75
Batch: 400; loss: 1.15; acc: 0.89
Batch: 420; loss: 1.56; acc: 0.91
Batch: 440; loss: 3.48; acc: 0.75
Batch: 460; loss: 4.65; acc: 0.77
Batch: 480; loss: 4.15; acc: 0.78
Batch: 500; loss: 1.5; acc: 0.89
Batch: 520; loss: 3.01; acc: 0.81
Batch: 540; loss: 4.1; acc: 0.83
Batch: 560; loss: 3.43; acc: 0.78
Batch: 580; loss: 2.93; acc: 0.81
Batch: 600; loss: 2.88; acc: 0.8
Batch: 620; loss: 3.62; acc: 0.81
Train Epoch over. train_loss: 3.34; train_accuracy: 0.81 

Batch: 0; loss: 2.26; acc: 0.83
Batch: 20; loss: 5.82; acc: 0.7
Batch: 40; loss: 2.74; acc: 0.86
Batch: 60; loss: 4.16; acc: 0.73
Batch: 80; loss: 3.52; acc: 0.8
Batch: 100; loss: 5.32; acc: 0.75
Batch: 120; loss: 4.95; acc: 0.83
Batch: 140; loss: 5.25; acc: 0.67
Val Epoch over. val_loss: 3.5217460659658832; val_accuracy: 0.8113057324840764 

Epoch 8 start
Batch: 0; loss: 3.15; acc: 0.84
Batch: 20; loss: 1.18; acc: 0.91
Batch: 40; loss: 2.1; acc: 0.91
Batch: 60; loss: 2.27; acc: 0.77
Batch: 80; loss: 4.71; acc: 0.84
Batch: 100; loss: 2.38; acc: 0.8
Batch: 120; loss: 1.88; acc: 0.83
Batch: 140; loss: 3.6; acc: 0.77
Batch: 160; loss: 2.15; acc: 0.84
Batch: 180; loss: 2.3; acc: 0.83
Batch: 200; loss: 2.65; acc: 0.86
Batch: 220; loss: 4.23; acc: 0.77
Batch: 240; loss: 2.16; acc: 0.88
Batch: 260; loss: 2.27; acc: 0.94
Batch: 280; loss: 1.62; acc: 0.86
Batch: 300; loss: 4.29; acc: 0.73
Batch: 320; loss: 4.56; acc: 0.8
Batch: 340; loss: 3.52; acc: 0.81
Batch: 360; loss: 3.9; acc: 0.73
Batch: 380; loss: 4.02; acc: 0.8
Batch: 400; loss: 3.78; acc: 0.86
Batch: 420; loss: 4.87; acc: 0.73
Batch: 440; loss: 2.02; acc: 0.86
Batch: 460; loss: 3.29; acc: 0.81
Batch: 480; loss: 2.1; acc: 0.84
Batch: 500; loss: 3.26; acc: 0.86
Batch: 520; loss: 3.56; acc: 0.83
Batch: 540; loss: 3.36; acc: 0.77
Batch: 560; loss: 7.38; acc: 0.73
Batch: 580; loss: 2.94; acc: 0.83
Batch: 600; loss: 2.69; acc: 0.8
Batch: 620; loss: 4.92; acc: 0.77
Train Epoch over. train_loss: 3.34; train_accuracy: 0.82 

Batch: 0; loss: 2.92; acc: 0.78
Batch: 20; loss: 6.99; acc: 0.66
Batch: 40; loss: 4.26; acc: 0.8
Batch: 60; loss: 4.83; acc: 0.75
Batch: 80; loss: 5.57; acc: 0.73
Batch: 100; loss: 7.21; acc: 0.7
Batch: 120; loss: 5.53; acc: 0.8
Batch: 140; loss: 5.76; acc: 0.7
Val Epoch over. val_loss: 5.044951151131065; val_accuracy: 0.7506966560509554 

Epoch 9 start
Batch: 0; loss: 4.48; acc: 0.78
Batch: 20; loss: 2.78; acc: 0.83
Batch: 40; loss: 3.07; acc: 0.89
Batch: 60; loss: 1.62; acc: 0.86
Batch: 80; loss: 3.75; acc: 0.84
Batch: 100; loss: 2.69; acc: 0.8
Batch: 120; loss: 2.81; acc: 0.86
Batch: 140; loss: 2.34; acc: 0.86
Batch: 160; loss: 0.64; acc: 0.91
Batch: 180; loss: 1.38; acc: 0.89
Batch: 200; loss: 4.08; acc: 0.77
Batch: 220; loss: 2.17; acc: 0.86
Batch: 240; loss: 3.76; acc: 0.75
Batch: 260; loss: 3.1; acc: 0.84
Batch: 280; loss: 2.76; acc: 0.83
Batch: 300; loss: 4.04; acc: 0.83
Batch: 320; loss: 5.51; acc: 0.78
Batch: 340; loss: 3.06; acc: 0.86
Batch: 360; loss: 2.71; acc: 0.81
Batch: 380; loss: 5.26; acc: 0.77
Batch: 400; loss: 2.64; acc: 0.81
Batch: 420; loss: 2.79; acc: 0.8
Batch: 440; loss: 3.25; acc: 0.83
Batch: 460; loss: 3.27; acc: 0.75
Batch: 480; loss: 4.71; acc: 0.72
Batch: 500; loss: 2.41; acc: 0.86
Batch: 520; loss: 2.96; acc: 0.81
Batch: 540; loss: 3.48; acc: 0.8
Batch: 560; loss: 4.66; acc: 0.81
Batch: 580; loss: 1.84; acc: 0.83
Batch: 600; loss: 3.35; acc: 0.81
Batch: 620; loss: 4.38; acc: 0.88
Train Epoch over. train_loss: 3.31; train_accuracy: 0.81 

Batch: 0; loss: 1.13; acc: 0.89
Batch: 20; loss: 2.93; acc: 0.77
Batch: 40; loss: 0.95; acc: 0.91
Batch: 60; loss: 5.12; acc: 0.78
Batch: 80; loss: 4.96; acc: 0.78
Batch: 100; loss: 5.27; acc: 0.78
Batch: 120; loss: 3.46; acc: 0.88
Batch: 140; loss: 4.45; acc: 0.77
Val Epoch over. val_loss: 3.151072354833032; val_accuracy: 0.8317078025477707 

Epoch 10 start
Batch: 0; loss: 3.66; acc: 0.73
Batch: 20; loss: 1.38; acc: 0.88
Batch: 40; loss: 1.73; acc: 0.91
Batch: 60; loss: 3.08; acc: 0.83
Batch: 80; loss: 6.02; acc: 0.77
Batch: 100; loss: 3.99; acc: 0.81
Batch: 120; loss: 5.38; acc: 0.73
Batch: 140; loss: 1.17; acc: 0.94
Batch: 160; loss: 2.35; acc: 0.83
Batch: 180; loss: 2.48; acc: 0.84
Batch: 200; loss: 1.36; acc: 0.91
Batch: 220; loss: 3.9; acc: 0.78
Batch: 240; loss: 2.44; acc: 0.84
Batch: 260; loss: 1.65; acc: 0.86
Batch: 280; loss: 4.26; acc: 0.78
Batch: 300; loss: 4.95; acc: 0.78
Batch: 320; loss: 0.88; acc: 0.92
Batch: 340; loss: 2.68; acc: 0.81
Batch: 360; loss: 3.5; acc: 0.77
Batch: 380; loss: 1.03; acc: 0.91
Batch: 400; loss: 3.55; acc: 0.8
Batch: 420; loss: 2.49; acc: 0.81
Batch: 440; loss: 3.2; acc: 0.81
Batch: 460; loss: 3.75; acc: 0.78
Batch: 480; loss: 4.3; acc: 0.75
Batch: 500; loss: 3.22; acc: 0.84
Batch: 520; loss: 2.01; acc: 0.84
Batch: 540; loss: 3.12; acc: 0.84
Batch: 560; loss: 2.57; acc: 0.86
Batch: 580; loss: 1.9; acc: 0.88
Batch: 600; loss: 2.06; acc: 0.88
Batch: 620; loss: 3.3; acc: 0.73
Train Epoch over. train_loss: 3.24; train_accuracy: 0.82 

Batch: 0; loss: 2.59; acc: 0.84
Batch: 20; loss: 4.3; acc: 0.77
Batch: 40; loss: 1.51; acc: 0.86
Batch: 60; loss: 2.37; acc: 0.8
Batch: 80; loss: 3.56; acc: 0.83
Batch: 100; loss: 4.0; acc: 0.83
Batch: 120; loss: 2.42; acc: 0.88
Batch: 140; loss: 5.78; acc: 0.72
Val Epoch over. val_loss: 3.0473495611719263; val_accuracy: 0.8232484076433121 

plots/subspace_True_d_dim_1000_model_MLP_lr_0.1_seed_1_epochs_10_batchsize_64_2019-12-30 18:13:58.007371
plots/subspace_True_d_dim_XXXXX_model_MLP_lr_0.1_seed_1_epochs_10_batchsize_64_2019-12-30 18:13:58.347254
